0:0:0:0:0:0:0:1 - - [23/十月/2017:08:48:04 +0000] "GET /index.html HTTP/1.1" 200 358  312
0:0:0:0:0:0:0:1 - - [23/十月/2017:08:48:04 +0000] "GET /dash.all.min.js HTTP/1.1" 200 531827  105
0:0:0:0:0:0:0:1 - - [23/十月/2017:08:48:05 +0000] "GET /a_manifest_orig.mpd HTTP/1.1" 206 1902  31
0:0:0:0:0:0:0:1 - - [23/十月/2017:08:48:05 +0000] "GET /a_manifest_orig.mpd HTTP/1.1" 200 1902  37
0:0:0:0:0:0:0:1 - - [23/十月/2017:08:48:05 +0000] "GET /a_360p_i.mp4 HTTP/1.1" 200 899  27
0:0:0:0:0:0:0:1 - - [23/十月/2017:08:48:05 +0000] "GET /a_128k_i.mp4 HTTP/1.1" 200 837  36
0:0:0:0:0:0:0:1 - - [23/十月/2017:08:48:05 +0000] "GET /a_128k_1.m4s HTTP/1.1" 200 50878  69
0:0:0:0:0:0:0:1 - - [23/十月/2017:08:48:05 +0000] "GET /a_360p_1.m4s HTTP/1.1" 200 486040  109
0:0:0:0:0:0:0:1 - - [23/十月/2017:08:48:05 +0000] "GET /a_128k_2.m4s HTTP/1.1" 200 65096  23
0:0:0:0:0:0:0:1 - - [23/十月/2017:08:48:05 +0000] "GET /a_1080p_i.mp4 HTTP/1.1" 200 901  31
0:0:0:0:0:0:0:1 - - [23/十月/2017:08:48:05 +0000] "GET /a_1080p_2.m4s HTTP/1.1" 200 3250803  420
0:0:0:0:0:0:0:1 - - [23/十月/2017:08:48:06 +0000] "GET /a_128k_3.m4s HTTP/1.1" 200 65107  149
0:0:0:0:0:0:0:1 - - [23/十月/2017:08:48:06 +0000] "GET /a_1080p_3.m4s HTTP/1.1" 200 1780900  245
0:0:0:0:0:0:0:1 - - [23/十月/2017:08:48:06 +0000] "GET /a_1080p_4.m4s HTTP/1.1" 200 1715218  206
0:0:0:0:0:0:0:1 - - [23/十月/2017:08:48:06 +0000] "GET /a_1080p_5.m4s HTTP/1.1" 200 1463094  176
0:0:0:0:0:0:0:1 - - [23/十月/2017:08:48:06 +0000] "GET /a_128k_4.m4s HTTP/1.1" 200 65453  28
0:0:0:0:0:0:0:1 - - [23/十月/2017:08:48:06 +0000] "GET /a_128k_5.m4s HTTP/1.1" 200 65280  41
0:0:0:0:0:0:0:1 - - [23/十月/2017:08:48:06 +0000] "GET /a_128k_6.m4s HTTP/1.1" 200 65793  47
0:0:0:0:0:0:0:1 - - [23/十月/2017:08:48:06 +0000] "GET /a_1080p_6.m4s HTTP/1.1" 200 1417446  276
0:0:0:0:0:0:0:1 - - [23/十月/2017:08:48:07 +0000] "GET /a_1080p_7.m4s HTTP/1.1" 200 1517406  178
0:0:0:0:0:0:0:1 - - [23/十月/2017:08:48:07 +0000] "GET /a_128k_7.m4s HTTP/1.1" 200 65411  56
0:0:0:0:0:0:0:1 - - [23/十月/2017:08:48:07 +0000] "GET /a_128k_8.m4s HTTP/1.1" 200 64944  21
0:0:0:0:0:0:0:1 - - [23/十月/2017:08:48:07 +0000] "GET /a_1080p_8.m4s HTTP/1.1" 200 1457489  279
0:0:0:0:0:0:0:1 - - [23/十月/2017:08:48:07 +0000] "GET /a_128k_9.m4s HTTP/1.1" 200 65078  16
0:0:0:0:0:0:0:1 - - [23/十月/2017:08:48:10 +0000] "GET /a_1080p_9.m4s HTTP/1.1" 200 1456690  272
0:0:0:0:0:0:0:1 - - [23/十月/2017:08:48:10 +0000] "GET /a_128k_10.m4s HTTP/1.1" 200 65241  22
0:0:0:0:0:0:0:1 - - [23/十月/2017:08:48:13 +0000] "GET /a_1080p_10.m4s HTTP/1.1" 200 1782782  338
0:0:0:0:0:0:0:1 - - [23/十月/2017:08:48:14 +0000] "GET /a_128k_11.m4s HTTP/1.1" 200 64715  64
0:0:0:0:0:0:0:1 - - [23/十月/2017:08:48:17 +0000] "GET /a_1080p_11.m4s HTTP/1.1" 200 1469943  307
0:0:0:0:0:0:0:1 - - [23/十月/2017:08:48:18 +0000] "GET /a_128k_12.m4s HTTP/1.1" 200 65253  36
0:0:0:0:0:0:0:1 - - [23/十月/2017:08:48:22 +0000] "GET /a_1080p_12.m4s HTTP/1.1" 200 1677635  273
0:0:0:0:0:0:0:1 - - [23/十月/2017:08:48:22 +0000] "GET /a_128k_13.m4s HTTP/1.1" 200 65843  26
0:0:0:0:0:0:0:1 - - [23/十月/2017:08:48:25 +0000] "GET /a_1080p_13.m4s HTTP/1.1" 200 1963016  317
0:0:0:0:0:0:0:1 - - [23/十月/2017:08:48:26 +0000] "GET /a_128k_14.m4s HTTP/1.1" 200 64963  34
0:0:0:0:0:0:0:1 - - [23/十月/2017:08:48:29 +0000] "GET /a_1080p_14.m4s HTTP/1.1" 200 1385360  172
0:0:0:0:0:0:0:1 - - [23/十月/2017:08:48:30 +0000] "GET /a_128k_15.m4s HTTP/1.1" 200 64888  43
0:0:0:0:0:0:0:1 - - [23/十月/2017:08:48:33 +0000] "GET /a_1080p_15.m4s HTTP/1.1" 200 1267308  189
0:0:0:0:0:0:0:1 - - [23/十月/2017:08:48:33 +0000] "GET /a_128k_16.m4s HTTP/1.1" 200 65737  80
0:0:0:0:0:0:0:1 - - [23/十月/2017:08:48:37 +0000] "GET /a_1080p_16.m4s HTTP/1.1" 200 1224189  180
0:0:0:0:0:0:0:1 - - [23/十月/2017:08:48:38 +0000] "GET /a_128k_17.m4s HTTP/1.1" 200 65550  32
0:0:0:0:0:0:0:1 - - [23/十月/2017:08:48:41 +0000] "GET /a_1080p_17.m4s HTTP/1.1" 200 838454  149
0:0:0:0:0:0:0:1 - - [23/十月/2017:08:48:42 +0000] "GET /a_128k_18.m4s HTTP/1.1" 200 66753  28
0:0:0:0:0:0:0:1 - - [23/十月/2017:08:48:46 +0000] "GET /a_1080p_18.m4s HTTP/1.1" 200 1126770  326
0:0:0:0:0:0:0:1 - - [23/十月/2017:08:48:46 +0000] "GET /a_128k_19.m4s HTTP/1.1" 200 65884  24
0:0:0:0:0:0:0:1 - - [23/十月/2017:08:48:49 +0000] "GET /a_1080p_19.m4s HTTP/1.1" 200 1361954  175
0:0:0:0:0:0:0:1 - - [23/十月/2017:08:48:49 +0000] "GET /a_128k_20.m4s HTTP/1.1" 200 65255  26
0:0:0:0:0:0:0:1 - - [23/十月/2017:08:48:53 +0000] "GET /a_1080p_20.m4s HTTP/1.1" 200 696510  131
0:0:0:0:0:0:0:1 - - [23/十月/2017:08:48:53 +0000] "GET /a_128k_21.m4s HTTP/1.1" 200 66091  42
0:0:0:0:0:0:0:1 - - [23/十月/2017:08:48:57 +0000] "GET /a_1080p_21.m4s HTTP/1.1" 200 1301860  244
0:0:0:0:0:0:0:1 - - [23/十月/2017:08:48:58 +0000] "GET /a_128k_22.m4s HTTP/1.1" 200 66690  33
0:0:0:0:0:0:0:1 - - [23/十月/2017:08:49:01 +0000] "GET /a_1080p_22.m4s HTTP/1.1" 200 1614199  731
0:0:0:0:0:0:0:1 - - [23/十月/2017:08:49:02 +0000] "GET /a_128k_23.m4s HTTP/1.1" 200 35708  67
0:0:0:0:0:0:0:1 - - [23/十月/2017:08:49:05 +0000] "GET /a_1080p_23.m4s HTTP/1.1" 200 38866  46
0:0:0:0:0:0:0:1 - - [23/十月/2017:08:52:47 +0000] "GET /index.html HTTP/1.1" 200 358  20
0:0:0:0:0:0:0:1 - - [23/十月/2017:08:52:48 +0000] "GET /dash.all.min.js HTTP/1.1" 200 531827  132
0:0:0:0:0:0:0:1 - - [23/十月/2017:08:52:48 +0000] "GET /a_manifest_orig.mpd HTTP/1.1" 206 1902  18
0:0:0:0:0:0:0:1 - - [23/十月/2017:08:52:48 +0000] "GET /a_manifest_orig.mpd HTTP/1.1" 200 1902  23
0:0:0:0:0:0:0:1 - - [23/十月/2017:08:52:48 +0000] "GET /a_1080p_i.mp4 HTTP/1.1" 200 901  21
0:0:0:0:0:0:0:1 - - [23/十月/2017:08:52:48 +0000] "GET /a_128k_i.mp4 HTTP/1.1" 200 837  22
0:0:0:0:0:0:0:1 - - [23/十月/2017:08:52:48 +0000] "GET /a_128k_1.m4s HTTP/1.1" 200 50878  28
0:0:0:0:0:0:0:1 - - [23/十月/2017:08:52:48 +0000] "GET /a_128k_2.m4s HTTP/1.1" 200 65096  47
0:0:0:0:0:0:0:1 - - [23/十月/2017:08:52:48 +0000] "GET /a_1080p_1.m4s HTTP/1.1" 200 2238300  298
0:0:0:0:0:0:0:1 - - [23/十月/2017:08:52:48 +0000] "GET /a_1080p_2.m4s HTTP/1.1" 200 3250803  338
0:0:0:0:0:0:0:1 - - [23/十月/2017:08:52:49 +0000] "GET /a_128k_3.m4s HTTP/1.1" 200 65107  24
0:0:0:0:0:0:0:1 - - [23/十月/2017:08:52:49 +0000] "GET /a_1080p_3.m4s HTTP/1.1" 200 1780900  185
0:0:0:0:0:0:0:1 - - [23/十月/2017:08:52:49 +0000] "GET /a_1080p_4.m4s HTTP/1.1" 200 1715218  252
0:0:0:0:0:0:0:1 - - [23/十月/2017:08:52:49 +0000] "GET /a_128k_4.m4s HTTP/1.1" 200 65453  32
0:0:0:0:0:0:0:1 - - [23/十月/2017:08:52:49 +0000] "GET /a_1080p_5.m4s HTTP/1.1" 200 1463094  272
0:0:0:0:0:0:0:1 - - [23/十月/2017:08:52:49 +0000] "GET /a_128k_5.m4s HTTP/1.1" 200 65280  19
0:0:0:0:0:0:0:1 - - [23/十月/2017:08:52:49 +0000] "GET /a_128k_6.m4s HTTP/1.1" 200 65793  51
0:0:0:0:0:0:0:1 - - [23/十月/2017:08:52:49 +0000] "GET /a_1080p_6.m4s HTTP/1.1" 200 1417446  136
0:0:0:0:0:0:0:1 - - [23/十月/2017:08:52:50 +0000] "GET /a_1080p_7.m4s HTTP/1.1" 200 1517406  128
0:0:0:0:0:0:0:1 - - [23/十月/2017:08:52:50 +0000] "GET /a_1080p_8.m4s HTTP/1.1" 200 1457489  153
0:0:0:0:0:0:0:1 - - [23/十月/2017:08:52:50 +0000] "GET /a_128k_7.m4s HTTP/1.1" 200 65411  18
0:0:0:0:0:0:0:1 - - [23/十月/2017:08:52:50 +0000] "GET /a_128k_8.m4s HTTP/1.1" 200 64944  25
0:0:0:0:0:0:0:1 - - [23/十月/2017:08:52:50 +0000] "GET /a_128k_9.m4s HTTP/1.1" 200 65078  20
0:0:0:0:0:0:0:1 - - [23/十月/2017:08:52:52 +0000] "GET /a_1080p_9.m4s HTTP/1.1" 200 1456690  295
0:0:0:0:0:0:0:1 - - [23/十月/2017:08:52:53 +0000] "GET /a_128k_10.m4s HTTP/1.1" 200 65241  12
0:0:0:0:0:0:0:1 - - [23/十月/2017:08:52:56 +0000] "GET /a_1080p_10.m4s HTTP/1.1" 200 1782782  238
0:0:0:0:0:0:0:1 - - [23/十月/2017:08:52:57 +0000] "GET /a_128k_11.m4s HTTP/1.1" 200 64715  44
0:0:0:0:0:0:0:1 - - [23/十月/2017:08:53:00 +0000] "GET /a_1080p_11.m4s HTTP/1.1" 200 1469943  138
0:0:0:0:0:0:0:1 - - [23/十月/2017:08:53:01 +0000] "GET /a_128k_12.m4s HTTP/1.1" 200 65253  24
0:0:0:0:0:0:0:1 - - [23/十月/2017:08:53:04 +0000] "GET /a_1080p_12.m4s HTTP/1.1" 200 1677635  753
0:0:0:0:0:0:0:1 - - [23/十月/2017:08:53:05 +0000] "GET /a_128k_13.m4s HTTP/1.1" 200 65843  17
0:0:0:0:0:0:0:1 - - [23/十月/2017:08:53:08 +0000] "GET /a_1080p_13.m4s HTTP/1.1" 200 1963016  203
0:0:0:0:0:0:0:1 - - [23/十月/2017:08:53:08 +0000] "GET /a_128k_14.m4s HTTP/1.1" 200 64963  67
0:0:0:0:0:0:0:1 - - [23/十月/2017:08:53:12 +0000] "GET /a_1080p_14.m4s HTTP/1.1" 200 1385360  170
0:0:0:0:0:0:0:1 - - [23/十月/2017:08:53:13 +0000] "GET /a_128k_15.m4s HTTP/1.1" 200 64888  37
0:0:0:0:0:0:0:1 - - [23/十月/2017:08:53:16 +0000] "GET /a_1080p_15.m4s HTTP/1.1" 200 1267308  184
0:0:0:0:0:0:0:1 - - [23/十月/2017:08:53:17 +0000] "GET /a_128k_16.m4s HTTP/1.1" 200 65737  30
0:0:0:0:0:0:0:1 - - [23/十月/2017:08:53:20 +0000] "GET /a_1080p_16.m4s HTTP/1.1" 200 1224189  169
0:0:0:0:0:0:0:1 - - [23/十月/2017:08:53:21 +0000] "GET /a_128k_17.m4s HTTP/1.1" 200 65550  31
0:0:0:0:0:0:0:1 - - [23/十月/2017:08:53:24 +0000] "GET /a_1080p_17.m4s HTTP/1.1" 200 838454  146
0:0:0:0:0:0:0:1 - - [23/十月/2017:08:53:25 +0000] "GET /a_128k_18.m4s HTTP/1.1" 200 66753  30
0:0:0:0:0:0:0:1 - - [23/十月/2017:08:53:28 +0000] "GET /a_1080p_18.m4s HTTP/1.1" 200 1126770  123
0:0:0:0:0:0:0:1 - - [23/十月/2017:08:53:29 +0000] "GET /a_128k_19.m4s HTTP/1.1" 200 65884  60
0:0:0:0:0:0:0:1 - - [23/十月/2017:08:53:32 +0000] "GET /a_1080p_19.m4s HTTP/1.1" 200 1361954  763
0:0:0:0:0:0:0:1 - - [23/十月/2017:08:53:33 +0000] "GET /a_128k_20.m4s HTTP/1.1" 200 65255  39
0:0:0:0:0:0:0:1 - - [23/十月/2017:08:53:36 +0000] "GET /a_1080p_20.m4s HTTP/1.1" 200 696510  485
0:0:0:0:0:0:0:1 - - [23/十月/2017:08:53:37 +0000] "GET /a_128k_21.m4s HTTP/1.1" 200 66091  62
0:0:0:0:0:0:0:1 - - [23/十月/2017:08:53:40 +0000] "GET /a_1080p_21.m4s HTTP/1.1" 200 1301860  661
0:0:0:0:0:0:0:1 - - [23/十月/2017:08:53:41 +0000] "GET /a_128k_22.m4s HTTP/1.1" 200 66690  65
0:0:0:0:0:0:0:1 - - [23/十月/2017:08:53:44 +0000] "GET /a_1080p_22.m4s HTTP/1.1" 200 1614199  849
0:0:0:0:0:0:0:1 - - [23/十月/2017:08:53:46 +0000] "GET /a_128k_23.m4s HTTP/1.1" 200 35708  74
0:0:0:0:0:0:0:1 - - [23/十月/2017:08:53:48 +0000] "GET /a_1080p_23.m4s HTTP/1.1" 200 38866  35
0:0:0:0:0:0:0:1 - - [23/十月/2017:08:59:04 +0000] "GET /index2.html HTTP/1.1" 200 358  28
0:0:0:0:0:0:0:1 - - [23/十月/2017:08:59:04 +0000] "GET /dash.all.min.js HTTP/1.1" 304 0  13
0:0:0:0:0:0:0:1 - - [23/十月/2017:08:59:05 +0000] "GET /b_manifest_orig.mpd HTTP/1.1" 206 1902  30
0:0:0:0:0:0:0:1 - - [23/十月/2017:08:59:05 +0000] "GET /b_manifest_orig.mpd HTTP/1.1" 200 1902  21
0:0:0:0:0:0:0:1 - - [23/十月/2017:08:59:05 +0000] "GET /b_360p_i.mp4 HTTP/1.1" 200 899  33
0:0:0:0:0:0:0:1 - - [23/十月/2017:08:59:05 +0000] "GET /b_128k_i.mp4 HTTP/1.1" 200 837  38
0:0:0:0:0:0:0:1 - - [23/十月/2017:08:59:05 +0000] "GET /b_128k_1.m4s HTTP/1.1" 200 50878  80
0:0:0:0:0:0:0:1 - - [23/十月/2017:08:59:05 +0000] "GET /b_360p_1.m4s HTTP/1.1" 200 486040  125
0:0:0:0:0:0:0:1 - - [23/十月/2017:08:59:05 +0000] "GET /b_128k_2.m4s HTTP/1.1" 200 65096  45
0:0:0:0:0:0:0:1 - - [23/十月/2017:08:59:05 +0000] "GET /b_1080p_i.mp4 HTTP/1.1" 200 901  34
0:0:0:0:0:0:0:1 - - [23/十月/2017:08:59:05 +0000] "GET /b_1080p_2.m4s HTTP/1.1" 200 3250803  461
0:0:0:0:0:0:0:1 - - [23/十月/2017:08:59:06 +0000] "GET /b_1080p_3.m4s HTTP/1.1" 200 1780900  216
0:0:0:0:0:0:0:1 - - [23/十月/2017:08:59:06 +0000] "GET /b_1080p_4.m4s HTTP/1.1" 200 1715218  254
0:0:0:0:0:0:0:1 - - [23/十月/2017:08:59:06 +0000] "GET /b_128k_3.m4s HTTP/1.1" 200 65107  27
0:0:0:0:0:0:0:1 - - [23/十月/2017:08:59:06 +0000] "GET /b_128k_4.m4s HTTP/1.1" 200 65453  105
0:0:0:0:0:0:0:1 - - [23/十月/2017:08:59:06 +0000] "GET /b_128k_5.m4s HTTP/1.1" 200 65280  48
0:0:0:0:0:0:0:1 - - [23/十月/2017:08:59:06 +0000] "GET /b_1080p_5.m4s HTTP/1.1" 200 1463094  383
0:0:0:0:0:0:0:1 - - [23/十月/2017:08:59:06 +0000] "GET /b_1080p_6.m4s HTTP/1.1" 200 1417446  207
0:0:0:0:0:0:0:1 - - [23/十月/2017:08:59:07 +0000] "GET /b_128k_6.m4s HTTP/1.1" 200 65793  119
0:0:0:0:0:0:0:1 - - [23/十月/2017:08:59:07 +0000] "GET /b_1080p_7.m4s HTTP/1.1" 200 1517406  354
0:0:0:0:0:0:0:1 - - [23/十月/2017:08:59:07 +0000] "GET /b_128k_7.m4s HTTP/1.1" 200 65411  97
0:0:0:0:0:0:0:1 - - [23/十月/2017:08:59:07 +0000] "GET /b_128k_8.m4s HTTP/1.1" 200 64944  112
0:0:0:0:0:0:0:1 - - [23/十月/2017:08:59:07 +0000] "GET /b_1080p_8.m4s HTTP/1.1" 200 1457489  275
0:0:0:0:0:0:0:1 - - [23/十月/2017:08:59:08 +0000] "GET /b_128k_9.m4s HTTP/1.1" 200 65078  75
0:0:0:0:0:0:0:1 - - [23/十月/2017:08:59:08 +0000] "GET /b_1080p_9.m4s HTTP/1.1" 200 1456690  211
0:0:0:0:0:0:0:1 - - [23/十月/2017:08:59:08 +0000] "GET /b_128k_10.m4s HTTP/1.1" 200 65241  63
0:0:0:0:0:0:0:1 - - [23/十月/2017:08:59:12 +0000] "GET /b_1080p_10.m4s HTTP/1.1" 200 1782782  266
0:0:0:0:0:0:0:1 - - [23/十月/2017:08:59:13 +0000] "GET /b_128k_11.m4s HTTP/1.1" 200 64715  25
0:0:0:0:0:0:0:1 - - [23/十月/2017:08:59:16 +0000] "GET /b_1080p_11.m4s HTTP/1.1" 200 1469943  527
0:0:0:0:0:0:0:1 - - [23/十月/2017:08:59:16 +0000] "GET /b_128k_12.m4s HTTP/1.1" 200 65253  56
0:0:0:0:0:0:0:1 - - [23/十月/2017:08:59:20 +0000] "GET /b_1080p_12.m4s HTTP/1.1" 200 1677635  1049
0:0:0:0:0:0:0:1 - - [23/十月/2017:08:59:22 +0000] "GET /b_128k_13.m4s HTTP/1.1" 200 65843  36
0:0:0:0:0:0:0:1 - - [23/十月/2017:08:59:24 +0000] "GET /b_1080p_13.m4s HTTP/1.1" 200 1963016  1198
0:0:0:0:0:0:0:1 - - [23/十月/2017:08:59:26 +0000] "GET /b_128k_14.m4s HTTP/1.1" 200 64963  75
0:0:0:0:0:0:0:1 - - [23/十月/2017:08:59:28 +0000] "GET /b_1080p_14.m4s HTTP/1.1" 200 1385360  737
0:0:0:0:0:0:0:1 - - [23/十月/2017:08:59:29 +0000] "GET /b_128k_15.m4s HTTP/1.1" 200 64888  62
0:0:0:0:0:0:0:1 - - [23/十月/2017:08:59:32 +0000] "GET /b_1080p_15.m4s HTTP/1.1" 200 1267308  892
0:0:0:0:0:0:0:1 - - [23/十月/2017:08:59:33 +0000] "GET /b_128k_16.m4s HTTP/1.1" 200 65737  139
0:0:0:0:0:0:0:1 - - [23/十月/2017:08:59:36 +0000] "GET /b_1080p_16.m4s HTTP/1.1" 200 1224189  855
0:0:0:0:0:0:0:1 - - [23/十月/2017:08:59:37 +0000] "GET /b_128k_17.m4s HTTP/1.1" 200 65550  19
0:0:0:0:0:0:0:1 - - [23/十月/2017:08:59:40 +0000] "GET /b_1080p_17.m4s HTTP/1.1" 200 838454  219
0:0:0:0:0:0:0:1 - - [23/十月/2017:08:59:41 +0000] "GET /b_128k_18.m4s HTTP/1.1" 200 66753  29
0:0:0:0:0:0:0:1 - - [23/十月/2017:08:59:44 +0000] "GET /b_1080p_18.m4s HTTP/1.1" 200 1126770  122
0:0:0:0:0:0:0:1 - - [23/十月/2017:08:59:45 +0000] "GET /b_128k_19.m4s HTTP/1.1" 200 65884  41
0:0:0:0:0:0:0:1 - - [23/十月/2017:08:59:48 +0000] "GET /b_1080p_19.m4s HTTP/1.1" 200 1361954  546
0:0:0:0:0:0:0:1 - - [23/十月/2017:08:59:49 +0000] "GET /b_128k_20.m4s HTTP/1.1" 200 65255  20
0:0:0:0:0:0:0:1 - - [23/十月/2017:08:59:52 +0000] "GET /b_1080p_20.m4s HTTP/1.1" 200 696510  350
0:0:0:0:0:0:0:1 - - [23/十月/2017:08:59:53 +0000] "GET /b_128k_21.m4s HTTP/1.1" 200 66091  49
0:0:0:0:0:0:0:1 - - [23/十月/2017:08:59:56 +0000] "GET /b_1080p_21.m4s HTTP/1.1" 200 1301860  514
0:0:0:0:0:0:0:1 - - [23/十月/2017:08:59:56 +0000] "GET /b_128k_22.m4s HTTP/1.1" 200 66690  27
0:0:0:0:0:0:0:1 - - [23/十月/2017:09:00:00 +0000] "GET /b_1080p_22.m4s HTTP/1.1" 200 1614199  185
0:0:0:0:0:0:0:1 - - [23/十月/2017:09:00:00 +0000] "GET /b_128k_23.m4s HTTP/1.1" 200 35708  62
0:0:0:0:0:0:0:1 - - [23/十月/2017:09:00:04 +0000] "GET /b_1080p_23.m4s HTTP/1.1" 200 38866  26
0:0:0:0:0:0:0:1 - - [23/十月/2017:09:08:25 +0000] "GET /index2.html HTTP/1.1" 200 358  16
0:0:0:0:0:0:0:1 - - [23/十月/2017:09:08:25 +0000] "GET /dash.all.min.js HTTP/1.1" 200 531827  116
0:0:0:0:0:0:0:1 - - [23/十月/2017:09:08:26 +0000] "GET /b_manifest_orig.mpd HTTP/1.1" 206 1902  29
0:0:0:0:0:0:0:1 - - [23/十月/2017:09:08:26 +0000] "GET /b_manifest_orig.mpd HTTP/1.1" 200 1902  26
0:0:0:0:0:0:0:1 - - [23/十月/2017:09:08:26 +0000] "GET /b_360p_i.mp4 HTTP/1.1" 200 899  23
0:0:0:0:0:0:0:1 - - [23/十月/2017:09:08:26 +0000] "GET /b_128k_i.mp4 HTTP/1.1" 200 837  36
0:0:0:0:0:0:0:1 - - [23/十月/2017:09:08:26 +0000] "GET /b_128k_1.m4s HTTP/1.1" 200 50878  57
0:0:0:0:0:0:0:1 - - [23/十月/2017:09:08:26 +0000] "GET /b_128k_2.m4s HTTP/1.1" 200 65096  32
0:0:0:0:0:0:0:1 - - [23/十月/2017:09:08:26 +0000] "GET /b_360p_1.m4s HTTP/1.1" 200 486040  113
0:0:0:0:0:0:0:1 - - [23/十月/2017:09:08:26 +0000] "GET /b_1080p_i.mp4 HTTP/1.1" 200 901  10
0:0:0:0:0:0:0:1 - - [23/十月/2017:09:08:26 +0000] "GET /b_1080p_2.m4s HTTP/1.1" 200 3250803  428
0:0:0:0:0:0:0:1 - - [23/十月/2017:09:08:27 +0000] "GET /b_128k_3.m4s HTTP/1.1" 200 65107  18
0:0:0:0:0:0:0:1 - - [23/十月/2017:09:08:26 +0000] "GET /b_1080p_3.m4s HTTP/1.1" 200 1780900  224
0:0:0:0:0:0:0:1 - - [23/十月/2017:09:08:27 +0000] "GET /b_1080p_4.m4s HTTP/1.1" 200 1715218  186
0:0:0:0:0:0:0:1 - - [23/十月/2017:09:08:27 +0000] "GET /b_1080p_5.m4s HTTP/1.1" 200 1463094  134
0:0:0:0:0:0:0:1 - - [23/十月/2017:09:08:27 +0000] "GET /b_128k_4.m4s HTTP/1.1" 200 65453  23
0:0:0:0:0:0:0:1 - - [23/十月/2017:09:08:27 +0000] "GET /b_128k_5.m4s HTTP/1.1" 200 65280  30
0:0:0:0:0:0:0:1 - - [23/十月/2017:09:08:27 +0000] "GET /b_128k_6.m4s HTTP/1.1" 200 65793  28
0:0:0:0:0:0:0:1 - - [23/十月/2017:09:08:27 +0000] "GET /b_1080p_6.m4s HTTP/1.1" 200 1417446  154
0:0:0:0:0:0:0:1 - - [23/十月/2017:09:08:27 +0000] "GET /b_1080p_7.m4s HTTP/1.1" 200 1517406  162
0:0:0:0:0:0:0:1 - - [23/十月/2017:09:08:27 +0000] "GET /b_1080p_8.m4s HTTP/1.1" 200 1457489  218
0:0:0:0:0:0:0:1 - - [23/十月/2017:09:08:28 +0000] "GET /b_128k_7.m4s HTTP/1.1" 200 65411  32
0:0:0:0:0:0:0:1 - - [23/十月/2017:09:08:28 +0000] "GET /b_128k_8.m4s HTTP/1.1" 200 64944  21
0:0:0:0:0:0:0:1 - - [23/十月/2017:09:08:28 +0000] "GET /b_128k_9.m4s HTTP/1.1" 200 65078  29
0:0:0:0:0:0:0:1 - - [23/十月/2017:09:08:30 +0000] "GET /b_1080p_9.m4s HTTP/1.1" 200 1456690  590
0:0:0:0:0:0:0:1 - - [23/十月/2017:09:08:31 +0000] "GET /b_128k_10.m4s HTTP/1.1" 200 65241  46
0:0:0:0:0:0:0:1 - - [23/十月/2017:09:08:34 +0000] "GET /b_1080p_10.m4s HTTP/1.1" 200 1782782  1249
0:0:0:0:0:0:0:1 - - [23/十月/2017:09:08:36 +0000] "GET /b_128k_11.m4s HTTP/1.1" 200 64715  42
0:0:0:0:0:0:0:1 - - [23/十月/2017:09:08:38 +0000] "GET /b_1080p_11.m4s HTTP/1.1" 200 1469943  838
0:0:0:0:0:0:0:1 - - [23/十月/2017:09:08:40 +0000] "GET /b_128k_12.m4s HTTP/1.1" 200 65253  58
0:0:0:0:0:0:0:1 - - [23/十月/2017:09:08:42 +0000] "GET /b_1080p_12.m4s HTTP/1.1" 200 1677635  1105
0:0:0:0:0:0:0:1 - - [23/十月/2017:09:08:44 +0000] "GET /b_128k_13.m4s HTTP/1.1" 200 65843  62
0:0:0:0:0:0:0:1 - - [23/十月/2017:09:08:46 +0000] "GET /b_1080p_13.m4s HTTP/1.1" 200 1963016  1078
0:0:0:0:0:0:0:1 - - [23/十月/2017:09:08:47 +0000] "GET /b_128k_14.m4s HTTP/1.1" 200 64963  86
0:0:0:0:0:0:0:1 - - [23/十月/2017:09:08:50 +0000] "GET /b_1080p_14.m4s HTTP/1.1" 200 1385360  809
0:0:0:0:0:0:0:1 - - [23/十月/2017:09:08:51 +0000] "GET /b_128k_15.m4s HTTP/1.1" 200 64888  20
0:0:0:0:0:0:0:1 - - [23/十月/2017:09:08:54 +0000] "GET /b_1080p_15.m4s HTTP/1.1" 200 1267308  777
0:0:0:0:0:0:0:1 - - [23/十月/2017:09:08:55 +0000] "GET /b_128k_16.m4s HTTP/1.1" 200 65737  59
0:0:0:0:0:0:0:1 - - [23/十月/2017:09:08:58 +0000] "GET /b_1080p_16.m4s HTTP/1.1" 200 1224189  683
0:0:0:0:0:0:0:1 - - [23/十月/2017:09:08:59 +0000] "GET /b_128k_17.m4s HTTP/1.1" 200 65550  53
0:0:0:0:0:0:0:1 - - [23/十月/2017:09:09:02 +0000] "GET /b_1080p_17.m4s HTTP/1.1" 200 838454  2787
0:0:0:0:0:0:0:1 - - [23/十月/2017:09:09:05 +0000] "GET /b_128k_18.m4s HTTP/1.1" 200 66753  521
0:0:0:0:0:0:0:1 - - [23/十月/2017:09:09:06 +0000] "GET /b_1080p_18.m4s HTTP/1.1" 200 1126770  4436
0:0:0:0:0:0:0:1 - - [23/十月/2017:09:09:11 +0000] "GET /b_128k_19.m4s HTTP/1.1" 200 65884  512
0:0:0:0:0:0:0:1 - - [23/十月/2017:09:09:11 +0000] "GET /b_1080p_19.m4s HTTP/1.1" 200 1361954  4373
0:0:0:0:0:0:0:1 - - [23/十月/2017:09:09:16 +0000] "GET /b_128k_20.m4s HTTP/1.1" 200 65255  245
0:0:0:0:0:0:0:1 - - [23/十月/2017:09:09:16 +0000] "GET /b_1080p_20.m4s HTTP/1.1" 200 696510  2448
0:0:0:0:0:0:0:1 - - [23/十月/2017:09:09:19 +0000] "GET /b_128k_21.m4s HTTP/1.1" 200 66091  314
0:0:0:0:0:0:0:1 - - [23/十月/2017:09:09:18 +0000] "GET /b_1080p_21.m4s HTTP/1.1" 200 1301860  4566
0:0:0:0:0:0:0:1 - - [23/十月/2017:09:09:23 +0000] "GET /b_1080p_22.m4s HTTP/1.1" 200 1614199  283
0:0:0:0:0:0:0:1 - - [23/十月/2017:09:09:23 +0000] "GET /b_128k_22.m4s HTTP/1.1" 200 66690  61
0:0:0:0:0:0:0:1 - - [23/十月/2017:09:09:23 +0000] "GET /b_128k_23.m4s HTTP/1.1" 200 35708  87
0:0:0:0:0:0:0:1 - - [23/十月/2017:09:09:26 +0000] "GET /b_1080p_23.m4s HTTP/1.1" 200 38866  62
0:0:0:0:0:0:0:1 - - [23/十月/2017:09:11:44 +0000] "GET /index2.html HTTP/1.1" 200 358  453
0:0:0:0:0:0:0:1 - - [23/十月/2017:09:11:44 +0000] "GET /dash.all.min.js HTTP/1.1" 200 531827  164
0:0:0:0:0:0:0:1 - - [23/十月/2017:09:11:45 +0000] "GET /b_manifest_orig.mpd HTTP/1.1" 206 1902  162
0:0:0:0:0:0:0:1 - - [23/十月/2017:09:11:45 +0000] "GET /b_manifest_orig.mpd HTTP/1.1" 200 1902  31
0:0:0:0:0:0:0:1 - - [23/十月/2017:09:11:45 +0000] "GET /b_1080p_i.mp4 HTTP/1.1" 200 901  104
0:0:0:0:0:0:0:1 - - [23/十月/2017:09:11:45 +0000] "GET /b_128k_i.mp4 HTTP/1.1" 200 837  110
0:0:0:0:0:0:0:1 - - [23/十月/2017:09:11:45 +0000] "GET /b_128k_1.m4s HTTP/1.1" 200 50878  98
0:0:0:0:0:0:0:1 - - [23/十月/2017:09:11:46 +0000] "GET /b_128k_2.m4s HTTP/1.1" 200 65096  53
0:0:0:0:0:0:0:1 - - [23/十月/2017:09:11:45 +0000] "GET /b_1080p_1.m4s HTTP/1.1" 200 2238300  439
0:0:0:0:0:0:0:1 - - [23/十月/2017:09:11:46 +0000] "GET /b_1080p_2.m4s HTTP/1.1" 200 3250803  873
0:0:0:0:0:0:0:1 - - [23/十月/2017:09:11:47 +0000] "GET /b_128k_3.m4s HTTP/1.1" 200 65107  66
0:0:0:0:0:0:0:1 - - [23/十月/2017:09:11:47 +0000] "GET /b_1080p_3.m4s HTTP/1.1" 200 1780900  383
0:0:0:0:0:0:0:1 - - [23/十月/2017:09:11:47 +0000] "GET /b_1080p_4.m4s HTTP/1.1" 200 1715218  322
0:0:0:0:0:0:0:1 - - [23/十月/2017:09:11:47 +0000] "GET /b_128k_4.m4s HTTP/1.1" 200 65453  130
0:0:0:0:0:0:0:1 - - [23/十月/2017:09:11:48 +0000] "GET /b_128k_5.m4s HTTP/1.1" 200 65280  25
0:0:0:0:0:0:0:1 - - [23/十月/2017:09:11:47 +0000] "GET /b_1080p_5.m4s HTTP/1.1" 200 1463094  284
0:0:0:0:0:0:0:1 - - [23/十月/2017:09:11:48 +0000] "GET /b_1080p_6.m4s HTTP/1.1" 200 1417446  377
0:0:0:0:0:0:0:1 - - [23/十月/2017:09:11:48 +0000] "GET /b_128k_6.m4s HTTP/1.1" 200 65793  55
0:0:0:0:0:0:0:1 - - [23/十月/2017:09:11:48 +0000] "GET /b_128k_7.m4s HTTP/1.1" 200 65411  70
0:0:0:0:0:0:0:1 - - [23/十月/2017:09:11:48 +0000] "GET /b_1080p_7.m4s HTTP/1.1" 200 1517406  507
0:0:0:0:0:0:0:1 - - [23/十月/2017:09:11:49 +0000] "GET /b_1080p_8.m4s HTTP/1.1" 200 1457489  159
0:0:0:0:0:0:0:1 - - [23/十月/2017:09:11:49 +0000] "GET /b_128k_8.m4s HTTP/1.1" 200 64944  56
0:0:0:0:0:0:0:1 - - [23/十月/2017:09:11:49 +0000] "GET /b_128k_9.m4s HTTP/1.1" 200 65078  298
0:0:0:0:0:0:0:1 - - [23/十月/2017:09:11:53 +0000] "GET /b_1080p_9.m4s HTTP/1.1" 200 1456690  3243
0:0:0:0:0:0:0:1 - - [23/十月/2017:09:11:57 +0000] "GET /b_128k_10.m4s HTTP/1.1" 200 65241  134
0:0:0:0:0:0:0:1 - - [23/十月/2017:09:11:57 +0000] "GET /b_1080p_10.m4s HTTP/1.1" 200 1782782  752
0:0:0:0:0:0:0:1 - - [23/十月/2017:09:11:58 +0000] "GET /b_128k_11.m4s HTTP/1.1" 200 64715  303
0:0:0:0:0:0:0:1 - - [23/十月/2017:09:12:32 +0000] "GET /index.html HTTP/1.1" 200 358  242
0:0:0:0:0:0:0:1 - - [23/十月/2017:09:12:35 +0000] "GET /a_manifest_orig.mpd HTTP/1.1" 206 1902  146
0:0:0:0:0:0:0:1 - - [23/十月/2017:09:12:35 +0000] "GET /a_manifest_orig.mpd HTTP/1.1" 200 1902  28
0:0:0:0:0:0:0:1 - - [23/十月/2017:09:12:35 +0000] "GET /a_128k_i.mp4 HTTP/1.1" 200 837  23
0:0:0:0:0:0:0:1 - - [23/十月/2017:09:12:35 +0000] "GET /a_1080p_i.mp4 HTTP/1.1" 200 901  41
0:0:0:0:0:0:0:1 - - [23/十月/2017:09:12:35 +0000] "GET /a_128k_1.m4s HTTP/1.1" 200 50878  32
0:0:0:0:0:0:0:1 - - [23/十月/2017:09:12:35 +0000] "GET /a_128k_2.m4s HTTP/1.1" 200 65096  102
0:0:0:0:0:0:0:1 - - [23/十月/2017:09:12:35 +0000] "GET /a_1080p_1.m4s HTTP/1.1" 200 2238300  430
0:0:0:0:0:0:0:1 - - [23/十月/2017:09:12:36 +0000] "GET /a_1080p_2.m4s HTTP/1.1" 200 3250803  726
0:0:0:0:0:0:0:1 - - [23/十月/2017:09:12:37 +0000] "GET /a_128k_3.m4s HTTP/1.1" 200 65107  109
0:0:0:0:0:0:0:1 - - [23/十月/2017:09:12:36 +0000] "GET /a_1080p_3.m4s HTTP/1.1" 200 1780900  461
0:0:0:0:0:0:0:1 - - [23/十月/2017:09:12:37 +0000] "GET /a_128k_4.m4s HTTP/1.1" 200 65453  52
0:0:0:0:0:0:0:1 - - [23/十月/2017:09:12:37 +0000] "GET /a_1080p_4.m4s HTTP/1.1" 200 1715218  519
0:0:0:0:0:0:0:1 - - [23/十月/2017:09:12:38 +0000] "GET /a_128k_5.m4s HTTP/1.1" 200 65280  225
0:0:0:0:0:0:0:1 - - [23/十月/2017:09:12:38 +0000] "GET /a_1080p_5.m4s HTTP/1.1" 200 1463094  503
0:0:0:0:0:0:0:1 - - [23/十月/2017:09:12:38 +0000] "GET /a_1080p_6.m4s HTTP/1.1" 200 1417446  408
0:0:0:0:0:0:0:1 - - [23/十月/2017:09:12:39 +0000] "GET /a_128k_6.m4s HTTP/1.1" 200 65793  214
0:0:0:0:0:0:0:1 - - [23/十月/2017:09:12:39 +0000] "GET /a_128k_7.m4s HTTP/1.1" 200 65411  49
0:0:0:0:0:0:0:1 - - [23/十月/2017:09:12:39 +0000] "GET /a_1080p_7.m4s HTTP/1.1" 200 1517406  824
0:0:0:0:0:0:0:1 - - [23/十月/2017:09:12:40 +0000] "GET /a_128k_8.m4s HTTP/1.1" 200 64944  68
0:0:0:0:0:0:0:1 - - [23/十月/2017:09:12:40 +0000] "GET /a_1080p_8.m4s HTTP/1.1" 200 1457489  552
0:0:0:0:0:0:0:1 - - [23/十月/2017:09:12:41 +0000] "GET /a_128k_9.m4s HTTP/1.1" 200 65078  237
0:0:0:0:0:0:0:1 - - [23/十月/2017:09:12:40 +0000] "GET /a_1080p_9.m4s HTTP/1.1" 200 1456690  3105
0:0:0:0:0:0:0:1 - - [23/十月/2017:09:12:44 +0000] "GET /a_128k_10.m4s HTTP/1.1" 200 65241  19
0:0:0:0:0:0:0:1 - - [23/十月/2017:09:12:44 +0000] "GET /a_1080p_10.m4s HTTP/1.1" 200 1782782  1032
0:0:0:0:0:0:0:1 - - [23/十月/2017:09:12:46 +0000] "GET /a_128k_11.m4s HTTP/1.1" 200 64715  334
0:0:0:0:0:0:0:1 - - [23/十月/2017:09:12:48 +0000] "GET /a_1080p_11.m4s HTTP/1.1" 200 1469943  921
0:0:0:0:0:0:0:1 - - [23/十月/2017:09:12:50 +0000] "GET /a_128k_12.m4s HTTP/1.1" 200 65253  108
0:0:0:0:0:0:0:1 - - [23/十月/2017:09:12:50 +0000] "GET /b_1080p_11.m4s HTTP/1.1" 200 1469943  471
0:0:0:0:0:0:0:1 - - [23/十月/2017:09:12:51 +0000] "GET /b_128k_12.m4s HTTP/1.1" 200 65253  348
0:0:0:0:0:0:0:1 - - [23/十月/2017:09:12:52 +0000] "GET /a_1080p_12.m4s HTTP/1.1" 200 1677635  448
0:0:0:0:0:0:0:1 - - [23/十月/2017:09:12:53 +0000] "GET /a_128k_13.m4s HTTP/1.1" 200 65843  135
0:0:0:0:0:0:0:1 - - [23/十月/2017:09:12:54 +0000] "GET /b_1080p_12.m4s HTTP/1.1" 200 1677635  7655
0:0:0:0:0:0:0:1 - - [23/十月/2017:09:13:03 +0000] "GET /b_128k_13.m4s HTTP/1.1" 200 65843  240
0:0:0:0:0:0:0:1 - - [23/十月/2017:09:12:56 +0000] "GET /a_1080p_13.m4s HTTP/1.1" 200 1963016  7132
0:0:0:0:0:0:0:1 - - [23/十月/2017:09:13:02 +0000] "GET /b_1080p_13.m4s HTTP/1.1" 200 1963016  1263
0:0:0:0:0:0:0:1 - - [23/十月/2017:09:13:03 +0000] "GET /a_1080p_14.m4s HTTP/1.1" 200 1385360  366
0:0:0:0:0:0:0:1 - - [23/十月/2017:09:13:04 +0000] "GET /a_128k_14.m4s HTTP/1.1" 200 64963  39
0:0:0:0:0:0:0:1 - - [23/十月/2017:09:13:04 +0000] "GET /a_128k_15.m4s HTTP/1.1" 200 64888  41
0:0:0:0:0:0:0:1 - - [23/十月/2017:09:13:04 +0000] "GET /b_1080p_14.m4s HTTP/1.1" 200 1385360  318
0:0:0:0:0:0:0:1 - - [23/十月/2017:09:13:04 +0000] "GET /b_128k_14.m4s HTTP/1.1" 200 64963  46
0:0:0:0:0:0:0:1 - - [23/十月/2017:09:13:05 +0000] "GET /b_128k_15.m4s HTTP/1.1" 200 64888  346
0:0:0:0:0:0:0:1 - - [23/十月/2017:09:13:04 +0000] "GET /a_1080p_15.m4s HTTP/1.1" 200 1267308  1657
0:0:0:0:0:0:0:1 - - [23/十月/2017:09:13:07 +0000] "GET /a_128k_16.m4s HTTP/1.1" 200 65737  208
0:0:0:0:0:0:0:1 - - [23/十月/2017:09:13:06 +0000] "GET /b_1080p_15.m4s HTTP/1.1" 200 1267308  1036
0:0:0:0:0:0:0:1 - - [23/十月/2017:09:13:08 +0000] "GET /b_128k_16.m4s HTTP/1.1" 200 65737  173
0:0:0:0:0:0:0:1 - - [23/十月/2017:09:13:09 +0000] "GET /a_1080p_16.m4s HTTP/1.1" 200 1224189  359
0:0:0:0:0:0:0:1 - - [23/十月/2017:09:13:09 +0000] "GET /a_128k_17.m4s HTTP/1.1" 200 65550  49
0:0:0:0:0:0:0:1 - - [23/十月/2017:09:13:10 +0000] "GET /b_1080p_16.m4s HTTP/1.1" 200 1224189  586
0:0:0:0:0:0:0:1 - - [23/十月/2017:09:13:11 +0000] "GET /b_128k_17.m4s HTTP/1.1" 200 65550  53
0:0:0:0:0:0:0:1 - - [23/十月/2017:09:13:13 +0000] "GET /a_1080p_17.m4s HTTP/1.1" 200 838454  273
0:0:0:0:0:0:0:1 - - [23/十月/2017:09:13:14 +0000] "GET /a_128k_18.m4s HTTP/1.1" 200 66753  387
0:0:0:0:0:0:0:1 - - [23/十月/2017:09:13:15 +0000] "GET /b_1080p_17.m4s HTTP/1.1" 200 838454  1052
0:0:0:0:0:0:0:1 - - [23/十月/2017:09:13:16 +0000] "GET /b_128k_18.m4s HTTP/1.1" 200 66753  75
0:0:0:0:0:0:0:1 - - [23/十月/2017:09:13:16 +0000] "GET /a_1080p_18.m4s HTTP/1.1" 200 1126770  5102
0:0:0:0:0:0:0:1 - - [23/十月/2017:09:13:22 +0000] "GET /a_128k_19.m4s HTTP/1.1" 200 65884  519
0:0:0:0:0:0:0:1 - - [23/十月/2017:09:13:18 +0000] "GET /b_1080p_18.m4s HTTP/1.1" 200 1126770  5728
0:0:0:0:0:0:0:1 - - [23/十月/2017:09:13:24 +0000] "GET /b_128k_19.m4s HTTP/1.1" 200 65884  410
0:0:0:0:0:0:0:1 - - [23/十月/2017:09:13:22 +0000] "GET /a_1080p_19.m4s HTTP/1.1" 200 1361954  7131
0:0:0:0:0:0:0:1 - - [23/十月/2017:09:13:24 +0000] "GET /b_1080p_19.m4s HTTP/1.1" 200 1361954  4649
0:0:0:0:0:0:0:1 - - [23/十月/2017:09:13:29 +0000] "GET /b_128k_20.m4s HTTP/1.1" 200 65255  187
0:0:0:0:0:0:0:1 - - [23/十月/2017:09:13:29 +0000] "GET /b_1080p_20.m4s HTTP/1.1" 200 696510  377
0:0:0:0:0:0:0:1 - - [23/十月/2017:09:13:29 +0000] "GET /a_1080p_20.m4s HTTP/1.1" 200 696510  457
0:0:0:0:0:0:0:1 - - [23/十月/2017:09:13:29 +0000] "GET /a_128k_20.m4s HTTP/1.1" 200 65255  60
0:0:0:0:0:0:0:1 - - [23/十月/2017:09:13:29 +0000] "GET /a_128k_21.m4s HTTP/1.1" 200 66091  60
0:0:0:0:0:0:0:1 - - [23/十月/2017:09:13:29 +0000] "GET /a_1080p_21.m4s HTTP/1.1" 200 1301860  287
0:0:0:0:0:0:0:1 - - [23/十月/2017:09:13:30 +0000] "GET /b_128k_21.m4s HTTP/1.1" 200 66091  22
0:0:0:0:0:0:0:1 - - [23/十月/2017:09:13:30 +0000] "GET /a_128k_22.m4s HTTP/1.1" 200 66690  19
0:0:0:0:0:0:0:1 - - [23/十月/2017:09:13:30 +0000] "GET /b_1080p_21.m4s HTTP/1.1" 200 1301860  316
0:0:0:0:0:0:0:1 - - [23/十月/2017:09:13:31 +0000] "GET /b_128k_22.m4s HTTP/1.1" 200 66690  277
0:0:0:0:0:0:0:1 - - [23/十月/2017:09:13:32 +0000] "GET /a_1080p_22.m4s HTTP/1.1" 200 1614199  905
0:0:0:0:0:0:0:1 - - [23/十月/2017:09:13:34 +0000] "GET /a_128k_23.m4s HTTP/1.1" 200 35708  71
0:0:0:0:0:0:0:1 - - [23/十月/2017:09:13:34 +0000] "GET /b_1080p_22.m4s HTTP/1.1" 200 1614199  564
0:0:0:0:0:0:0:1 - - [23/十月/2017:09:13:35 +0000] "GET /b_128k_23.m4s HTTP/1.1" 200 35708  383
0:0:0:0:0:0:0:1 - - [23/十月/2017:09:13:36 +0000] "GET /a_1080p_23.m4s HTTP/1.1" 200 38866  735
0:0:0:0:0:0:0:1 - - [23/十月/2017:09:13:37 +0000] "GET /dash.all.min.js.map HTTP/1.1" 404 1042  251
0:0:0:0:0:0:0:1 - - [23/十月/2017:09:13:38 +0000] "GET /b_1080p_23.m4s HTTP/1.1" 200 38866  121
0:0:0:0:0:0:0:1 - - [23/十月/2017:09:14:43 +0000] "GET /dash.all.min.js.map HTTP/1.1" 404 1042  485
0:0:0:0:0:0:0:1 - - [23/十月/2017:09:20:29 +0000] "GET /index.html HTTP/1.1" 304 0  277
0:0:0:0:0:0:0:1 - - [23/十月/2017:09:20:30 +0000] "GET /dash.all.min.js HTTP/1.1" 304 0  281
0:0:0:0:0:0:0:1 - - [23/十月/2017:09:20:31 +0000] "GET /a_manifest_orig.mpd HTTP/1.1" 304 0  208
0:0:0:0:0:0:0:1 - - [23/十月/2017:09:20:31 +0000] "GET /a_manifest_orig.mpd HTTP/1.1" 304 0  155
0:0:0:0:0:0:0:1 - - [23/十月/2017:09:20:31 +0000] "GET /a_360p_i.mp4 HTTP/1.1" 200 899  48
0:0:0:0:0:0:0:1 - - [23/十月/2017:09:20:31 +0000] "GET /a_128k_i.mp4 HTTP/1.1" 304 0  81
0:0:0:0:0:0:0:1 - - [23/十月/2017:09:20:31 +0000] "GET /a_128k_1.m4s HTTP/1.1" 304 0  55
0:0:0:0:0:0:0:1 - - [23/十月/2017:09:20:32 +0000] "GET /a_128k_2.m4s HTTP/1.1" 304 0  131
0:0:0:0:0:0:0:1 - - [23/十月/2017:09:20:31 +0000] "GET /a_360p_1.m4s HTTP/1.1" 200 486040  598
0:0:0:0:0:0:0:1 - - [23/十月/2017:09:20:32 +0000] "GET /a_1080p_i.mp4 HTTP/1.1" 304 0  4
0:0:0:0:0:0:0:1 - - [23/十月/2017:09:20:32 +0000] "GET /a_1080p_2.m4s HTTP/1.1" 304 0  5
0:0:0:0:0:0:0:1 - - [23/十月/2017:09:20:32 +0000] "GET /a_1080p_3.m4s HTTP/1.1" 304 0  110
0:0:0:0:0:0:0:1 - - [23/十月/2017:09:20:32 +0000] "GET /a_1080p_4.m4s HTTP/1.1" 304 0  8
0:0:0:0:0:0:0:1 - - [23/十月/2017:09:20:32 +0000] "GET /a_1080p_5.m4s HTTP/1.1" 304 0  132
0:0:0:0:0:0:0:1 - - [23/十月/2017:09:20:33 +0000] "GET /a_128k_3.m4s HTTP/1.1" 304 0  144
0:0:0:0:0:0:0:1 - - [23/十月/2017:09:20:33 +0000] "GET /a_1080p_6.m4s HTTP/1.1" 304 0  153
0:0:0:0:0:0:0:1 - - [23/十月/2017:09:20:33 +0000] "GET /a_128k_4.m4s HTTP/1.1" 304 0  184
0:0:0:0:0:0:0:1 - - [23/十月/2017:09:20:33 +0000] "GET /a_1080p_7.m4s HTTP/1.1" 304 0  135
0:0:0:0:0:0:0:1 - - [23/十月/2017:09:20:33 +0000] "GET /a_128k_5.m4s HTTP/1.1" 304 0  22
0:0:0:0:0:0:0:1 - - [23/十月/2017:09:20:33 +0000] "GET /a_1080p_8.m4s HTTP/1.1" 304 0  202
0:0:0:0:0:0:0:1 - - [23/十月/2017:09:20:33 +0000] "GET /a_128k_6.m4s HTTP/1.1" 304 0  194
0:0:0:0:0:0:0:1 - - [23/十月/2017:09:20:33 +0000] "GET /a_128k_7.m4s HTTP/1.1" 304 0  59
0:0:0:0:0:0:0:1 - - [23/十月/2017:09:20:33 +0000] "GET /a_128k_8.m4s HTTP/1.1" 304 0  47
0:0:0:0:0:0:0:1 - - [23/十月/2017:09:20:33 +0000] "GET /a_128k_9.m4s HTTP/1.1" 304 0  322
0:0:0:0:0:0:0:1 - - [23/十月/2017:09:20:38 +0000] "GET /a_1080p_9.m4s HTTP/1.1" 304 0  446
0:0:0:0:0:0:0:1 - - [23/十月/2017:09:20:39 +0000] "GET /a_128k_10.m4s HTTP/1.1" 304 0  134
0:0:0:0:0:0:0:1 - - [23/十月/2017:09:20:42 +0000] "GET /a_1080p_10.m4s HTTP/1.1" 304 0  73
0:0:0:0:0:0:0:1 - - [23/十月/2017:09:20:43 +0000] "GET /a_128k_11.m4s HTTP/1.1" 304 0  57
0:0:0:0:0:0:0:1 - - [23/十月/2017:09:20:46 +0000] "GET /a_1080p_11.m4s HTTP/1.1" 304 0  54
0:0:0:0:0:0:0:1 - - [23/十月/2017:09:20:48 +0000] "GET /a_128k_12.m4s HTTP/1.1" 304 0  63
0:0:0:0:0:0:0:1 - - [23/十月/2017:09:20:50 +0000] "GET /a_1080p_12.m4s HTTP/1.1" 304 0  185
0:0:0:0:0:0:0:1 - - [23/十月/2017:09:20:51 +0000] "GET /a_128k_13.m4s HTTP/1.1" 304 0  172
0:0:0:0:0:0:0:1 - - [23/十月/2017:09:21:16 +0000] "GET /a_1080p_13.m4s HTTP/1.1" 304 0  192
0:0:0:0:0:0:0:1 - - [23/十月/2017:09:21:17 +0000] "GET /a_128k_14.m4s HTTP/1.1" 304 0  6
0:0:0:0:0:0:0:1 - - [23/十月/2017:09:21:20 +0000] "GET /a_1080p_14.m4s HTTP/1.1" 304 0  203
0:0:0:0:0:0:0:1 - - [23/十月/2017:09:21:21 +0000] "GET /a_128k_15.m4s HTTP/1.1" 304 0  278
0:0:0:0:0:0:0:1 - - [23/十月/2017:09:21:24 +0000] "GET /a_1080p_15.m4s HTTP/1.1" 304 0  97
0:0:0:0:0:0:0:1 - - [23/十月/2017:09:21:25 +0000] "GET /a_128k_16.m4s HTTP/1.1" 304 0  119
0:0:0:0:0:0:0:1 - - [23/十月/2017:09:21:55 +0000] "GET /index.html HTTP/1.1" 200 358  116
0:0:0:0:0:0:0:1 - - [23/十月/2017:09:21:55 +0000] "GET /dash.all.min.js HTTP/1.1" 200 531827  2752
0:0:0:0:0:0:0:1 - - [23/十月/2017:09:21:58 +0000] "GET /a_manifest_orig.mpd HTTP/1.1" 206 1902  312
0:0:0:0:0:0:0:1 - - [23/十月/2017:09:21:59 +0000] "GET /a_manifest_orig.mpd HTTP/1.1" 200 1902  434
0:0:0:0:0:0:0:1 - - [23/十月/2017:09:22:00 +0000] "GET /a_1080p_i.mp4 HTTP/1.1" 200 901  64
0:0:0:0:0:0:0:1 - - [23/十月/2017:09:22:00 +0000] "GET /a_128k_i.mp4 HTTP/1.1" 200 837  106
0:0:0:0:0:0:0:1 - - [23/十月/2017:09:22:00 +0000] "GET /a_128k_1.m4s HTTP/1.1" 200 50878  443
0:0:0:0:0:0:0:1 - - [23/十月/2017:09:22:01 +0000] "GET /a_128k_2.m4s HTTP/1.1" 200 65096  541
0:0:0:0:0:0:0:1 - - [23/十月/2017:09:22:00 +0000] "GET /a_1080p_1.m4s HTTP/1.1" 200 2238300  10405
0:0:0:0:0:0:0:1 - - [23/十月/2017:09:22:10 +0000] "GET /a_360p_i.mp4 HTTP/1.1" 200 899  357
0:0:0:0:0:0:0:1 - - [23/十月/2017:09:22:11 +0000] "GET /a_360p_2.m4s HTTP/1.1" 200 295664  1556
0:0:0:0:0:0:0:1 - - [23/十月/2017:09:22:12 +0000] "GET /a_360p_3.m4s HTTP/1.1" 200 259243  995
0:0:0:0:0:0:0:1 - - [23/十月/2017:09:22:13 +0000] "GET /a_128k_3.m4s HTTP/1.1" 200 65107  896
0:0:0:0:0:0:0:1 - - [23/十月/2017:09:22:14 +0000] "GET /a_128k_4.m4s HTTP/1.1" 200 65453  551
0:0:0:0:0:0:0:1 - - [23/十月/2017:09:22:14 +0000] "GET /a_360p_4.m4s HTTP/1.1" 200 270782  1544
0:0:0:0:0:0:0:1 - - [23/十月/2017:09:22:15 +0000] "GET /a_128k_5.m4s HTTP/1.1" 200 65280  231
0:0:0:0:0:0:0:1 - - [23/十月/2017:09:22:15 +0000] "GET /a_360p_5.m4s HTTP/1.1" 200 256806  1572
0:0:0:0:0:0:0:1 - - [23/十月/2017:09:22:18 +0000] "GET /a_128k_6.m4s HTTP/1.1" 200 65793  364
0:0:0:0:0:0:0:1 - - [23/十月/2017:09:22:19 +0000] "GET /a_360p_6.m4s HTTP/1.1" 200 238997  1356
0:0:0:0:0:0:0:1 - - [23/十月/2017:09:22:21 +0000] "GET /a_128k_7.m4s HTTP/1.1" 200 65411  815
0:0:0:0:0:0:0:1 - - [23/十月/2017:09:22:24 +0000] "GET /a_360p_7.m4s HTTP/1.1" 200 288245  1479
0:0:0:0:0:0:0:1 - - [23/十月/2017:09:22:25 +0000] "GET /a_128k_8.m4s HTTP/1.1" 200 64944  314
0:0:0:0:0:0:0:1 - - [23/十月/2017:09:22:27 +0000] "GET /a_360p_8.m4s HTTP/1.1" 200 273161  1437
0:0:0:0:0:0:0:1 - - [23/十月/2017:09:22:30 +0000] "GET /a_128k_9.m4s HTTP/1.1" 200 65078  869
0:0:0:0:0:0:0:1 - - [23/十月/2017:09:22:32 +0000] "GET /a_360p_9.m4s HTTP/1.1" 200 259490  1615
0:0:0:0:0:0:0:1 - - [23/十月/2017:09:22:34 +0000] "GET /a_128k_10.m4s HTTP/1.1" 200 65241  493
0:0:0:0:0:0:0:1 - - [23/十月/2017:09:22:36 +0000] "GET /a_360p_10.m4s HTTP/1.1" 200 291044  1358
0:0:0:0:0:0:0:1 - - [23/十月/2017:09:22:38 +0000] "GET /a_128k_11.m4s HTTP/1.1" 200 64715  443
0:0:0:0:0:0:0:1 - - [23/十月/2017:09:22:40 +0000] "GET /a_360p_11.m4s HTTP/1.1" 200 211929  963
0:0:0:0:0:0:0:1 - - [23/十月/2017:09:22:41 +0000] "GET /a_128k_12.m4s HTTP/1.1" 200 65253  296
0:0:0:0:0:0:0:1 - - [23/十月/2017:09:22:43 +0000] "GET /a_360p_12.m4s HTTP/1.1" 200 284515  1311
0:0:0:0:0:0:0:1 - - [23/十月/2017:09:22:46 +0000] "GET /a_128k_13.m4s HTTP/1.1" 200 65843  313
0:0:0:0:0:0:0:1 - - [23/十月/2017:09:22:47 +0000] "GET /a_360p_13.m4s HTTP/1.1" 200 306088  1875
0:0:0:0:0:0:0:1 - - [23/十月/2017:09:22:50 +0000] "GET /a_128k_14.m4s HTTP/1.1" 200 64963  251
0:0:0:0:0:0:0:1 - - [23/十月/2017:09:22:52 +0000] "GET /a_360p_14.m4s HTTP/1.1" 200 205251  1102
0:0:0:0:0:0:0:1 - - [23/十月/2017:09:22:53 +0000] "GET /a_128k_15.m4s HTTP/1.1" 200 64888  190
0:0:0:0:0:0:0:1 - - [23/十月/2017:09:22:56 +0000] "GET /a_360p_15.m4s HTTP/1.1" 200 224472  837
0:0:0:0:0:0:0:1 - - [23/十月/2017:09:22:57 +0000] "GET /a_128k_16.m4s HTTP/1.1" 200 65737  267
0:0:0:0:0:0:0:1 - - [23/十月/2017:09:23:00 +0000] "GET /a_360p_16.m4s HTTP/1.1" 200 219023  1502
0:0:0:0:0:0:0:1 - - [23/十月/2017:09:23:02 +0000] "GET /a_128k_17.m4s HTTP/1.1" 200 65550  475
0:0:0:0:0:0:0:1 - - [23/十月/2017:09:23:03 +0000] "GET /a_360p_17.m4s HTTP/1.1" 200 125080  570
0:0:0:0:0:0:0:1 - - [23/十月/2017:09:23:04 +0000] "GET /a_128k_18.m4s HTTP/1.1" 200 66753  419
0:0:0:0:0:0:0:1 - - [23/十月/2017:09:23:07 +0000] "GET /a_360p_18.m4s HTTP/1.1" 200 196089  942
0:0:0:0:0:0:0:1 - - [23/十月/2017:09:23:09 +0000] "GET /a_128k_19.m4s HTTP/1.1" 200 65884  430
0:0:0:0:0:0:0:1 - - [23/十月/2017:09:23:11 +0000] "GET /a_360p_19.m4s HTTP/1.1" 200 244840  1150
0:0:0:0:0:0:0:1 - - [23/十月/2017:09:23:13 +0000] "GET /a_128k_20.m4s HTTP/1.1" 200 65255  561
0:0:0:0:0:0:0:1 - - [23/十月/2017:09:23:16 +0000] "GET /a_360p_20.m4s HTTP/1.1" 200 161069  983
0:0:0:0:0:0:0:1 - - [23/十月/2017:09:23:17 +0000] "GET /a_128k_21.m4s HTTP/1.1" 200 66091  260
0:0:0:0:0:0:0:1 - - [23/十月/2017:09:23:20 +0000] "GET /a_360p_21.m4s HTTP/1.1" 200 255100  1173
0:0:0:0:0:0:0:1 - - [23/十月/2017:09:23:21 +0000] "GET /a_128k_22.m4s HTTP/1.1" 200 66690  466
0:0:0:0:0:0:0:1 - - [23/十月/2017:09:23:24 +0000] "GET /a_360p_22.m4s HTTP/1.1" 200 279047  1263
0:0:0:0:0:0:0:1 - - [23/十月/2017:09:23:25 +0000] "GET /a_128k_23.m4s HTTP/1.1" 200 35708  331
0:0:0:0:0:0:0:1 - - [23/十月/2017:09:23:28 +0000] "GET /a_360p_23.m4s HTTP/1.1" 200 10833  86
0:0:0:0:0:0:0:1 - - [23/十月/2017:09:27:21 +0000] "GET /index.html HTTP/1.1" 200 358  427
0:0:0:0:0:0:0:1 - - [23/十月/2017:09:27:21 +0000] "GET /dash.all.min.js HTTP/1.1" 200 531827  8272
0:0:0:0:0:0:0:1 - - [23/十月/2017:09:27:31 +0000] "GET /a_manifest_orig.mpd HTTP/1.1" 206 1902  294
0:0:0:0:0:0:0:1 - - [23/十月/2017:09:27:31 +0000] "GET /a_manifest_orig.mpd HTTP/1.1" 200 1902  311
0:0:0:0:0:0:0:1 - - [23/十月/2017:09:27:32 +0000] "GET /a_360p_i.mp4 HTTP/1.1" 200 899  236
0:0:0:0:0:0:0:1 - - [23/十月/2017:09:27:32 +0000] "GET /a_128k_i.mp4 HTTP/1.1" 200 837  23
0:0:0:0:0:0:0:1 - - [23/十月/2017:09:27:32 +0000] "GET /a_128k_1.m4s HTTP/1.1" 200 50878  771
0:0:0:0:0:0:0:1 - - [23/十月/2017:09:27:34 +0000] "GET /a_128k_2.m4s HTTP/1.1" 200 65096  769
0:0:0:0:0:0:0:1 - - [23/十月/2017:09:27:32 +0000] "GET /a_360p_1.m4s HTTP/1.1" 200 486040  9772
0:0:0:0:0:0:0:1 - - [23/十月/2017:09:27:43 +0000] "GET /a_360p_2.m4s HTTP/1.1" 200 295664  4812
0:0:0:0:0:0:0:1 - - [23/十月/2017:09:27:49 +0000] "GET /a_128k_3.m4s HTTP/1.1" 200 65107  1014
0:0:0:0:0:0:0:1 - - [23/十月/2017:09:27:48 +0000] "GET /a_360p_3.m4s HTTP/1.1" 200 259243  4891
0:0:0:0:0:0:0:1 - - [23/十月/2017:09:27:54 +0000] "GET /a_128k_4.m4s HTTP/1.1" 200 65453  1645
0:0:0:0:0:0:0:1 - - [23/十月/2017:09:27:54 +0000] "GET /a_360p_4.m4s HTTP/1.1" 200 270782  5731
0:0:0:0:0:0:0:1 - - [23/十月/2017:09:28:04 +0000] "GET /a_128k_5.m4s HTTP/1.1" 200 65280  640
0:0:0:0:0:0:0:1 - - [23/十月/2017:09:28:00 +0000] "GET /a_360p_5.m4s HTTP/1.1" 200 256806  5342
0:0:0:0:0:0:0:1 - - [23/十月/2017:09:28:07 +0000] "GET /a_128k_6.m4s HTTP/1.1" 200 65793  1386
0:0:0:0:0:0:0:1 - - [23/十月/2017:09:28:07 +0000] "GET /a_360p_6.m4s HTTP/1.1" 200 238997  5160
0:0:0:0:0:0:0:1 - - [23/十月/2017:09:28:13 +0000] "GET /a_128k_7.m4s HTTP/1.1" 200 65411  1028
0:0:0:0:0:0:0:1 - - [23/十月/2017:09:28:13 +0000] "GET /a_360p_7.m4s HTTP/1.1" 200 288245  5708
0:0:0:0:0:0:0:1 - - [23/十月/2017:09:28:24 +0000] "GET /a_128k_8.m4s HTTP/1.1" 200 64944  1145
0:0:0:0:0:0:0:1 - - [23/十月/2017:09:28:24 +0000] "GET /a_360p_8.m4s HTTP/1.1" 200 273161  4861
0:0:0:0:0:0:0:1 - - [23/十月/2017:09:28:30 +0000] "GET /a_128k_9.m4s HTTP/1.1" 200 65078  1012
0:0:0:0:0:0:0:1 - - [23/十月/2017:09:28:29 +0000] "GET /a_360p_9.m4s HTTP/1.1" 200 259490  4579
0:0:0:0:0:0:0:1 - - [23/十月/2017:09:28:35 +0000] "GET /a_128k_10.m4s HTTP/1.1" 200 65241  837
0:0:0:0:0:0:0:1 - - [23/十月/2017:09:28:35 +0000] "GET /a_360p_10.m4s HTTP/1.1" 200 291044  5124
0:0:0:0:0:0:0:1 - - [23/十月/2017:09:28:40 +0000] "GET /a_128k_11.m4s HTTP/1.1" 200 64715  652
0:0:0:0:0:0:0:1 - - [23/十月/2017:09:28:41 +0000] "GET /a_360p_11.m4s HTTP/1.1" 200 211929  3122
0:0:0:0:0:0:0:1 - - [23/十月/2017:09:28:45 +0000] "GET /a_128k_12.m4s HTTP/1.1" 200 65253  1251
0:0:0:0:0:0:0:1 - - [23/十月/2017:09:28:49 +0000] "GET /index.html HTTP/1.1" 200 358  186
0:0:0:0:0:0:0:1 - - [23/十月/2017:09:28:45 +0000] "GET /a_360p_12.m4s HTTP/1.1" 200 284515  5055
0:0:0:0:0:0:0:1 - - [23/十月/2017:09:28:51 +0000] "GET /a_128k_13.m4s HTTP/1.1" 200 65843  1894
0:0:0:0:0:0:0:1 - - [23/十月/2017:09:28:49 +0000] "GET /dash.all.min.js HTTP/1.1" 200 531827  4491
0:0:0:0:0:0:0:1 - - [23/十月/2017:09:28:54 +0000] "GET /a_manifest_orig.mpd HTTP/1.1" 206 1902  231
0:0:0:0:0:0:0:1 - - [23/十月/2017:09:28:54 +0000] "GET /dash.all.min.js.map HTTP/1.1" 404 1042  217
0:0:0:0:0:0:0:1 - - [23/十月/2017:09:28:55 +0000] "GET /a_manifest_orig.mpd HTTP/1.1" 200 1902  281
0:0:0:0:0:0:0:1 - - [23/十月/2017:09:28:56 +0000] "GET /a_360p_i.mp4 HTTP/1.1" 200 899  8
0:0:0:0:0:0:0:1 - - [23/十月/2017:09:28:56 +0000] "GET /a_128k_i.mp4 HTTP/1.1" 200 837  247
0:0:0:0:0:0:0:1 - - [23/十月/2017:09:28:51 +0000] "GET /a_360p_13.m4s HTTP/1.1" 200 306088  6213
0:0:0:0:0:0:0:1 - - [23/十月/2017:09:28:57 +0000] "GET /a_128k_1.m4s HTTP/1.1" 200 50878  474
0:0:0:0:0:0:0:1 - - [23/十月/2017:09:28:58 +0000] "GET /a_128k_2.m4s HTTP/1.1" 200 65096  519
0:0:0:0:0:0:0:1 - - [23/十月/2017:09:28:58 +0000] "GET /a_128k_14.m4s HTTP/1.1" 200 64963  1394
0:0:0:0:0:0:0:1 - - [23/十月/2017:09:28:58 +0000] "GET /a_360p_14.m4s HTTP/1.1" 200 205251  4795
0:0:0:0:0:0:0:1 - - [23/十月/2017:09:28:57 +0000] "GET /a_360p_1.m4s HTTP/1.1" 200 486040  6533
0:0:0:0:0:0:0:1 - - [23/十月/2017:09:29:04 +0000] "GET /a_128k_15.m4s HTTP/1.1" 200 64888  786
0:0:0:0:0:0:0:1 - - [23/十月/2017:09:29:04 +0000] "GET /a_360p_2.m4s HTTP/1.1" 200 295664  2518
0:0:0:0:0:0:0:1 - - [23/十月/2017:09:29:07 +0000] "GET /a_128k_3.m4s HTTP/1.1" 200 65107  541
0:0:0:0:0:0:0:1 - - [23/十月/2017:09:29:04 +0000] "GET /a_360p_15.m4s HTTP/1.1" 200 224472  4134
0:0:0:0:0:0:0:1 - - [23/十月/2017:09:29:06 +0000] "GET /a_360p_3.m4s HTTP/1.1" 200 259243  2943
0:0:0:0:0:0:0:1 - - [23/十月/2017:09:29:09 +0000] "GET /a_128k_16.m4s HTTP/1.1" 200 65737  1302
0:0:0:0:0:0:0:1 - - [23/十月/2017:09:29:10 +0000] "GET /a_128k_4.m4s HTTP/1.1" 200 65453  714
0:0:0:0:0:0:0:1 - - [23/十月/2017:09:29:09 +0000] "GET /a_360p_4.m4s HTTP/1.1" 200 270782  2839
0:0:0:0:0:0:0:1 - - [23/十月/2017:09:29:08 +0000] "GET /a_360p_16.m4s HTTP/1.1" 200 219023  4019
0:0:0:0:0:0:0:1 - - [23/十月/2017:09:29:13 +0000] "GET /a_128k_5.m4s HTTP/1.1" 200 65280  527
0:0:0:0:0:0:0:1 - - [23/十月/2017:09:29:13 +0000] "GET /a_128k_17.m4s HTTP/1.1" 200 65550  907
0:0:0:0:0:0:0:1 - - [23/十月/2017:09:29:12 +0000] "GET /a_360p_5.m4s HTTP/1.1" 200 256806  2657
0:0:0:0:0:0:0:1 - - [23/十月/2017:09:29:13 +0000] "GET /a_360p_17.m4s HTTP/1.1" 200 125080  2153
0:0:0:0:0:0:0:1 - - [23/十月/2017:09:29:16 +0000] "GET /a_128k_6.m4s HTTP/1.1" 200 65793  1063
0:0:0:0:0:0:0:1 - - [23/十月/2017:09:29:16 +0000] "GET /a_128k_18.m4s HTTP/1.1" 200 66753  1465
0:0:0:0:0:0:0:1 - - [23/十月/2017:09:29:15 +0000] "GET /a_360p_6.m4s HTTP/1.1" 200 238997  2351
0:0:0:0:0:0:0:1 - - [23/十月/2017:09:29:19 +0000] "GET /a_128k_7.m4s HTTP/1.1" 200 65411  981
0:0:0:0:0:0:0:1 - - [23/十月/2017:09:29:16 +0000] "GET /a_360p_18.m4s HTTP/1.1" 200 196089  3952
0:0:0:0:0:0:0:1 - - [23/十月/2017:09:29:18 +0000] "GET /a_360p_7.m4s HTTP/1.1" 200 288245  2863
0:0:0:0:0:0:0:1 - - [23/十月/2017:09:29:22 +0000] "GET /a_128k_8.m4s HTTP/1.1" 200 64944  485
0:0:0:0:0:0:0:1 - - [23/十月/2017:09:29:21 +0000] "GET /a_128k_19.m4s HTTP/1.1" 200 65884  1319
0:0:0:0:0:0:0:1 - - [23/十月/2017:09:29:22 +0000] "GET /a_360p_8.m4s HTTP/1.1" 200 273161  2978
0:0:0:0:0:0:0:1 - - [23/十月/2017:09:29:21 +0000] "GET /a_360p_19.m4s HTTP/1.1" 200 244840  4894
0:0:0:0:0:0:0:1 - - [23/十月/2017:09:29:25 +0000] "GET /a_128k_9.m4s HTTP/1.1" 200 65078  722
0:0:0:0:0:0:0:1 - - [23/十月/2017:09:29:26 +0000] "GET /a_128k_20.m4s HTTP/1.1" 200 65255  874
0:0:0:0:0:0:0:1 - - [23/十月/2017:09:29:25 +0000] "GET /a_360p_9.m4s HTTP/1.1" 200 259490  2577
0:0:0:0:0:0:0:1 - - [23/十月/2017:09:29:28 +0000] "GET /a_128k_10.m4s HTTP/1.1" 200 65241  904
0:0:0:0:0:0:0:1 - - [23/十月/2017:09:29:26 +0000] "GET /a_360p_20.m4s HTTP/1.1" 200 161069  3428
0:0:0:0:0:0:0:1 - - [23/十月/2017:09:29:28 +0000] "GET /a_360p_10.m4s HTTP/1.1" 200 291044  2655
0:0:0:0:0:0:0:1 - - [23/十月/2017:09:29:32 +0000] "GET /a_128k_11.m4s HTTP/1.1" 200 64715  275
0:0:0:0:0:0:0:1 - - [23/十月/2017:09:29:30 +0000] "GET /a_128k_21.m4s HTTP/1.1" 200 66091  1499
0:0:0:0:0:0:0:1 - - [23/十月/2017:09:29:32 +0000] "GET /a_360p_11.m4s HTTP/1.1" 200 211929  1411
0:0:0:0:0:0:0:1 - - [23/十月/2017:09:29:35 +0000] "GET /a_128k_12.m4s HTTP/1.1" 200 65253  641
0:0:0:0:0:0:0:1 - - [23/十月/2017:09:29:30 +0000] "GET /a_360p_21.m4s HTTP/1.1" 200 255100  5187
0:0:0:0:0:0:0:1 - - [23/十月/2017:09:29:35 +0000] "GET /a_128k_22.m4s HTTP/1.1" 200 66690  1169
0:0:0:0:0:0:0:1 - - [23/十月/2017:09:29:36 +0000] "GET /a_360p_12.m4s HTTP/1.1" 200 284515  2361
0:0:0:0:0:0:0:1 - - [23/十月/2017:09:29:40 +0000] "GET /a_360p_13.m4s HTTP/1.1" 304 0  571
0:0:0:0:0:0:0:1 - - [23/十月/2017:09:29:37 +0000] "GET /a_360p_22.m4s HTTP/1.1" 200 279047  4419
0:0:0:0:0:0:0:1 - - [23/十月/2017:09:29:42 +0000] "GET /a_360p_23.m4s HTTP/1.1" 200 10833  161
0:0:0:0:0:0:0:1 - - [23/十月/2017:09:29:42 +0000] "GET /a_128k_23.m4s HTTP/1.1" 200 35708  235
0:0:0:0:0:0:0:1 - - [23/十月/2017:09:29:44 +0000] "GET /a_360p_14.m4s HTTP/1.1" 304 0  267
0:0:0:0:0:0:0:1 - - [23/十月/2017:09:29:48 +0000] "GET /a_360p_15.m4s HTTP/1.1" 304 0  52
0:0:0:0:0:0:0:1 - - [23/十月/2017:09:29:52 +0000] "GET /a_360p_16.m4s HTTP/1.1" 304 0  157
0:0:0:0:0:0:0:1 - - [23/十月/2017:09:29:56 +0000] "GET /a_360p_17.m4s HTTP/1.1" 304 0  162
0:0:0:0:0:0:0:1 - - [23/十月/2017:09:30:00 +0000] "GET /a_360p_18.m4s HTTP/1.1" 304 0  208
0:0:0:0:0:0:0:1 - - [23/十月/2017:09:30:04 +0000] "GET /index.html HTTP/1.1" 200 358  184
0:0:0:0:0:0:0:1 - - [23/十月/2017:09:30:04 +0000] "GET /dash.all.min.js HTTP/1.1" 200 531827  2521
0:0:0:0:0:0:0:1 - - [23/十月/2017:09:30:04 +0000] "GET /a_360p_19.m4s HTTP/1.1" 200 244840  2338
0:0:0:0:0:0:0:1 - - [23/十月/2017:09:30:08 +0000] "GET /a_manifest_orig.mpd HTTP/1.1" 206 1902  76
0:0:0:0:0:0:0:1 - - [23/十月/2017:09:30:07 +0000] "GET /a_128k_20.m4s HTTP/1.1" 200 65255  303
0:0:0:0:0:0:0:1 - - [23/十月/2017:09:30:08 +0000] "GET /a_manifest_orig.mpd HTTP/1.1" 200 1902  342
0:0:0:0:0:0:0:1 - - [23/十月/2017:09:30:08 +0000] "GET /a_360p_i.mp4 HTTP/1.1" 200 899  167
0:0:0:0:0:0:0:1 - - [23/十月/2017:09:30:08 +0000] "GET /a_128k_i.mp4 HTTP/1.1" 200 837  163
0:0:0:0:0:0:0:1 - - [23/十月/2017:09:30:09 +0000] "GET /a_128k_1.m4s HTTP/1.1" 200 50878  200
0:0:0:0:0:0:0:1 - - [23/十月/2017:09:30:08 +0000] "GET /a_360p_20.m4s HTTP/1.1" 200 161069  1017
0:0:0:0:0:0:0:1 - - [23/十月/2017:09:30:09 +0000] "GET /a_128k_2.m4s HTTP/1.1" 200 65096  664
0:0:0:0:0:0:0:1 - - [23/十月/2017:09:30:10 +0000] "GET /a_128k_21.m4s HTTP/1.1" 200 66091  859
0:0:0:0:0:0:0:1 - - [23/十月/2017:09:30:08 +0000] "GET /a_360p_1.m4s HTTP/1.1" 200 486040  2461
0:0:0:0:0:0:0:1 - - [23/十月/2017:09:30:11 +0000] "GET /a_360p_2.m4s HTTP/1.1" 200 295664  1201
0:0:0:0:0:0:0:1 - - [23/十月/2017:09:30:13 +0000] "GET /a_128k_3.m4s HTTP/1.1" 200 65107  604
0:0:0:0:0:0:0:1 - - [23/十月/2017:09:30:12 +0000] "GET /a_360p_21.m4s HTTP/1.1" 200 255100  1932
0:0:0:0:0:0:0:1 - - [23/十月/2017:09:30:13 +0000] "GET /a_360p_3.m4s HTTP/1.1" 200 259243  1921
0:0:0:0:0:0:0:1 - - [23/十月/2017:09:30:15 +0000] "GET /a_128k_22.m4s HTTP/1.1" 200 66690  426
0:0:0:0:0:0:0:1 - - [23/十月/2017:09:30:15 +0000] "GET /a_360p_4.m4s HTTP/1.1" 200 270782  1274
0:0:0:0:0:0:0:1 - - [23/十月/2017:09:30:15 +0000] "GET /a_128k_4.m4s HTTP/1.1" 200 65453  591
0:0:0:0:0:0:0:1 - - [23/十月/2017:09:30:16 +0000] "GET /a_128k_5.m4s HTTP/1.1" 200 65280  417
0:0:0:0:0:0:0:1 - - [23/十月/2017:09:30:16 +0000] "GET /a_360p_5.m4s HTTP/1.1" 200 256806  1862
0:0:0:0:0:0:0:1 - - [23/十月/2017:09:30:16 +0000] "GET /a_360p_22.m4s HTTP/1.1" 200 279047  2661
0:0:0:0:0:0:0:1 - - [23/十月/2017:09:30:19 +0000] "GET /a_128k_6.m4s HTTP/1.1" 200 65793  712
0:0:0:0:0:0:0:1 - - [23/十月/2017:09:30:19 +0000] "GET /a_128k_23.m4s HTTP/1.1" 200 35708  840
0:0:0:0:0:0:0:1 - - [23/十月/2017:09:30:20 +0000] "GET /a_360p_23.m4s HTTP/1.1" 200 10833  425
0:0:0:0:0:0:0:1 - - [23/十月/2017:09:30:20 +0000] "GET /a_360p_6.m4s HTTP/1.1" 200 238997  1321
0:0:0:0:0:0:0:1 - - [23/十月/2017:09:30:22 +0000] "GET /a_128k_7.m4s HTTP/1.1" 200 65411  344
0:0:0:0:0:0:0:1 - - [23/十月/2017:09:30:24 +0000] "GET /a_360p_7.m4s HTTP/1.1" 200 288245  1312
0:0:0:0:0:0:0:1 - - [23/十月/2017:09:30:26 +0000] "GET /a_128k_8.m4s HTTP/1.1" 200 64944  343
0:0:0:0:0:0:0:1 - - [23/十月/2017:09:30:28 +0000] "GET /a_360p_8.m4s HTTP/1.1" 200 273161  1551
0:0:0:0:0:0:0:1 - - [23/十月/2017:09:30:30 +0000] "GET /a_128k_9.m4s HTTP/1.1" 200 65078  335
0:0:0:0:0:0:0:1 - - [23/十月/2017:09:30:32 +0000] "GET /a_360p_9.m4s HTTP/1.1" 200 259490  1014
0:0:0:0:0:0:0:1 - - [23/十月/2017:09:30:33 +0000] "GET /a_128k_10.m4s HTTP/1.1" 200 65241  213
0:0:0:0:0:0:0:1 - - [23/十月/2017:09:30:36 +0000] "GET /a_360p_10.m4s HTTP/1.1" 200 291044  1973
0:0:0:0:0:0:0:1 - - [23/十月/2017:09:30:38 +0000] "GET /a_128k_11.m4s HTTP/1.1" 200 64715  478
0:0:0:0:0:0:0:1 - - [23/十月/2017:09:30:40 +0000] "GET /a_360p_11.m4s HTTP/1.1" 200 211929  1043
0:0:0:0:0:0:0:1 - - [23/十月/2017:09:30:41 +0000] "GET /a_128k_12.m4s HTTP/1.1" 200 65253  226
0:0:0:0:0:0:0:1 - - [23/十月/2017:09:30:44 +0000] "GET /a_360p_12.m4s HTTP/1.1" 200 284515  1291
0:0:0:0:0:0:0:1 - - [23/十月/2017:09:30:46 +0000] "GET /a_128k_13.m4s HTTP/1.1" 200 65843  446
0:0:0:0:0:0:0:1 - - [23/十月/2017:09:30:48 +0000] "GET /a_360p_13.m4s HTTP/1.1" 200 306088  1343
0:0:0:0:0:0:0:1 - - [23/十月/2017:09:30:50 +0000] "GET /a_128k_14.m4s HTTP/1.1" 200 64963  363
0:0:0:0:0:0:0:1 - - [23/十月/2017:09:30:52 +0000] "GET /a_360p_14.m4s HTTP/1.1" 200 205251  1168
0:0:0:0:0:0:0:1 - - [23/十月/2017:09:30:53 +0000] "GET /a_128k_15.m4s HTTP/1.1" 200 64888  227
0:0:0:0:0:0:0:1 - - [23/十月/2017:09:30:56 +0000] "GET /a_360p_15.m4s HTTP/1.1" 200 224472  990
0:0:0:0:0:0:0:1 - - [23/十月/2017:09:30:57 +0000] "GET /a_128k_16.m4s HTTP/1.1" 200 65737  707
0:0:0:0:0:0:0:1 - - [23/十月/2017:09:31:00 +0000] "GET /a_360p_16.m4s HTTP/1.1" 200 219023  1618
0:0:0:0:0:0:0:1 - - [23/十月/2017:09:31:02 +0000] "GET /a_128k_17.m4s HTTP/1.1" 200 65550  363
0:0:0:0:0:0:0:1 - - [23/十月/2017:09:31:04 +0000] "GET /a_360p_17.m4s HTTP/1.1" 200 125080  835
0:0:0:0:0:0:0:1 - - [23/十月/2017:09:31:05 +0000] "GET /a_128k_18.m4s HTTP/1.1" 200 66753  211
0:0:0:0:0:0:0:1 - - [23/十月/2017:09:31:08 +0000] "GET /a_360p_18.m4s HTTP/1.1" 200 196089  1235
0:0:0:0:0:0:0:1 - - [23/十月/2017:09:31:10 +0000] "GET /a_128k_19.m4s HTTP/1.1" 200 65884  324
0:0:0:0:0:0:0:1 - - [23/十月/2017:09:31:12 +0000] "GET /a_360p_19.m4s HTTP/1.1" 304 0  63
0:0:0:0:0:0:0:1 - - [23/十月/2017:09:31:16 +0000] "GET /a_360p_20.m4s HTTP/1.1" 200 161069  957
0:0:0:0:0:0:0:1 - - [23/十月/2017:09:31:17 +0000] "GET /a_128k_21.m4s HTTP/1.1" 200 66091  365
0:0:0:0:0:0:0:1 - - [23/十月/2017:09:31:18 +0000] "GET /index.html HTTP/1.1" 200 358  268
0:0:0:0:0:0:0:1 - - [23/十月/2017:09:31:18 +0000] "GET /dash.all.min.js HTTP/1.1" 200 531827  2209
0:0:0:0:0:0:0:1 - - [23/十月/2017:09:31:21 +0000] "GET /a_manifest_orig.mpd HTTP/1.1" 206 1902  135
0:0:0:0:0:0:0:1 - - [23/十月/2017:09:31:21 +0000] "GET /a_manifest_orig.mpd HTTP/1.1" 200 1902  57
0:0:0:0:0:0:0:1 - - [23/十月/2017:09:31:20 +0000] "GET /a_360p_21.m4s HTTP/1.1" 200 255100  1709
0:0:0:0:0:0:0:1 - - [23/十月/2017:09:31:21 +0000] "GET /a_360p_i.mp4 HTTP/1.1" 200 899  411
0:0:0:0:0:0:0:1 - - [23/十月/2017:09:31:22 +0000] "GET /a_128k_i.mp4 HTTP/1.1" 200 837  210
0:0:0:0:0:0:0:1 - - [23/十月/2017:09:31:22 +0000] "GET /a_128k_1.m4s HTTP/1.1" 200 50878  633
0:0:0:0:0:0:0:1 - - [23/十月/2017:09:31:22 +0000] "GET /a_128k_22.m4s HTTP/1.1" 200 66690  873
0:0:0:0:0:0:0:1 - - [23/十月/2017:09:31:23 +0000] "GET /a_128k_2.m4s HTTP/1.1" 200 65096  153
0:0:0:0:0:0:0:1 - - [23/十月/2017:09:31:22 +0000] "GET /a_360p_1.m4s HTTP/1.1" 200 486040  2068
0:0:0:0:0:0:0:1 - - [23/十月/2017:09:31:24 +0000] "GET /a_360p_22.m4s HTTP/1.1" 200 279047  1458
0:0:0:0:0:0:0:1 - - [23/十月/2017:09:31:24 +0000] "GET /a_360p_2.m4s HTTP/1.1" 200 295664  1684
0:0:0:0:0:0:0:1 - - [23/十月/2017:09:31:26 +0000] "GET /a_128k_23.m4s HTTP/1.1" 200 35708  953
0:0:0:0:0:0:0:1 - - [23/十月/2017:09:31:26 +0000] "GET /a_128k_3.m4s HTTP/1.1" 200 65107  723
0:0:0:0:0:0:0:1 - - [23/十月/2017:09:31:26 +0000] "GET /a_360p_3.m4s HTTP/1.1" 200 259243  1897
0:0:0:0:0:0:0:1 - - [23/十月/2017:09:31:28 +0000] "GET /a_360p_23.m4s HTTP/1.1" 200 10833  93
0:0:0:0:0:0:0:1 - - [23/十月/2017:09:31:28 +0000] "GET /a_128k_4.m4s HTTP/1.1" 200 65453  290
0:0:0:0:0:0:0:1 - - [23/十月/2017:09:31:28 +0000] "GET /a_360p_4.m4s HTTP/1.1" 200 270782  735
0:0:0:0:0:0:0:1 - - [23/十月/2017:09:31:29 +0000] "GET /a_128k_5.m4s HTTP/1.1" 200 65280  240
0:0:0:0:0:0:0:1 - - [23/十月/2017:09:31:31 +0000] "GET /a_360p_5.m4s HTTP/1.1" 200 256806  957
0:0:0:0:0:0:0:1 - - [23/十月/2017:09:31:33 +0000] "GET /a_128k_6.m4s HTTP/1.1" 200 65793  343
0:0:0:0:0:0:0:1 - - [23/十月/2017:09:31:35 +0000] "GET /a_360p_6.m4s HTTP/1.1" 200 238997  1080
0:0:0:0:0:0:0:1 - - [23/十月/2017:09:31:37 +0000] "GET /a_128k_7.m4s HTTP/1.1" 200 65411  376
0:0:0:0:0:0:0:1 - - [23/十月/2017:09:31:39 +0000] "GET /a_720p_i.mp4 HTTP/1.1" 200 900  395
0:0:0:0:0:0:0:1 - - [23/十月/2017:09:31:40 +0000] "GET /a_720p_7.m4s HTTP/1.1" 200 1040222  3762
0:0:0:0:0:0:0:1 - - [23/十月/2017:09:31:44 +0000] "GET /a_128k_8.m4s HTTP/1.1" 200 64944  316
0:0:0:0:0:0:0:1 - - [23/十月/2017:09:31:43 +0000] "GET /a_720p_8.m4s HTTP/1.1" 200 966733  2684
0:0:0:0:0:0:0:1 - - [23/十月/2017:09:31:47 +0000] "GET /a_128k_9.m4s HTTP/1.1" 200 65078  529
0:0:0:0:0:0:0:1 - - [23/十月/2017:09:31:48 +0000] "GET /a_720p_9.m4s HTTP/1.1" 200 965583  2168
0:0:0:0:0:0:0:1 - - [23/十月/2017:09:31:50 +0000] "GET /a_128k_10.m4s HTTP/1.1" 200 65241  243
0:0:0:0:0:0:0:1 - - [23/十月/2017:09:31:51 +0000] "GET /a_720p_10.m4s HTTP/1.1" 200 1122312  3101
0:0:0:0:0:0:0:1 - - [23/十月/2017:09:31:55 +0000] "GET /a_128k_11.m4s HTTP/1.1" 200 64715  408
0:0:0:0:0:0:0:1 - - [23/十月/2017:09:31:55 +0000] "GET /a_720p_11.m4s HTTP/1.1" 200 870060  3317
0:0:0:0:0:0:0:1 - - [23/十月/2017:09:31:59 +0000] "GET /a_128k_12.m4s HTTP/1.1" 200 65253  108
0:0:0:0:0:0:0:1 - - [23/十月/2017:09:32:01 +0000] "GET /index.html HTTP/1.1" 200 358  322
0:0:0:0:0:0:0:1 - - [23/十月/2017:09:31:59 +0000] "GET /a_720p_12.m4s HTTP/1.1" 200 1090711  3103
0:0:0:0:0:0:0:1 - - [23/十月/2017:09:32:01 +0000] "GET /dash.all.min.js HTTP/1.1" 200 531827  1830
0:0:0:0:0:0:0:1 - - [23/十月/2017:09:32:03 +0000] "GET /a_128k_13.m4s HTTP/1.1" 200 65843  198
0:0:0:0:0:0:0:1 - - [23/十月/2017:09:32:04 +0000] "GET /a_manifest_orig.mpd HTTP/1.1" 206 1902  397
0:0:0:0:0:0:0:1 - - [23/十月/2017:09:32:04 +0000] "GET /a_manifest_orig.mpd HTTP/1.1" 200 1902  270
0:0:0:0:0:0:0:1 - - [23/十月/2017:09:32:05 +0000] "GET /a_720p_i.mp4 HTTP/1.1" 200 900  210
0:0:0:0:0:0:0:1 - - [23/十月/2017:09:32:05 +0000] "GET /a_128k_i.mp4 HTTP/1.1" 200 837  424
0:0:0:0:0:0:0:1 - - [23/十月/2017:09:32:05 +0000] "GET /a_128k_1.m4s HTTP/1.1" 200 50878  448
0:0:0:0:0:0:0:1 - - [23/十月/2017:09:32:06 +0000] "GET /a_128k_2.m4s HTTP/1.1" 200 65096  367
0:0:0:0:0:0:0:1 - - [23/十月/2017:09:32:03 +0000] "GET /a_720p_13.m4s HTTP/1.1" 200 1244103  6012
0:0:0:0:0:0:0:1 - - [23/十月/2017:09:32:10 +0000] "GET /a_128k_14.m4s HTTP/1.1" 200 64963  280
0:0:0:0:0:0:0:1 - - [23/十月/2017:09:32:05 +0000] "GET /a_720p_1.m4s HTTP/1.1" 200 1892714  7189
0:0:0:0:0:0:0:1 - - [23/十月/2017:09:32:12 +0000] "GET /a_360p_i.mp4 HTTP/1.1" 200 899  103
0:0:0:0:0:0:0:1 - - [23/十月/2017:09:32:10 +0000] "GET /a_720p_14.m4s HTTP/1.1" 200 811807  3019
0:0:0:0:0:0:0:1 - - [23/十月/2017:09:32:13 +0000] "GET /a_360p_15.m4s HTTP/1.1" 200 224472  842
0:0:0:0:0:0:0:1 - - [23/十月/2017:09:32:13 +0000] "GET /a_360p_2.m4s HTTP/1.1" 200 295664  1331
0:0:0:0:0:0:0:1 - - [23/十月/2017:09:32:13 +0000] "GET /a_128k_15.m4s HTTP/1.1" 200 64888  977
0:0:0:0:0:0:0:1 - - [23/十月/2017:09:32:15 +0000] "GET /a_128k_3.m4s HTTP/1.1" 200 65107  219
0:0:0:0:0:0:0:1 - - [23/十月/2017:09:32:15 +0000] "GET /a_128k_16.m4s HTTP/1.1" 200 65737  387
0:0:0:0:0:0:0:1 - - [23/十月/2017:09:32:14 +0000] "GET /a_360p_3.m4s HTTP/1.1" 200 259243  1085
0:0:0:0:0:0:0:1 - - [23/十月/2017:09:32:15 +0000] "GET /a_360p_16.m4s HTTP/1.1" 200 219023  875
0:0:0:0:0:0:0:1 - - [23/十月/2017:09:32:16 +0000] "GET /a_128k_4.m4s HTTP/1.1" 200 65453  472
0:0:0:0:0:0:0:1 - - [23/十月/2017:09:32:16 +0000] "GET /a_360p_4.m4s HTTP/1.1" 200 270782  1134
0:0:0:0:0:0:0:1 - - [23/十月/2017:09:32:17 +0000] "GET /a_128k_17.m4s HTTP/1.1" 200 65550  877
0:0:0:0:0:0:0:1 - - [23/十月/2017:09:32:17 +0000] "GET /a_360p_5.m4s HTTP/1.1" 200 256806  1062
0:0:0:0:0:0:0:1 - - [23/十月/2017:09:32:17 +0000] "GET /a_128k_5.m4s HTTP/1.1" 200 65280  1045
0:0:0:0:0:0:0:1 - - [23/十月/2017:09:32:19 +0000] "GET /a_128k_6.m4s HTTP/1.1" 200 65793  136
0:0:0:0:0:0:0:1 - - [23/十月/2017:09:32:19 +0000] "GET /a_360p_17.m4s HTTP/1.1" 200 125080  407
0:0:0:0:0:0:0:1 - - [23/十月/2017:09:32:20 +0000] "GET /a_128k_18.m4s HTTP/1.1" 200 66753  117
0:0:0:0:0:0:0:1 - - [23/十月/2017:09:32:21 +0000] "GET /a_360p_6.m4s HTTP/1.1" 200 238997  929
0:0:0:0:0:0:0:1 - - [23/十月/2017:09:32:23 +0000] "GET /a_128k_7.m4s HTTP/1.1" 200 65411  280
0:0:0:0:0:0:0:1 - - [23/十月/2017:09:32:23 +0000] "GET /a_360p_18.m4s HTTP/1.1" 200 196089  737
0:0:0:0:0:0:0:1 - - [23/十月/2017:09:32:25 +0000] "GET /a_128k_19.m4s HTTP/1.1" 200 65884  165
0:0:0:0:0:0:0:1 - - [23/十月/2017:09:32:25 +0000] "GET /a_360p_7.m4s HTTP/1.1" 200 288245  1493
0:0:0:0:0:0:0:1 - - [23/十月/2017:09:32:28 +0000] "GET /a_128k_8.m4s HTTP/1.1" 200 64944  398
0:0:0:0:0:0:0:1 - - [23/十月/2017:09:32:27 +0000] "GET /a_360p_19.m4s HTTP/1.1" 200 244840  1304
0:0:0:0:0:0:0:1 - - [23/十月/2017:09:32:29 +0000] "GET /a_128k_20.m4s HTTP/1.1" 200 65255  156
0:0:0:0:0:0:0:1 - - [23/十月/2017:09:32:29 +0000] "GET /a_360p_8.m4s HTTP/1.1" 200 273161  1615
0:0:0:0:0:0:0:1 - - [23/十月/2017:09:32:31 +0000] "GET /a_128k_9.m4s HTTP/1.1" 200 65078  104
0:0:0:0:0:0:0:1 - - [23/十月/2017:09:32:31 +0000] "GET /a_360p_20.m4s HTTP/1.1" 200 161069  768
0:0:0:0:0:0:0:1 - - [23/十月/2017:09:32:33 +0000] "GET /a_128k_21.m4s HTTP/1.1" 200 66091  375
0:0:0:0:0:0:0:1 - - [23/十月/2017:09:32:33 +0000] "GET /a_360p_9.m4s HTTP/1.1" 200 259490  1284
0:0:0:0:0:0:0:1 - - [23/十月/2017:09:32:35 +0000] "GET /a_128k_10.m4s HTTP/1.1" 200 65241  266
0:0:0:0:0:0:0:1 - - [23/十月/2017:09:32:35 +0000] "GET /a_360p_21.m4s HTTP/1.1" 200 255100  1051
0:0:0:0:0:0:0:1 - - [23/十月/2017:09:32:37 +0000] "GET /a_128k_22.m4s HTTP/1.1" 200 66690  311
0:0:0:0:0:0:0:1 - - [23/十月/2017:09:32:37 +0000] "GET /a_360p_10.m4s HTTP/1.1" 200 291044  1126
0:0:0:0:0:0:0:1 - - [23/十月/2017:09:32:38 +0000] "GET /a_128k_11.m4s HTTP/1.1" 200 64715  97
0:0:0:0:0:0:0:1 - - [23/十月/2017:09:32:39 +0000] "GET /a_360p_22.m4s HTTP/1.1" 200 279047  932
0:0:0:0:0:0:0:1 - - [23/十月/2017:09:32:41 +0000] "GET /a_128k_23.m4s HTTP/1.1" 200 35708  597
0:0:0:0:0:0:0:1 - - [23/十月/2017:09:32:41 +0000] "GET /a_360p_11.m4s HTTP/1.1" 200 211929  1238
0:0:0:0:0:0:0:1 - - [23/十月/2017:09:32:44 +0000] "GET /a_360p_23.m4s HTTP/1.1" 200 10833  158
0:0:0:0:0:0:0:1 - - [23/十月/2017:09:32:45 +0000] "GET /a_360p_12.m4s HTTP/1.1" 200 284515  1450
0:0:0:0:0:0:0:1 - - [23/十月/2017:09:32:49 +0000] "GET /a_360p_13.m4s HTTP/1.1" 200 306088  937
0:0:0:0:0:0:0:1 - - [23/十月/2017:09:32:53 +0000] "GET /a_360p_14.m4s HTTP/1.1" 200 205251  1006
0:0:0:0:0:0:0:1 - - [23/十月/2017:09:33:05 +0000] "GET /a_360p_17.m4s HTTP/1.1" 200 125080  525
0:0:0:0:0:0:0:1 - - [23/十月/2017:09:33:06 +0000] "GET /a_128k_18.m4s HTTP/1.1" 200 66753  295
0:0:0:0:0:0:0:1 - - [23/十月/2017:09:33:09 +0000] "GET /a_360p_18.m4s HTTP/1.1" 200 196089  450
0:0:0:0:0:0:0:1 - - [23/十月/2017:09:33:10 +0000] "GET /a_128k_19.m4s HTTP/1.1" 200 65884  218
0:0:0:0:0:0:0:1 - - [23/十月/2017:09:33:10 +0000] "GET /index.html HTTP/1.1" 200 358  222
0:0:0:0:0:0:0:1 - - [23/十月/2017:09:33:10 +0000] "GET /dash.all.min.js HTTP/1.1" 200 531827  2418
0:0:0:0:0:0:0:1 - - [23/十月/2017:09:33:13 +0000] "GET /a_manifest_orig.mpd HTTP/1.1" 206 1902  406
0:0:0:0:0:0:0:1 - - [23/十月/2017:09:33:14 +0000] "GET /a_manifest_orig.mpd HTTP/1.1" 200 1902  112
0:0:0:0:0:0:0:1 - - [23/十月/2017:09:33:14 +0000] "GET /a_720p_i.mp4 HTTP/1.1" 200 900  135
0:0:0:0:0:0:0:1 - - [23/十月/2017:09:33:14 +0000] "GET /a_128k_i.mp4 HTTP/1.1" 200 837  153
0:0:0:0:0:0:0:1 - - [23/十月/2017:09:33:14 +0000] "GET /a_128k_1.m4s HTTP/1.1" 200 50878  532
0:0:0:0:0:0:0:1 - - [23/十月/2017:09:33:15 +0000] "GET /a_128k_2.m4s HTTP/1.1" 200 65096  334
0:0:0:0:0:0:0:1 - - [23/十月/2017:09:33:13 +0000] "GET /a_720p_19.m4s HTTP/1.1" 200 905184  3134
0:0:0:0:0:0:0:1 - - [23/十月/2017:09:33:17 +0000] "GET /a_128k_20.m4s HTTP/1.1" 200 65255  244
0:0:0:0:0:0:0:1 - - [23/十月/2017:09:33:17 +0000] "GET /a_360p_20.m4s HTTP/1.1" 200 161069  739
0:0:0:0:0:0:0:1 - - [23/十月/2017:09:33:18 +0000] "GET /a_128k_21.m4s HTTP/1.1" 200 66091  607
0:0:0:0:0:0:0:1 - - [23/十月/2017:09:33:21 +0000] "GET /a_360p_21.m4s HTTP/1.1" 200 255100  676
0:0:0:0:0:0:0:1 - - [23/十月/2017:09:33:23 +0000] "GET /a_128k_22.m4s HTTP/1.1" 200 66690  327
0:0:0:0:0:0:0:1 - - [23/十月/2017:09:33:14 +0000] "GET /a_720p_1.m4s HTTP/1.1" 200 1892714  9132
0:0:0:0:0:0:0:1 - - [23/十月/2017:09:33:25 +0000] "GET /a_360p_i.mp4 HTTP/1.1" 200 899  166
0:0:0:0:0:0:0:1 - - [23/十月/2017:09:33:25 +0000] "GET /a_360p_22.m4s HTTP/1.1" 200 279047  1517
0:0:0:0:0:0:0:1 - - [23/十月/2017:09:33:27 +0000] "GET /a_128k_23.m4s HTTP/1.1" 200 35708  222
0:0:0:0:0:0:0:1 - - [23/十月/2017:09:33:29 +0000] "GET /a_360p_23.m4s HTTP/1.1" 200 10833  51
0:0:0:0:0:0:0:1 - - [23/十月/2017:09:33:31 +0000] "GET /a_360p_2.m4s HTTP/1.1" 200 295664  1845
0:0:0:0:0:0:0:1 - - [23/十月/2017:09:33:38 +0000] "GET /a_128k_3.m4s HTTP/1.1" 200 65107  806
0:0:0:0:0:0:0:1 - - [23/十月/2017:09:33:38 +0000] "GET /a_360p_3.m4s HTTP/1.1" 200 259243  2837
0:0:0:0:0:0:0:1 - - [23/十月/2017:09:33:43 +0000] "GET /a_128k_4.m4s HTTP/1.1" 200 65453  661
0:0:0:0:0:0:0:1 - - [23/十月/2017:09:33:43 +0000] "GET /a_360p_4.m4s HTTP/1.1" 200 270782  2499
0:0:0:0:0:0:0:1 - - [23/十月/2017:09:33:47 +0000] "GET /a_128k_5.m4s HTTP/1.1" 200 65280  582
0:0:0:0:0:0:0:1 - - [23/十月/2017:09:34:46 +0000] "GET /a_360p_5.m4s HTTP/1.1" 200 256806  2263
0:0:0:0:0:0:0:1 - - [23/十月/2017:09:34:49 +0000] "GET /a_128k_6.m4s HTTP/1.1" 200 65793  497
0:0:0:0:0:0:0:1 - - [23/十月/2017:09:34:49 +0000] "GET /a_360p_6.m4s HTTP/1.1" 200 238997  1766
0:0:0:0:0:0:0:1 - - [23/十月/2017:09:34:52 +0000] "GET /a_128k_7.m4s HTTP/1.1" 200 65411  572
0:0:0:0:0:0:0:1 - - [23/十月/2017:09:34:53 +0000] "GET /a_360p_7.m4s HTTP/1.1" 200 288245  2184
0:0:0:0:0:0:0:1 - - [23/十月/2017:09:34:56 +0000] "GET /a_128k_8.m4s HTTP/1.1" 200 64944  562
0:0:0:0:0:0:0:1 - - [23/十月/2017:09:34:58 +0000] "GET /a_360p_8.m4s HTTP/1.1" 200 273161  2280
0:0:0:0:0:0:0:1 - - [23/十月/2017:09:35:00 +0000] "GET /a_128k_9.m4s HTTP/1.1" 200 65078  492
0:0:0:0:0:0:0:1 - - [23/十月/2017:09:35:01 +0000] "GET /a_360p_9.m4s HTTP/1.1" 200 259490  2124
0:0:0:0:0:0:0:1 - - [23/十月/2017:09:35:05 +0000] "GET /a_128k_10.m4s HTTP/1.1" 200 65241  565
0:0:0:0:0:0:0:1 - - [23/十月/2017:09:35:05 +0000] "GET /a_360p_10.m4s HTTP/1.1" 200 291044  1316
0:0:0:0:0:0:0:1 - - [23/十月/2017:09:35:07 +0000] "GET /a_128k_11.m4s HTTP/1.1" 200 64715  198
0:0:0:0:0:0:0:1 - - [23/十月/2017:09:35:09 +0000] "GET /a_360p_11.m4s HTTP/1.1" 200 211929  807
0:0:0:0:0:0:0:1 - - [23/十月/2017:09:35:10 +0000] "GET /a_128k_12.m4s HTTP/1.1" 200 65253  90
0:0:0:0:0:0:0:1 - - [23/十月/2017:09:35:14 +0000] "GET /a_360p_12.m4s HTTP/1.1" 200 284515  1582
0:0:0:0:0:0:0:1 - - [23/十月/2017:09:35:16 +0000] "GET /a_128k_13.m4s HTTP/1.1" 200 65843  455
0:0:0:0:0:0:0:1 - - [23/十月/2017:09:35:17 +0000] "GET /a_360p_13.m4s HTTP/1.1" 200 306088  1913
0:0:0:0:0:0:0:1 - - [23/十月/2017:09:35:19 +0000] "GET /a_128k_14.m4s HTTP/1.1" 200 64963  264
0:0:0:0:0:0:0:1 - - [23/十月/2017:09:35:22 +0000] "GET /a_360p_14.m4s HTTP/1.1" 200 205251  746
0:0:0:0:0:0:0:1 - - [23/十月/2017:09:35:23 +0000] "GET /a_128k_15.m4s HTTP/1.1" 200 64888  335
0:0:0:0:0:0:0:1 - - [23/十月/2017:09:35:26 +0000] "GET /a_360p_15.m4s HTTP/1.1" 200 224472  1529
0:0:0:0:0:0:0:1 - - [23/十月/2017:09:35:28 +0000] "GET /a_128k_16.m4s HTTP/1.1" 200 65737  457
0:0:0:0:0:0:0:1 - - [23/十月/2017:09:35:29 +0000] "GET /a_360p_16.m4s HTTP/1.1" 200 219023  1024
0:0:0:0:0:0:0:1 - - [23/十月/2017:09:35:31 +0000] "GET /a_128k_17.m4s HTTP/1.1" 200 65550  190
0:0:0:0:0:0:0:1 - - [23/十月/2017:09:35:34 +0000] "GET /a_360p_17.m4s HTTP/1.1" 304 0  67
0:0:0:0:0:0:0:1 - - [23/十月/2017:13:34:32 +0000] "GET /index.html HTTP/1.1" 304 0  346
0:0:0:0:0:0:0:1 - - [23/十月/2017:13:34:33 +0000] "GET /dash.all.min.js HTTP/1.1" 304 0  29
0:0:0:0:0:0:0:1 - - [23/十月/2017:13:34:33 +0000] "GET /a_manifest_orig.mpd HTTP/1.1" 206 1902  34
0:0:0:0:0:0:0:1 - - [23/十月/2017:13:34:33 +0000] "GET /a_manifest_orig.mpd HTTP/1.1" 200 1902  26
0:0:0:0:0:0:0:1 - - [23/十月/2017:13:34:33 +0000] "GET /favicon.ico HTTP/1.1" 404 1026  110
0:0:0:0:0:0:0:1 - - [23/十月/2017:13:34:33 +0000] "GET /a_360p_i.mp4 HTTP/1.1" 200 899  34
0:0:0:0:0:0:0:1 - - [23/十月/2017:13:34:33 +0000] "GET /a_128k_i.mp4 HTTP/1.1" 200 837  40
0:0:0:0:0:0:0:1 - - [23/十月/2017:13:34:33 +0000] "GET /a_128k_1.m4s HTTP/1.1" 200 50878  212
0:0:0:0:0:0:0:1 - - [23/十月/2017:13:34:33 +0000] "GET /a_128k_2.m4s HTTP/1.1" 200 65096  141
0:0:0:0:0:0:0:1 - - [23/十月/2017:13:34:33 +0000] "GET /a_360p_1.m4s HTTP/1.1" 200 486040  740
0:0:0:0:0:0:0:1 - - [23/十月/2017:13:34:34 +0000] "GET /a_1080p_i.mp4 HTTP/1.1" 200 901  64
0:0:0:0:0:0:0:1 - - [23/十月/2017:13:34:34 +0000] "GET /a_1080p_2.m4s HTTP/1.1" 200 3250803  773
0:0:0:0:0:0:0:1 - - [23/十月/2017:13:34:35 +0000] "GET /a_1080p_3.m4s HTTP/1.1" 200 1780900  98
0:0:0:0:0:0:0:1 - - [23/十月/2017:13:34:35 +0000] "GET /a_1080p_4.m4s HTTP/1.1" 200 1715218  89
0:0:0:0:0:0:0:1 - - [23/十月/2017:13:34:35 +0000] "GET /a_128k_3.m4s HTTP/1.1" 200 65107  60
0:0:0:0:0:0:0:1 - - [23/十月/2017:13:34:35 +0000] "GET /a_128k_4.m4s HTTP/1.1" 200 65453  105
0:0:0:0:0:0:0:1 - - [23/十月/2017:13:34:35 +0000] "GET /a_128k_5.m4s HTTP/1.1" 200 65280  182
0:0:0:0:0:0:0:1 - - [23/十月/2017:13:34:35 +0000] "GET /a_1080p_5.m4s HTTP/1.1" 200 1463094  312
0:0:0:0:0:0:0:1 - - [23/十月/2017:13:34:35 +0000] "GET /a_1080p_6.m4s HTTP/1.1" 200 1417446  54
0:0:0:0:0:0:0:1 - - [23/十月/2017:13:34:35 +0000] "GET /a_1080p_7.m4s HTTP/1.1" 200 1517406  198
0:0:0:0:0:0:0:1 - - [23/十月/2017:13:34:36 +0000] "GET /a_1080p_8.m4s HTTP/1.1" 200 1457489  520
0:0:0:0:0:0:0:1 - - [23/十月/2017:13:34:36 +0000] "GET /a_128k_6.m4s HTTP/1.1" 200 65793  421
0:0:0:0:0:0:0:1 - - [23/十月/2017:13:34:36 +0000] "GET /a_128k_7.m4s HTTP/1.1" 200 65411  101
0:0:0:0:0:0:0:1 - - [23/十月/2017:13:34:36 +0000] "GET /a_128k_8.m4s HTTP/1.1" 200 64944  98
0:0:0:0:0:0:0:1 - - [23/十月/2017:13:34:37 +0000] "GET /a_128k_9.m4s HTTP/1.1" 200 65078  140
0:0:0:0:0:0:0:1 - - [23/十月/2017:13:34:36 +0000] "GET /a_1080p_9.m4s HTTP/1.1" 200 1456690  598
0:0:0:0:0:0:0:1 - - [23/十月/2017:13:34:37 +0000] "GET /a_128k_10.m4s HTTP/1.1" 200 65241  55
0:0:0:0:0:0:0:1 - - [23/十月/2017:13:34:41 +0000] "GET /a_1080p_10.m4s HTTP/1.1" 200 1782782  200
0:0:0:0:0:0:0:1 - - [23/十月/2017:13:34:41 +0000] "GET /a_128k_11.m4s HTTP/1.1" 200 64715  36
0:0:0:0:0:0:0:1 - - [23/十月/2017:13:34:45 +0000] "GET /a_1080p_11.m4s HTTP/1.1" 200 1469943  135
0:0:0:0:0:0:0:1 - - [23/十月/2017:13:34:45 +0000] "GET /a_128k_12.m4s HTTP/1.1" 200 65253  45
0:0:0:0:0:0:0:1 - - [23/十月/2017:13:34:49 +0000] "GET /a_1080p_12.m4s HTTP/1.1" 200 1677635  140
0:0:0:0:0:0:0:1 - - [23/十月/2017:13:34:49 +0000] "GET /a_128k_13.m4s HTTP/1.1" 200 65843  33
0:0:0:0:0:0:0:1 - - [23/十月/2017:13:34:53 +0000] "GET /a_1080p_13.m4s HTTP/1.1" 200 1963016  198
0:0:0:0:0:0:0:1 - - [23/十月/2017:13:34:53 +0000] "GET /a_128k_14.m4s HTTP/1.1" 200 64963  77
0:0:0:0:0:0:0:1 - - [23/十月/2017:13:35:59 +0000] "GET /index.html HTTP/1.1" 304 0  126
0:0:0:0:0:0:0:1 - - [23/十月/2017:13:35:59 +0000] "GET /a_manifest_orig.mpd HTTP/1.1" 206 1902  20
0:0:0:0:0:0:0:1 - - [23/十月/2017:13:37:40 +0000] "GET /index.html HTTP/1.1" 200 358  148
0:0:0:0:0:0:0:1 - - [23/十月/2017:13:37:40 +0000] "GET /dash.all.min.js HTTP/1.1" 200 531827  68
0:0:0:0:0:0:0:1 - - [23/十月/2017:13:37:40 +0000] "GET /a_manifest_orig.mpd HTTP/1.1" 206 1902  9
0:0:0:0:0:0:0:1 - - [23/十月/2017:13:37:40 +0000] "GET /a_manifest_orig.mpd HTTP/1.1" 200 1902  8
0:0:0:0:0:0:0:1 - - [23/十月/2017:13:37:40 +0000] "GET /a_1080p_i.mp4 HTTP/1.1" 200 901  12
0:0:0:0:0:0:0:1 - - [23/十月/2017:13:37:40 +0000] "GET /a_128k_i.mp4 HTTP/1.1" 200 837  12
0:0:0:0:0:0:0:1 - - [23/十月/2017:13:37:40 +0000] "GET /a_128k_1.m4s HTTP/1.1" 200 50878  19
0:0:0:0:0:0:0:1 - - [23/十月/2017:13:37:40 +0000] "GET /a_128k_2.m4s HTTP/1.1" 200 65096  9
0:0:0:0:0:0:0:1 - - [23/十月/2017:13:37:40 +0000] "GET /a_1080p_1.m4s HTTP/1.1" 200 2238300  179
0:0:0:0:0:0:0:1 - - [23/十月/2017:13:37:40 +0000] "GET /a_1080p_2.m4s HTTP/1.1" 200 3250803  235
0:0:0:0:0:0:0:1 - - [23/十月/2017:13:37:41 +0000] "GET /a_1080p_3.m4s HTTP/1.1" 200 1780900  183
0:0:0:0:0:0:0:1 - - [23/十月/2017:13:37:41 +0000] "GET /a_128k_3.m4s HTTP/1.1" 200 65107  24
0:0:0:0:0:0:0:1 - - [23/十月/2017:13:37:41 +0000] "GET /a_128k_4.m4s HTTP/1.1" 200 65453  18
0:0:0:0:0:0:0:1 - - [23/十月/2017:13:37:41 +0000] "GET /a_1080p_4.m4s HTTP/1.1" 200 1715218  147
0:0:0:0:0:0:0:1 - - [23/十月/2017:13:37:41 +0000] "GET /a_1080p_5.m4s HTTP/1.1" 200 1463094  79
0:0:0:0:0:0:0:1 - - [23/十月/2017:13:37:41 +0000] "GET /a_1080p_6.m4s HTTP/1.1" 200 1417446  83
0:0:0:0:0:0:0:1 - - [23/十月/2017:13:37:41 +0000] "GET /a_1080p_7.m4s HTTP/1.1" 200 1517406  86
0:0:0:0:0:0:0:1 - - [23/十月/2017:13:37:41 +0000] "GET /a_1080p_8.m4s HTTP/1.1" 200 1457489  74
0:0:0:0:0:0:0:1 - - [23/十月/2017:13:37:42 +0000] "GET /a_128k_5.m4s HTTP/1.1" 200 65280  23
0:0:0:0:0:0:0:1 - - [23/十月/2017:13:37:42 +0000] "GET /a_128k_6.m4s HTTP/1.1" 200 65793  13
0:0:0:0:0:0:0:1 - - [23/十月/2017:13:37:42 +0000] "GET /a_128k_7.m4s HTTP/1.1" 200 65411  12
0:0:0:0:0:0:0:1 - - [23/十月/2017:13:37:42 +0000] "GET /a_128k_8.m4s HTTP/1.1" 200 64944  11
0:0:0:0:0:0:0:1 - - [23/十月/2017:13:37:42 +0000] "GET /a_128k_9.m4s HTTP/1.1" 200 65078  10
0:0:0:0:0:0:0:1 - - [23/十月/2017:13:37:43 +0000] "GET /a_1080p_9.m4s HTTP/1.1" 200 1456690  102
0:0:0:0:0:0:0:1 - - [23/十月/2017:13:37:43 +0000] "GET /a_128k_10.m4s HTTP/1.1" 200 65241  21
0:0:0:0:0:0:0:1 - - [23/十月/2017:13:37:47 +0000] "GET /a_1080p_10.m4s HTTP/1.1" 200 1782782  149
0:0:0:0:0:0:0:1 - - [23/十月/2017:13:37:48 +0000] "GET /a_128k_11.m4s HTTP/1.1" 200 64715  31
0:0:0:0:0:0:0:1 - - [23/十月/2017:13:37:51 +0000] "GET /a_1080p_11.m4s HTTP/1.1" 200 1469943  93
0:0:0:0:0:0:0:1 - - [23/十月/2017:13:37:52 +0000] "GET /a_128k_12.m4s HTTP/1.1" 200 65253  19
0:0:0:0:0:0:0:1 - - [23/十月/2017:13:37:55 +0000] "GET /a_1080p_12.m4s HTTP/1.1" 200 1677635  112
0:0:0:0:0:0:0:1 - - [23/十月/2017:13:37:56 +0000] "GET /a_128k_13.m4s HTTP/1.1" 200 65843  15
0:0:0:0:0:0:0:1 - - [23/十月/2017:13:37:59 +0000] "GET /a_1080p_13.m4s HTTP/1.1" 200 1963016  116
0:0:0:0:0:0:0:1 - - [23/十月/2017:13:38:00 +0000] "GET /a_128k_14.m4s HTTP/1.1" 200 64963  25
0:0:0:0:0:0:0:1 - - [23/十月/2017:13:38:03 +0000] "GET /a_1080p_14.m4s HTTP/1.1" 200 1385360  194
0:0:0:0:0:0:0:1 - - [23/十月/2017:13:38:03 +0000] "GET /a_128k_15.m4s HTTP/1.1" 200 64888  32
0:0:0:0:0:0:0:1 - - [23/十月/2017:13:38:07 +0000] "GET /a_1080p_15.m4s HTTP/1.1" 200 1267308  309
0:0:0:0:0:0:0:1 - - [23/十月/2017:13:38:07 +0000] "GET /a_128k_16.m4s HTTP/1.1" 200 65737  50
0:0:0:0:0:0:0:1 - - [23/十月/2017:13:38:11 +0000] "GET /a_1080p_16.m4s HTTP/1.1" 200 1224189  151
0:0:0:0:0:0:0:1 - - [23/十月/2017:13:38:11 +0000] "GET /a_128k_17.m4s HTTP/1.1" 200 65550  49
0:0:0:0:0:0:0:1 - - [23/十月/2017:13:38:15 +0000] "GET /a_1080p_17.m4s HTTP/1.1" 200 838454  120
0:0:0:0:0:0:0:1 - - [23/十月/2017:13:38:16 +0000] "GET /a_128k_18.m4s HTTP/1.1" 200 66753  48
0:0:0:0:0:0:0:1 - - [23/十月/2017:13:38:19 +0000] "GET /a_1080p_18.m4s HTTP/1.1" 200 1126770  97
0:0:0:0:0:0:0:1 - - [23/十月/2017:13:38:19 +0000] "GET /a_128k_19.m4s HTTP/1.1" 200 65884  34
0:0:0:0:0:0:0:1 - - [23/十月/2017:13:38:23 +0000] "GET /a_1080p_19.m4s HTTP/1.1" 200 1361954  133
0:0:0:0:0:0:0:1 - - [23/十月/2017:13:38:24 +0000] "GET /a_128k_20.m4s HTTP/1.1" 200 65255  70
0:0:0:0:0:0:0:1 - - [23/十月/2017:13:38:27 +0000] "GET /a_1080p_20.m4s HTTP/1.1" 200 696510  95
0:0:0:0:0:0:0:1 - - [23/十月/2017:13:38:28 +0000] "GET /a_128k_21.m4s HTTP/1.1" 200 66091  60
0:0:0:0:0:0:0:1 - - [23/十月/2017:13:38:31 +0000] "GET /a_1080p_21.m4s HTTP/1.1" 200 1301860  106
0:0:0:0:0:0:0:1 - - [23/十月/2017:13:38:31 +0000] "GET /a_128k_22.m4s HTTP/1.1" 200 66690  34
0:0:0:0:0:0:0:1 - - [23/十月/2017:13:38:35 +0000] "GET /a_1080p_22.m4s HTTP/1.1" 200 1614199  217
0:0:0:0:0:0:0:1 - - [23/十月/2017:13:38:35 +0000] "GET /a_128k_23.m4s HTTP/1.1" 200 35708  33
0:0:0:0:0:0:0:1 - - [23/十月/2017:13:38:39 +0000] "GET /a_1080p_23.m4s HTTP/1.1" 200 38866  56
0:0:0:0:0:0:0:1 - - [23/十月/2017:13:40:31 +0000] "GET /index.html HTTP/1.1" 200 358  20
0:0:0:0:0:0:0:1 - - [23/十月/2017:13:40:31 +0000] "GET /dash.all.min.js HTTP/1.1" 200 531827  34
0:0:0:0:0:0:0:1 - - [23/十月/2017:13:40:32 +0000] "GET /a_manifest_orig.mpd HTTP/1.1" 206 1902  11
0:0:0:0:0:0:0:1 - - [23/十月/2017:13:40:32 +0000] "GET /a_manifest_orig.mpd HTTP/1.1" 200 1902  9
0:0:0:0:0:0:0:1 - - [23/十月/2017:13:40:32 +0000] "GET /a_1080p_i.mp4 HTTP/1.1" 200 901  4
0:0:0:0:0:0:0:1 - - [23/十月/2017:13:40:32 +0000] "GET /a_128k_i.mp4 HTTP/1.1" 200 837  6
0:0:0:0:0:0:0:1 - - [23/十月/2017:13:40:32 +0000] "GET /a_128k_1.m4s HTTP/1.1" 200 50878  25
0:0:0:0:0:0:0:1 - - [23/十月/2017:13:40:32 +0000] "GET /a_128k_2.m4s HTTP/1.1" 200 65096  9
0:0:0:0:0:0:0:1 - - [23/十月/2017:13:40:32 +0000] "GET /a_1080p_1.m4s HTTP/1.1" 200 2238300  91
0:0:0:0:0:0:0:1 - - [23/十月/2017:13:40:32 +0000] "GET /a_1080p_2.m4s HTTP/1.1" 200 3250803  121
0:0:0:0:0:0:0:1 - - [23/十月/2017:13:40:32 +0000] "GET /a_1080p_3.m4s HTTP/1.1" 200 1780900  74
0:0:0:0:0:0:0:1 - - [23/十月/2017:13:40:32 +0000] "GET /a_1080p_4.m4s HTTP/1.1" 200 1715218  108
0:0:0:0:0:0:0:1 - - [23/十月/2017:13:40:32 +0000] "GET /a_1080p_5.m4s HTTP/1.1" 200 1463094  68
0:0:0:0:0:0:0:1 - - [23/十月/2017:13:40:32 +0000] "GET /a_1080p_6.m4s HTTP/1.1" 200 1417446  50
0:0:0:0:0:0:0:1 - - [23/十月/2017:13:40:32 +0000] "GET /a_128k_3.m4s HTTP/1.1" 200 65107  15
0:0:0:0:0:0:0:1 - - [23/十月/2017:13:40:32 +0000] "GET /a_128k_4.m4s HTTP/1.1" 200 65453  9
0:0:0:0:0:0:0:1 - - [23/十月/2017:13:40:32 +0000] "GET /a_1080p_7.m4s HTTP/1.1" 200 1517406  60
0:0:0:0:0:0:0:1 - - [23/十月/2017:13:40:32 +0000] "GET /a_128k_5.m4s HTTP/1.1" 200 65280  21
0:0:0:0:0:0:0:1 - - [23/十月/2017:13:40:32 +0000] "GET /a_128k_6.m4s HTTP/1.1" 200 65793  12
0:0:0:0:0:0:0:1 - - [23/十月/2017:13:40:32 +0000] "GET /a_128k_7.m4s HTTP/1.1" 200 65411  11
0:0:0:0:0:0:0:1 - - [23/十月/2017:13:40:32 +0000] "GET /a_128k_8.m4s HTTP/1.1" 200 64944  10
0:0:0:0:0:0:0:1 - - [23/十月/2017:13:40:32 +0000] "GET /a_1080p_8.m4s HTTP/1.1" 200 1457489  89
0:0:0:0:0:0:0:1 - - [23/十月/2017:13:40:33 +0000] "GET /a_128k_9.m4s HTTP/1.1" 200 65078  16
0:0:0:0:0:0:0:1 - - [23/十月/2017:13:40:34 +0000] "GET /a_1080p_9.m4s HTTP/1.1" 200 1456690  87
0:0:0:0:0:0:0:1 - - [23/十月/2017:13:40:35 +0000] "GET /a_128k_10.m4s HTTP/1.1" 200 65241  15
0:0:0:0:0:0:0:1 - - [23/十月/2017:13:40:39 +0000] "GET /a_1080p_10.m4s HTTP/1.1" 200 1782782  84
0:0:0:0:0:0:0:1 - - [23/十月/2017:13:40:39 +0000] "GET /a_128k_11.m4s HTTP/1.1" 200 64715  17
0:0:0:0:0:0:0:1 - - [23/十月/2017:13:40:42 +0000] "GET /a_1080p_11.m4s HTTP/1.1" 200 1469943  68
0:0:0:0:0:0:0:1 - - [23/十月/2017:13:40:43 +0000] "GET /a_128k_12.m4s HTTP/1.1" 200 65253  9
0:0:0:0:0:0:0:1 - - [23/十月/2017:13:40:46 +0000] "GET /a_1080p_12.m4s HTTP/1.1" 200 1677635  74
0:0:0:0:0:0:0:1 - - [23/十月/2017:13:40:47 +0000] "GET /a_128k_13.m4s HTTP/1.1" 200 65843  10
0:0:0:0:0:0:0:1 - - [23/十月/2017:13:40:50 +0000] "GET /a_1080p_13.m4s HTTP/1.1" 200 1963016  83
0:0:0:0:0:0:0:1 - - [23/十月/2017:13:40:51 +0000] "GET /a_128k_14.m4s HTTP/1.1" 200 64963  10
0:0:0:0:0:0:0:1 - - [23/十月/2017:13:42:41 +0000] "GET /index.html HTTP/1.1" 200 358  167
0:0:0:0:0:0:0:1 - - [23/十月/2017:13:42:41 +0000] "GET /dash.all.min.js HTTP/1.1" 200 531827  58
0:0:0:0:0:0:0:1 - - [23/十月/2017:13:42:41 +0000] "GET /a_manifest_orig.mpd HTTP/1.1" 206 1902  7
0:0:0:0:0:0:0:1 - - [23/十月/2017:13:42:41 +0000] "GET /a_manifest_orig.mpd HTTP/1.1" 200 1902  7
0:0:0:0:0:0:0:1 - - [23/十月/2017:13:42:41 +0000] "GET /a_1080p_i.mp4 HTTP/1.1" 200 901  8
0:0:0:0:0:0:0:1 - - [23/十月/2017:13:42:41 +0000] "GET /a_128k_i.mp4 HTTP/1.1" 200 837  10
0:0:0:0:0:0:0:1 - - [23/十月/2017:13:42:41 +0000] "GET /a_128k_1.m4s HTTP/1.1" 200 50878  20
0:0:0:0:0:0:0:1 - - [23/十月/2017:13:42:41 +0000] "GET /a_128k_2.m4s HTTP/1.1" 200 65096  24
0:0:0:0:0:0:0:1 - - [23/十月/2017:13:42:41 +0000] "GET /a_1080p_1.m4s HTTP/1.1" 200 2238300  104
0:0:0:0:0:0:0:1 - - [23/十月/2017:13:42:41 +0000] "GET /a_1080p_2.m4s HTTP/1.1" 200 3250803  135
0:0:0:0:0:0:0:1 - - [23/十月/2017:13:42:41 +0000] "GET /a_1080p_3.m4s HTTP/1.1" 200 1780900  65
0:0:0:0:0:0:0:1 - - [23/十月/2017:13:42:41 +0000] "GET /a_1080p_4.m4s HTTP/1.1" 200 1715218  64
0:0:0:0:0:0:0:1 - - [23/十月/2017:13:42:41 +0000] "GET /a_1080p_5.m4s HTTP/1.1" 200 1463094  61
0:0:0:0:0:0:0:1 - - [23/十月/2017:13:42:41 +0000] "GET /a_1080p_6.m4s HTTP/1.1" 200 1417446  52
0:0:0:0:0:0:0:1 - - [23/十月/2017:13:42:42 +0000] "GET /a_1080p_7.m4s HTTP/1.1" 200 1517406  55
0:0:0:0:0:0:0:1 - - [23/十月/2017:13:42:42 +0000] "GET /a_128k_3.m4s HTTP/1.1" 200 65107  18
0:0:0:0:0:0:0:1 - - [23/十月/2017:13:42:42 +0000] "GET /a_128k_4.m4s HTTP/1.1" 200 65453  11
0:0:0:0:0:0:0:1 - - [23/十月/2017:13:42:42 +0000] "GET /a_128k_5.m4s HTTP/1.1" 200 65280  13
0:0:0:0:0:0:0:1 - - [23/十月/2017:13:42:42 +0000] "GET /a_1080p_8.m4s HTTP/1.1" 200 1457489  81
0:0:0:0:0:0:0:1 - - [23/十月/2017:13:42:42 +0000] "GET /a_128k_6.m4s HTTP/1.1" 200 65793  9
0:0:0:0:0:0:0:1 - - [23/十月/2017:13:42:42 +0000] "GET /a_128k_7.m4s HTTP/1.1" 200 65411  11
0:0:0:0:0:0:0:1 - - [23/十月/2017:13:42:42 +0000] "GET /a_128k_8.m4s HTTP/1.1" 200 64944  6
0:0:0:0:0:0:0:1 - - [23/十月/2017:13:42:42 +0000] "GET /a_128k_9.m4s HTTP/1.1" 200 65078  8
0:0:0:0:0:0:0:1 - - [23/十月/2017:13:42:44 +0000] "GET /a_1080p_9.m4s HTTP/1.1" 200 1456690  81
0:0:0:0:0:0:0:1 - - [23/十月/2017:13:42:44 +0000] "GET /a_128k_10.m4s HTTP/1.1" 200 65241  7
0:0:0:0:0:0:0:1 - - [23/十月/2017:13:42:48 +0000] "GET /a_1080p_10.m4s HTTP/1.1" 200 1782782  65
0:0:0:0:0:0:0:1 - - [23/十月/2017:13:42:48 +0000] "GET /a_128k_11.m4s HTTP/1.1" 200 64715  7
0:0:0:0:0:0:0:1 - - [23/十月/2017:13:42:52 +0000] "GET /a_1080p_11.m4s HTTP/1.1" 200 1469943  77
0:0:0:0:0:0:0:1 - - [23/十月/2017:13:42:52 +0000] "GET /a_128k_12.m4s HTTP/1.1" 200 65253  17
0:0:0:0:0:0:0:1 - - [23/十月/2017:13:42:55 +0000] "GET /a_1080p_12.m4s HTTP/1.1" 200 1677635  76
0:0:0:0:0:0:0:1 - - [23/十月/2017:13:42:56 +0000] "GET /a_128k_13.m4s HTTP/1.1" 200 65843  15
0:0:0:0:0:0:0:1 - - [23/十月/2017:13:43:00 +0000] "GET /a_1080p_13.m4s HTTP/1.1" 200 1963016  73
0:0:0:0:0:0:0:1 - - [23/十月/2017:13:43:00 +0000] "GET /a_128k_14.m4s HTTP/1.1" 200 64963  8
0:0:0:0:0:0:0:1 - - [23/十月/2017:13:43:04 +0000] "GET /a_1080p_14.m4s HTTP/1.1" 200 1385360  64
0:0:0:0:0:0:0:1 - - [23/十月/2017:13:43:04 +0000] "GET /a_128k_15.m4s HTTP/1.1" 200 64888  30
0:0:0:0:0:0:0:1 - - [23/十月/2017:13:43:08 +0000] "GET /a_1080p_15.m4s HTTP/1.1" 200 1267308  64
0:0:0:0:0:0:0:1 - - [23/十月/2017:13:43:08 +0000] "GET /a_128k_16.m4s HTTP/1.1" 200 65737  9
0:0:0:0:0:0:0:1 - - [23/十月/2017:13:43:52 +0000] "GET /index.html HTTP/1.1" 200 358  138
0:0:0:0:0:0:0:1 - - [23/十月/2017:13:43:52 +0000] "GET /dash.all.min.js HTTP/1.1" 200 531827  50
0:0:0:0:0:0:0:1 - - [23/十月/2017:13:43:52 +0000] "GET /a_manifest_orig.mpd HTTP/1.1" 206 1902  10
0:0:0:0:0:0:0:1 - - [23/十月/2017:13:43:53 +0000] "GET /a_manifest_orig.mpd HTTP/1.1" 200 1902  4
0:0:0:0:0:0:0:1 - - [23/十月/2017:13:43:53 +0000] "GET /a_128k_i.mp4 HTTP/1.1" 200 837  11
0:0:0:0:0:0:0:1 - - [23/十月/2017:13:43:53 +0000] "GET /a_1080p_i.mp4 HTTP/1.1" 200 901  13
0:0:0:0:0:0:0:1 - - [23/十月/2017:13:43:53 +0000] "GET /a_128k_1.m4s HTTP/1.1" 200 50878  35
0:0:0:0:0:0:0:1 - - [23/十月/2017:13:43:53 +0000] "GET /a_128k_2.m4s HTTP/1.1" 200 65096  38
0:0:0:0:0:0:0:1 - - [23/十月/2017:13:43:53 +0000] "GET /a_1080p_1.m4s HTTP/1.1" 200 2238300  132
0:0:0:0:0:0:0:1 - - [23/十月/2017:13:43:53 +0000] "GET /a_1080p_2.m4s HTTP/1.1" 200 3250803  201
0:0:0:0:0:0:0:1 - - [23/十月/2017:13:43:53 +0000] "GET /a_1080p_3.m4s HTTP/1.1" 200 1780900  99
0:0:0:0:0:0:0:1 - - [23/十月/2017:13:43:53 +0000] "GET /a_1080p_4.m4s HTTP/1.1" 200 1715218  93
0:0:0:0:0:0:0:1 - - [23/十月/2017:13:43:53 +0000] "GET /a_128k_3.m4s HTTP/1.1" 200 65107  10
0:0:0:0:0:0:0:1 - - [23/十月/2017:13:43:53 +0000] "GET /a_1080p_5.m4s HTTP/1.1" 200 1463094  89
0:0:0:0:0:0:0:1 - - [23/十月/2017:13:43:53 +0000] "GET /a_128k_4.m4s HTTP/1.1" 200 65453  19
0:0:0:0:0:0:0:1 - - [23/十月/2017:13:43:53 +0000] "GET /a_128k_5.m4s HTTP/1.1" 200 65280  29
0:0:0:0:0:0:0:1 - - [23/十月/2017:13:43:53 +0000] "GET /a_128k_6.m4s HTTP/1.1" 200 65793  13
0:0:0:0:0:0:0:1 - - [23/十月/2017:13:43:53 +0000] "GET /a_1080p_6.m4s HTTP/1.1" 200 1417446  129
0:0:0:0:0:0:0:1 - - [23/十月/2017:13:43:53 +0000] "GET /a_1080p_7.m4s HTTP/1.1" 200 1517406  81
0:0:0:0:0:0:0:1 - - [23/十月/2017:13:43:54 +0000] "GET /a_1080p_8.m4s HTTP/1.1" 200 1457489  91
0:0:0:0:0:0:0:1 - - [23/十月/2017:13:43:54 +0000] "GET /a_128k_7.m4s HTTP/1.1" 200 65411  20
0:0:0:0:0:0:0:1 - - [23/十月/2017:13:43:54 +0000] "GET /a_128k_8.m4s HTTP/1.1" 200 64944  7
0:0:0:0:0:0:0:1 - - [23/十月/2017:13:43:54 +0000] "GET /a_128k_9.m4s HTTP/1.1" 200 65078  9
0:0:0:0:0:0:0:1 - - [23/十月/2017:13:43:55 +0000] "GET /a_1080p_9.m4s HTTP/1.1" 200 1456690  96
0:0:0:0:0:0:0:1 - - [23/十月/2017:13:43:55 +0000] "GET /a_128k_10.m4s HTTP/1.1" 200 65241  18
0:0:0:0:0:0:0:1 - - [23/十月/2017:13:44:00 +0000] "GET /a_1080p_10.m4s HTTP/1.1" 200 1782782  76
0:0:0:0:0:0:0:1 - - [23/十月/2017:13:44:00 +0000] "GET /a_128k_11.m4s HTTP/1.1" 200 64715  20
0:0:0:0:0:0:0:1 - - [23/十月/2017:13:47:02 +0000] "GET /index.html HTTP/1.1" 200 350  186
0:0:0:0:0:0:0:1 - - [23/十月/2017:13:47:02 +0000] "GET /dash.js HTTP/1.1" 200 531827  172
0:0:0:0:0:0:0:1 - - [23/十月/2017:13:47:03 +0000] "GET /a_manifest_orig.mpd HTTP/1.1" 206 1902  21
0:0:0:0:0:0:0:1 - - [23/十月/2017:13:47:03 +0000] "GET /a_manifest_orig.mpd HTTP/1.1" 200 1902  4
0:0:0:0:0:0:0:1 - - [23/十月/2017:13:47:03 +0000] "GET /a_360p_i.mp4 HTTP/1.1" 200 899  16
0:0:0:0:0:0:0:1 - - [23/十月/2017:13:47:03 +0000] "GET /a_128k_i.mp4 HTTP/1.1" 200 837  20
0:0:0:0:0:0:0:1 - - [23/十月/2017:13:47:03 +0000] "GET /a_128k_1.m4s HTTP/1.1" 200 50878  26
0:0:0:0:0:0:0:1 - - [23/十月/2017:13:47:03 +0000] "GET /a_360p_1.m4s HTTP/1.1" 200 486040  47
0:0:0:0:0:0:0:1 - - [23/十月/2017:13:47:03 +0000] "GET /a_128k_2.m4s HTTP/1.1" 200 65096  11
0:0:0:0:0:0:0:1 - - [23/十月/2017:13:47:03 +0000] "GET /a_1080p_i.mp4 HTTP/1.1" 200 901  7
0:0:0:0:0:0:0:1 - - [23/十月/2017:13:47:03 +0000] "GET /a_1080p_2.m4s HTTP/1.1" 200 3250803  175
0:0:0:0:0:0:0:1 - - [23/十月/2017:13:47:03 +0000] "GET /a_1080p_3.m4s HTTP/1.1" 200 1780900  87
0:0:0:0:0:0:0:1 - - [23/十月/2017:13:47:03 +0000] "GET /a_1080p_4.m4s HTTP/1.1" 200 1715218  88
0:0:0:0:0:0:0:1 - - [23/十月/2017:13:47:03 +0000] "GET /a_1080p_5.m4s HTTP/1.1" 200 1463094  68
0:0:0:0:0:0:0:1 - - [23/十月/2017:13:47:03 +0000] "GET /a_128k_3.m4s HTTP/1.1" 200 65107  22
0:0:0:0:0:0:0:1 - - [23/十月/2017:13:47:03 +0000] "GET /a_128k_4.m4s HTTP/1.1" 200 65453  13
0:0:0:0:0:0:0:1 - - [23/十月/2017:13:47:03 +0000] "GET /a_128k_5.m4s HTTP/1.1" 200 65280  11
0:0:0:0:0:0:0:1 - - [23/十月/2017:13:47:03 +0000] "GET /a_1080p_6.m4s HTTP/1.1" 200 1417446  95
0:0:0:0:0:0:0:1 - - [23/十月/2017:13:47:03 +0000] "GET /a_128k_6.m4s HTTP/1.1" 200 65793  25
0:0:0:0:0:0:0:1 - - [23/十月/2017:13:47:03 +0000] "GET /a_128k_7.m4s HTTP/1.1" 200 65411  34
0:0:0:0:0:0:0:1 - - [23/十月/2017:13:47:03 +0000] "GET /a_1080p_7.m4s HTTP/1.1" 200 1517406  69
0:0:0:0:0:0:0:1 - - [23/十月/2017:13:47:04 +0000] "GET /a_1080p_8.m4s HTTP/1.1" 200 1457489  57
0:0:0:0:0:0:0:1 - - [23/十月/2017:13:47:04 +0000] "GET /a_128k_8.m4s HTTP/1.1" 200 64944  32
0:0:0:0:0:0:0:1 - - [23/十月/2017:13:47:04 +0000] "GET /a_128k_9.m4s HTTP/1.1" 200 65078  13
0:0:0:0:0:0:0:1 - - [23/十月/2017:14:04:54 +0000] "GET /index.html HTTP/1.1" 304 0  101
0:0:0:0:0:0:0:1 - - [23/十月/2017:14:04:57 +0000] "GET /a_1080p_9.m4s HTTP/1.1" 200 1456690  90
0:0:0:0:0:0:0:1 - - [23/十月/2017:14:04:57 +0000] "GET /a_128k_10.m4s HTTP/1.1" 200 65241  33
0:0:0:0:0:0:0:1 - - [23/十月/2017:14:20:59 +0000] "GET /index.html HTTP/1.1" 200 350  133
0:0:0:0:0:0:0:1 - - [23/十月/2017:14:21:00 +0000] "GET /dash.js HTTP/1.1" 200 531827  41
0:0:0:0:0:0:0:1 - - [23/十月/2017:14:21:00 +0000] "GET /a_manifest_orig.mpd HTTP/1.1" 206 1902  7
0:0:0:0:0:0:0:1 - - [23/十月/2017:14:21:00 +0000] "GET /a_manifest_orig.mpd HTTP/1.1" 200 1902  14
0:0:0:0:0:0:0:1 - - [23/十月/2017:14:21:00 +0000] "GET /a_360p_i.mp4 HTTP/1.1" 200 899  5
0:0:0:0:0:0:0:1 - - [23/十月/2017:14:21:00 +0000] "GET /a_128k_i.mp4 HTTP/1.1" 200 837  12
0:0:0:0:0:0:0:1 - - [23/十月/2017:14:21:00 +0000] "GET /a_128k_1.m4s HTTP/1.1" 200 50878  26
0:0:0:0:0:0:0:1 - - [23/十月/2017:14:21:00 +0000] "GET /a_360p_1.m4s HTTP/1.1" 200 486040  59
0:0:0:0:0:0:0:1 - - [23/十月/2017:14:21:00 +0000] "GET /a_128k_2.m4s HTTP/1.1" 200 65096  20
0:0:0:0:0:0:0:1 - - [23/十月/2017:14:21:00 +0000] "GET /a_1080p_i.mp4 HTTP/1.1" 200 901  7
0:0:0:0:0:0:0:1 - - [23/十月/2017:14:21:00 +0000] "GET /a_1080p_2.m4s HTTP/1.1" 200 3250803  153
0:0:0:0:0:0:0:1 - - [23/十月/2017:14:21:00 +0000] "GET /a_1080p_3.m4s HTTP/1.1" 200 1780900  57
0:0:0:0:0:0:0:1 - - [23/十月/2017:14:21:00 +0000] "GET /a_1080p_4.m4s HTTP/1.1" 200 1715218  61
0:0:0:0:0:0:0:1 - - [23/十月/2017:14:21:00 +0000] "GET /a_1080p_5.m4s HTTP/1.1" 200 1463094  57
0:0:0:0:0:0:0:1 - - [23/十月/2017:14:21:00 +0000] "GET /a_1080p_6.m4s HTTP/1.1" 200 1417446  49
0:0:0:0:0:0:0:1 - - [23/十月/2017:14:21:00 +0000] "GET /a_1080p_7.m4s HTTP/1.1" 200 1517406  59
0:0:0:0:0:0:0:1 - - [23/十月/2017:14:21:00 +0000] "GET /a_128k_3.m4s HTTP/1.1" 200 65107  29
0:0:0:0:0:0:0:1 - - [23/十月/2017:14:21:00 +0000] "GET /a_128k_4.m4s HTTP/1.1" 200 65453  8
0:0:0:0:0:0:0:1 - - [23/十月/2017:14:21:00 +0000] "GET /a_128k_5.m4s HTTP/1.1" 200 65280  14
0:0:0:0:0:0:0:1 - - [23/十月/2017:14:21:00 +0000] "GET /a_1080p_8.m4s HTTP/1.1" 200 1457489  78
0:0:0:0:0:0:0:1 - - [23/十月/2017:14:21:00 +0000] "GET /a_128k_6.m4s HTTP/1.1" 200 65793  10
0:0:0:0:0:0:0:1 - - [23/十月/2017:14:21:01 +0000] "GET /a_128k_7.m4s HTTP/1.1" 200 65411  7
0:0:0:0:0:0:0:1 - - [23/十月/2017:14:21:01 +0000] "GET /a_128k_8.m4s HTTP/1.1" 200 64944  7
0:0:0:0:0:0:0:1 - - [23/十月/2017:14:21:01 +0000] "GET /a_128k_9.m4s HTTP/1.1" 200 65078  5
0:0:0:0:0:0:0:1 - - [23/十月/2017:14:21:03 +0000] "GET /a_1080p_9.m4s HTTP/1.1" 200 1456690  96
0:0:0:0:0:0:0:1 - - [23/十月/2017:14:21:03 +0000] "GET /a_128k_10.m4s HTTP/1.1" 200 65241  16
0:0:0:0:0:0:0:1 - - [23/十月/2017:14:24:39 +0000] "GET /index.html HTTP/1.1" 304 0  110
0:0:0:0:0:0:0:1 - - [23/十月/2017:14:24:39 +0000] "GET /a_128k_i.mp4 HTTP/1.1" 304 0  7
0:0:0:0:0:0:0:1 - - [23/十月/2017:14:24:39 +0000] "GET /a_1080p_i.mp4 HTTP/1.1" 304 0  8
0:0:0:0:0:0:0:1 - - [23/十月/2017:14:24:39 +0000] "GET /a_128k_1.m4s HTTP/1.1" 304 0  4
0:0:0:0:0:0:0:1 - - [23/十月/2017:14:24:39 +0000] "GET /a_128k_2.m4s HTTP/1.1" 304 0  18
0:0:0:0:0:0:0:1 - - [23/十月/2017:14:24:39 +0000] "GET /a_1080p_1.m4s HTTP/1.1" 200 2238300  99
0:0:0:0:0:0:0:1 - - [23/十月/2017:14:24:39 +0000] "GET /a_1080p_3.m4s HTTP/1.1" 304 0  6
0:0:0:0:0:0:0:1 - - [23/十月/2017:14:24:40 +0000] "GET /a_128k_3.m4s HTTP/1.1" 304 0  5
0:0:0:0:0:0:0:1 - - [23/十月/2017:14:24:40 +0000] "GET /a_128k_4.m4s HTTP/1.1" 304 0  4
0:0:0:0:0:0:0:1 - - [23/十月/2017:14:24:40 +0000] "GET /a_128k_5.m4s HTTP/1.1" 304 0  4
0:0:0:0:0:0:0:1 - - [23/十月/2017:14:24:40 +0000] "GET /a_128k_6.m4s HTTP/1.1" 304 0  4
0:0:0:0:0:0:0:1 - - [23/十月/2017:14:24:40 +0000] "GET /a_128k_7.m4s HTTP/1.1" 304 0  3
0:0:0:0:0:0:0:1 - - [23/十月/2017:14:24:40 +0000] "GET /a_128k_8.m4s HTTP/1.1" 304 0  4
0:0:0:0:0:0:0:1 - - [23/十月/2017:14:24:40 +0000] "GET /a_128k_9.m4s HTTP/1.1" 304 0  3
0:0:0:0:0:0:0:1 - - [23/十月/2017:14:24:42 +0000] "GET /a_128k_10.m4s HTTP/1.1" 304 0  4
0:0:0:0:0:0:0:1 - - [23/十月/2017:14:24:46 +0000] "GET /a_1080p_10.m4s HTTP/1.1" 200 1782782  111
0:0:0:0:0:0:0:1 - - [23/十月/2017:14:24:46 +0000] "GET /a_128k_11.m4s HTTP/1.1" 200 64715  25
0:0:0:0:0:0:0:1 - - [23/十月/2017:14:26:52 +0000] "GET /index.html HTTP/1.1" 200 350  129
0:0:0:0:0:0:0:1 - - [23/十月/2017:14:26:52 +0000] "GET /dash.js HTTP/1.1" 200 531827  36
0:0:0:0:0:0:0:1 - - [23/十月/2017:14:26:52 +0000] "GET /a_manifest_orig.mpd HTTP/1.1" 206 1902  5
0:0:0:0:0:0:0:1 - - [23/十月/2017:14:26:52 +0000] "GET /a_manifest_orig.mpd HTTP/1.1" 200 1902  14
0:0:0:0:0:0:0:1 - - [23/十月/2017:14:26:52 +0000] "GET /a_360p_i.mp4 HTTP/1.1" 200 899  7
0:0:0:0:0:0:0:1 - - [23/十月/2017:14:26:52 +0000] "GET /a_128k_i.mp4 HTTP/1.1" 200 837  10
0:0:0:0:0:0:0:1 - - [23/十月/2017:14:26:52 +0000] "GET /a_128k_1.m4s HTTP/1.1" 200 50878  19
0:0:0:0:0:0:0:1 - - [23/十月/2017:14:26:52 +0000] "GET /a_360p_1.m4s HTTP/1.1" 200 486040  40
0:0:0:0:0:0:0:1 - - [23/十月/2017:14:26:52 +0000] "GET /a_128k_2.m4s HTTP/1.1" 200 65096  11
0:0:0:0:0:0:0:1 - - [23/十月/2017:14:26:52 +0000] "GET /a_1080p_i.mp4 HTTP/1.1" 200 901  7
0:0:0:0:0:0:0:1 - - [23/十月/2017:14:26:52 +0000] "GET /a_1080p_2.m4s HTTP/1.1" 200 3250803  133
0:0:0:0:0:0:0:1 - - [23/十月/2017:14:26:52 +0000] "GET /a_1080p_3.m4s HTTP/1.1" 200 1780900  63
0:0:0:0:0:0:0:1 - - [23/十月/2017:14:26:53 +0000] "GET /a_1080p_4.m4s HTTP/1.1" 200 1715218  74
0:0:0:0:0:0:0:1 - - [23/十月/2017:14:26:53 +0000] "GET /a_1080p_5.m4s HTTP/1.1" 200 1463094  70
0:0:0:0:0:0:0:1 - - [23/十月/2017:14:26:53 +0000] "GET /a_1080p_6.m4s HTTP/1.1" 200 1417446  58
0:0:0:0:0:0:0:1 - - [23/十月/2017:14:26:53 +0000] "GET /a_128k_3.m4s HTTP/1.1" 200 65107  8
0:0:0:0:0:0:0:1 - - [23/十月/2017:14:26:53 +0000] "GET /a_128k_4.m4s HTTP/1.1" 200 65453  8
0:0:0:0:0:0:0:1 - - [23/十月/2017:14:26:53 +0000] "GET /a_128k_5.m4s HTTP/1.1" 200 65280  9
0:0:0:0:0:0:0:1 - - [23/十月/2017:14:26:53 +0000] "GET /a_1080p_7.m4s HTTP/1.1" 200 1517406  88
0:0:0:0:0:0:0:1 - - [23/十月/2017:14:26:53 +0000] "GET /a_128k_6.m4s HTTP/1.1" 200 65793  8
0:0:0:0:0:0:0:1 - - [23/十月/2017:14:26:53 +0000] "GET /a_128k_7.m4s HTTP/1.1" 200 65411  36
0:0:0:0:0:0:0:1 - - [23/十月/2017:14:26:53 +0000] "GET /a_128k_8.m4s HTTP/1.1" 200 64944  9
0:0:0:0:0:0:0:1 - - [23/十月/2017:14:26:53 +0000] "GET /a_1080p_8.m4s HTTP/1.1" 200 1457489  79
0:0:0:0:0:0:0:1 - - [23/十月/2017:14:26:53 +0000] "GET /a_128k_9.m4s HTTP/1.1" 200 65078  18
0:0:0:0:0:0:0:1 - - [23/十月/2017:14:29:26 +0000] "GET /index.html HTTP/1.1" 304 0  103
0:0:0:0:0:0:0:1 - - [23/十月/2017:14:29:27 +0000] "GET /a_1080p_i.mp4 HTTP/1.1" 304 0  8
0:0:0:0:0:0:0:1 - - [23/十月/2017:14:29:27 +0000] "GET /a_128k_i.mp4 HTTP/1.1" 304 0  9
0:0:0:0:0:0:0:1 - - [23/十月/2017:14:29:27 +0000] "GET /a_128k_1.m4s HTTP/1.1" 304 0  28
0:0:0:0:0:0:0:1 - - [23/十月/2017:14:29:27 +0000] "GET /a_128k_2.m4s HTTP/1.1" 304 0  19
0:0:0:0:0:0:0:1 - - [23/十月/2017:14:29:27 +0000] "GET /a_1080p_1.m4s HTTP/1.1" 200 2238300  116
0:0:0:0:0:0:0:1 - - [23/十月/2017:14:29:27 +0000] "GET /a_1080p_3.m4s HTTP/1.1" 304 0  5
0:0:0:0:0:0:0:1 - - [23/十月/2017:14:29:27 +0000] "GET /a_128k_3.m4s HTTP/1.1" 304 0  7
0:0:0:0:0:0:0:1 - - [23/十月/2017:14:29:27 +0000] "GET /a_128k_4.m4s HTTP/1.1" 304 0  3
0:0:0:0:0:0:0:1 - - [23/十月/2017:14:29:27 +0000] "GET /a_128k_5.m4s HTTP/1.1" 304 0  3
0:0:0:0:0:0:0:1 - - [23/十月/2017:14:29:27 +0000] "GET /a_128k_6.m4s HTTP/1.1" 304 0  4
0:0:0:0:0:0:0:1 - - [23/十月/2017:14:29:27 +0000] "GET /a_128k_7.m4s HTTP/1.1" 304 0  3
0:0:0:0:0:0:0:1 - - [23/十月/2017:14:29:27 +0000] "GET /a_128k_8.m4s HTTP/1.1" 304 0  3
0:0:0:0:0:0:0:1 - - [23/十月/2017:14:29:27 +0000] "GET /a_128k_9.m4s HTTP/1.1" 304 0  2
0:0:0:0:0:0:0:1 - - [23/十月/2017:14:29:29 +0000] "GET /a_1080p_9.m4s HTTP/1.1" 200 1456690  96
0:0:0:0:0:0:0:1 - - [23/十月/2017:14:29:30 +0000] "GET /a_128k_10.m4s HTTP/1.1" 200 65241  9
0:0:0:0:0:0:0:1 - - [23/十月/2017:14:45:51 +0000] "GET /index.html HTTP/1.1" 304 0  105
0:0:0:0:0:0:0:1 - - [23/十月/2017:14:45:52 +0000] "GET /a_360p_i.mp4 HTTP/1.1" 304 0  7
0:0:0:0:0:0:0:1 - - [23/十月/2017:14:45:52 +0000] "GET /a_128k_i.mp4 HTTP/1.1" 304 0  6
0:0:0:0:0:0:0:1 - - [23/十月/2017:14:45:52 +0000] "GET /a_360p_1.m4s HTTP/1.1" 304 0  6
0:0:0:0:0:0:0:1 - - [23/十月/2017:14:45:52 +0000] "GET /a_128k_1.m4s HTTP/1.1" 304 0  5
0:0:0:0:0:0:0:1 - - [23/十月/2017:14:45:52 +0000] "GET /a_128k_2.m4s HTTP/1.1" 304 0  5
0:0:0:0:0:0:0:1 - - [23/十月/2017:14:45:52 +0000] "GET /a_1080p_i.mp4 HTTP/1.1" 304 0  5
0:0:0:0:0:0:0:1 - - [23/十月/2017:14:45:52 +0000] "GET /a_1080p_3.m4s HTTP/1.1" 304 0  4
0:0:0:0:0:0:0:1 - - [23/十月/2017:14:45:52 +0000] "GET /a_128k_3.m4s HTTP/1.1" 304 0  5
0:0:0:0:0:0:0:1 - - [23/十月/2017:14:45:52 +0000] "GET /a_128k_4.m4s HTTP/1.1" 304 0  4
0:0:0:0:0:0:0:1 - - [23/十月/2017:14:45:52 +0000] "GET /a_128k_5.m4s HTTP/1.1" 304 0  2
0:0:0:0:0:0:0:1 - - [23/十月/2017:14:45:52 +0000] "GET /a_128k_6.m4s HTTP/1.1" 304 0  4
0:0:0:0:0:0:0:1 - - [23/十月/2017:14:45:52 +0000] "GET /a_128k_7.m4s HTTP/1.1" 304 0  3
0:0:0:0:0:0:0:1 - - [23/十月/2017:14:45:52 +0000] "GET /a_128k_8.m4s HTTP/1.1" 304 0  3
0:0:0:0:0:0:0:1 - - [23/十月/2017:14:45:52 +0000] "GET /a_128k_9.m4s HTTP/1.1" 304 0  3
0:0:0:0:0:0:0:1 - - [23/十月/2017:14:45:55 +0000] "GET /a_128k_10.m4s HTTP/1.1" 304 0  6
0:0:0:0:0:0:0:1 - - [23/十月/2017:14:45:58 +0000] "GET /a_1080p_10.m4s HTTP/1.1" 200 1782782  118
0:0:0:0:0:0:0:1 - - [23/十月/2017:14:45:59 +0000] "GET /a_128k_11.m4s HTTP/1.1" 200 64715  11
0:0:0:0:0:0:0:1 - - [23/十月/2017:14:46:44 +0000] "GET /index.html HTTP/1.1" 304 0  128
0:0:0:0:0:0:0:1 - - [23/十月/2017:14:46:45 +0000] "GET /a_1080p_1.m4s HTTP/1.1" 304 0  5
0:0:0:0:0:0:0:1 - - [23/十月/2017:14:46:51 +0000] "GET /a_1080p_11.m4s HTTP/1.1" 200 1469943  108
0:0:0:0:0:0:0:1 - - [23/十月/2017:14:46:51 +0000] "GET /a_1080p_12.m4s HTTP/1.1" 200 1677635  70
0:0:0:0:0:0:0:1 - - [23/十月/2017:14:46:51 +0000] "GET /a_1080p_13.m4s HTTP/1.1" 200 1963016  86
0:0:0:0:0:0:0:1 - - [23/十月/2017:14:46:51 +0000] "GET /a_1080p_14.m4s HTTP/1.1" 200 1385360  80
0:0:0:0:0:0:0:1 - - [23/十月/2017:14:46:51 +0000] "GET /a_1080p_15.m4s HTTP/1.1" 200 1267308  46
0:0:0:0:0:0:0:1 - - [23/十月/2017:14:46:51 +0000] "GET /a_1080p_16.m4s HTTP/1.1" 200 1224189  49
0:0:0:0:0:0:0:1 - - [23/十月/2017:14:46:51 +0000] "GET /a_128k_12.m4s HTTP/1.1" 200 65253  9
0:0:0:0:0:0:0:1 - - [23/十月/2017:14:46:51 +0000] "GET /a_128k_13.m4s HTTP/1.1" 200 65843  10
0:0:0:0:0:0:0:1 - - [23/十月/2017:14:46:51 +0000] "GET /a_128k_14.m4s HTTP/1.1" 200 64963  9
0:0:0:0:0:0:0:1 - - [23/十月/2017:14:46:51 +0000] "GET /a_128k_15.m4s HTTP/1.1" 200 64888  9
0:0:0:0:0:0:0:1 - - [23/十月/2017:14:46:51 +0000] "GET /a_128k_16.m4s HTTP/1.1" 200 65737  10
0:0:0:0:0:0:0:1 - - [23/十月/2017:14:46:51 +0000] "GET /a_128k_17.m4s HTTP/1.1" 200 65550  9
0:0:0:0:0:0:0:1 - - [23/十月/2017:14:48:31 +0000] "GET /index.html HTTP/1.1" 304 0  116
0:0:0:0:0:0:0:1 - - [23/十月/2017:14:48:34 +0000] "GET /a_128k_11.m4s HTTP/1.1" 304 0  5
0:0:0:0:0:0:0:1 - - [23/十月/2017:14:48:37 +0000] "GET /a_1080p_17.m4s HTTP/1.1" 200 838454  94
0:0:0:0:0:0:0:1 - - [23/十月/2017:14:48:37 +0000] "GET /a_1080p_18.m4s HTTP/1.1" 200 1126770  75
0:0:0:0:0:0:0:1 - - [23/十月/2017:14:48:37 +0000] "GET /a_1080p_19.m4s HTTP/1.1" 200 1361954  65
0:0:0:0:0:0:0:1 - - [23/十月/2017:14:48:37 +0000] "GET /a_1080p_20.m4s HTTP/1.1" 200 696510  42
0:0:0:0:0:0:0:1 - - [23/十月/2017:14:48:37 +0000] "GET /a_128k_18.m4s HTTP/1.1" 200 66753  27
0:0:0:0:0:0:0:1 - - [23/十月/2017:14:48:37 +0000] "GET /a_128k_19.m4s HTTP/1.1" 200 65884  11
0:0:0:0:0:0:0:1 - - [23/十月/2017:14:48:37 +0000] "GET /a_128k_20.m4s HTTP/1.1" 200 65255  11
0:0:0:0:0:0:0:1 - - [23/十月/2017:14:48:37 +0000] "GET /a_128k_21.m4s HTTP/1.1" 200 66091  12
0:0:0:0:0:0:0:1 - - [23/十月/2017:14:48:38 +0000] "GET /a_1080p_21.m4s HTTP/1.1" 200 1301860  65
0:0:0:0:0:0:0:1 - - [23/十月/2017:14:48:38 +0000] "GET /a_128k_22.m4s HTTP/1.1" 200 66690  15
0:0:0:0:0:0:0:1 - - [23/十月/2017:14:49:05 +0000] "GET /index.html HTTP/1.1" 200 350  119
0:0:0:0:0:0:0:1 - - [23/十月/2017:14:49:06 +0000] "GET /dash.js HTTP/1.1" 200 531827  44
0:0:0:0:0:0:0:1 - - [23/十月/2017:14:49:06 +0000] "GET /a_manifest_orig.mpd HTTP/1.1" 206 1902  17
0:0:0:0:0:0:0:1 - - [23/十月/2017:14:49:06 +0000] "GET /a_manifest_orig.mpd HTTP/1.1" 200 1902  3
0:0:0:0:0:0:0:1 - - [23/十月/2017:14:49:06 +0000] "GET /a_1080p_i.mp4 HTTP/1.1" 200 901  5
0:0:0:0:0:0:0:1 - - [23/十月/2017:14:49:06 +0000] "GET /a_128k_i.mp4 HTTP/1.1" 200 837  9
0:0:0:0:0:0:0:1 - - [23/十月/2017:14:49:06 +0000] "GET /a_128k_1.m4s HTTP/1.1" 200 50878  27
0:0:0:0:0:0:0:1 - - [23/十月/2017:14:49:06 +0000] "GET /a_128k_2.m4s HTTP/1.1" 200 65096  10
0:0:0:0:0:0:0:1 - - [23/十月/2017:14:49:06 +0000] "GET /a_1080p_1.m4s HTTP/1.1" 200 2238300  105
0:0:0:0:0:0:0:1 - - [23/十月/2017:14:49:06 +0000] "GET /a_1080p_2.m4s HTTP/1.1" 200 3250803  156
0:0:0:0:0:0:0:1 - - [23/十月/2017:14:49:06 +0000] "GET /a_1080p_3.m4s HTTP/1.1" 200 1780900  59
0:0:0:0:0:0:0:1 - - [23/十月/2017:14:49:06 +0000] "GET /a_1080p_4.m4s HTTP/1.1" 200 1715218  69
0:0:0:0:0:0:0:1 - - [23/十月/2017:14:49:06 +0000] "GET /a_1080p_5.m4s HTTP/1.1" 200 1463094  83
0:0:0:0:0:0:0:1 - - [23/十月/2017:14:49:06 +0000] "GET /a_1080p_6.m4s HTTP/1.1" 200 1417446  51
0:0:0:0:0:0:0:1 - - [23/十月/2017:14:49:07 +0000] "GET /a_128k_3.m4s HTTP/1.1" 200 65107  8
0:0:0:0:0:0:0:1 - - [23/十月/2017:14:49:07 +0000] "GET /a_128k_4.m4s HTTP/1.1" 200 65453  18
0:0:0:0:0:0:0:1 - - [23/十月/2017:14:49:06 +0000] "GET /a_1080p_7.m4s HTTP/1.1" 200 1517406  79
0:0:0:0:0:0:0:1 - - [23/十月/2017:14:49:07 +0000] "GET /a_128k_5.m4s HTTP/1.1" 200 65280  15
0:0:0:0:0:0:0:1 - - [23/十月/2017:14:49:07 +0000] "GET /a_128k_6.m4s HTTP/1.1" 200 65793  21
0:0:0:0:0:0:0:1 - - [23/十月/2017:14:49:07 +0000] "GET /a_128k_7.m4s HTTP/1.1" 200 65411  12
0:0:0:0:0:0:0:1 - - [23/十月/2017:14:49:07 +0000] "GET /a_128k_8.m4s HTTP/1.1" 200 64944  14
0:0:0:0:0:0:0:1 - - [23/十月/2017:14:49:07 +0000] "GET /a_1080p_8.m4s HTTP/1.1" 200 1457489  103
0:0:0:0:0:0:0:1 - - [23/十月/2017:14:49:07 +0000] "GET /a_128k_9.m4s HTTP/1.1" 200 65078  13
0:0:0:0:0:0:0:1 - - [23/十月/2017:14:49:09 +0000] "GET /a_1080p_9.m4s HTTP/1.1" 200 1456690  142
0:0:0:0:0:0:0:1 - - [23/十月/2017:14:49:09 +0000] "GET /a_1080p_10.m4s HTTP/1.1" 200 1782782  87
0:0:0:0:0:0:0:1 - - [23/十月/2017:14:49:09 +0000] "GET /a_1080p_11.m4s HTTP/1.1" 200 1469943  66
0:0:0:0:0:0:0:1 - - [23/十月/2017:14:49:09 +0000] "GET /a_1080p_12.m4s HTTP/1.1" 200 1677635  72
0:0:0:0:0:0:0:1 - - [23/十月/2017:14:49:09 +0000] "GET /a_1080p_13.m4s HTTP/1.1" 200 1963016  75
0:0:0:0:0:0:0:1 - - [23/十月/2017:14:49:09 +0000] "GET /a_128k_10.m4s HTTP/1.1" 200 65241  17
0:0:0:0:0:0:0:1 - - [23/十月/2017:14:49:09 +0000] "GET /a_128k_11.m4s HTTP/1.1" 200 64715  8
0:0:0:0:0:0:0:1 - - [23/十月/2017:14:49:09 +0000] "GET /a_128k_12.m4s HTTP/1.1" 200 65253  9
0:0:0:0:0:0:0:1 - - [23/十月/2017:14:49:09 +0000] "GET /a_1080p_14.m4s HTTP/1.1" 200 1385360  90
0:0:0:0:0:0:0:1 - - [23/十月/2017:14:49:09 +0000] "GET /a_128k_13.m4s HTTP/1.1" 200 65843  20
0:0:0:0:0:0:0:1 - - [23/十月/2017:14:49:09 +0000] "GET /a_128k_14.m4s HTTP/1.1" 200 64963  12
0:0:0:0:0:0:0:1 - - [23/十月/2017:14:49:09 +0000] "GET /a_128k_15.m4s HTTP/1.1" 200 64888  9
