0:0:0:0:0:0:0:1 - - [25/十月/2017:07:56:46:727 +0000] "GET /index.html HTTP/1.1" 502 330  2137
0:0:0:0:0:0:0:1 - - [25/十月/2017:07:56:49:089 +0000] "GET /favicon.ico HTTP/1.1" 502 0  2126
0:0:0:0:0:0:0:1 - - [25/十月/2017:07:58:48:365 +0000] "GET /index.html HTTP/1.1" 502 330  2099
0:0:0:0:0:0:0:1 - - [25/十月/2017:07:58:50:498 +0000] "GET /favicon.ico HTTP/1.1" 502 0  2003
0:0:0:0:0:0:0:1 - - [25/十月/2017:08:08:44:451 +0000] "GET /index.html HTTP/1.1" 502 330  2008
0:0:0:0:0:0:0:1 - - [25/十月/2017:08:08:46:521 +0000] "GET /favicon.ico HTTP/1.1" 502 0  2006
0:0:0:0:0:0:0:1 - - [25/十月/2017:08:21:08:540 +0000] "GET /index.html HTTP/1.1" 502 330  2075
0:0:0:0:0:0:0:1 - - [25/十月/2017:08:21:10:673 +0000] "GET /favicon.ico HTTP/1.1" 502 0  2005
0:0:0:0:0:0:0:1 - - [25/十月/2017:08:21:15:435 +0000] "GET /index.html HTTP/1.1" 502 330  2012
0:0:0:0:0:0:0:1 - - [25/十月/2017:08:21:17:481 +0000] "GET /favicon.ico HTTP/1.1" 502 0  2007
0:0:0:0:0:0:0:1 - - [25/十月/2017:08:22:21:051 +0000] "GET /index.html HTTP/1.1" 502 330  2072
0:0:0:0:0:0:0:1 - - [25/十月/2017:08:22:23:183 +0000] "GET /favicon.ico HTTP/1.1" 502 0  2010
0:0:0:0:0:0:0:1 - - [25/十月/2017:08:23:56:033 +0000] "GET /index.html HTTP/1.1" 200 350  303
0:0:0:0:0:0:0:1 - - [25/十月/2017:08:23:56:410 +0000] "GET /dash.js HTTP/1.1" 200 531827  96
0:0:0:0:0:0:0:1 - - [25/十月/2017:08:23:56:844 +0000] "GET /a_manifest_orig.mpd HTTP/1.1" 206 1902  241
0:0:0:0:0:0:0:1 - - [25/十月/2017:08:23:57:180 +0000] "GET /a_manifest_orig.mpd HTTP/1.1" 200 1902  20
0:0:0:0:0:0:0:1 - - [25/十月/2017:08:23:57:192 +0000] "GET /favicon.ico HTTP/1.1" 404 1026  67
0:0:0:0:0:0:0:1 - - [25/十月/2017:08:23:57:273 +0000] "GET /a_360p_i.mp4 HTTP/1.1" 200 899  42
0:0:0:0:0:0:0:1 - - [25/十月/2017:08:23:57:274 +0000] "GET /a_128k_i.mp4 HTTP/1.1" 200 837  49
0:0:0:0:0:0:0:1 - - [25/十月/2017:08:23:57:351 +0000] "GET /a_128k_1.m4s HTTP/1.1" 200 50878  47
0:0:0:0:0:0:0:1 - - [25/十月/2017:08:23:57:418 +0000] "GET /a_128k_2.m4s HTTP/1.1" 200 50878  14
0:0:0:0:0:0:0:1 - - [25/十月/2017:08:23:57:340 +0000] "GET /a_360p_1.m4s HTTP/1.1" 200 486040  98
0:0:0:0:0:0:0:1 - - [25/十月/2017:08:23:57:443 +0000] "GET /a_128k_3.m4s HTTP/1.1" 200 65107  19
0:0:0:0:0:0:0:1 - - [25/十月/2017:08:23:57:475 +0000] "GET /a_128k_4.m4s HTTP/1.1" 200 65107  11
0:0:0:0:0:0:0:1 - - [25/十月/2017:08:23:57:493 +0000] "GET /a_128k_5.m4s HTTP/1.1" 200 65280  12
0:0:0:0:0:0:0:1 - - [25/十月/2017:08:23:57:463 +0000] "GET /a_1080p_i.mp4 HTTP/1.1" 200 901  53
0:0:0:0:0:0:0:1 - - [25/十月/2017:08:23:57:512 +0000] "GET /a_128k_6.m4s HTTP/1.1" 200 65280  17
0:0:0:0:0:0:0:1 - - [25/十月/2017:08:23:57:538 +0000] "GET /a_128k_7.m4s HTTP/1.1" 200 65411  20
0:0:0:0:0:0:0:1 - - [25/十月/2017:08:23:57:566 +0000] "GET /a_128k_8.m4s HTTP/1.1" 200 65411  11
0:0:0:0:0:0:0:1 - - [25/十月/2017:08:23:57:585 +0000] "GET /a_128k_9.m4s HTTP/1.1" 200 65078  12
0:0:0:0:0:0:0:1 - - [25/十月/2017:08:23:57:607 +0000] "GET /a_128k_10.m4s HTTP/1.1" 200 65078  10
0:0:0:0:0:0:0:1 - - [25/十月/2017:08:23:57:626 +0000] "GET /a_128k_11.m4s HTTP/1.1" 200 64715  103
0:0:0:0:0:0:0:1 - - [25/十月/2017:08:23:57:752 +0000] "GET /a_128k_12.m4s HTTP/1.1" 200 65253  13
0:0:0:0:0:0:0:1 - - [25/十月/2017:08:23:57:777 +0000] "GET /a_128k_13.m4s HTTP/1.1" 200 65253  87
0:0:0:0:0:0:0:1 - - [25/十月/2017:08:23:57:883 +0000] "GET /a_128k_14.m4s HTTP/1.1" 200 64963  102
0:0:0:0:0:0:0:1 - - [25/十月/2017:08:23:58:005 +0000] "GET /a_128k_15.m4s HTTP/1.1" 200 64963  17
0:0:0:0:0:0:0:1 - - [25/十月/2017:08:23:58:058 +0000] "GET /a_128k_16.m4s HTTP/1.1" 200 65737  68
0:0:0:0:0:0:0:1 - - [25/十月/2017:08:23:58:139 +0000] "GET /a_128k_17.m4s HTTP/1.1" 200 65737  17
0:0:0:0:0:0:0:1 - - [25/十月/2017:08:23:57:524 +0000] "GET /a_1080p_2.m4s HTTP/1.1" 200 3250803  639
0:0:0:0:0:0:0:1 - - [25/十月/2017:08:23:58:165 +0000] "GET /a_128k_18.m4s HTTP/1.1" 200 66753  19
0:0:0:0:0:0:0:1 - - [25/十月/2017:08:23:58:192 +0000] "GET /a_128k_19.m4s HTTP/1.1" 200 66753  29
0:0:0:0:0:0:0:1 - - [25/十月/2017:08:23:58:238 +0000] "GET /a_128k_20.m4s HTTP/1.1" 200 65255  38
0:0:0:0:0:0:0:1 - - [25/十月/2017:08:23:58:284 +0000] "GET /a_128k_21.m4s HTTP/1.1" 200 65255  17
0:0:0:0:0:0:0:1 - - [25/十月/2017:08:23:58:308 +0000] "GET /a_128k_22.m4s HTTP/1.1" 200 66690  45
0:0:0:0:0:0:0:1 - - [25/十月/2017:08:23:58:360 +0000] "GET /a_128k_23.m4s HTTP/1.1" 200 66690  17
0:0:0:0:0:0:0:1 - - [25/十月/2017:08:23:58:190 +0000] "GET /a_1080p_3.m4s HTTP/1.1" 200 3250803  233
0:0:0:0:0:0:0:1 - - [25/十月/2017:08:23:58:435 +0000] "GET /a_1080p_4.m4s HTTP/1.1" 200 1715218  226
0:0:0:0:0:0:0:1 - - [25/十月/2017:08:23:58:670 +0000] "GET /a_1080p_5.m4s HTTP/1.1" 200 1715218  68
0:0:0:0:0:0:0:1 - - [25/十月/2017:08:23:58:747 +0000] "GET /a_1080p_6.m4s HTTP/1.1" 200 1417446  379
0:0:0:0:0:0:0:1 - - [25/十月/2017:08:23:59:135 +0000] "GET /a_1080p_7.m4s HTTP/1.1" 200 1417446  79
0:0:0:0:0:0:0:1 - - [25/十月/2017:08:23:59:221 +0000] "GET /a_1080p_8.m4s HTTP/1.1" 200 1457489  196
0:0:0:0:0:0:0:1 - - [25/十月/2017:08:23:59:428 +0000] "GET /a_1080p_9.m4s HTTP/1.1" 200 1457489  60
0:0:0:0:0:0:0:1 - - [25/十月/2017:08:23:59:536 +0000] "GET /a_1080p_10.m4s HTTP/1.1" 200 1782782  287
0:0:0:0:0:0:0:1 - - [25/十月/2017:08:23:59:869 +0000] "GET /a_1080p_11.m4s HTTP/1.1" 200 1782782  97
0:0:0:0:0:0:0:1 - - [25/十月/2017:08:23:59:977 +0000] "GET /a_1080p_12.m4s HTTP/1.1" 200 1677635  227
0:0:0:0:0:0:0:1 - - [25/十月/2017:08:24:00:218 +0000] "GET /a_1080p_13.m4s HTTP/1.1" 200 1677635  73
0:0:0:0:0:0:0:1 - - [25/十月/2017:08:24:00:306 +0000] "GET /a_1080p_14.m4s HTTP/1.1" 200 1385360  201
0:0:0:0:0:0:0:1 - - [25/十月/2017:08:24:00:518 +0000] "GET /a_1080p_15.m4s HTTP/1.1" 200 1385360  61
0:0:0:0:0:0:0:1 - - [25/十月/2017:08:24:00:587 +0000] "GET /a_1080p_16.m4s HTTP/1.1" 200 1224189  679
0:0:0:0:0:0:0:1 - - [25/十月/2017:08:24:01:300 +0000] "GET /a_1080p_17.m4s HTTP/1.1" 200 1224189  64
0:0:0:0:0:0:0:1 - - [25/十月/2017:08:24:01:377 +0000] "GET /a_1080p_18.m4s HTTP/1.1" 200 1126770  155
0:0:0:0:0:0:0:1 - - [25/十月/2017:08:24:01:597 +0000] "GET /a_1080p_19.m4s HTTP/1.1" 200 1126770  61
0:0:0:0:0:0:0:1 - - [25/十月/2017:08:24:01:665 +0000] "GET /a_1080p_20.m4s HTTP/1.1" 200 696510  75
0:0:0:0:0:0:0:1 - - [25/十月/2017:08:24:01:748 +0000] "GET /a_1080p_21.m4s HTTP/1.1" 200 696510  32
0:0:0:0:0:0:0:1 - - [25/十月/2017:08:24:01:787 +0000] "GET /a_1080p_22.m4s HTTP/1.1" 200 1614199  503
0:0:0:0:0:0:0:1 - - [25/十月/2017:08:24:02:337 +0000] "GET /a_1080p_23.m4s HTTP/1.1" 200 1614199  71
0:0:0:0:0:0:0:1 - - [25/十月/2017:08:32:45:014 +0000] "GET /index.html HTTP/1.1" 200 350  74
0:0:0:0:0:0:0:1 - - [25/十月/2017:08:32:45:108 +0000] "GET /dash.js HTTP/1.1" 200 531827  46
0:0:0:0:0:0:0:1 - - [25/十月/2017:08:32:45:254 +0000] "GET /a_manifest_orig.mpd HTTP/1.1" 206 1902  6
0:0:0:0:0:0:0:1 - - [25/十月/2017:08:32:45:287 +0000] "GET /a_manifest_orig.mpd HTTP/1.1" 200 1902  4
0:0:0:0:0:0:0:1 - - [25/十月/2017:08:32:45:333 +0000] "GET /a_360p_i.mp4 HTTP/1.1" 200 899  16
0:0:0:0:0:0:0:1 - - [25/十月/2017:08:32:45:335 +0000] "GET /a_128k_i.mp4 HTTP/1.1" 200 837  26
0:0:0:0:0:0:0:1 - - [25/十月/2017:08:32:45:405 +0000] "GET /a_128k_1.m4s HTTP/1.1" 200 837  7
0:0:0:0:0:0:0:1 - - [25/十月/2017:08:32:45:405 +0000] "GET /a_360p_1.m4s HTTP/1.1" 200 899  8
0:0:0:0:0:0:0:1 - - [25/十月/2017:08:32:45:424 +0000] "GET /a_128k_2.m4s HTTP/1.1" 200 65096  29
0:0:0:0:0:0:0:1 - - [25/十月/2017:08:32:45:460 +0000] "GET /a_128k_3.m4s HTTP/1.1" 200 65107  31
0:0:0:0:0:0:0:1 - - [25/十月/2017:08:32:45:422 +0000] "GET /a_360p_2.m4s HTTP/1.1" 200 295664  88
0:0:0:0:0:0:0:1 - - [25/十月/2017:08:32:45:500 +0000] "GET /a_128k_4.m4s HTTP/1.1" 200 65453  14
0:0:0:0:0:0:0:1 - - [25/十月/2017:08:32:45:523 +0000] "GET /a_360p_3.m4s HTTP/1.1" 200 259243  70
0:0:0:0:0:0:0:1 - - [25/十月/2017:08:32:45:598 +0000] "GET /a_360p_4.m4s HTTP/1.1" 200 270782  70
0:0:0:0:0:0:0:1 - - [25/十月/2017:08:32:45:674 +0000] "GET /a_360p_5.m4s HTTP/1.1" 200 256806  86
0:0:0:0:0:0:0:1 - - [25/十月/2017:08:32:46:031 +0000] "GET /a_128k_5.m4s HTTP/1.1" 200 65280  26
0:0:0:0:0:0:0:1 - - [25/十月/2017:08:32:46:069 +0000] "GET /a_128k_6.m4s HTTP/1.1" 200 65793  14
0:0:0:0:0:0:0:1 - - [25/十月/2017:08:32:50:280 +0000] "GET /a_360p_6.m4s HTTP/1.1" 200 238997  49
0:0:0:0:0:0:0:1 - - [25/十月/2017:08:32:50:603 +0000] "GET /a_128k_7.m4s HTTP/1.1" 200 65411  37
0:0:0:0:0:0:0:1 - - [25/十月/2017:08:32:53:852 +0000] "GET /a_360p_7.m4s HTTP/1.1" 200 288245  91
0:0:0:0:0:0:0:1 - - [25/十月/2017:08:32:54:155 +0000] "GET /a_128k_8.m4s HTTP/1.1" 200 65096  22
0:0:0:0:0:0:0:1 - - [25/十月/2017:08:32:54:189 +0000] "GET /a_128k_9.m4s HTTP/1.1" 200 65107  11
0:0:0:0:0:0:0:1 - - [25/十月/2017:08:32:54:208 +0000] "GET /a_128k_10.m4s HTTP/1.1" 200 65453  8
0:0:0:0:0:0:0:1 - - [25/十月/2017:08:32:54:256 +0000] "GET /a_128k_11.m4s HTTP/1.1" 200 65280  9
0:0:0:0:0:0:0:1 - - [25/十月/2017:08:32:54:271 +0000] "GET /a_128k_12.m4s HTTP/1.1" 200 65793  9
0:0:0:0:0:0:0:1 - - [25/十月/2017:08:32:54:285 +0000] "GET /a_128k_13.m4s HTTP/1.1" 200 65411  9
0:0:0:0:0:0:0:1 - - [25/十月/2017:08:32:54:299 +0000] "GET /a_128k_14.m4s HTTP/1.1" 200 64963  24
0:0:0:0:0:0:0:1 - - [25/十月/2017:08:32:54:331 +0000] "GET /a_128k_15.m4s HTTP/1.1" 200 64888  16
0:0:0:0:0:0:0:1 - - [25/十月/2017:08:32:54:350 +0000] "GET /a_128k_16.m4s HTTP/1.1" 200 65737  18
0:0:0:0:0:0:0:1 - - [25/十月/2017:08:32:54:373 +0000] "GET /a_128k_17.m4s HTTP/1.1" 200 65550  12
0:0:0:0:0:0:0:1 - - [25/十月/2017:08:32:54:391 +0000] "GET /a_128k_18.m4s HTTP/1.1" 200 66753  8
0:0:0:0:0:0:0:1 - - [25/十月/2017:08:32:54:412 +0000] "GET /a_128k_19.m4s HTTP/1.1" 200 65884  19
0:0:0:0:0:0:0:1 - - [25/十月/2017:08:32:54:439 +0000] "GET /a_128k_20.m4s HTTP/1.1" 200 64963  7
0:0:0:0:0:0:0:1 - - [25/十月/2017:08:32:54:452 +0000] "GET /a_128k_21.m4s HTTP/1.1" 200 64888  7
0:0:0:0:0:0:0:1 - - [25/十月/2017:08:32:54:465 +0000] "GET /a_128k_22.m4s HTTP/1.1" 200 65737  8
0:0:0:0:0:0:0:1 - - [25/十月/2017:08:32:54:478 +0000] "GET /a_128k_23.m4s HTTP/1.1" 200 65550  7
0:0:0:0:0:0:0:1 - - [25/十月/2017:08:32:57:962 +0000] "GET /a_360p_8.m4s HTTP/1.1" 200 295664  31
0:0:0:0:0:0:0:1 - - [25/十月/2017:08:32:58:000 +0000] "GET /a_360p_9.m4s HTTP/1.1" 200 259243  15
0:0:0:0:0:0:0:1 - - [25/十月/2017:08:32:58:021 +0000] "GET /a_360p_10.m4s HTTP/1.1" 200 270782  13
0:0:0:0:0:0:0:1 - - [25/十月/2017:08:32:58:041 +0000] "GET /a_360p_11.m4s HTTP/1.1" 200 256806  12
0:0:0:0:0:0:0:1 - - [25/十月/2017:08:32:58:059 +0000] "GET /a_360p_12.m4s HTTP/1.1" 200 238997  17
0:0:0:0:0:0:0:1 - - [25/十月/2017:08:32:58:081 +0000] "GET /a_360p_13.m4s HTTP/1.1" 200 288245  13
0:0:0:0:0:0:0:1 - - [25/十月/2017:08:32:58:099 +0000] "GET /a_360p_14.m4s HTTP/1.1" 200 205251  114
0:0:0:0:0:0:0:1 - - [25/十月/2017:08:32:58:219 +0000] "GET /a_360p_15.m4s HTTP/1.1" 200 224472  25
0:0:0:0:0:0:0:1 - - [25/十月/2017:08:32:58:250 +0000] "GET /a_360p_16.m4s HTTP/1.1" 200 219023  58
0:0:0:0:0:0:0:1 - - [25/十月/2017:08:32:58:314 +0000] "GET /a_360p_17.m4s HTTP/1.1" 200 125080  49
0:0:0:0:0:0:0:1 - - [25/十月/2017:08:32:58:368 +0000] "GET /a_360p_18.m4s HTTP/1.1" 200 196089  95
0:0:0:0:0:0:0:1 - - [25/十月/2017:08:32:58:469 +0000] "GET /a_360p_19.m4s HTTP/1.1" 200 244840  25
0:0:0:0:0:0:0:1 - - [25/十月/2017:08:32:58:499 +0000] "GET /a_360p_20.m4s HTTP/1.1" 200 205251  12
0:0:0:0:0:0:0:1 - - [25/十月/2017:08:32:58:516 +0000] "GET /a_360p_21.m4s HTTP/1.1" 200 224472  15
0:0:0:0:0:0:0:1 - - [25/十月/2017:08:32:58:538 +0000] "GET /a_360p_22.m4s HTTP/1.1" 200 219023  11
0:0:0:0:0:0:0:1 - - [25/十月/2017:08:32:58:554 +0000] "GET /a_360p_23.m4s HTTP/1.1" 200 125080  9
0:0:0:0:0:0:0:1 - - [25/十月/2017:08:34:15:634 +0000] "GET /index.html HTTP/1.1" 200 350  75
0:0:0:0:0:0:0:1 - - [25/十月/2017:08:34:15:732 +0000] "GET /dash.js HTTP/1.1" 200 531827  45
0:0:0:0:0:0:0:1 - - [25/十月/2017:08:34:15:879 +0000] "GET /a_manifest_orig.mpd HTTP/1.1" 206 1902  6
0:0:0:0:0:0:0:1 - - [25/十月/2017:08:34:15:913 +0000] "GET /a_manifest_orig.mpd HTTP/1.1" 200 1902  4
0:0:0:0:0:0:0:1 - - [25/十月/2017:08:34:15:961 +0000] "GET /a_360p_i.mp4 HTTP/1.1" 200 899  9
0:0:0:0:0:0:0:1 - - [25/十月/2017:08:34:15:964 +0000] "GET /a_128k_i.mp4 HTTP/1.1" 200 837  12
0:0:0:0:0:0:0:1 - - [25/十月/2017:08:34:16:035 +0000] "GET /a_128k_1.m4s HTTP/1.1" 200 50878  36
0:0:0:0:0:0:0:1 - - [25/十月/2017:08:34:16:083 +0000] "GET /a_128k_2.m4s HTTP/1.1" 200 65096  22
0:0:0:0:0:0:0:1 - - [25/十月/2017:08:34:16:025 +0000] "GET /a_360p_1.m4s HTTP/1.1" 200 486040  83
0:0:0:0:0:0:0:1 - - [25/十月/2017:08:34:16:118 +0000] "GET /a_1080p_i.mp4 HTTP/1.1" 200 901  10
0:0:0:0:0:0:0:1 - - [25/十月/2017:08:34:16:136 +0000] "GET /a_1080p_2.m4s HTTP/1.1" 200 3250803  274
0:0:0:0:0:0:0:1 - - [25/十月/2017:08:34:16:427 +0000] "GET /a_1080p_3.m4s HTTP/1.1" 200 1780900  168
0:0:0:0:0:0:0:1 - - [25/十月/2017:08:34:16:623 +0000] "GET /a_128k_3.m4s HTTP/1.1" 200 65107  53
0:0:0:0:0:0:0:1 - - [25/十月/2017:08:34:16:691 +0000] "GET /a_128k_4.m4s HTTP/1.1" 200 65453  38
0:0:0:0:0:0:0:1 - - [25/十月/2017:08:34:16:605 +0000] "GET /a_1080p_4.m4s HTTP/1.1" 200 1715218  193
0:0:0:0:0:0:0:1 - - [25/十月/2017:08:34:16:839 +0000] "GET /a_1080p_5.m4s HTTP/1.1" 200 901  5
0:0:0:0:0:0:0:1 - - [25/十月/2017:08:34:16:850 +0000] "GET /a_1080p_6.m4s HTTP/1.1" 200 1417446  88
0:0:0:0:0:0:0:1 - - [25/十月/2017:08:34:17:424 +0000] "GET /a_128k_5.m4s HTTP/1.1" 200 837  27
0:0:0:0:0:0:0:1 - - [25/十月/2017:08:34:17:607 +0000] "GET /a_128k_6.m4s HTTP/1.1" 200 65793  48
0:0:0:0:0:0:0:1 - - [25/十月/2017:08:34:17:689 +0000] "GET /a_128k_7.m4s HTTP/1.1" 200 50878  34
0:0:0:0:0:0:0:1 - - [25/十月/2017:08:34:17:752 +0000] "GET /a_128k_8.m4s HTTP/1.1" 200 65096  11
0:0:0:0:0:0:0:1 - - [25/十月/2017:08:34:17:770 +0000] "GET /a_128k_9.m4s HTTP/1.1" 200 65107  6
0:0:0:0:0:0:0:1 - - [25/十月/2017:08:34:17:781 +0000] "GET /a_128k_10.m4s HTTP/1.1" 200 65453  7
0:0:0:0:0:0:0:1 - - [25/十月/2017:08:34:17:793 +0000] "GET /a_128k_11.m4s HTTP/1.1" 200 64715  43
0:0:0:0:0:0:0:1 - - [25/十月/2017:08:34:17:847 +0000] "GET /a_128k_12.m4s HTTP/1.1" 200 65793  37
0:0:0:0:0:0:0:1 - - [25/十月/2017:08:34:17:025 +0000] "GET /a_1080p_7.m4s HTTP/1.1" 200 1517406  878
0:0:0:0:0:0:0:1 - - [25/十月/2017:08:34:17:892 +0000] "GET /a_128k_13.m4s HTTP/1.1" 200 65843  15
0:0:0:0:0:0:0:1 - - [25/十月/2017:08:34:17:912 +0000] "GET /a_128k_14.m4s HTTP/1.1" 200 64963  13
0:0:0:0:0:0:0:1 - - [25/十月/2017:08:34:17:933 +0000] "GET /a_128k_15.m4s HTTP/1.1" 200 64888  31
0:0:0:0:0:0:0:1 - - [25/十月/2017:08:34:17:917 +0000] "GET /a_720p_i.mp4 HTTP/1.1" 200 900  53
0:0:0:0:0:0:0:1 - - [25/十月/2017:08:34:17:970 +0000] "GET /a_128k_16.m4s HTTP/1.1" 200 65737  13
0:0:0:0:0:0:0:1 - - [25/十月/2017:08:34:17:989 +0000] "GET /a_128k_17.m4s HTTP/1.1" 200 64715  6
0:0:0:0:0:0:0:1 - - [25/十月/2017:08:34:18:001 +0000] "GET /a_128k_18.m4s HTTP/1.1" 200 66753  11
0:0:0:0:0:0:0:1 - - [25/十月/2017:08:34:18:021 +0000] "GET /a_128k_19.m4s HTTP/1.1" 200 65843  6
0:0:0:0:0:0:0:1 - - [25/十月/2017:08:34:18:032 +0000] "GET /a_128k_20.m4s HTTP/1.1" 200 64963  9
0:0:0:0:0:0:0:1 - - [25/十月/2017:08:34:18:048 +0000] "GET /a_128k_21.m4s HTTP/1.1" 200 64888  7
0:0:0:0:0:0:0:1 - - [25/十月/2017:08:34:18:060 +0000] "GET /a_128k_22.m4s HTTP/1.1" 200 65737  9
0:0:0:0:0:0:0:1 - - [25/十月/2017:08:34:18:075 +0000] "GET /a_128k_23.m4s HTTP/1.1" 200 35708  70
0:0:0:0:0:0:0:1 - - [25/十月/2017:08:34:20:482 +0000] "GET /a_720p_8.m4s HTTP/1.1" 200 966733  164
0:0:0:0:0:0:0:1 - - [25/十月/2017:08:34:20:660 +0000] "GET /a_720p_9.m4s HTTP/1.1" 200 965583  122
0:0:0:0:0:0:0:1 - - [25/十月/2017:08:34:20:791 +0000] "GET /a_720p_10.m4s HTTP/1.1" 200 1122312  173
0:0:0:0:0:0:0:1 - - [25/十月/2017:08:34:21:037 +0000] "GET /a_720p_11.m4s HTTP/1.1" 200 870060  94
0:0:0:0:0:0:0:1 - - [25/十月/2017:08:34:21:140 +0000] "GET /a_720p_12.m4s HTTP/1.1" 200 1090711  120
0:0:0:0:0:0:0:1 - - [25/十月/2017:08:34:21:269 +0000] "GET /a_720p_13.m4s HTTP/1.1" 200 1244103  160
0:0:0:0:0:0:0:1 - - [25/十月/2017:08:34:21:440 +0000] "GET /a_720p_14.m4s HTTP/1.1" 200 966733  39
0:0:0:0:0:0:0:1 - - [25/十月/2017:08:34:21:487 +0000] "GET /a_720p_15.m4s HTTP/1.1" 200 965583  46
0:0:0:0:0:0:0:1 - - [25/十月/2017:08:34:21:545 +0000] "GET /a_720p_16.m4s HTTP/1.1" 200 1122312  52
0:0:0:0:0:0:0:1 - - [25/十月/2017:08:34:21:613 +0000] "GET /a_720p_17.m4s HTTP/1.1" 200 870060  37
0:0:0:0:0:0:0:1 - - [25/十月/2017:08:34:21:660 +0000] "GET /a_720p_18.m4s HTTP/1.1" 200 1090711  41
0:0:0:0:0:0:0:1 - - [25/十月/2017:08:34:21:712 +0000] "GET /a_720p_19.m4s HTTP/1.1" 200 1244103  50
0:0:0:0:0:0:0:1 - - [25/十月/2017:08:34:21:773 +0000] "GET /a_720p_20.m4s HTTP/1.1" 200 544443  131
0:0:0:0:0:0:0:1 - - [25/十月/2017:08:34:21:913 +0000] "GET /a_720p_21.m4s HTTP/1.1" 200 916751  119
0:0:0:0:0:0:0:1 - - [25/十月/2017:08:34:22:041 +0000] "GET /a_720p_22.m4s HTTP/1.1" 200 1076307  123
0:0:0:0:0:0:0:1 - - [25/十月/2017:08:34:22:176 +0000] "GET /a_720p_23.m4s HTTP/1.1" 200 27335  35
0:0:0:0:0:0:0:1 - - [25/十月/2017:08:35:13:699 +0000] "GET /index.html HTTP/1.1" 304 0  85
0:0:0:0:0:0:0:1 - - [25/十月/2017:08:35:14:121 +0000] "GET /a_1080p_1.m4s HTTP/1.1" 200 2238300  215
0:0:0:0:0:0:0:1 - - [25/十月/2017:08:35:14:497 +0000] "GET /a_1080p_5.m4s HTTP/1.1" 304 0  9
0:0:0:0:0:0:0:1 - - [25/十月/2017:08:35:14:585 +0000] "GET /a_1080p_8.m4s HTTP/1.1" 200 3250803  182
0:0:0:0:0:0:0:1 - - [25/十月/2017:08:35:14:802 +0000] "GET /a_1080p_9.m4s HTTP/1.1" 200 1780900  116
0:0:0:0:0:0:0:1 - - [25/十月/2017:08:35:14:928 +0000] "GET /a_128k_5.m4s HTTP/1.1" 304 0  4
0:0:0:0:0:0:0:1 - - [25/十月/2017:08:35:14:978 +0000] "GET /a_128k_7.m4s HTTP/1.1" 304 0  32
0:0:0:0:0:0:0:1 - - [25/十月/2017:08:35:15:025 +0000] "GET /a_128k_8.m4s HTTP/1.1" 304 0  13
0:0:0:0:0:0:0:1 - - [25/十月/2017:08:35:15:056 +0000] "GET /a_128k_9.m4s HTTP/1.1" 304 0  4
0:0:0:0:0:0:0:1 - - [25/十月/2017:08:35:14:953 +0000] "GET /a_1080p_10.m4s HTTP/1.1" 200 1715218  114
0:0:0:0:0:0:0:1 - - [25/十月/2017:08:35:15:106 +0000] "GET /a_128k_10.m4s HTTP/1.1" 304 0  5
0:0:0:0:0:0:0:1 - - [25/十月/2017:08:35:15:133 +0000] "GET /a_128k_12.m4s HTTP/1.1" 304 0  3
0:0:0:0:0:0:0:1 - - [25/十月/2017:08:35:15:270 +0000] "GET /a_128k_17.m4s HTTP/1.1" 304 0  37
0:0:0:0:0:0:0:1 - - [25/十月/2017:08:35:15:420 +0000] "GET /a_128k_19.m4s HTTP/1.1" 304 0  81
0:0:0:0:0:0:0:1 - - [25/十月/2017:08:35:15:524 +0000] "GET /a_128k_20.m4s HTTP/1.1" 304 0  31
0:0:0:0:0:0:0:1 - - [25/十月/2017:08:35:15:571 +0000] "GET /a_128k_21.m4s HTTP/1.1" 304 0  10
0:0:0:0:0:0:0:1 - - [25/十月/2017:08:35:15:106 +0000] "GET /a_1080p_11.m4s HTTP/1.1" 200 1469943  484
0:0:0:0:0:0:0:1 - - [25/十月/2017:08:35:15:606 +0000] "GET /a_128k_22.m4s HTTP/1.1" 304 0  5
0:0:0:0:0:0:0:1 - - [25/十月/2017:08:35:19:208 +0000] "GET /a_720p_14.m4s HTTP/1.1" 304 0  17
0:0:0:0:0:0:0:1 - - [25/十月/2017:08:35:19:257 +0000] "GET /a_720p_15.m4s HTTP/1.1" 304 0  12
0:0:0:0:0:0:0:1 - - [25/十月/2017:08:35:19:296 +0000] "GET /a_720p_16.m4s HTTP/1.1" 304 0  3
0:0:0:0:0:0:0:1 - - [25/十月/2017:08:35:19:331 +0000] "GET /a_720p_17.m4s HTTP/1.1" 304 0  4
0:0:0:0:0:0:0:1 - - [25/十月/2017:08:35:19:367 +0000] "GET /a_720p_18.m4s HTTP/1.1" 304 0  3
0:0:0:0:0:0:0:1 - - [25/十月/2017:08:35:19:398 +0000] "GET /a_720p_19.m4s HTTP/1.1" 304 0  4
0:0:0:0:0:0:0:1 - - [25/十月/2017:08:50:10:215 +0000] "GET /index.html HTTP/1.1" 200 350  77
0:0:0:0:0:0:0:1 - - [25/十月/2017:08:50:10:339 +0000] "GET /dash.js HTTP/1.1" 200 531827  63
0:0:0:0:0:0:0:1 - - [25/十月/2017:08:50:10:528 +0000] "GET /a_manifest_orig.mpd HTTP/1.1" 206 1902  17
0:0:0:0:0:0:0:1 - - [25/十月/2017:08:50:10:600 +0000] "GET /a_manifest_orig.mpd HTTP/1.1" 200 1902  7
0:0:0:0:0:0:0:1 - - [25/十月/2017:08:50:10:659 +0000] "GET /a_360p_i.mp4 HTTP/1.1" 200 899  6
0:0:0:0:0:0:0:1 - - [25/十月/2017:08:50:10:664 +0000] "GET /a_128k_i.mp4 HTTP/1.1" 200 837  7
0:0:0:0:0:0:0:1 - - [25/十月/2017:08:50:10:710 +0000] "GET /a_128k_1.m4s HTTP/1.1" 200 50878  52
0:0:0:0:0:0:0:1 - - [25/十月/2017:08:50:10:694 +0000] "GET /a_360p_1.m4s HTTP/1.1" 200 486040  136
0:0:0:0:0:0:0:1 - - [25/十月/2017:08:50:10:792 +0000] "GET /a_128k_2.m4s HTTP/1.1" 200 65096  42
0:0:0:0:0:0:0:1 - - [25/十月/2017:08:50:10:859 +0000] "GET /a_1080p_i.mp4 HTTP/1.1" 200 901  18
0:0:0:0:0:0:0:1 - - [25/十月/2017:08:50:10:892 +0000] "GET /a_1080p_2.m4s HTTP/1.1" 200 3250803  375
0:0:0:0:0:0:0:1 - - [25/十月/2017:08:50:11:368 +0000] "GET /a_128k_3.m4s HTTP/1.1" 200 65107  46
0:0:0:0:0:0:0:1 - - [25/十月/2017:08:50:11:299 +0000] "GET /a_1080p_3.m4s HTTP/1.1" 200 1780900  230
0:0:0:0:0:0:0:1 - - [25/十月/2017:08:50:11:549 +0000] "GET /a_1080p_4.m4s HTTP/1.1" 200 1715218  183
0:0:0:0:0:0:0:1 - - [25/十月/2017:08:50:11:938 +0000] "GET /a_128k_4.m4s HTTP/1.1" 200 65453  31
0:0:0:0:0:0:0:1 - - [25/十月/2017:08:50:11:986 +0000] "GET /a_128k_5.m4s HTTP/1.1" 200 65280  18
0:0:0:0:0:0:0:1 - - [25/十月/2017:08:50:11:752 +0000] "GET /a_1080p_5.m4s HTTP/1.1" 200 1463094  252
0:0:0:0:0:0:0:1 - - [25/十月/2017:08:50:12:029 +0000] "GET /a_1080p_6.m4s HTTP/1.1" 200 1417446  144
0:0:0:0:0:0:0:1 - - [25/十月/2017:08:50:12:192 +0000] "GET /a_1080p_7.m4s HTTP/1.1" 200 1517406  178
0:0:0:0:0:0:0:1 - - [25/十月/2017:08:50:12:527 +0000] "GET /a_128k_6.m4s HTTP/1.1" 200 65793  18
0:0:0:0:0:0:0:1 - - [25/十月/2017:08:50:12:559 +0000] "GET /a_128k_7.m4s HTTP/1.1" 200 50878  14
0:0:0:0:0:0:0:1 - - [25/十月/2017:08:50:12:392 +0000] "GET /a_1080p_8.m4s HTTP/1.1" 200 3250803  208
0:0:0:0:0:0:0:1 - - [25/十月/2017:08:50:12:585 +0000] "GET /a_128k_8.m4s HTTP/1.1" 200 65096  16
0:0:0:0:0:0:0:1 - - [25/十月/2017:08:50:12:630 +0000] "GET /a_128k_9.m4s HTTP/1.1" 200 65107  8
0:0:0:0:0:0:0:1 - - [25/十月/2017:08:50:12:656 +0000] "GET /a_128k_10.m4s HTTP/1.1" 200 65453  36
0:0:0:0:0:0:0:1 - - [25/十月/2017:08:50:12:706 +0000] "GET /a_128k_11.m4s HTTP/1.1" 200 65280  12
0:0:0:0:0:0:0:1 - - [25/十月/2017:08:50:12:732 +0000] "GET /a_128k_12.m4s HTTP/1.1" 200 65793  25
0:0:0:0:0:0:0:1 - - [25/十月/2017:08:50:12:771 +0000] "GET /a_128k_13.m4s HTTP/1.1" 200 65843  29
0:0:0:0:0:0:0:1 - - [25/十月/2017:08:50:12:645 +0000] "GET /a_1080p_9.m4s HTTP/1.1" 200 1780900  177
0:0:0:0:0:0:0:1 - - [25/十月/2017:08:50:12:807 +0000] "GET /a_128k_14.m4s HTTP/1.1" 200 64963  25
0:0:0:0:0:0:0:1 - - [25/十月/2017:08:50:12:847 +0000] "GET /a_128k_15.m4s HTTP/1.1" 200 64888  19
0:0:0:0:0:0:0:1 - - [25/十月/2017:08:50:12:912 +0000] "GET /a_128k_16.m4s HTTP/1.1" 200 65737  35
0:0:0:0:0:0:0:1 - - [25/十月/2017:08:50:12:964 +0000] "GET /a_128k_17.m4s HTTP/1.1" 200 65550  17
0:0:0:0:0:0:0:1 - - [25/十月/2017:08:50:12:994 +0000] "GET /a_128k_18.m4s HTTP/1.1" 200 66753  16
0:0:0:0:0:0:0:1 - - [25/十月/2017:08:50:12:871 +0000] "GET /a_1080p_10.m4s HTTP/1.1" 200 1715218  152
0:0:0:0:0:0:0:1 - - [25/十月/2017:08:50:13:020 +0000] "GET /a_128k_19.m4s HTTP/1.1" 200 65843  16
0:0:0:0:0:0:0:1 - - [25/十月/2017:08:50:13:049 +0000] "GET /a_128k_20.m4s HTTP/1.1" 200 64963  13
0:0:0:0:0:0:0:1 - - [25/十月/2017:08:50:13:094 +0000] "GET /a_128k_21.m4s HTTP/1.1" 200 64888  20
0:0:0:0:0:0:0:1 - - [25/十月/2017:08:50:13:126 +0000] "GET /a_128k_22.m4s HTTP/1.1" 200 65737  15
0:0:0:0:0:0:0:1 - - [25/十月/2017:08:50:13:063 +0000] "GET /a_1080p_11.m4s HTTP/1.1" 200 1463094  100
0:0:0:0:0:0:0:1 - - [25/十月/2017:08:50:13:159 +0000] "GET /a_128k_23.m4s HTTP/1.1" 200 65550  22
0:0:0:0:0:0:0:1 - - [25/十月/2017:08:50:13:186 +0000] "GET /a_1080p_12.m4s HTTP/1.1" 200 1417446  82
0:0:0:0:0:0:0:1 - - [25/十月/2017:08:50:13:304 +0000] "GET /a_1080p_13.m4s HTTP/1.1" 200 1517406  78
0:0:0:0:0:0:0:1 - - [25/十月/2017:08:50:13:400 +0000] "GET /a_1080p_14.m4s HTTP/1.1" 200 1385360  148
0:0:0:0:0:0:0:1 - - [25/十月/2017:08:50:13:565 +0000] "GET /a_1080p_15.m4s HTTP/1.1" 200 1267308  173
0:0:0:0:0:0:0:1 - - [25/十月/2017:08:50:13:757 +0000] "GET /a_1080p_16.m4s HTTP/1.1" 200 1224189  155
0:0:0:0:0:0:0:1 - - [25/十月/2017:08:50:13:932 +0000] "GET /a_1080p_17.m4s HTTP/1.1" 200 838454  91
0:0:0:0:0:0:0:1 - - [25/十月/2017:08:50:14:038 +0000] "GET /a_1080p_18.m4s HTTP/1.1" 200 1126770  163
0:0:0:0:0:0:0:1 - - [25/十月/2017:08:50:14:219 +0000] "GET /a_1080p_19.m4s HTTP/1.1" 200 1361954  181
0:0:0:0:0:0:0:1 - - [25/十月/2017:08:50:14:418 +0000] "GET /a_1080p_20.m4s HTTP/1.1" 200 1385360  71
0:0:0:0:0:0:0:1 - - [25/十月/2017:08:50:14:508 +0000] "GET /a_1080p_21.m4s HTTP/1.1" 200 1267308  72
0:0:0:0:0:0:0:1 - - [25/十月/2017:08:50:14:599 +0000] "GET /a_1080p_22.m4s HTTP/1.1" 200 1224189  64
0:0:0:0:0:0:0:1 - - [25/十月/2017:08:50:14:682 +0000] "GET /a_1080p_23.m4s HTTP/1.1" 200 838454  45
0:0:0:0:0:0:0:1 - - [25/十月/2017:09:14:25:698 +0000] "GET /index.html HTTP/1.1" 200 350  71
0:0:0:0:0:0:0:1 - - [25/十月/2017:09:14:25:791 +0000] "GET /dash.js HTTP/1.1" 200 531827  85
0:0:0:0:0:0:0:1 - - [25/十月/2017:09:14:25:992 +0000] "GET /a_manifest_orig.mpd HTTP/1.1" 206 1902  10
0:0:0:0:0:0:0:1 - - [25/十月/2017:09:14:26:041 +0000] "GET /a_manifest_orig.mpd HTTP/1.1" 200 1902  6
0:0:0:0:0:0:0:1 - - [25/十月/2017:09:14:26:106 +0000] "GET /a_360p_i.mp4 HTTP/1.1" 200 899  12
0:0:0:0:0:0:0:1 - - [25/十月/2017:09:14:26:114 +0000] "GET /a_128k_i.mp4 HTTP/1.1" 200 837  14
0:0:0:0:0:0:0:1 - - [25/十月/2017:09:14:26:191 +0000] "GET /a_128k_1.m4s HTTP/1.1" 200 50878  61
0:0:0:0:0:0:0:1 - - [25/十月/2017:09:14:26:146 +0000] "GET /a_360p_1.m4s HTTP/1.1" 200 486040  147
0:0:0:0:0:0:0:1 - - [25/十月/2017:09:14:26:283 +0000] "GET /a_128k_2.m4s HTTP/1.1" 200 65096  26
0:0:0:0:0:0:0:1 - - [25/十月/2017:09:14:26:337 +0000] "GET /a_1080p_i.mp4 HTTP/1.1" 200 901  13
0:0:0:0:0:0:0:1 - - [25/十月/2017:09:14:26:367 +0000] "GET /a_1080p_2.m4s HTTP/1.1" 200 3250803  385
0:0:0:0:0:0:0:1 - - [25/十月/2017:09:14:26:851 +0000] "GET /a_128k_3.m4s HTTP/1.1" 200 65107  57
0:0:0:0:0:0:0:1 - - [25/十月/2017:09:14:26:788 +0000] "GET /a_1080p_3.m4s HTTP/1.1" 200 1780900  225
0:0:0:0:0:0:0:1 - - [25/十月/2017:09:14:27:034 +0000] "GET /a_1080p_4.m4s HTTP/1.1" 200 1715218  177
0:0:0:0:0:0:0:1 - - [25/十月/2017:09:14:27:235 +0000] "GET /a_1080p_5.m4s HTTP/1.1" 200 1463094  88
0:0:0:0:0:0:0:1 - - [25/十月/2017:09:14:27:424 +0000] "GET /a_128k_4.m4s HTTP/1.1" 200 65453  67
0:0:0:0:0:0:0:1 - - [25/十月/2017:09:14:27:505 +0000] "GET /a_128k_5.m4s HTTP/1.1" 200 65280  18
0:0:0:0:0:0:0:1 - - [25/十月/2017:09:14:27:540 +0000] "GET /a_128k_6.m4s HTTP/1.1" 200 65793  17
0:0:0:0:0:0:0:1 - - [25/十月/2017:09:14:27:344 +0000] "GET /a_1080p_6.m4s HTTP/1.1" 200 1417446  232
0:0:0:0:0:0:0:1 - - [25/十月/2017:09:14:27:592 +0000] "GET /a_1080p_7.m4s HTTP/1.1" 200 1517406  158
0:0:0:0:0:0:0:1 - - [25/十月/2017:09:14:27:771 +0000] "GET /a_1080p_8.m4s HTTP/1.1" 200 1457489  93
0:0:0:0:0:0:0:1 - - [25/十月/2017:09:14:28:067 +0000] "GET /a_128k_7.m4s HTTP/1.1" 200 65411  10
0:0:0:0:0:0:0:1 - - [25/十月/2017:09:14:28:086 +0000] "GET /a_128k_8.m4s HTTP/1.1" 200 64944  18
0:0:0:0:0:0:0:1 - - [25/十月/2017:09:14:28:115 +0000] "GET /a_128k_9.m4s HTTP/1.1" 200 65078  16
0:0:0:0:0:0:0:1 - - [25/十月/2017:09:14:28:885 +0000] "GET /a_1080p_9.m4s HTTP/1.1" 200 1456690  140
0:0:0:0:0:0:0:1 - - [25/十月/2017:09:14:29:643 +0000] "GET /a_128k_10.m4s HTTP/1.1" 200 65241  36
0:0:0:0:0:0:0:1 - - [25/十月/2017:09:14:33:052 +0000] "GET /a_1080p_10.m4s HTTP/1.1" 200 1782782  154
0:0:0:0:0:0:0:1 - - [25/十月/2017:09:14:33:696 +0000] "GET /a_128k_11.m4s HTTP/1.1" 200 64715  35
0:0:0:0:0:0:0:1 - - [25/十月/2017:09:14:36:740 +0000] "GET /a_1080p_11.m4s HTTP/1.1" 200 1469943  195
0:0:0:0:0:0:0:1 - - [25/十月/2017:09:14:37:244 +0000] "GET /a_128k_12.m4s HTTP/1.1" 200 65253  10
0:0:0:0:0:0:0:1 - - [25/十月/2017:09:14:40:965 +0000] "GET /a_1080p_12.m4s HTTP/1.1" 200 1677635  140
0:0:0:0:0:0:0:1 - - [25/十月/2017:09:14:41:270 +0000] "GET /a_128k_13.m4s HTTP/1.1" 200 65843  11
0:0:0:0:0:0:0:1 - - [25/十月/2017:09:14:44:635 +0000] "GET /a_1080p_13.m4s HTTP/1.1" 200 1963016  154
0:0:0:0:0:0:0:1 - - [25/十月/2017:09:14:45:306 +0000] "GET /a_128k_14.m4s HTTP/1.1" 200 64963  13
0:0:0:0:0:0:0:1 - - [25/十月/2017:09:14:48:828 +0000] "GET /a_1080p_14.m4s HTTP/1.1" 200 1385360  172
0:0:0:0:0:0:0:1 - - [25/十月/2017:09:14:49:352 +0000] "GET /a_128k_15.m4s HTTP/1.1" 200 64888  33
0:0:0:0:0:0:0:1 - - [25/十月/2017:09:14:53:028 +0000] "GET /a_1080p_15.m4s HTTP/1.1" 200 1267308  161
0:0:0:0:0:0:0:1 - - [25/十月/2017:09:14:53:402 +0000] "GET /a_128k_16.m4s HTTP/1.1" 200 65737  13
0:0:0:0:0:0:0:1 - - [25/十月/2017:09:14:56:719 +0000] "GET /a_1080p_16.m4s HTTP/1.1" 200 1224189  186
0:0:0:0:0:0:0:1 - - [25/十月/2017:09:14:56:934 +0000] "GET /a_128k_17.m4s HTTP/1.1" 200 65550  15
0:0:0:0:0:0:0:1 - - [25/十月/2017:09:15:00:942 +0000] "GET /a_1080p_17.m4s HTTP/1.1" 200 838454  92
0:0:0:0:0:0:0:1 - - [25/十月/2017:09:15:01:471 +0000] "GET /a_128k_18.m4s HTTP/1.1" 200 66753  47
0:0:0:0:0:0:0:1 - - [25/十月/2017:09:15:03:969 +0000] "GET /a_1080p_18.m4s HTTP/1.1" 200 1126770  179
0:0:0:0:0:0:0:1 - - [25/十月/2017:09:15:04:175 +0000] "GET /a_1080p_19.m4s HTTP/1.1" 200 1361954  178
0:0:0:0:0:0:0:1 - - [25/十月/2017:09:15:04:372 +0000] "GET /a_1080p_20.m4s HTTP/1.1" 200 696510  40
0:0:0:0:0:0:0:1 - - [25/十月/2017:09:15:04:476 +0000] "GET /a_128k_19.m4s HTTP/1.1" 200 65884  25
0:0:0:0:0:0:0:1 - - [25/十月/2017:09:15:04:511 +0000] "GET /a_128k_20.m4s HTTP/1.1" 200 65255  19
0:0:0:0:0:0:0:1 - - [25/十月/2017:09:15:04:542 +0000] "GET /a_128k_21.m4s HTTP/1.1" 200 66091  16
0:0:0:0:0:0:0:1 - - [25/十月/2017:09:15:04:427 +0000] "GET /a_1080p_21.m4s HTTP/1.1" 200 1301860  138
0:0:0:0:0:0:0:1 - - [25/十月/2017:09:15:04:582 +0000] "GET /a_1080p_22.m4s HTTP/1.1" 200 1614199  92
0:0:0:0:0:0:0:1 - - [25/十月/2017:09:15:04:692 +0000] "GET /a_1080p_23.m4s HTTP/1.1" 200 38866  53
0:0:0:0:0:0:0:1 - - [25/十月/2017:09:15:05:083 +0000] "GET /a_128k_22.m4s HTTP/1.1" 200 66690  35
0:0:0:0:0:0:0:1 - - [25/十月/2017:09:15:05:128 +0000] "GET /a_128k_23.m4s HTTP/1.1" 200 35708  13
