0:0:0:0:0:0:0:1 - - [29/十月/2017:15:00:50:654 +0000] "GET /hello HTTP/1.1" 200 34  26
0:0:0:0:0:0:0:1 - - [29/十月/2017:15:00:50:912 +0000] "GET /favicon.ico HTTP/1.1" 404 1026  958
0:0:0:0:0:0:0:1 - - [29/十月/2017:15:00:55:753 +0000] "GET / HTTP/1.1" 200 350  98
0:0:0:0:0:0:0:1 - - [29/十月/2017:15:00:55:865 +0000] "GET /dash.js HTTP/1.1" 304 0  142
0:0:0:0:0:0:0:1 - - [29/十月/2017:15:00:56:324 +0000] "GET /a_manifest_orig.mpd HTTP/1.1" 304 0  87
0:0:0:0:0:0:0:1 - - [29/十月/2017:15:00:56:468 +0000] "GET /a_manifest_orig.mpd HTTP/1.1" 304 0  9
0:0:0:0:0:0:0:1 - - [29/十月/2017:15:00:56:523 +0000] "GET /a_128k_i.mp4 HTTP/1.1" 304 0  83
0:0:0:0:0:0:0:1 - - [29/十月/2017:15:00:56:521 +0000] "GET /a_360p_i.mp4 HTTP/1.1" 304 0  86
0:0:0:0:0:0:0:1 - - [29/十月/2017:15:00:56:633 +0000] "GET /a_128k_1.m4s HTTP/1.1" 304 0  26
0:0:0:0:0:0:0:1 - - [29/十月/2017:15:00:56:639 +0000] "GET /a_360p_1.m4s HTTP/1.1" 304 0  21
0:0:0:0:0:0:0:1 - - [29/十月/2017:15:00:56:836 +0000] "GET /a_128k_2.m4s HTTP/1.1" 304 0  16
0:0:0:0:0:0:0:1 - - [29/十月/2017:15:00:57:245 +0000] "GET /a_1080p_i.mp4 HTTP/1.1" 304 0  102
0:0:0:0:0:0:0:1 - - [29/十月/2017:15:00:57:472 +0000] "GET /a_1080p_2.m4s HTTP/1.1" 304 0  42
0:0:0:0:0:0:0:1 - - [29/十月/2017:15:00:58:530 +0000] "GET /a_1080p_3.m4s HTTP/1.1" 304 0  6
0:0:0:0:0:0:0:1 - - [29/十月/2017:15:00:58:840 +0000] "GET /a_128k_3.m4s HTTP/1.1" 304 0  11
0:0:0:0:0:0:0:1 - - [29/十月/2017:15:00:59:462 +0000] "GET /a_1080p_4.m4s HTTP/1.1" 304 0  14
0:0:0:0:0:0:0:1 - - [29/十月/2017:15:00:59:669 +0000] "GET /a_128k_4.m4s HTTP/1.1" 304 0  845
0:0:0:0:0:0:0:1 - - [29/十月/2017:15:01:00:607 +0000] "GET /a_128k_5.m4s HTTP/1.1" 200 65280  144
0:0:0:0:0:0:0:1 - - [29/十月/2017:15:01:00:280 +0000] "GET /a_1080p_5.m4s HTTP/1.1" 200 1463094  1588
0:0:0:0:0:0:0:1 - - [29/十月/2017:15:01:01:906 +0000] "GET /a_1080p_6.m4s HTTP/1.1" 304 0  6
0:0:0:0:0:0:0:1 - - [29/十月/2017:15:01:02:009 +0000] "GET /a_1080p_7.m4s HTTP/1.1" 304 0  6
0:0:0:0:0:0:0:1 - - [29/十月/2017:15:01:02:307 +0000] "GET /a_128k_6.m4s HTTP/1.1" 304 0  6
0:0:0:0:0:0:0:1 - - [29/十月/2017:15:01:02:628 +0000] "GET /a_128k_7.m4s HTTP/1.1" 200 65411  413
0:0:0:0:0:0:0:1 - - [29/十月/2017:15:01:03:053 +0000] "GET /a_128k_8.m4s HTTP/1.1" 200 64944  139
0:0:0:0:0:0:0:1 - - [29/十月/2017:15:01:03:035 +0000] "GET /a_1080p_8.m4s HTTP/1.1" 200 1457489  342
0:0:0:0:0:0:0:1 - - [29/十月/2017:15:01:03:386 +0000] "GET /a_1080p_9.m4s HTTP/1.1" 200 1456690  152
0:0:0:0:0:0:0:1 - - [29/十月/2017:15:01:03:546 +0000] "GET /a_1080p_10.m4s HTTP/1.1" 200 1782782  105
0:0:0:0:0:0:0:1 - - [29/十月/2017:15:01:03:699 +0000] "GET /a_128k_9.m4s HTTP/1.1" 200 65078  65
0:0:0:0:0:0:0:1 - - [29/十月/2017:15:01:03:770 +0000] "GET /a_128k_10.m4s HTTP/1.1" 200 65241  36
0:0:0:0:0:0:0:1 - - [29/十月/2017:15:01:03:814 +0000] "GET /a_128k_11.m4s HTTP/1.1" 304 0  6
0:0:0:0:0:0:0:1 - - [29/十月/2017:15:01:07:668 +0000] "GET /a_1080p_11.m4s HTTP/1.1" 304 0  52
0:0:0:0:0:0:0:1 - - [29/十月/2017:15:01:08:374 +0000] "GET /a_128k_12.m4s HTTP/1.1" 200 65253  43
0:0:0:0:0:0:0:1 - - [29/十月/2017:15:01:11:475 +0000] "GET /a_1080p_12.m4s HTTP/1.1" 200 1677635  296
0:0:0:0:0:0:0:1 - - [29/十月/2017:15:01:11:943 +0000] "GET /a_128k_13.m4s HTTP/1.1" 304 0  14
0:0:0:0:0:0:0:1 - - [29/十月/2017:15:01:15:797 +0000] "GET /a_1080p_13.m4s HTTP/1.1" 200 1963016  841
0:0:0:0:0:0:0:1 - - [29/十月/2017:15:01:17:061 +0000] "GET /a_128k_14.m4s HTTP/1.1" 304 0  4
0:0:0:0:0:0:0:1 - - [29/十月/2017:15:01:19:658 +0000] "GET /a_1080p_14.m4s HTTP/1.1" 304 0  7
0:0:0:0:0:0:0:1 - - [29/十月/2017:15:01:20:690 +0000] "GET /a_128k_15.m4s HTTP/1.1" 304 0  8
0:0:0:0:0:0:0:1 - - [29/十月/2017:15:01:23:653 +0000] "GET /a_1080p_15.m4s HTTP/1.1" 304 0  5
0:0:0:0:0:0:0:1 - - [29/十月/2017:15:01:24:321 +0000] "GET /a_128k_16.m4s HTTP/1.1" 304 0  8
0:0:0:0:0:0:0:1 - - [29/十月/2017:15:01:27:904 +0000] "GET /a_1080p_16.m4s HTTP/1.1" 304 0  6
0:0:0:0:0:0:0:1 - - [29/十月/2017:15:01:28:446 +0000] "GET /a_128k_17.m4s HTTP/1.1" 200 65550  62
0:0:0:0:0:0:0:1 - - [29/十月/2017:15:01:31:653 +0000] "GET /a_1080p_17.m4s HTTP/1.1" 200 838454  171
0:0:0:0:0:0:0:1 - - [29/十月/2017:15:01:32:047 +0000] "GET /a_128k_18.m4s HTTP/1.1" 304 0  8
0:0:0:0:0:0:0:1 - - [29/十月/2017:15:01:35:845 +0000] "GET /a_1080p_18.m4s HTTP/1.1" 304 0  7
0:0:0:0:0:0:0:1 - - [29/十月/2017:15:01:36:647 +0000] "GET /a_128k_19.m4s HTTP/1.1" 200 65884  76
0:0:0:0:0:0:0:1 - - [29/十月/2017:15:01:39:765 +0000] "GET /a_1080p_19.m4s HTTP/1.1" 304 0  26
0:0:0:0:0:0:0:1 - - [29/十月/2017:15:01:40:266 +0000] "GET /a_128k_20.m4s HTTP/1.1" 200 65255  93
0:0:0:0:0:0:0:1 - - [29/十月/2017:15:01:43:737 +0000] "GET /a_1080p_20.m4s HTTP/1.1" 200 696510  125
0:0:0:0:0:0:0:1 - - [29/十月/2017:15:01:44:376 +0000] "GET /a_128k_21.m4s HTTP/1.1" 200 66091  64
0:0:0:0:0:0:0:1 - - [29/十月/2017:15:01:46:831 +0000] "GET /a_1080p_21.m4s HTTP/1.1" 200 1301860  180
0:0:0:0:0:0:0:1 - - [29/十月/2017:15:01:47:020 +0000] "GET /a_1080p_22.m4s HTTP/1.1" 200 1614199  85
0:0:0:0:0:0:0:1 - - [29/十月/2017:15:01:47:127 +0000] "GET /a_1080p_23.m4s HTTP/1.1" 304 0  4
0:0:0:0:0:0:0:1 - - [29/十月/2017:15:01:47:332 +0000] "GET /a_128k_22.m4s HTTP/1.1" 200 66690  36
0:0:0:0:0:0:0:1 - - [29/十月/2017:15:01:47:374 +0000] "GET /a_128k_23.m4s HTTP/1.1" 304 0  3
0:0:0:0:0:0:0:1 - - [29/十月/2017:15:03:48:953 +0000] "GET /hello HTTP/1.1" 500 3170  21
0:0:0:0:0:0:0:1 - - [29/十月/2017:15:04:21:624 +0000] "GET /hello HTTP/1.1" 200 31  10
