10.108.147.170 - - [1/十一月/2017:00:19:41:456 +0000] "GET /favicon.ico HTTP/1.1" 200 0  60
0:0:0:0:0:0:0:1 - - [1/十一月/2017:01:00:14:108 +0000] "GET /index.html HTTP/1.1" 200 351  83
0:0:0:0:0:0:0:1 - - [1/十一月/2017:01:00:14:197 +0000] "GET /dash.js HTTP/1.1" 200 531827  56
0:0:0:0:0:0:0:1 - - [1/十一月/2017:01:00:14:349 +0000] "GET /b_manifest_orig.mpd HTTP/1.1" 206 1905  7
0:0:0:0:0:0:0:1 - - [1/十一月/2017:01:00:14:396 +0000] "GET /b_manifest_orig.mpd HTTP/1.1" 200 1905  8
0:0:0:0:0:0:0:1 - - [1/十一月/2017:01:00:14:402 +0000] "GET /favicon.ico HTTP/1.1" 404 1020  8
0:0:0:0:0:0:0:1 - - [1/十一月/2017:01:00:14:452 +0000] "GET /b_360p_i.mp4 HTTP/1.1" 200 1218  7
0:0:0:0:0:0:0:1 - - [1/十一月/2017:01:00:14:453 +0000] "GET /b_128k_i.mp4 HTTP/1.1" 200 1132  7
0:0:0:0:0:0:0:1 - - [1/十一月/2017:01:00:14:474 +0000] "GET /b_128k_1.m4s HTTP/1.1" 200 129824  23
0:0:0:0:0:0:0:1 - - [1/十一月/2017:01:00:14:472 +0000] "GET /b_360p_1.m4s HTTP/1.1" 200 223709  42
0:0:0:0:0:0:0:1 - - [1/十一月/2017:01:00:14:521 +0000] "GET /b_1080p_i.mp4 HTTP/1.1" 200 1219  6
0:0:0:0:0:0:0:1 - - [1/十一月/2017:01:00:14:521 +0000] "GET /b_128k_2.m4s HTTP/1.1" 200 129877  16
0:0:0:0:0:0:0:1 - - [1/十一月/2017:01:00:14:603 +0000] "GET /b_1080p_2.m4s HTTP/1.1" 200 6630217  568
0:0:0:0:0:0:0:1 - - [1/十一月/2017:01:00:15:197 +0000] "GET /b_1080p_3.m4s HTTP/1.1" 200 2514560  221
0:0:0:0:0:0:0:1 - - [1/十一月/2017:01:00:15:429 +0000] "GET /b_1080p_4.m4s HTTP/1.1" 200 946907  86
0:0:0:0:0:0:0:1 - - [1/十一月/2017:01:00:15:613 +0000] "GET /b_128k_3.m4s HTTP/1.1" 200 129880  35
0:0:0:0:0:0:0:1 - - [1/十一月/2017:01:00:15:730 +0000] "GET /b_128k_4.m4s HTTP/1.1" 200 129902  55
0:0:0:0:0:0:0:1 - - [1/十一月/2017:01:00:15:523 +0000] "GET /b_1080p_5.m4s HTTP/1.1" 200 3970575  416
0:0:0:0:0:0:0:1 - - [1/十一月/2017:01:00:15:954 +0000] "GET /b_1080p_6.m4s HTTP/1.1" 200 1772823  157
0:0:0:0:0:0:0:1 - - [1/十一月/2017:01:00:16:122 +0000] "GET /b_1080p_7.m4s HTTP/1.1" 200 1792958  159
0:0:0:0:0:0:0:1 - - [1/十一月/2017:01:00:16:294 +0000] "GET /b_128k_5.m4s HTTP/1.1" 200 129803  37
0:0:0:0:0:0:0:1 - - [1/十一月/2017:01:00:16:338 +0000] "GET /b_128k_6.m4s HTTP/1.1" 200 129824  28
0:0:0:0:0:0:0:1 - - [1/十一月/2017:01:00:16:291 +0000] "GET /b_1080p_8.m4s HTTP/1.1" 200 1168404  126
0:0:0:0:0:0:0:1 - - [1/十一月/2017:01:00:16:425 +0000] "GET /b_1080p_9.m4s HTTP/1.1" 200 3201797  279
0:0:0:0:0:0:0:1 - - [1/十一月/2017:01:00:16:717 +0000] "GET /b_1080p_10.m4s HTTP/1.1" 200 707169  64
0:0:0:0:0:0:0:1 - - [1/十一月/2017:01:00:16:875 +0000] "GET /b_128k_7.m4s HTTP/1.1" 200 129883  19
0:0:0:0:0:0:0:1 - - [1/十一月/2017:01:00:16:903 +0000] "GET /b_128k_8.m4s HTTP/1.1" 200 130159  18
0:0:0:0:0:0:0:1 - - [1/十一月/2017:01:00:16:928 +0000] "GET /b_128k_9.m4s HTTP/1.1" 200 130142  17
0:0:0:0:0:0:0:1 - - [1/十一月/2017:01:00:19:486 +0000] "GET /dash.all.min.js.map HTTP/1.1" 404 1036  7
0:0:0:0:0:0:0:1 - - [1/十一月/2017:01:00:20:298 +0000] "GET /b_1080p_11.m4s HTTP/1.1" 200 860658  81
0:0:0:0:0:0:0:1 - - [1/十一月/2017:01:00:23:401 +0000] "GET /b_1080p_12.m4s HTTP/1.1" 200 2849756  251
0:0:0:0:0:0:0:1 - - [1/十一月/2017:01:00:23:972 +0000] "GET /b_128k_10.m4s HTTP/1.1" 200 129994  18
0:0:0:0:0:0:0:1 - - [1/十一月/2017:01:00:31:197 +0000] "GET /b_1080p_13.m4s HTTP/1.1" 200 1758897  158
0:0:0:0:0:0:0:1 - - [1/十一月/2017:01:00:35:384 +0000] "GET /b_1080p_14.m4s HTTP/1.1" 200 3416536  297
0:0:0:0:0:0:0:1 - - [1/十一月/2017:01:00:36:052 +0000] "GET /b_128k_11.m4s HTTP/1.1" 200 130254  19
0:0:0:0:0:0:0:1 - - [1/十一月/2017:01:00:39:721 +0000] "GET /b_1080p_15.m4s HTTP/1.1" 200 1700957  152
0:0:0:0:0:0:0:1 - - [1/十一月/2017:01:00:40:091 +0000] "GET /b_128k_12.m4s HTTP/1.1" 200 129908  18
0:0:0:0:0:0:0:1 - - [1/十一月/2017:01:00:47:910 +0000] "GET /b_1080p_16.m4s HTTP/1.1" 200 1148114  111
0:0:0:0:0:0:0:1 - - [1/十一月/2017:01:00:51:047 +0000] "GET /b_1080p_17.m4s HTTP/1.1" 200 1190981  109
0:0:0:0:0:0:0:1 - - [1/十一月/2017:01:00:51:650 +0000] "GET /b_128k_13.m4s HTTP/1.1" 200 130190  19
0:0:0:0:0:0:0:1 - - [1/十一月/2017:01:00:59:213 +0000] "GET /b_1080p_18.m4s HTTP/1.1" 200 1774028  157
0:0:0:0:0:0:0:1 - - [1/十一月/2017:01:00:59:707 +0000] "GET /b_128k_14.m4s HTTP/1.1" 200 130017  18
0:0:0:0:0:0:0:1 - - [1/十一月/2017:01:01:03:905 +0000] "GET /b_1080p_19.m4s HTTP/1.1" 200 2614302  230
0:0:0:0:0:0:0:1 - - [1/十一月/2017:01:01:04:243 +0000] "GET /b_128k_15.m4s HTTP/1.1" 200 130054  19
0:0:0:0:0:0:0:1 - - [1/十一月/2017:01:01:11:688 +0000] "GET /b_1080p_20.m4s HTTP/1.1" 200 2919683  307
0:0:0:0:0:0:0:1 - - [1/十一月/2017:01:01:12:291 +0000] "GET /b_128k_16.m4s HTTP/1.1" 200 130009  19
0:0:0:0:0:0:0:1 - - [1/十一月/2017:01:01:17:529 +0000] "GET /b_1080p_21.m4s HTTP/1.1" 200 3212057  277
0:0:0:0:0:0:0:1 - - [1/十一月/2017:01:01:22:849 +0000] "GET /b_1080p_22.m4s HTTP/1.1" 200 1125281  104
0:0:0:0:0:0:0:1 - - [1/十一月/2017:01:01:23:361 +0000] "GET /b_128k_17.m4s HTTP/1.1" 200 130115  19
0:0:0:0:0:0:0:1 - - [1/十一月/2017:01:01:26:984 +0000] "GET /b_1080p_23.m4s HTTP/1.1" 200 3123141  273
0:0:0:0:0:0:0:1 - - [1/十一月/2017:01:01:27:398 +0000] "GET /b_128k_18.m4s HTTP/1.1" 200 130319  19
0:0:0:0:0:0:0:1 - - [1/十一月/2017:01:01:34:805 +0000] "GET /b_1080p_24.m4s HTTP/1.1" 200 131401  19
0:0:0:0:0:0:0:1 - - [1/十一月/2017:01:01:34:833 +0000] "GET /b_1080p_25.m4s HTTP/1.1" 200 3470856  300
0:0:0:0:0:0:0:1 - - [1/十一月/2017:01:01:35:446 +0000] "GET /b_128k_19.m4s HTTP/1.1" 200 130146  18
0:0:0:0:0:0:0:1 - - [1/十一月/2017:01:01:42:678 +0000] "GET /b_1080p_26.m4s HTTP/1.1" 200 2177117  192
0:0:0:0:0:0:0:1 - - [1/十一月/2017:01:01:42:987 +0000] "GET /b_128k_20.m4s HTTP/1.1" 200 130013  18
0:0:0:0:0:0:0:1 - - [1/十一月/2017:01:01:48:907 +0000] "GET /b_1080p_27.m4s HTTP/1.1" 200 2512634  228
0:0:0:0:0:0:0:1 - - [1/十一月/2017:01:01:49:531 +0000] "GET /b_128k_21.m4s HTTP/1.1" 200 130156  21
0:0:0:0:0:0:0:1 - - [1/十一月/2017:01:01:55:681 +0000] "GET /b_1080p_28.m4s HTTP/1.1" 200 2151929  257
0:0:0:0:0:0:0:1 - - [1/十一月/2017:01:02:02:982 +0000] "GET /b_1080p_29.m4s HTTP/1.1" 200 2505459  219
0:0:0:0:0:0:0:1 - - [1/十一月/2017:01:02:03:596 +0000] "GET /b_128k_22.m4s HTTP/1.1" 200 130054  18
0:0:0:0:0:0:0:1 - - [1/十一月/2017:01:02:09:240 +0000] "GET /b_1080p_30.m4s HTTP/1.1" 200 1492744  134
0:0:0:0:0:0:0:1 - - [1/十一月/2017:01:02:09:640 +0000] "GET /b_128k_23.m4s HTTP/1.1" 200 130225  21
0:0:0:0:0:0:0:1 - - [1/十一月/2017:01:02:15:907 +0000] "GET /b_1080p_31.m4s HTTP/1.1" 200 2134149  188
0:0:0:0:0:0:0:1 - - [1/十一月/2017:01:02:16:179 +0000] "GET /b_128k_24.m4s HTTP/1.1" 200 130255  19
0:0:0:0:0:0:0:1 - - [1/十一月/2017:01:02:20:127 +0000] "GET /b_1080p_32.m4s HTTP/1.1" 200 2817705  246
0:0:0:0:0:0:0:1 - - [1/十一月/2017:01:02:25:411 +0000] "GET /b_1080p_33.m4s HTTP/1.1" 200 2418576  216
0:0:0:0:0:0:0:1 - - [1/十一月/2017:01:02:25:725 +0000] "GET /b_128k_25.m4s HTTP/1.1" 200 130037  19
0:0:0:0:0:0:0:1 - - [1/十一月/2017:01:02:32:172 +0000] "GET /b_1080p_34.m4s HTTP/1.1" 200 3706743  327
0:0:0:0:0:0:0:1 - - [1/十一月/2017:01:02:32:774 +0000] "GET /b_128k_26.m4s HTTP/1.1" 200 130394  18
0:0:0:0:0:0:0:1 - - [1/十一月/2017:01:02:39:545 +0000] "GET /b_1080p_35.m4s HTTP/1.1" 200 2307872  203
0:0:0:0:0:0:0:1 - - [1/十一月/2017:01:02:39:814 +0000] "GET /b_128k_27.m4s HTTP/1.1" 200 130080  18
0:0:0:0:0:0:0:1 - - [1/十一月/2017:01:02:46:790 +0000] "GET /b_1080p_36.m4s HTTP/1.1" 200 4028855  359
0:0:0:0:0:0:0:1 - - [1/十一月/2017:01:02:47:360 +0000] "GET /b_128k_28.m4s HTTP/1.1" 200 130061  18
0:0:0:0:0:0:0:1 - - [1/十一月/2017:01:02:53:198 +0000] "GET /b_1080p_37.m4s HTTP/1.1" 200 1789354  160
0:0:0:0:0:0:0:1 - - [1/十一月/2017:01:02:53:399 +0000] "GET /b_128k_29.m4s HTTP/1.1" 200 130070  18
0:0:0:0:0:0:0:1 - - [1/十一月/2017:01:03:00:393 +0000] "GET /b_1080p_38.m4s HTTP/1.1" 200 2387587  211
0:0:0:0:0:0:0:1 - - [1/十一月/2017:01:03:06:146 +0000] "GET /b_1080p_39.m4s HTTP/1.1" 200 2097005  187
0:0:0:0:0:0:0:1 - - [1/十一月/2017:01:03:06:460 +0000] "GET /b_128k_30.m4s HTTP/1.1" 200 130165  18
0:0:0:0:0:0:0:1 - - [1/十一月/2017:01:03:12:367 +0000] "GET /b_1080p_40.m4s HTTP/1.1" 200 1748824  156
0:0:0:0:0:0:0:1 - - [1/十一月/2017:01:03:13:005 +0000] "GET /b_128k_31.m4s HTTP/1.1" 200 130097  18
0:0:0:0:0:0:0:1 - - [1/十一月/2017:01:03:20:060 +0000] "GET /b_1080p_41.m4s HTTP/1.1" 200 1945573  174
0:0:0:0:0:0:0:1 - - [1/十一月/2017:01:03:23:269 +0000] "GET /b_1080p_42.m4s HTTP/1.1" 200 3785245  328
0:0:0:0:0:0:0:1 - - [1/十一月/2017:01:03:24:061 +0000] "GET /b_128k_32.m4s HTTP/1.1" 200 130053  20
0:0:0:0:0:0:0:1 - - [1/十一月/2017:01:03:30:646 +0000] "GET /b_1080p_43.m4s HTTP/1.1" 200 3011070  263
0:0:0:0:0:0:0:1 - - [1/十一月/2017:01:03:31:109 +0000] "GET /b_128k_33.m4s HTTP/1.1" 200 130044  19
0:0:0:0:0:0:0:1 - - [1/十一月/2017:01:03:38:455 +0000] "GET /b_1080p_44.m4s HTTP/1.1" 200 2902758  253
0:0:0:0:0:0:0:1 - - [1/十一月/2017:01:03:39:161 +0000] "GET /b_128k_34.m4s HTTP/1.1" 200 130023  18
0:0:0:0:0:0:0:1 - - [1/十一月/2017:01:03:46:256 +0000] "GET /b_1080p_45.m4s HTTP/1.1" 200 1278006  116
0:0:0:0:0:0:0:1 - - [1/十一月/2017:01:03:46:701 +0000] "GET /b_128k_35.m4s HTTP/1.1" 200 130139  18
0:0:0:0:0:0:0:1 - - [1/十一月/2017:01:03:49:911 +0000] "GET /b_1080p_46.m4s HTTP/1.1" 200 3941245  340
0:0:0:0:0:0:0:1 - - [1/十一月/2017:01:03:50:746 +0000] "GET /b_128k_36.m4s HTTP/1.1" 200 130027  18
0:0:0:0:0:0:0:1 - - [1/十一月/2017:01:03:57:294 +0000] "GET /b_1080p_47.m4s HTTP/1.1" 200 3222826  279
0:0:0:0:0:0:0:1 - - [1/十一月/2017:01:03:57:815 +0000] "GET /b_128k_37.m4s HTTP/1.1" 200 130069  47
0:0:0:0:0:0:0:1 - - [1/十一月/2017:02:09:42:042 +0000] "GET /index.html HTTP/1.1" 200 351  141
0:0:0:0:0:0:0:1 - - [1/十一月/2017:02:09:42:417 +0000] "GET /dash.js HTTP/1.1" 200 531827  74
0:0:0:0:0:0:0:1 - - [1/十一月/2017:02:09:42:569 +0000] "GET /b_manifest_orig.mpd HTTP/1.1" 206 1905  13
0:0:0:0:0:0:0:1 - - [1/十一月/2017:02:09:42:614 +0000] "GET /b_manifest_orig.mpd HTTP/1.1" 200 1905  11
0:0:0:0:0:0:0:1 - - [1/十一月/2017:02:09:42:736 +0000] "GET /favicon.ico HTTP/1.1" 404 1020  18
0:0:0:0:0:0:0:1 - - [1/十一月/2017:02:09:42:759 +0000] "GET /b_360p_i.mp4 HTTP/1.1" 200 1218  14
0:0:0:0:0:0:0:1 - - [1/十一月/2017:02:09:42:760 +0000] "GET /b_128k_i.mp4 HTTP/1.1" 200 1132  22
0:0:0:0:0:0:0:1 - - [1/十一月/2017:02:09:42:791 +0000] "GET /b_128k_1.m4s HTTP/1.1" 200 129824  21
0:0:0:0:0:0:0:1 - - [1/十一月/2017:02:09:42:784 +0000] "GET /b_360p_1.m4s HTTP/1.1" 200 223709  44
0:0:0:0:0:0:0:1 - - [1/十一月/2017:02:09:42:837 +0000] "GET /b_1080p_i.mp4 HTTP/1.1" 200 1219  11
0:0:0:0:0:0:0:1 - - [1/十一月/2017:02:09:42:840 +0000] "GET /b_128k_2.m4s HTTP/1.1" 200 129877  21
0:0:0:0:0:0:0:1 - - [1/十一月/2017:02:09:42:855 +0000] "GET /b_1080p_2.m4s HTTP/1.1" 500 2811  29
0:0:0:0:0:0:0:1 - - [1/十一月/2017:02:09:43:909 +0000] "GET /b_1080p_2.m4s HTTP/1.1" 500 2811  5
0:0:0:0:0:0:0:1 - - [1/十一月/2017:02:09:44:919 +0000] "GET /b_1080p_2.m4s HTTP/1.1" 500 2811  5
0:0:0:0:0:0:0:1 - - [1/十一月/2017:02:09:45:928 +0000] "GET /b_1080p_2.m4s HTTP/1.1" 500 2811  4
0:0:0:0:0:0:0:1 - - [1/十一月/2017:05:28:19:510 +0000] "GET /index.html HTTP/1.1" 200 351  49
0:0:0:0:0:0:0:1 - - [1/十一月/2017:05:28:19:579 +0000] "GET /dash.js HTTP/1.1" 200 531827  59
0:0:0:0:0:0:0:1 - - [1/十一月/2017:05:28:19:703 +0000] "GET /b_manifest_orig.mpd HTTP/1.1" 206 1905  9
0:0:0:0:0:0:0:1 - - [1/十一月/2017:05:28:19:741 +0000] "GET /b_manifest_orig.mpd HTTP/1.1" 200 1905  8
0:0:0:0:0:0:0:1 - - [1/十一月/2017:05:28:19:754 +0000] "GET /favicon.ico HTTP/1.1" 404 1020  17
0:0:0:0:0:0:0:1 - - [1/十一月/2017:05:28:19:798 +0000] "GET /b_360p_i.mp4 HTTP/1.1" 200 1218  8
0:0:0:0:0:0:0:1 - - [1/十一月/2017:05:28:19:809 +0000] "GET /b_128k_i.mp4 HTTP/1.1" 200 1132  10
0:0:0:0:0:0:0:1 - - [1/十一月/2017:05:28:19:820 +0000] "GET /b_360p_1.m4s HTTP/1.1" 200 223709  28
0:0:0:0:0:0:0:1 - - [1/十一月/2017:05:28:19:824 +0000] "GET /b_128k_1.m4s HTTP/1.1" 200 129824  35
0:0:0:0:0:0:0:1 - - [1/十一月/2017:05:28:19:857 +0000] "GET /b_1080p_i.mp4 HTTP/1.1" 200 1219  8
0:0:0:0:0:0:0:1 - - [1/十一月/2017:05:28:19:879 +0000] "GET /b_1080p_2.m4s HTTP/1.1" 500 2811  13
0:0:0:0:0:0:0:1 - - [1/十一月/2017:05:28:19:876 +0000] "GET /b_128k_2.m4s HTTP/1.1" 200 129877  19
0:0:0:0:0:0:0:1 - - [1/十一月/2017:05:28:20:897 +0000] "GET /b_1080p_2.m4s HTTP/1.1" 500 2811  6
0:0:0:0:0:0:0:1 - - [1/十一月/2017:05:28:21:908 +0000] "GET /b_1080p_2.m4s HTTP/1.1" 500 2811  3
0:0:0:0:0:0:0:1 - - [1/十一月/2017:05:28:22:914 +0000] "GET /b_1080p_2.m4s HTTP/1.1" 500 2811  3
0:0:0:0:0:0:0:1 - - [1/十一月/2017:05:28:23:201 +0000] "GET /dash.all.min.js.map HTTP/1.1" 500 2817  2
0:0:0:0:0:0:0:1 - - [1/十一月/2017:05:29:46:554 +0000] "GET /index.html HTTP/1.1" 200 351  50
0:0:0:0:0:0:0:1 - - [1/十一月/2017:05:29:46:614 +0000] "GET /dash.js HTTP/1.1" 200 531827  54
0:0:0:0:0:0:0:1 - - [1/十一月/2017:05:29:46:741 +0000] "GET /b_manifest_orig.mpd HTTP/1.1" 206 1905  10
0:0:0:0:0:0:0:1 - - [1/十一月/2017:05:29:46:778 +0000] "GET /b_manifest_orig.mpd HTTP/1.1" 200 1905  8
0:0:0:0:0:0:0:1 - - [1/十一月/2017:05:29:46:785 +0000] "GET /favicon.ico HTTP/1.1" 404 1020  9
0:0:0:0:0:0:0:1 - - [1/十一月/2017:05:29:46:845 +0000] "GET /b_360p_i.mp4 HTTP/1.1" 200 1218  9
0:0:0:0:0:0:0:1 - - [1/十一月/2017:05:29:46:848 +0000] "GET /b_128k_i.mp4 HTTP/1.1" 200 1132  12
0:0:0:0:0:0:0:1 - - [1/十一月/2017:05:29:46:867 +0000] "GET /dash.all.min.js.map HTTP/1.1" 404 1036  11
0:0:0:0:0:0:0:1 - - [1/十一月/2017:05:29:46:868 +0000] "GET /b_360p_1.m4s HTTP/1.1" 200 223709  36
0:0:0:0:0:0:0:1 - - [1/十一月/2017:05:29:46:883 +0000] "GET /b_128k_1.m4s HTTP/1.1" 200 129824  26
0:0:0:0:0:0:0:1 - - [1/十一月/2017:05:29:46:917 +0000] "GET /b_1080p_i.mp4 HTTP/1.1" 200 1219  6
0:0:0:0:0:0:0:1 - - [1/十一月/2017:05:29:46:928 +0000] "GET /b_128k_2.m4s HTTP/1.1" 200 129877  15
0:0:0:0:0:0:0:1 - - [1/十一月/2017:05:29:46:946 +0000] "GET /b_1080p_2.m4s HTTP/1.1" 500 2811  14
0:0:0:0:0:0:0:1 - - [1/十一月/2017:05:29:47:967 +0000] "GET /b_1080p_2.m4s HTTP/1.1" 500 2811  5
0:0:0:0:0:0:0:1 - - [1/十一月/2017:05:29:48:979 +0000] "GET /b_1080p_2.m4s HTTP/1.1" 500 2811  5
0:0:0:0:0:0:0:1 - - [1/十一月/2017:05:29:49:989 +0000] "GET /b_1080p_2.m4s HTTP/1.1" 500 2811  3
0:0:0:0:0:0:0:1 - - [1/十一月/2017:05:32:10:966 +0000] "GET /index.html HTTP/1.1" 200 351  100
0:0:0:0:0:0:0:1 - - [1/十一月/2017:05:32:11:081 +0000] "GET /dash.js HTTP/1.1" 200 531827  63
0:0:0:0:0:0:0:1 - - [1/十一月/2017:05:32:11:247 +0000] "GET /b_manifest_orig.mpd HTTP/1.1" 206 1905  10
0:0:0:0:0:0:0:1 - - [1/十一月/2017:05:32:11:250 +0000] "GET /dash.all.min.js.map HTTP/1.1" 404 1036  18
0:0:0:0:0:0:0:1 - - [1/十一月/2017:05:32:11:292 +0000] "GET /b_manifest_orig.mpd HTTP/1.1" 200 1905  10
0:0:0:0:0:0:0:1 - - [1/十一月/2017:05:32:11:308 +0000] "GET /favicon.ico HTTP/1.1" 404 1020  9
0:0:0:0:0:0:0:1 - - [1/十一月/2017:05:32:11:382 +0000] "GET /b_360p_i.mp4 HTTP/1.1" 200 1218  10
0:0:0:0:0:0:0:1 - - [1/十一月/2017:05:32:11:385 +0000] "GET /b_128k_i.mp4 HTTP/1.1" 200 1132  17
0:0:0:0:0:0:0:1 - - [1/十一月/2017:05:32:11:435 +0000] "GET /b_360p_1.m4s HTTP/1.1" 200 223709  38
0:0:0:0:0:0:0:1 - - [1/十一月/2017:05:32:11:437 +0000] "GET /b_128k_1.m4s HTTP/1.1" 200 129824  39
0:0:0:0:0:0:0:1 - - [1/十一月/2017:05:32:11:494 +0000] "GET /b_1080p_i.mp4 HTTP/1.1" 200 1219  8
0:0:0:0:0:0:0:1 - - [1/十一月/2017:05:32:11:502 +0000] "GET /b_128k_2.m4s HTTP/1.1" 200 129877  24
0:0:0:0:0:0:0:1 - - [1/十一月/2017:05:32:11:516 +0000] "GET /b_1080p_2.m4s HTTP/1.1" 500 2811  20
0:0:0:0:0:0:0:1 - - [1/十一月/2017:05:32:12:545 +0000] "GET /b_1080p_2.m4s HTTP/1.1" 500 2811  6
0:0:0:0:0:0:0:1 - - [1/十一月/2017:05:32:13:557 +0000] "GET /b_1080p_2.m4s HTTP/1.1" 500 2811  5
0:0:0:0:0:0:0:1 - - [1/十一月/2017:05:32:14:568 +0000] "GET /b_1080p_2.m4s HTTP/1.1" 500 2811  6
0:0:0:0:0:0:0:1 - - [1/十一月/2017:05:51:29:716 +0000] "GET /index.html HTTP/1.1" 200 351  48
0:0:0:0:0:0:0:1 - - [1/十一月/2017:05:51:29:775 +0000] "GET /dash.js HTTP/1.1" 200 531827  56
0:0:0:0:0:0:0:1 - - [1/十一月/2017:05:51:29:912 +0000] "GET /dash.all.min.js.map HTTP/1.1" 404 1036  9
0:0:0:0:0:0:0:1 - - [1/十一月/2017:05:51:29:915 +0000] "GET /b_manifest_orig.mpd HTTP/1.1" 206 1905  12
0:0:0:0:0:0:0:1 - - [1/十一月/2017:05:51:29:954 +0000] "GET /b_manifest_orig.mpd HTTP/1.1" 200 1905  7
0:0:0:0:0:0:0:1 - - [1/十一月/2017:05:51:29:960 +0000] "GET /favicon.ico HTTP/1.1" 404 1020  8
0:0:0:0:0:0:0:1 - - [1/十一月/2017:05:51:30:010 +0000] "GET /b_360p_i.mp4 HTTP/1.1" 200 1218  9
0:0:0:0:0:0:0:1 - - [1/十一月/2017:05:51:30:012 +0000] "GET /b_128k_i.mp4 HTTP/1.1" 200 1132  9
0:0:0:0:0:0:0:1 - - [1/十一月/2017:05:51:30:038 +0000] "GET /b_360p_1.m4s HTTP/1.1" 200 223709  31
0:0:0:0:0:0:0:1 - - [1/十一月/2017:05:51:30:041 +0000] "GET /b_128k_1.m4s HTTP/1.1" 200 129824  38
0:0:0:0:0:0:0:1 - - [1/十一月/2017:05:51:30:085 +0000] "GET /b_1080p_i.mp4 HTTP/1.1" 200 1219  6
0:0:0:0:0:0:0:1 - - [1/十一月/2017:05:51:30:101 +0000] "GET /b_128k_2.m4s HTTP/1.1" 200 129877  19
0:0:0:0:0:0:0:1 - - [1/十一月/2017:05:51:30:107 +0000] "GET /b_1080p_2.m4s HTTP/1.1" 200 6630217  597
0:0:0:0:0:0:0:1 - - [1/十一月/2017:05:51:30:763 +0000] "GET /b_1080p_3.m4s HTTP/1.1" 200 2514560  262
0:0:0:0:0:0:0:1 - - [1/十一月/2017:05:51:31:050 +0000] "GET /b_1080p_4.m4s HTTP/1.1" 200 946907  166
0:0:0:0:0:0:0:1 - - [1/十一月/2017:05:51:31:148 +0000] "GET /b_128k_3.m4s HTTP/1.1" 200 129880  78
0:0:0:0:0:0:0:1 - - [1/十一月/2017:05:51:31:243 +0000] "GET /b_1080p_5.m4s HTTP/1.1" 200 3970575  423
0:0:0:0:0:0:0:1 - - [1/十一月/2017:05:51:31:739 +0000] "GET /b_128k_4.m4s HTTP/1.1" 200 129902  129
0:0:0:0:0:0:0:1 - - [1/十一月/2017:05:51:31:882 +0000] "GET /b_128k_5.m4s HTTP/1.1" 200 129803  144
0:0:0:0:0:0:0:1 - - [1/十一月/2017:05:51:31:702 +0000] "GET /b_1080p_6.m4s HTTP/1.1" 200 1772823  343
0:0:0:0:0:0:0:1 - - [1/十一月/2017:05:51:32:067 +0000] "GET /b_1080p_7.m4s HTTP/1.1" 200 1792958  243
0:0:0:0:0:0:0:1 - - [1/十一月/2017:05:51:32:329 +0000] "GET /b_1080p_8.m4s HTTP/1.1" 200 1168404  114
0:0:0:0:0:0:0:1 - - [1/十一月/2017:05:51:32:540 +0000] "GET /b_128k_6.m4s HTTP/1.1" 200 129824  125
0:0:0:0:0:0:0:1 - - [1/十一月/2017:05:51:32:676 +0000] "GET /b_128k_7.m4s HTTP/1.1" 200 129883  85
0:0:0:0:0:0:0:1 - - [1/十一月/2017:05:51:32:477 +0000] "GET /b_1080p_9.m4s HTTP/1.1" 200 3201797  399
0:0:0:0:0:0:0:1 - - [1/十一月/2017:05:51:32:966 +0000] "GET /b_1080p_10.m4s HTTP/1.1" 200 707169  126
0:0:0:0:0:0:0:1 - - [1/十一月/2017:05:51:33:271 +0000] "GET /b_128k_8.m4s HTTP/1.1" 200 130159  68
0:0:0:0:0:0:0:1 - - [1/十一月/2017:05:51:33:351 +0000] "GET /b_128k_9.m4s HTTP/1.1" 200 130142  62
0:0:0:0:0:0:0:1 - - [1/十一月/2017:05:51:36:116 +0000] "GET /b_1080p_11.m4s HTTP/1.1" 200 860658  178
0:0:0:0:0:0:0:1 - - [1/十一月/2017:05:51:38:818 +0000] "GET /b_1080p_12.m4s HTTP/1.1" 200 2849756  395
0:0:0:0:0:0:0:1 - - [1/十一月/2017:05:51:39:435 +0000] "GET /b_128k_10.m4s HTTP/1.1" 200 129994  96
0:0:0:0:0:0:0:1 - - [1/十一月/2017:05:51:46:262 +0000] "GET /b_1080p_13.m4s HTTP/1.1" 200 1758897  219
0:0:0:0:0:0:0:1 - - [1/十一月/2017:05:51:51:013 +0000] "GET /b_1080p_14.m4s HTTP/1.1" 200 3416536  369
0:0:0:0:0:0:0:1 - - [1/十一月/2017:05:51:51:569 +0000] "GET /b_128k_11.m4s HTTP/1.1" 200 130254  61
0:0:0:0:0:0:0:1 - - [1/十一月/2017:05:51:54:926 +0000] "GET /b_1080p_15.m4s HTTP/1.1" 200 1700957  228
0:0:0:0:0:0:0:1 - - [1/十一月/2017:05:51:55:655 +0000] "GET /b_128k_12.m4s HTTP/1.1" 200 129908  502
0:0:0:0:0:0:0:1 - - [1/十一月/2017:05:52:03:195 +0000] "GET /b_1080p_16.m4s HTTP/1.1" 200 1148114  187
0:0:0:0:0:0:0:1 - - [1/十一月/2017:05:52:06:407 +0000] "GET /b_1080p_17.m4s HTTP/1.1" 200 1190981  154
0:0:0:0:0:0:0:1 - - [1/十一月/2017:05:52:06:692 +0000] "GET /b_128k_13.m4s HTTP/1.1" 200 130190  282
0:0:0:0:0:0:0:1 - - [1/十一月/2017:05:52:06:987 +0000] "GET /b_128k_14.m4s HTTP/1.1" 200 130017  80
0:0:0:0:0:0:0:1 - - [1/十一月/2017:05:52:14:593 +0000] "GET /b_1080p_18.m4s HTTP/1.1" 200 1774028  488
0:0:0:0:0:0:0:1 - - [1/十一月/2017:05:52:19:108 +0000] "GET /b_1080p_19.m4s HTTP/1.1" 200 2614302  322
0:0:0:0:0:0:0:1 - - [1/十一月/2017:05:52:19:605 +0000] "GET /b_128k_15.m4s HTTP/1.1" 200 130054  168
0:0:0:0:0:0:0:1 - - [1/十一月/2017:05:52:26:975 +0000] "GET /b_1080p_20.m4s HTTP/1.1" 200 2919683  309
0:0:0:0:0:0:0:1 - - [1/十一月/2017:05:52:27:812 +0000] "GET /b_128k_16.m4s HTTP/1.1" 200 130009  117
0:0:0:0:0:0:0:1 - - [1/十一月/2017:05:52:33:331 +0000] "GET /b_1080p_21.m4s HTTP/1.1" 200 3212057  354
0:0:0:0:0:0:0:1 - - [1/十一月/2017:05:52:38:725 +0000] "GET /b_1080p_22.m4s HTTP/1.1" 200 1125281  174
0:0:0:0:0:0:0:1 - - [1/十一月/2017:05:52:38:983 +0000] "GET /b_128k_17.m4s HTTP/1.1" 200 130115  82
0:0:0:0:0:0:0:1 - - [1/十一月/2017:05:52:41:925 +0000] "GET /b_1080p_23.m4s HTTP/1.1" 200 3123141  340
0:0:0:0:0:0:0:1 - - [1/十一月/2017:05:52:42:587 +0000] "GET /b_128k_18.m4s HTTP/1.1" 200 130319  95
0:0:0:0:0:0:0:1 - - [1/十一月/2017:05:52:49:823 +0000] "GET /b_1080p_24.m4s HTTP/1.1" 200 131401  82
0:0:0:0:0:0:0:1 - - [1/十一月/2017:05:52:50:418 +0000] "GET /b_1080p_25.m4s HTTP/1.1" 200 3470856  370
0:0:0:0:0:0:0:1 - - [1/十一月/2017:05:52:51:231 +0000] "GET /b_128k_19.m4s HTTP/1.1" 200 130146  108
0:0:0:0:0:0:0:1 - - [1/十一月/2017:05:52:58:347 +0000] "GET /b_1080p_26.m4s HTTP/1.1" 200 2177117  264
0:0:0:0:0:0:0:1 - - [1/十一月/2017:05:52:58:881 +0000] "GET /b_128k_20.m4s HTTP/1.1" 200 130013  94
0:0:0:0:0:0:0:1 - - [1/十一月/2017:05:53:04:150 +0000] "GET /b_1080p_27.m4s HTTP/1.1" 200 2512634  338
0:0:0:0:0:0:0:1 - - [1/十一月/2017:05:53:04:520 +0000] "GET /b_128k_21.m4s HTTP/1.1" 200 130156  43
0:0:0:0:0:0:0:1 - - [1/十一月/2017:05:53:11:039 +0000] "GET /b_1080p_28.m4s HTTP/1.1" 200 2151929  229
0:0:0:0:0:0:0:1 - - [1/十一月/2017:05:53:18:324 +0000] "GET /b_1080p_29.m4s HTTP/1.1" 200 2505459  302
0:0:0:0:0:0:0:1 - - [1/十一月/2017:05:53:19:140 +0000] "GET /b_128k_22.m4s HTTP/1.1" 200 130054  92
0:0:0:0:0:0:0:1 - - [1/十一月/2017:05:53:24:672 +0000] "GET /b_1080p_30.m4s HTTP/1.1" 200 1492744  221
0:0:0:0:0:0:0:1 - - [1/十一月/2017:05:53:25:288 +0000] "GET /b_128k_23.m4s HTTP/1.1" 200 130225  91
0:0:0:0:0:0:0:1 - - [1/十一月/2017:05:53:31:427 +0000] "GET /b_1080p_31.m4s HTTP/1.1" 200 2134149  260
0:0:0:0:0:0:0:1 - - [1/十一月/2017:05:53:31:908 +0000] "GET /b_128k_24.m4s HTTP/1.1" 200 130255  61
0:0:0:0:0:0:0:1 - - [1/十一月/2017:05:53:35:731 +0000] "GET /b_1080p_32.m4s HTTP/1.1" 200 2817705  532
0:0:0:0:0:0:0:1 - - [1/十一月/2017:05:53:41:300 +0000] "GET /b_1080p_33.m4s HTTP/1.1" 200 2418576  251
0:0:0:0:0:0:0:1 - - [1/十一月/2017:05:53:42:004 +0000] "GET /b_128k_25.m4s HTTP/1.1" 200 130037  76
0:0:0:0:0:0:0:1 - - [1/十一月/2017:05:53:47:090 +0000] "GET /b_1080p_34.m4s HTTP/1.1" 200 3706743  492
0:0:0:0:0:0:0:1 - - [1/十一月/2017:05:53:48:104 +0000] "GET /b_128k_26.m4s HTTP/1.1" 200 130394  103
0:0:0:0:0:0:0:1 - - [1/十一月/2017:05:53:55:136 +0000] "GET /b_1080p_35.m4s HTTP/1.1" 200 2307872  289
0:0:0:0:0:0:0:1 - - [1/十一月/2017:05:53:55:738 +0000] "GET /b_128k_27.m4s HTTP/1.1" 200 130080  56
0:0:0:0:0:0:0:1 - - [1/十一月/2017:05:54:02:487 +0000] "GET /b_1080p_36.m4s HTTP/1.1" 200 4028855  2922
0:0:0:0:0:0:0:1 - - [1/十一月/2017:05:54:05:844 +0000] "GET /b_128k_28.m4s HTTP/1.1" 200 130061  199
0:0:0:0:0:0:0:1 - - [1/十一月/2017:05:54:08:986 +0000] "GET /b_1080p_37.m4s HTTP/1.1" 200 1789354  215
0:0:0:0:0:0:0:1 - - [1/十一月/2017:05:54:09:577 +0000] "GET /b_128k_29.m4s HTTP/1.1" 200 130070  62
0:0:0:0:0:0:0:1 - - [1/十一月/2017:05:54:15:735 +0000] "GET /b_1080p_38.m4s HTTP/1.1" 200 2387587  274
0:0:0:0:0:0:0:1 - - [1/十一月/2017:05:54:21:565 +0000] "GET /b_1080p_39.m4s HTTP/1.1" 200 2097005  314
0:0:0:0:0:0:0:1 - - [1/十一月/2017:05:54:22:182 +0000] "GET /b_128k_30.m4s HTTP/1.1" 200 130165  40
0:0:0:0:0:0:0:1 - - [1/十一月/2017:05:54:27:917 +0000] "GET /b_1080p_40.m4s HTTP/1.1" 200 1748824  209
0:0:0:0:0:0:0:1 - - [1/十一月/2017:05:54:28:249 +0000] "GET /b_128k_31.m4s HTTP/1.1" 200 130097  72
0:0:0:0:0:0:0:1 - - [1/十一月/2017:05:54:35:675 +0000] "GET /b_1080p_41.m4s HTTP/1.1" 200 1945573  553
0:0:0:0:0:0:0:1 - - [1/十一月/2017:05:54:38:768 +0000] "GET /b_1080p_42.m4s HTTP/1.1" 200 3785245  393
0:0:0:0:0:0:0:1 - - [1/十一月/2017:05:54:39:391 +0000] "GET /b_128k_32.m4s HTTP/1.1" 200 130053  120
0:0:0:0:0:0:0:1 - - [1/十一月/2017:05:54:46:236 +0000] "GET /b_1080p_43.m4s HTTP/1.1" 200 3011070  628
0:0:0:0:0:0:0:1 - - [1/十一月/2017:05:54:47:044 +0000] "GET /b_128k_33.m4s HTTP/1.1" 200 130044  51
0:0:0:0:0:0:0:1 - - [1/十一月/2017:05:54:53:911 +0000] "GET /b_1080p_44.m4s HTTP/1.1" 200 2902758  355
0:0:0:0:0:0:0:1 - - [1/十一月/2017:05:54:54:639 +0000] "GET /b_128k_34.m4s HTTP/1.1" 200 130023  81
0:0:0:0:0:0:0:1 - - [1/十一月/2017:05:55:01:334 +0000] "GET /b_1080p_45.m4s HTTP/1.1" 200 1278006  173
0:0:0:0:0:0:0:1 - - [1/十一月/2017:05:55:01:751 +0000] "GET /b_128k_35.m4s HTTP/1.1" 200 130139  53
0:0:0:0:0:0:0:1 - - [1/十一月/2017:05:55:05:538 +0000] "GET /b_1080p_46.m4s HTTP/1.1" 200 3941245  427
0:0:0:0:0:0:0:1 - - [1/十一月/2017:05:55:06:332 +0000] "GET /b_128k_36.m4s HTTP/1.1" 200 130027  82
0:0:0:0:0:0:0:1 - - [1/十一月/2017:05:55:13:030 +0000] "GET /b_1080p_47.m4s HTTP/1.1" 200 3222826  355
0:0:0:0:0:0:0:1 - - [1/十一月/2017:05:55:13:435 +0000] "GET /b_128k_37.m4s HTTP/1.1" 200 130069  52
0:0:0:0:0:0:0:1 - - [1/十一月/2017:05:55:19:936 +0000] "GET /b_1080p_48.m4s HTTP/1.1" 200 1155956  154
0:0:0:0:0:0:0:1 - - [1/十一月/2017:05:55:20:536 +0000] "GET /b_128k_38.m4s HTTP/1.1" 200 130281  89
0:0:0:0:0:0:0:1 - - [1/十一月/2017:05:55:27:646 +0000] "GET /b_1080p_49.m4s HTTP/1.1" 200 2773697  581
0:0:0:0:0:0:0:1 - - [1/十一月/2017:05:55:28:661 +0000] "GET /b_128k_39.m4s HTTP/1.1" 200 129887  41
0:0:0:0:0:0:0:1 - - [1/十一月/2017:05:55:35:793 +0000] "GET /b_1080p_50.m4s HTTP/1.1" 200 3500575  354
0:0:0:0:0:0:0:1 - - [1/十一月/2017:05:55:40:184 +0000] "GET /b_1080p_51.m4s HTTP/1.1" 200 2857175  315
0:0:0:0:0:0:0:1 - - [1/十一月/2017:05:55:40:752 +0000] "GET /b_128k_40.m4s HTTP/1.1" 200 130033  72
0:0:0:0:0:0:0:1 - - [1/十一月/2017:05:55:48:048 +0000] "GET /b_1080p_52.m4s HTTP/1.1" 200 3629720  410
0:0:0:0:0:0:0:1 - - [1/十一月/2017:05:55:48:871 +0000] "GET /b_128k_41.m4s HTTP/1.1" 200 130003  75
0:0:0:0:0:0:0:1 - - [1/十一月/2017:05:55:54:501 +0000] "GET /b_1080p_53.m4s HTTP/1.1" 200 1843689  240
0:0:0:0:0:0:0:1 - - [1/十一月/2017:05:55:54:989 +0000] "GET /b_128k_42.m4s HTTP/1.1" 200 130580  87
0:0:0:0:0:0:0:1 - - [1/十一月/2017:05:55:59:283 +0000] "GET /b_1080p_54.m4s HTTP/1.1" 200 3497010  430
0:0:0:0:0:0:0:1 - - [1/十一月/2017:05:56:00:101 +0000] "GET /b_128k_43.m4s HTTP/1.1" 200 130228  67
0:0:0:0:0:0:0:1 - - [1/十一月/2017:05:56:07:287 +0000] "GET /b_1080p_55.m4s HTTP/1.1" 200 1462636  206
0:0:0:0:0:0:0:1 - - [1/十一月/2017:05:56:12:037 +0000] "GET /b_1080p_56.m4s HTTP/1.1" 200 464945  165
0:0:0:0:0:0:0:1 - - [1/十一月/2017:05:56:12:709 +0000] "GET /b_128k_44.m4s HTTP/1.1" 200 130547  155
0:0:0:0:0:0:0:1 - - [1/十一月/2017:05:56:14:720 +0000] "GET /b_1080p_57.m4s HTTP/1.1" 200 3891250  428
0:0:0:0:0:0:0:1 - - [1/十一月/2017:05:56:15:389 +0000] "GET /b_128k_45.m4s HTTP/1.1" 200 130217  114
0:0:0:0:0:0:0:1 - - [1/十一月/2017:05:56:23:200 +0000] "GET /b_1080p_58.m4s HTTP/1.1" 200 4076720  432
0:0:0:0:0:0:0:1 - - [1/十一月/2017:05:56:30:680 +0000] "GET /b_1080p_59.m4s HTTP/1.1" 200 4087912  437
0:0:0:0:0:0:0:1 - - [1/十一月/2017:05:56:31:559 +0000] "GET /b_128k_46.m4s HTTP/1.1" 200 130488  69
0:0:0:0:0:0:0:1 - - [1/十一月/2017:05:56:31:861 +0000] "GET /b_128k_47.m4s HTTP/1.1" 200 129983  81
0:0:0:0:0:0:0:1 - - [1/十一月/2017:05:56:38:678 +0000] "GET /b_1080p_60.m4s HTTP/1.1" 200 3021185  338
0:0:0:0:0:0:0:1 - - [1/十一月/2017:05:56:46:568 +0000] "GET /b_1080p_61.m4s HTTP/1.1" 200 1642094  226
0:0:0:0:0:0:0:1 - - [1/十一月/2017:05:56:47:017 +0000] "GET /b_128k_48.m4s HTTP/1.1" 200 130187  62
0:0:0:0:0:0:0:1 - - [1/十一月/2017:05:56:53:832 +0000] "GET /b_1080p_62.m4s HTTP/1.1" 200 627562  129
0:0:0:0:0:0:0:1 - - [1/十一月/2017:05:56:54:098 +0000] "GET /b_128k_49.m4s HTTP/1.1" 200 130287  45
0:0:0:0:0:0:0:1 - - [1/十一月/2017:05:56:55:978 +0000] "GET /b_1080p_63.m4s HTTP/1.1" 200 919005  140
0:0:0:0:0:0:0:1 - - [1/十一月/2017:05:56:56:163 +0000] "GET /b_128k_50.m4s HTTP/1.1" 200 130465  58
0:0:0:0:0:0:0:1 - - [1/十一月/2017:05:57:04:655 +0000] "GET /b_1080p_64.m4s HTTP/1.1" 200 1866231  259
0:0:0:0:0:0:0:1 - - [1/十一月/2017:05:57:05:293 +0000] "GET /b_128k_51.m4s HTTP/1.1" 200 130043  71
0:0:0:0:0:0:0:1 - - [1/十一月/2017:05:57:11:931 +0000] "GET /b_1080p_65.m4s HTTP/1.1" 200 537037  118
0:0:0:0:0:0:0:1 - - [1/十一月/2017:05:57:14:580 +0000] "GET /b_1080p_66.m4s HTTP/1.1" 200 1619130  235
0:0:0:0:0:0:0:1 - - [1/十一月/2017:05:57:14:895 +0000] "GET /b_128k_52.m4s HTTP/1.1" 200 130030  67
0:0:0:0:0:0:0:1 - - [1/十一月/2017:05:57:19:851 +0000] "GET /b_1080p_67.m4s HTTP/1.1" 200 2463220  270
0:0:0:0:0:0:0:1 - - [1/十一月/2017:05:57:20:494 +0000] "GET /b_128k_53.m4s HTTP/1.1" 200 130540  88
0:0:0:0:0:0:0:1 - - [1/十一月/2017:05:57:27:164 +0000] "GET /b_1080p_68.m4s HTTP/1.1" 200 2588806  292
0:0:0:0:0:0:0:1 - - [1/十一月/2017:05:57:27:637 +0000] "GET /b_128k_54.m4s HTTP/1.1" 200 129898  78
0:0:0:0:0:0:0:1 - - [1/十一月/2017:05:57:34:999 +0000] "GET /b_1080p_69.m4s HTTP/1.1" 200 7007562  878
0:0:0:0:0:0:0:1 - - [1/十一月/2017:05:57:42:443 +0000] "GET /b_1080p_70.m4s HTTP/1.1" 200 4450629  461
0:0:0:0:0:0:0:1 - - [1/十一月/2017:05:57:43:256 +0000] "GET /b_128k_55.m4s HTTP/1.1" 200 130087  81
0:0:0:0:0:0:0:1 - - [1/十一月/2017:05:57:48:955 +0000] "GET /b_1080p_71.m4s HTTP/1.1" 200 2073243  282
0:0:0:0:0:0:0:1 - - [1/十一月/2017:05:57:49:392 +0000] "GET /b_128k_56.m4s HTTP/1.1" 200 130152  71
0:0:0:0:0:0:0:1 - - [1/十一月/2017:05:57:55:793 +0000] "GET /b_1080p_72.m4s HTTP/1.1" 200 3027085  338
0:0:0:0:0:0:0:1 - - [1/十一月/2017:05:57:56:500 +0000] "GET /b_128k_57.m4s HTTP/1.1" 200 131224  91
0:0:0:0:0:0:0:1 - - [1/十一月/2017:05:57:59:668 +0000] "GET /b_1080p_73.m4s HTTP/1.1" 200 1064059  216
0:0:0:0:0:0:0:1 - - [1/十一月/2017:05:58:00:118 +0000] "GET /b_128k_58.m4s HTTP/1.1" 200 130645  171
0:0:0:0:0:0:0:1 - - [1/十一月/2017:05:58:06:926 +0000] "GET /b_1080p_74.m4s HTTP/1.1" 200 1285723  188
0:0:0:0:0:0:0:1 - - [1/十一月/2017:05:59:35:662 +0000] "GET /index.html HTTP/1.1" 200 351  50
0:0:0:0:0:0:0:1 - - [1/十一月/2017:05:59:35:738 +0000] "GET /dash.js HTTP/1.1" 200 531827  52
0:0:0:0:0:0:0:1 - - [1/十一月/2017:05:59:35:869 +0000] "GET /b_manifest_orig.mpd HTTP/1.1" 206 1905  5
0:0:0:0:0:0:0:1 - - [1/十一月/2017:05:59:35:910 +0000] "GET /b_manifest_orig.mpd HTTP/1.1" 200 1905  5
0:0:0:0:0:0:0:1 - - [1/十一月/2017:05:59:35:952 +0000] "GET /favicon.ico HTTP/1.1" 404 1020  7
0:0:0:0:0:0:0:1 - - [1/十一月/2017:05:59:36:041 +0000] "GET /b_360p_i.mp4 HTTP/1.1" 200 1218  16
0:0:0:0:0:0:0:1 - - [1/十一月/2017:05:59:36:041 +0000] "GET /b_128k_i.mp4 HTTP/1.1" 200 1132  16
0:0:0:0:0:0:0:1 - - [1/十一月/2017:05:59:36:090 +0000] "GET /b_128k_1.m4s HTTP/1.1" 200 129824  21
0:0:0:0:0:0:0:1 - - [1/十一月/2017:05:59:36:085 +0000] "GET /b_360p_1.m4s HTTP/1.1" 200 223709  39
0:0:0:0:0:0:0:1 - - [1/十一月/2017:05:59:36:132 +0000] "GET /b_1080p_i.mp4 HTTP/1.1" 200 1219  9
0:0:0:0:0:0:0:1 - - [1/十一月/2017:05:59:36:133 +0000] "GET /b_128k_2.m4s HTTP/1.1" 200 129877  17
0:0:0:0:0:0:0:1 - - [1/十一月/2017:05:59:36:148 +0000] "GET /b_1080p_2.m4s HTTP/1.1" 200 6630217  573
0:0:0:0:0:0:0:1 - - [1/十一月/2017:05:59:36:743 +0000] "GET /b_1080p_3.m4s HTTP/1.1" 200 2514560  218
0:0:0:0:0:0:0:1 - - [1/十一月/2017:05:59:36:975 +0000] "GET /b_1080p_4.m4s HTTP/1.1" 200 946907  84
0:0:0:0:0:0:0:1 - - [1/十一月/2017:05:59:37:159 +0000] "GET /b_128k_3.m4s HTTP/1.1" 200 129880  36
0:0:0:0:0:0:0:1 - - [1/十一月/2017:05:59:37:209 +0000] "GET /b_128k_4.m4s HTTP/1.1" 200 129902  41
0:0:0:0:0:0:0:1 - - [1/十一月/2017:05:59:37:067 +0000] "GET /b_1080p_5.m4s HTTP/1.1" 200 3970575  432
0:0:0:0:0:0:0:1 - - [1/十一月/2017:05:59:37:513 +0000] "GET /b_1080p_6.m4s HTTP/1.1" 200 1772823  176
0:0:0:0:0:0:0:1 - - [1/十一月/2017:05:59:37:757 +0000] "GET /b_128k_5.m4s HTTP/1.1" 200 129803  20
0:0:0:0:0:0:0:1 - - [1/十一月/2017:05:59:37:699 +0000] "GET /b_1080p_7.m4s HTTP/1.1" 200 1792958  166
0:0:0:0:0:0:0:1 - - [1/十一月/2017:05:59:37:875 +0000] "GET /b_1080p_8.m4s HTTP/1.1" 200 1168404  103
0:0:0:0:0:0:0:1 - - [1/十一月/2017:05:59:37:986 +0000] "GET /b_1080p_9.m4s HTTP/1.1" 200 3201797  276
0:0:0:0:0:0:0:1 - - [1/十一月/2017:05:59:38:284 +0000] "GET /b_128k_6.m4s HTTP/1.1" 200 129824  24
0:0:0:0:0:0:0:1 - - [1/十一月/2017:05:59:38:315 +0000] "GET /b_128k_7.m4s HTTP/1.1" 200 129883  33
0:0:0:0:0:0:0:1 - - [1/十一月/2017:05:59:38:354 +0000] "GET /b_128k_8.m4s HTTP/1.1" 200 130159  25
0:0:0:0:0:0:0:1 - - [1/十一月/2017:05:59:38:275 +0000] "GET /b_1080p_10.m4s HTTP/1.1" 200 707169  107
0:0:0:0:0:0:0:1 - - [1/十一月/2017:05:59:38:887 +0000] "GET /b_128k_9.m4s HTTP/1.1" 200 130142  17
0:0:0:0:0:0:0:1 - - [1/十一月/2017:05:59:41:896 +0000] "GET /b_1080p_11.m4s HTTP/1.1" 200 860658  79
0:0:0:0:0:0:0:1 - - [1/十一月/2017:05:59:44:988 +0000] "GET /b_1080p_12.m4s HTTP/1.1" 200 2849756  246
0:0:0:0:0:0:0:1 - - [1/十一月/2017:05:59:45:422 +0000] "GET /b_128k_10.m4s HTTP/1.1" 200 129994  17
0:0:0:0:0:0:0:1 - - [1/十一月/2017:05:59:52:262 +0000] "GET /b_1080p_13.m4s HTTP/1.1" 200 1758897  154
0:0:0:0:0:0:0:1 - - [1/十一月/2017:05:59:56:937 +0000] "GET /b_1080p_14.m4s HTTP/1.1" 200 3416536  294
0:0:0:0:0:0:0:1 - - [1/十一月/2017:05:59:57:467 +0000] "GET /b_128k_11.m4s HTTP/1.1" 200 130254  14
0:0:0:0:0:0:0:1 - - [1/十一月/2017:06:00:01:255 +0000] "GET /b_1080p_15.m4s HTTP/1.1" 200 1700957  170
0:0:0:0:0:0:0:1 - - [1/十一月/2017:06:00:01:494 +0000] "GET /b_128k_12.m4s HTTP/1.1" 200 129908  18
0:0:0:0:0:0:0:1 - - [1/十一月/2017:06:00:09:448 +0000] "GET /b_1080p_16.m4s HTTP/1.1" 200 1148114  106
0:0:0:0:0:0:0:1 - - [1/十一月/2017:06:00:12:571 +0000] "GET /b_1080p_17.m4s HTTP/1.1" 200 1190981  107
0:0:0:0:0:0:0:1 - - [1/十一月/2017:06:00:13:040 +0000] "GET /b_128k_13.m4s HTTP/1.1" 200 130190  15
0:0:0:0:0:0:0:1 - - [1/十一月/2017:06:00:20:707 +0000] "GET /b_1080p_18.m4s HTTP/1.1" 200 1774028  160
0:0:0:0:0:0:0:1 - - [1/十一月/2017:06:00:21:075 +0000] "GET /b_128k_14.m4s HTTP/1.1" 200 130017  15
0:0:0:0:0:0:0:1 - - [1/十一月/2017:06:00:24:885 +0000] "GET /b_1080p_19.m4s HTTP/1.1" 200 2614302  227
0:0:0:0:0:0:0:1 - - [1/十一月/2017:06:00:25:606 +0000] "GET /b_128k_15.m4s HTTP/1.1" 200 130054  32
0:0:0:0:0:0:0:1 - - [1/十一月/2017:06:00:33:138 +0000] "GET /b_1080p_20.m4s HTTP/1.1" 200 2919683  253
0:0:0:0:0:0:0:1 - - [1/十一月/2017:06:00:33:660 +0000] "GET /b_128k_16.m4s HTTP/1.1" 200 130009  18
0:0:0:0:0:0:0:1 - - [1/十一月/2017:06:00:38:910 +0000] "GET /b_1080p_21.m4s HTTP/1.1" 200 3212057  278
0:0:0:0:0:0:0:1 - - [1/十一月/2017:06:00:44:710 +0000] "GET /b_1080p_22.m4s HTTP/1.1" 200 1125281  103
0:0:0:0:0:0:0:1 - - [1/十一月/2017:06:00:45:205 +0000] "GET /b_128k_17.m4s HTTP/1.1" 200 130115  15
0:0:0:0:0:0:0:1 - - [1/十一月/2017:06:00:47:826 +0000] "GET /b_1080p_23.m4s HTTP/1.1" 200 3123141  271
0:0:0:0:0:0:0:1 - - [1/十一月/2017:06:00:48:234 +0000] "GET /b_128k_18.m4s HTTP/1.1" 200 130319  16
0:0:0:0:0:0:0:1 - - [1/十一月/2017:06:00:56:122 +0000] "GET /b_1080p_24.m4s HTTP/1.1" 200 131401  18
0:0:0:0:0:0:0:1 - - [1/十一月/2017:06:00:56:147 +0000] "GET /b_1080p_25.m4s HTTP/1.1" 200 3470856  316
0:0:0:0:0:0:0:1 - - [1/十一月/2017:06:00:56:775 +0000] "GET /b_128k_19.m4s HTTP/1.1" 200 130146  27
0:0:0:0:0:0:0:1 - - [1/十一月/2017:06:01:04:491 +0000] "GET /b_1080p_26.m4s HTTP/1.1" 200 2177117  195
0:0:0:0:0:0:0:1 - - [1/十一月/2017:06:01:04:822 +0000] "GET /b_128k_20.m4s HTTP/1.1" 200 130013  15
0:0:0:0:0:0:0:1 - - [1/十一月/2017:06:09:05:076 +0000] "GET /index.html HTTP/1.1" 200 351  57
0:0:0:0:0:0:0:1 - - [1/十一月/2017:06:09:05:153 +0000] "GET /dash.js HTTP/1.1" 200 531827  58
0:0:0:0:0:0:0:1 - - [1/十一月/2017:06:09:05:288 +0000] "GET /b_manifest_orig.mpd HTTP/1.1" 206 1905  9
0:0:0:0:0:0:0:1 - - [1/十一月/2017:06:09:05:329 +0000] "GET /b_manifest_orig.mpd HTTP/1.1" 200 1905  7
0:0:0:0:0:0:0:1 - - [1/十一月/2017:06:09:05:370 +0000] "GET /favicon.ico HTTP/1.1" 404 1020  14
0:0:0:0:0:0:0:1 - - [1/十一月/2017:06:09:05:392 +0000] "GET /b_360p_i.mp4 HTTP/1.1" 200 1218  8
0:0:0:0:0:0:0:1 - - [1/十一月/2017:06:09:05:393 +0000] "GET /b_128k_i.mp4 HTTP/1.1" 200 1132  15
0:0:0:0:0:0:0:1 - - [1/十一月/2017:06:09:05:411 +0000] "GET /b_360p_1.m4s HTTP/1.1" 200 223709  38
0:0:0:0:0:0:0:1 - - [1/十一月/2017:06:09:05:418 +0000] "GET /b_128k_1.m4s HTTP/1.1" 200 129824  36
0:0:0:0:0:0:0:1 - - [1/十一月/2017:06:09:05:459 +0000] "GET /b_1080p_i.mp4 HTTP/1.1" 200 1219  7
0:0:0:0:0:0:0:1 - - [1/十一月/2017:06:09:05:467 +0000] "GET /b_128k_2.m4s HTTP/1.1" 200 129877  17
0:0:0:0:0:0:0:1 - - [1/十一月/2017:06:09:05:472 +0000] "GET /b_1080p_2.m4s HTTP/1.1" 200 6630217  573
0:0:0:0:0:0:0:1 - - [1/十一月/2017:06:09:06:068 +0000] "GET /b_1080p_3.m4s HTTP/1.1" 200 2514560  220
0:0:0:0:0:0:0:1 - - [1/十一月/2017:06:09:06:300 +0000] "GET /b_1080p_4.m4s HTTP/1.1" 200 946907  87
0:0:0:0:0:0:0:1 - - [1/十一月/2017:06:09:06:641 +0000] "GET /b_128k_3.m4s HTTP/1.1" 500 2939  20
0:0:0:0:0:0:0:1 - - [1/十一月/2017:06:09:06:640 +0000] "GET /b_1080p_5.m4s HTTP/1.1" 200 3970575  349
0:0:0:0:0:0:0:1 - - [1/十一月/2017:06:09:07:003 +0000] "GET /b_1080p_6.m4s HTTP/1.1" 200 1772823  162
0:0:0:0:0:0:0:1 - - [1/十一月/2017:06:09:07:174 +0000] "GET /b_1080p_7.m4s HTTP/1.1" 200 1792958  159
0:0:0:0:0:0:0:1 - - [1/十一月/2017:06:09:07:341 +0000] "GET /b_1080p_8.m4s HTTP/1.1" 200 1168404  109
0:0:0:0:0:0:0:1 - - [1/十一月/2017:06:09:07:665 +0000] "GET /b_128k_3.m4s HTTP/1.1" 200 129880  39
0:0:0:0:0:0:0:1 - - [1/十一月/2017:06:09:07:710 +0000] "GET /b_128k_4.m4s HTTP/1.1" 200 129902  29
0:0:0:0:0:0:0:1 - - [1/十一月/2017:06:09:07:458 +0000] "GET /b_1080p_9.m4s HTTP/1.1" 200 3201797  305
0:0:0:0:0:0:0:1 - - [1/十一月/2017:06:09:07:745 +0000] "GET /b_128k_5.m4s HTTP/1.1" 200 129803  26
0:0:0:0:0:0:0:1 - - [1/十一月/2017:06:09:07:777 +0000] "GET /b_128k_6.m4s HTTP/1.1" 200 129824  19
0:0:0:0:0:0:0:1 - - [1/十一月/2017:06:09:07:802 +0000] "GET /b_128k_7.m4s HTTP/1.1" 200 129883  34
0:0:0:0:0:0:0:1 - - [1/十一月/2017:06:09:07:841 +0000] "GET /b_128k_8.m4s HTTP/1.1" 200 130159  29
0:0:0:0:0:0:0:1 - - [1/十一月/2017:06:09:07:779 +0000] "GET /b_1080p_10.m4s HTTP/1.1" 200 707169  99
0:0:0:0:0:0:0:1 - - [1/十一月/2017:06:09:08:377 +0000] "GET /b_128k_9.m4s HTTP/1.1" 200 130142  21
0:0:0:0:0:0:0:1 - - [1/十一月/2017:06:09:10:893 +0000] "GET /b_1080p_11.m4s HTTP/1.1" 200 860658  82
0:0:0:0:0:0:0:1 - - [1/十一月/2017:06:09:13:990 +0000] "GET /b_1080p_12.m4s HTTP/1.1" 200 2849756  250
0:0:0:0:0:0:0:1 - - [1/十一月/2017:06:09:14:418 +0000] "GET /b_128k_10.m4s HTTP/1.1" 200 129994  21
0:0:0:0:0:0:0:1 - - [1/十一月/2017:06:09:21:766 +0000] "GET /b_1080p_13.m4s HTTP/1.1" 200 1758897  158
0:0:0:0:0:0:0:1 - - [1/十一月/2017:06:09:25:944 +0000] "GET /b_1080p_14.m4s HTTP/1.1" 200 3416536  302
0:0:0:0:0:0:0:1 - - [1/十一月/2017:06:09:26:467 +0000] "GET /b_128k_11.m4s HTTP/1.1" 200 130254  24
0:0:0:0:0:0:0:1 - - [1/十一月/2017:06:09:30:268 +0000] "GET /b_1080p_15.m4s HTTP/1.1" 200 1700957  153
0:0:0:0:0:0:0:1 - - [1/十一月/2017:06:09:30:505 +0000] "GET /b_128k_12.m4s HTTP/1.1" 200 129908  20
0:0:0:0:0:0:0:1 - - [1/十一月/2017:06:09:38:446 +0000] "GET /b_1080p_16.m4s HTTP/1.1" 200 1148114  110
0:0:0:0:0:0:0:1 - - [1/十一月/2017:06:09:42:071 +0000] "GET /b_1080p_17.m4s HTTP/1.1" 200 1190981  110
0:0:0:0:0:0:0:1 - - [1/十一月/2017:06:09:42:552 +0000] "GET /b_128k_13.m4s HTTP/1.1" 200 130190  21
0:0:0:0:0:0:0:1 - - [1/十一月/2017:06:09:49:701 +0000] "GET /b_1080p_18.m4s HTTP/1.1" 200 1774028  162
0:0:0:0:0:0:0:1 - - [1/十一月/2017:06:09:50:093 +0000] "GET /b_128k_14.m4s HTTP/1.1" 200 130017  16
0:0:0:0:0:0:0:1 - - [1/十一月/2017:06:09:54:386 +0000] "GET /b_1080p_19.m4s HTTP/1.1" 200 2614302  228
0:0:0:0:0:0:0:1 - - [1/十一月/2017:06:09:54:635 +0000] "GET /b_128k_15.m4s HTTP/1.1" 200 130054  19
0:0:0:0:0:0:0:1 - - [1/十一月/2017:06:10:02:639 +0000] "GET /b_1080p_20.m4s HTTP/1.1" 200 2919683  257
0:0:0:0:0:0:0:1 - - [1/十一月/2017:06:10:03:171 +0000] "GET /b_128k_16.m4s HTTP/1.1" 200 130009  17
0:0:0:0:0:0:0:1 - - [1/十一月/2017:06:10:08:418 +0000] "GET /b_1080p_21.m4s HTTP/1.1" 200 3212057  277
0:0:0:0:0:0:0:1 - - [1/十一月/2017:06:10:14:216 +0000] "GET /b_1080p_22.m4s HTTP/1.1" 200 1125281  103
0:0:0:0:0:0:0:1 - - [1/十一月/2017:06:10:14:714 +0000] "GET /b_128k_17.m4s HTTP/1.1" 200 130115  16
0:0:0:0:0:0:0:1 - - [1/十一月/2017:06:10:17:333 +0000] "GET /b_1080p_23.m4s HTTP/1.1" 200 3123141  277
0:0:0:0:0:0:0:1 - - [1/十一月/2017:06:10:17:744 +0000] "GET /b_128k_18.m4s HTTP/1.1" 200 130319  16
0:0:0:0:0:0:0:1 - - [1/十一月/2017:06:13:35:400 +0000] "GET /index.html HTTP/1.1" 200 351  18
0:0:0:0:0:0:0:1 - - [1/十一月/2017:06:13:35:522 +0000] "GET /dash.js HTTP/1.1" 200 531827  59
0:0:0:0:0:0:0:1 - - [1/十一月/2017:06:13:35:650 +0000] "GET /b_manifest_orig.mpd HTTP/1.1" 206 1905  7
0:0:0:0:0:0:0:1 - - [1/十一月/2017:06:13:35:692 +0000] "GET /b_manifest_orig.mpd HTTP/1.1" 200 1905  7
0:0:0:0:0:0:0:1 - - [1/十一月/2017:06:13:35:754 +0000] "GET /b_1080p_i.mp4 HTTP/1.1" 200 1219  9
0:0:0:0:0:0:0:1 - - [1/十一月/2017:06:13:35:755 +0000] "GET /b_128k_i.mp4 HTTP/1.1" 200 1132  28
0:0:0:0:0:0:0:1 - - [1/十一月/2017:06:13:35:789 +0000] "GET /b_128k_1.m4s HTTP/1.1" 200 129824  20
0:0:0:0:0:0:0:1 - - [1/十一月/2017:06:13:35:773 +0000] "GET /b_1080p_1.m4s HTTP/1.1" 200 698348  126
0:0:0:0:0:0:0:1 - - [1/十一月/2017:06:13:35:908 +0000] "GET /b_128k_2.m4s HTTP/1.1" 200 129877  33
0:0:0:0:0:0:0:1 - - [1/十一月/2017:06:13:35:908 +0000] "GET /b_1080p_2.m4s HTTP/1.1" 200 6630217  578
0:0:0:0:0:0:0:1 - - [1/十一月/2017:06:13:36:509 +0000] "GET /b_1080p_3.m4s HTTP/1.1" 200 2514560  221
0:0:0:0:0:0:0:1 - - [1/十一月/2017:06:13:36:742 +0000] "GET /b_1080p_4.m4s HTTP/1.1" 200 946907  93
0:0:0:0:0:0:0:1 - - [1/十一月/2017:06:13:36:955 +0000] "GET /b_128k_3.m4s HTTP/1.1" 200 129880  57
0:0:0:0:0:0:0:1 - - [1/十一月/2017:06:13:37:018 +0000] "GET /b_128k_4.m4s HTTP/1.1" 200 129902  41
0:0:0:0:0:0:0:1 - - [1/十一月/2017:06:13:36:843 +0000] "GET /b_1080p_5.m4s HTTP/1.1" 200 3970575  362
0:0:0:0:0:0:0:1 - - [1/十一月/2017:06:13:37:220 +0000] "GET /b_1080p_6.m4s HTTP/1.1" 200 1772823  159
0:0:0:0:0:0:0:1 - - [1/十一月/2017:06:13:37:387 +0000] "GET /b_1080p_7.m4s HTTP/1.1" 200 1792958  157
0:0:0:0:0:0:0:1 - - [1/十一月/2017:06:13:37:566 +0000] "GET /b_128k_5.m4s HTTP/1.1" 200 129803  30
0:0:0:0:0:0:0:1 - - [1/十一月/2017:06:13:37:602 +0000] "GET /b_128k_6.m4s HTTP/1.1" 200 129824  26
0:0:0:0:0:0:0:1 - - [1/十一月/2017:06:13:37:555 +0000] "GET /b_1080p_8.m4s HTTP/1.1" 200 1168404  125
0:0:0:0:0:0:0:1 - - [1/十一月/2017:06:13:37:687 +0000] "GET /b_1080p_9.m4s HTTP/1.1" 200 3201797  275
0:0:0:0:0:0:0:1 - - [1/十一月/2017:06:13:37:975 +0000] "GET /b_1080p_10.m4s HTTP/1.1" 200 707169  68
0:0:0:0:0:0:0:1 - - [1/十一月/2017:06:13:38:133 +0000] "GET /b_128k_7.m4s HTTP/1.1" 200 129883  19
0:0:0:0:0:0:0:1 - - [1/十一月/2017:06:13:38:161 +0000] "GET /b_128k_8.m4s HTTP/1.1" 200 130159  20
0:0:0:0:0:0:0:1 - - [1/十一月/2017:06:13:38:189 +0000] "GET /b_128k_9.m4s HTTP/1.1" 200 130142  22
0:0:0:0:0:0:0:1 - - [1/十一月/2017:06:13:41:559 +0000] "GET /b_1080p_11.m4s HTTP/1.1" 200 860658  82
0:0:0:0:0:0:0:1 - - [1/十一月/2017:06:13:44:654 +0000] "GET /b_1080p_12.m4s HTTP/1.1" 200 2849756  252
0:0:0:0:0:0:0:1 - - [1/十一月/2017:06:13:45:229 +0000] "GET /b_128k_10.m4s HTTP/1.1" 200 129994  19
0:0:0:0:0:0:0:1 - - [1/十一月/2017:06:13:52:433 +0000] "GET /b_1080p_13.m4s HTTP/1.1" 200 1758897  158
0:0:0:0:0:0:0:1 - - [1/十一月/2017:06:13:56:109 +0000] "GET /b_1080p_14.m4s HTTP/1.1" 200 3416536  293
0:0:0:0:0:0:0:1 - - [1/十一月/2017:06:13:56:776 +0000] "GET /b_128k_11.m4s HTTP/1.1" 200 130254  16
0:0:0:0:0:0:0:1 - - [1/十一月/2017:06:14:00:924 +0000] "GET /b_1080p_15.m4s HTTP/1.1" 200 1700957  153
0:0:0:0:0:0:0:1 - - [1/十一月/2017:06:14:01:307 +0000] "GET /b_128k_12.m4s HTTP/1.1" 200 129908  16
0:0:0:0:0:0:0:1 - - [1/十一月/2017:06:14:08:598 +0000] "GET /b_1080p_16.m4s HTTP/1.1" 200 1148114  106
0:0:0:0:0:0:0:1 - - [1/十一月/2017:06:14:12:720 +0000] "GET /b_1080p_17.m4s HTTP/1.1" 200 1190981  117
0:0:0:0:0:0:0:1 - - [1/十一月/2017:06:14:12:849 +0000] "GET /b_128k_13.m4s HTTP/1.1" 200 130190  16
0:0:0:0:0:0:0:1 - - [1/十一月/2017:06:14:20:359 +0000] "GET /b_1080p_18.m4s HTTP/1.1" 200 1774028  158
0:0:0:0:0:0:0:1 - - [1/十一月/2017:06:14:20:887 +0000] "GET /b_128k_14.m4s HTTP/1.1" 200 130017  20
0:0:0:0:0:0:0:1 - - [1/十一月/2017:06:14:25:039 +0000] "GET /b_1080p_19.m4s HTTP/1.1" 200 2614302  229
0:0:0:0:0:0:0:1 - - [1/十一月/2017:06:14:25:426 +0000] "GET /b_128k_15.m4s HTTP/1.1" 200 130054  19
0:0:0:0:0:0:0:1 - - [1/十一月/2017:06:14:32:791 +0000] "GET /b_1080p_20.m4s HTTP/1.1" 200 2919683  257
0:0:0:0:0:0:0:1 - - [1/十一月/2017:06:14:33:467 +0000] "GET /b_128k_16.m4s HTTP/1.1" 200 130009  19
0:0:0:0:0:0:0:1 - - [1/十一月/2017:06:14:39:072 +0000] "GET /b_1080p_21.m4s HTTP/1.1" 200 3212057  282
0:0:0:0:0:0:0:1 - - [1/十一月/2017:06:14:44:375 +0000] "GET /b_1080p_22.m4s HTTP/1.1" 200 1125281  103
0:0:0:0:0:0:0:1 - - [1/十一月/2017:06:14:44:510 +0000] "GET /b_128k_17.m4s HTTP/1.1" 200 130115  18
0:0:0:0:0:0:0:1 - - [1/十一月/2017:06:14:47:992 +0000] "GET /b_1080p_23.m4s HTTP/1.1" 304 0  32
0:0:0:0:0:0:0:1 - - [1/十一月/2017:06:14:48:539 +0000] "GET /b_128k_18.m4s HTTP/1.1" 304 0  6
0:0:0:0:0:0:0:1 - - [1/十一月/2017:06:14:56:056 +0000] "GET /b_1080p_24.m4s HTTP/1.1" 200 131401  18
0:0:0:0:0:0:0:1 - - [1/十一月/2017:06:14:56:081 +0000] "GET /b_1080p_25.m4s HTTP/1.1" 200 3470856  301
0:0:0:0:0:0:0:1 - - [1/十一月/2017:06:14:56:565 +0000] "GET /b_128k_19.m4s HTTP/1.1" 200 130146  20
0:0:0:0:0:0:0:1 - - [1/十一月/2017:06:15:03:909 +0000] "GET /b_1080p_26.m4s HTTP/1.1" 200 2177117  193
0:0:0:0:0:0:0:1 - - [1/十一月/2017:06:15:04:610 +0000] "GET /b_128k_20.m4s HTTP/1.1" 200 130013  16
0:0:0:0:0:0:0:1 - - [1/十一月/2017:06:15:10:124 +0000] "GET /b_1080p_27.m4s HTTP/1.1" 200 2512634  221
0:0:0:0:0:0:0:1 - - [1/十一月/2017:06:15:10:643 +0000] "GET /b_128k_21.m4s HTTP/1.1" 200 130156  21
0:0:0:0:0:0:0:1 - - [1/十一月/2017:06:15:16:870 +0000] "GET /b_1080p_28.m4s HTTP/1.1" 200 2151929  195
0:0:0:0:0:0:0:1 - - [1/十一月/2017:06:15:24:089 +0000] "GET /b_1080p_29.m4s HTTP/1.1" 200 2505459  221
0:0:0:0:0:0:0:1 - - [1/十一月/2017:06:15:24:696 +0000] "GET /b_128k_22.m4s HTTP/1.1" 200 130054  15
0:0:0:0:0:0:0:1 - - [1/十一月/2017:06:15:30:333 +0000] "GET /b_1080p_30.m4s HTTP/1.1" 200 1492744  133
0:0:0:0:0:0:0:1 - - [1/十一月/2017:06:15:30:732 +0000] "GET /b_128k_23.m4s HTTP/1.1" 200 130225  18
0:0:0:0:0:0:0:1 - - [1/十一月/2017:06:15:37:488 +0000] "GET /b_1080p_31.m4s HTTP/1.1" 200 2134149  191
0:0:0:0:0:0:0:1 - - [1/十一月/2017:06:15:37:770 +0000] "GET /b_128k_24.m4s HTTP/1.1" 200 130255  19
0:0:0:0:0:0:0:1 - - [1/十一月/2017:06:15:41:196 +0000] "GET /b_1080p_32.m4s HTTP/1.1" 200 2817705  248
0:0:0:0:0:0:0:1 - - [1/十一月/2017:06:16:00:150 +0000] "GET /index.html HTTP/1.1" 304 0  7
0:0:0:0:0:0:0:1 - - [1/十一月/2017:06:16:00:244 +0000] "GET /b_manifest_orig.mpd HTTP/1.1" 206 1905  8
0:0:0:0:0:0:0:1 - - [1/十一月/2017:06:16:00:279 +0000] "GET /b_manifest_orig.mpd HTTP/1.1" 304 0  6
0:0:0:0:0:0:0:1 - - [1/十一月/2017:06:16:00:326 +0000] "GET /b_360p_i.mp4 HTTP/1.1" 200 1218  9
0:0:0:0:0:0:0:1 - - [1/十一月/2017:06:16:00:327 +0000] "GET /b_128k_i.mp4 HTTP/1.1" 304 0  14
0:0:0:0:0:0:0:1 - - [1/十一月/2017:06:16:00:351 +0000] "GET /b_128k_1.m4s HTTP/1.1" 304 0  19
0:0:0:0:0:0:0:1 - - [1/十一月/2017:06:16:00:348 +0000] "GET /b_360p_1.m4s HTTP/1.1" 200 223709  43
0:0:0:0:0:0:0:1 - - [1/十一月/2017:06:16:00:399 +0000] "GET /b_1080p_i.mp4 HTTP/1.1" 304 0  3
0:0:0:0:0:0:0:1 - - [1/十一月/2017:06:16:00:400 +0000] "GET /b_128k_2.m4s HTTP/1.1" 304 0  3
0:0:0:0:0:0:0:1 - - [1/十一月/2017:06:16:00:408 +0000] "GET /b_1080p_2.m4s HTTP/1.1" 304 0  3
0:0:0:0:0:0:0:1 - - [1/十一月/2017:06:16:00:447 +0000] "GET /b_1080p_3.m4s HTTP/1.1" 304 0  7
0:0:0:0:0:0:0:1 - - [1/十一月/2017:06:16:00:471 +0000] "GET /b_1080p_4.m4s HTTP/1.1" 304 0  7
0:0:0:0:0:0:0:1 - - [1/十一月/2017:06:16:00:488 +0000] "GET /b_1080p_5.m4s HTTP/1.1" 304 0  4
0:0:0:0:0:0:0:1 - - [1/十一月/2017:06:16:00:515 +0000] "GET /b_1080p_6.m4s HTTP/1.1" 304 0  5
0:0:0:0:0:0:0:1 - - [1/十一月/2017:06:16:00:534 +0000] "GET /b_1080p_7.m4s HTTP/1.1" 304 0  6
0:0:0:0:0:0:0:1 - - [1/十一月/2017:06:16:00:555 +0000] "GET /b_1080p_8.m4s HTTP/1.1" 304 0  6
0:0:0:0:0:0:0:1 - - [1/十一月/2017:06:16:00:572 +0000] "GET /b_1080p_9.m4s HTTP/1.1" 304 0  6
0:0:0:0:0:0:0:1 - - [1/十一月/2017:06:16:00:912 +0000] "GET /b_128k_3.m4s HTTP/1.1" 304 0  6
0:0:0:0:0:0:0:1 - - [1/十一月/2017:06:16:00:929 +0000] "GET /b_128k_4.m4s HTTP/1.1" 304 0  5
0:0:0:0:0:0:0:1 - - [1/十一月/2017:06:16:00:946 +0000] "GET /b_128k_5.m4s HTTP/1.1" 304 0  6
0:0:0:0:0:0:0:1 - - [1/十一月/2017:06:16:00:962 +0000] "GET /b_128k_6.m4s HTTP/1.1" 304 0  6
0:0:0:0:0:0:0:1 - - [1/十一月/2017:06:16:00:978 +0000] "GET /b_128k_7.m4s HTTP/1.1" 304 0  5
0:0:0:0:0:0:0:1 - - [1/十一月/2017:06:16:00:996 +0000] "GET /b_128k_8.m4s HTTP/1.1" 304 0  7
0:0:0:0:0:0:0:1 - - [1/十一月/2017:06:16:01:100 +0000] "GET /b_1080p_10.m4s HTTP/1.1" 304 0  8
0:0:0:0:0:0:0:1 - - [1/十一月/2017:06:16:01:515 +0000] "GET /b_128k_9.m4s HTTP/1.1" 304 0  6
0:0:0:0:0:0:0:1 - - [1/十一月/2017:06:16:06:132 +0000] "GET /b_1080p_11.m4s HTTP/1.1" 304 0  6
0:0:0:0:0:0:0:1 - - [1/十一月/2017:06:16:09:161 +0000] "GET /b_1080p_12.m4s HTTP/1.1" 304 0  7
0:0:0:0:0:0:0:1 - - [1/十一月/2017:06:16:09:547 +0000] "GET /b_128k_10.m4s HTTP/1.1" 304 0  6
0:0:0:0:0:0:0:1 - - [1/十一月/2017:06:16:16:711 +0000] "GET /b_1080p_13.m4s HTTP/1.1" 304 0  7
0:0:0:0:0:0:0:1 - - [1/十一月/2017:06:16:20:747 +0000] "GET /b_1080p_14.m4s HTTP/1.1" 304 0  6
0:0:0:0:0:0:0:1 - - [1/十一月/2017:06:16:21:078 +0000] "GET /b_128k_11.m4s HTTP/1.1" 304 0  7
0:0:0:0:0:0:0:1 - - [1/十一月/2017:06:16:25:285 +0000] "GET /b_1080p_15.m4s HTTP/1.1" 304 0  7
0:0:0:0:0:0:0:1 - - [1/十一月/2017:06:16:25:601 +0000] "GET /b_128k_12.m4s HTTP/1.1" 304 0  6
0:0:0:0:0:0:0:1 - - [1/十一月/2017:06:16:33:325 +0000] "GET /b_1080p_16.m4s HTTP/1.1" 304 0  8
0:0:0:0:0:0:0:1 - - [1/十一月/2017:06:16:36:850 +0000] "GET /b_1080p_17.m4s HTTP/1.1" 304 0  6
0:0:0:0:0:0:0:1 - - [1/十一月/2017:06:16:37:136 +0000] "GET /b_128k_13.m4s HTTP/1.1" 304 0  5
0:0:0:0:0:0:0:1 - - [1/十一月/2017:06:16:44:888 +0000] "GET /b_1080p_18.m4s HTTP/1.1" 304 0  5
0:0:0:0:0:0:0:1 - - [1/十一月/2017:06:16:45:166 +0000] "GET /b_128k_14.m4s HTTP/1.1" 304 0  6
0:0:0:0:0:0:0:1 - - [1/十一月/2017:06:16:49:424 +0000] "GET /b_1080p_19.m4s HTTP/1.1" 304 0  4
0:0:0:0:0:0:0:1 - - [1/十一月/2017:06:16:49:691 +0000] "GET /b_128k_15.m4s HTTP/1.1" 304 0  3
0:0:0:0:0:0:0:1 - - [1/十一月/2017:06:16:57:470 +0000] "GET /b_1080p_20.m4s HTTP/1.1" 304 0  6
0:0:0:0:0:0:0:1 - - [1/十一月/2017:06:16:57:715 +0000] "GET /b_128k_16.m4s HTTP/1.1" 304 0  6
0:0:0:0:0:0:0:1 - - [1/十一月/2017:06:17:03:017 +0000] "GET /b_1080p_21.m4s HTTP/1.1" 304 0  5
0:0:0:0:0:0:0:1 - - [1/十一月/2017:06:17:09:061 +0000] "GET /b_1080p_22.m4s HTTP/1.1" 304 0  7
0:0:0:0:0:0:0:1 - - [1/十一月/2017:06:17:09:250 +0000] "GET /b_128k_17.m4s HTTP/1.1" 304 0  6
0:0:0:0:0:0:0:1 - - [1/十一月/2017:06:17:12:095 +0000] "GET /b_1080p_23.m4s HTTP/1.1" 304 0  5
0:0:0:0:0:0:0:1 - - [1/十一月/2017:06:17:12:271 +0000] "GET /b_128k_18.m4s HTTP/1.1" 304 0  17
0:0:0:0:0:0:0:1 - - [1/十一月/2017:06:17:20:643 +0000] "GET /b_1080p_24.m4s HTTP/1.1" 304 0  7
0:0:0:0:0:0:0:1 - - [1/十一月/2017:06:17:20:660 +0000] "GET /b_1080p_25.m4s HTTP/1.1" 304 0  13
0:0:0:0:0:0:0:1 - - [1/十一月/2017:06:17:20:810 +0000] "GET /b_128k_19.m4s HTTP/1.1" 304 0  9
0:0:0:0:0:0:0:1 - - [1/十一月/2017:06:17:28:717 +0000] "GET /b_1080p_26.m4s HTTP/1.1" 304 0  6
0:0:0:0:0:0:0:1 - - [1/十一月/2017:06:17:28:844 +0000] "GET /b_128k_20.m4s HTTP/1.1" 304 0  7
0:0:0:0:0:0:0:1 - - [1/十一月/2017:06:17:34:760 +0000] "GET /b_1080p_27.m4s HTTP/1.1" 304 0  4
0:0:0:0:0:0:0:1 - - [1/十一月/2017:06:17:34:869 +0000] "GET /b_128k_21.m4s HTTP/1.1" 304 0  5
0:0:0:0:0:0:0:1 - - [1/十一月/2017:06:17:41:303 +0000] "GET /b_1080p_28.m4s HTTP/1.1" 304 0  8
0:0:0:0:0:0:0:1 - - [1/十一月/2017:06:17:48:346 +0000] "GET /b_1080p_29.m4s HTTP/1.1" 304 0  7
0:0:0:0:0:0:0:1 - - [1/十一月/2017:06:17:48:408 +0000] "GET /b_128k_22.m4s HTTP/1.1" 304 0  6
0:0:0:0:0:0:0:1 - - [1/十一月/2017:06:17:54:890 +0000] "GET /b_1080p_30.m4s HTTP/1.1" 304 0  8
0:0:0:0:0:0:0:1 - - [1/十一月/2017:06:17:54:934 +0000] "GET /b_128k_23.m4s HTTP/1.1" 304 0  7
0:0:0:0:0:0:0:1 - - [1/十一月/2017:06:18:01:930 +0000] "GET /b_1080p_31.m4s HTTP/1.1" 304 0  7
0:0:0:0:0:0:0:1 - - [1/十一月/2017:06:18:01:964 +0000] "GET /b_128k_24.m4s HTTP/1.1" 304 0  6
0:0:0:0:0:0:0:1 - - [1/十一月/2017:06:18:05:968 +0000] "GET /b_1080p_32.m4s HTTP/1.1" 304 0  6
0:0:0:0:0:0:0:1 - - [1/十一月/2017:06:18:11:510 +0000] "GET /b_1080p_33.m4s HTTP/1.1" 200 2418576  214
0:0:0:0:0:0:0:1 - - [1/十一月/2017:06:18:11:994 +0000] "GET /b_128k_25.m4s HTTP/1.1" 200 130037  20
0:0:0:0:0:0:0:1 - - [1/十一月/2017:06:18:17:249 +0000] "GET /b_1080p_34.m4s HTTP/1.1" 200 3706743  326
0:0:0:0:0:0:0:1 - - [1/十一月/2017:06:18:18:033 +0000] "GET /b_128k_26.m4s HTTP/1.1" 200 130394  20
0:0:0:0:0:0:0:1 - - [1/十一月/2017:06:18:25:101 +0000] "GET /b_1080p_35.m4s HTTP/1.1" 200 2307872  206
0:0:0:0:0:0:0:1 - - [1/十一月/2017:06:18:25:577 +0000] "GET /b_128k_27.m4s HTTP/1.1" 200 130080  23
0:0:0:0:0:0:0:1 - - [1/十一月/2017:06:18:32:830 +0000] "GET /b_1080p_36.m4s HTTP/1.1" 200 4028855  351
0:0:0:0:0:0:0:1 - - [1/十一月/2017:06:18:33:631 +0000] "GET /b_128k_28.m4s HTTP/1.1" 200 130061  20
0:0:0:0:0:0:0:1 - - [1/十一月/2017:06:18:39:208 +0000] "GET /b_1080p_37.m4s HTTP/1.1" 200 1789354  160
0:0:0:0:0:0:0:1 - - [1/十一月/2017:06:18:39:668 +0000] "GET /b_128k_29.m4s HTTP/1.1" 200 130070  17
0:0:0:0:0:0:0:1 - - [1/十一月/2017:06:18:45:886 +0000] "GET /b_1080p_38.m4s HTTP/1.1" 200 2387587  212
0:0:0:0:0:0:0:1 - - [1/十一月/2017:06:18:51:619 +0000] "GET /b_1080p_39.m4s HTTP/1.1" 200 2097005  190
0:0:0:0:0:0:0:1 - - [1/十一月/2017:06:18:52:213 +0000] "GET /b_128k_30.m4s HTTP/1.1" 200 130165  25
0:0:0:0:0:0:0:1 - - [1/十一月/2017:06:18:57:832 +0000] "GET /b_1080p_40.m4s HTTP/1.1" 200 1748824  160
0:0:0:0:0:0:0:1 - - [1/十一月/2017:06:18:58:257 +0000] "GET /b_128k_31.m4s HTTP/1.1" 200 130097  18
0:0:0:0:0:0:0:1 - - [1/十一月/2017:06:19:05:518 +0000] "GET /b_1080p_41.m4s HTTP/1.1" 200 1945573  174
0:0:0:0:0:0:0:1 - - [1/十一月/2017:06:19:08:707 +0000] "GET /b_1080p_42.m4s HTTP/1.1" 200 3785245  329
0:0:0:0:0:0:0:1 - - [1/十一月/2017:06:19:09:304 +0000] "GET /b_128k_32.m4s HTTP/1.1" 200 130053  20
0:0:0:0:0:0:0:1 - - [1/十一月/2017:06:19:16:062 +0000] "GET /b_1080p_43.m4s HTTP/1.1" 200 3011070  265
0:0:0:0:0:0:0:1 - - [1/十一月/2017:06:19:16:345 +0000] "GET /b_128k_33.m4s HTTP/1.1" 200 130044  16
0:0:0:0:0:0:0:1 - - [1/十一月/2017:06:19:23:852 +0000] "GET /b_1080p_44.m4s HTTP/1.1" 200 2902758  256
0:0:0:0:0:0:0:1 - - [1/十一月/2017:06:19:24:381 +0000] "GET /b_128k_34.m4s HTTP/1.1" 200 130023  22
0:0:0:0:0:0:0:1 - - [1/十一月/2017:06:19:31:635 +0000] "GET /b_1080p_45.m4s HTTP/1.1" 200 1278006  117
0:0:0:0:0:0:0:1 - - [1/十一月/2017:06:19:31:923 +0000] "GET /b_128k_35.m4s HTTP/1.1" 200 130139  19
0:0:0:0:0:0:0:1 - - [1/十一月/2017:06:19:35:269 +0000] "GET /b_1080p_46.m4s HTTP/1.1" 200 3941245  341
0:0:0:0:0:0:0:1 - - [1/十一月/2017:06:19:35:958 +0000] "GET /b_128k_36.m4s HTTP/1.1" 200 130027  18
0:0:0:0:0:0:0:1 - - [1/十一月/2017:06:19:43:639 +0000] "GET /b_1080p_47.m4s HTTP/1.1" 200 3222826  280
0:0:0:0:0:0:0:1 - - [1/十一月/2017:06:19:43:997 +0000] "GET /b_128k_37.m4s HTTP/1.1" 200 130069  18
0:0:0:0:0:0:0:1 - - [1/十一月/2017:06:19:49:958 +0000] "GET /b_1080p_48.m4s HTTP/1.1" 200 1155956  105
0:0:0:0:0:0:0:1 - - [1/十一月/2017:06:19:50:532 +0000] "GET /b_128k_38.m4s HTTP/1.1" 200 130281  20
0:0:0:0:0:0:0:1 - - [1/十一月/2017:06:19:57:585 +0000] "GET /b_1080p_49.m4s HTTP/1.1" 200 2773697  244
0:0:0:0:0:0:0:1 - - [1/十一月/2017:06:19:58:071 +0000] "GET /b_128k_39.m4s HTTP/1.1" 200 129887  19
0:0:0:0:0:0:0:1 - - [1/十一月/2017:06:20:05:352 +0000] "GET /b_1080p_50.m4s HTTP/1.1" 200 3500575  306
0:0:0:0:0:0:0:1 - - [1/十一月/2017:06:20:10:684 +0000] "GET /b_1080p_51.m4s HTTP/1.1" 200 2857175  251
0:0:0:0:0:0:0:1 - - [1/十一月/2017:06:20:11:119 +0000] "GET /b_128k_40.m4s HTTP/1.1" 200 130033  19
0:0:0:0:0:0:0:1 - - [1/十一月/2017:06:20:17:960 +0000] "GET /b_1080p_52.m4s HTTP/1.1" 200 3629720  316
0:0:0:0:0:0:0:1 - - [1/十一月/2017:06:20:18:656 +0000] "GET /b_128k_41.m4s HTTP/1.1" 200 130003  19
0:0:0:0:0:0:0:1 - - [1/十一月/2017:06:20:24:299 +0000] "GET /b_1080p_53.m4s HTTP/1.1" 200 1843689  165
0:0:0:0:0:0:0:1 - - [1/十一月/2017:06:20:24:693 +0000] "GET /b_128k_42.m4s HTTP/1.1" 200 130580  19
0:0:0:0:0:0:0:1 - - [1/十一月/2017:06:20:28:980 +0000] "GET /b_1080p_54.m4s HTTP/1.1" 200 3497010  304
0:0:0:0:0:0:0:1 - - [1/十一月/2017:06:20:29:730 +0000] "GET /b_128k_43.m4s HTTP/1.1" 200 130228  19
0:0:0:0:0:0:0:1 - - [1/十一月/2017:06:20:36:809 +0000] "GET /b_1080p_55.m4s HTTP/1.1" 200 1462636  133
0:0:0:0:0:0:0:1 - - [1/十一月/2017:06:20:42:460 +0000] "GET /b_1080p_56.m4s HTTP/1.1" 200 464945  50
0:0:0:0:0:0:0:1 - - [1/十一月/2017:06:20:42:780 +0000] "GET /b_128k_44.m4s HTTP/1.1" 200 130547  20
0:0:0:0:0:0:0:1 - - [1/十一月/2017:06:20:45:022 +0000] "GET /b_1080p_57.m4s HTTP/1.1" 200 3891250  339
0:0:0:0:0:0:0:1 - - [1/十一月/2017:06:20:45:814 +0000] "GET /b_128k_45.m4s HTTP/1.1" 200 130217  19
0:0:0:0:0:0:0:1 - - [1/十一月/2017:06:20:52:889 +0000] "GET /b_1080p_58.m4s HTTP/1.1" 200 4076720  350
0:0:0:0:0:0:0:1 - - [1/十一月/2017:06:21:00:766 +0000] "GET /b_1080p_59.m4s HTTP/1.1" 200 4087912  355
0:0:0:0:0:0:0:1 - - [1/十一月/2017:06:21:01:366 +0000] "GET /b_128k_46.m4s HTTP/1.1" 200 130488  18
0:0:0:0:0:0:0:1 - - [1/十一月/2017:06:21:01:394 +0000] "GET /b_128k_47.m4s HTTP/1.1" 200 129983  19
0:0:0:0:0:0:0:1 - - [1/十一月/2017:06:21:09:150 +0000] "GET /b_1080p_60.m4s HTTP/1.1" 200 3021185  264
0:0:0:0:0:0:0:1 - - [1/十一月/2017:06:21:16:442 +0000] "GET /b_1080p_61.m4s HTTP/1.1" 200 1642094  147
0:0:0:0:0:0:0:1 - - [1/十一月/2017:06:21:16:946 +0000] "GET /b_128k_48.m4s HTTP/1.1" 200 130187  20
0:0:0:0:0:0:0:1 - - [1/十一月/2017:06:21:23:613 +0000] "GET /b_1080p_62.m4s HTTP/1.1" 200 627562  61
0:0:0:0:0:0:0:1 - - [1/十一月/2017:06:21:23:985 +0000] "GET /b_128k_49.m4s HTTP/1.1" 200 130287  19
0:0:0:0:0:0:0:1 - - [1/十一月/2017:06:21:26:688 +0000] "GET /b_1080p_63.m4s HTTP/1.1" 200 919005  86
0:0:0:0:0:0:0:1 - - [1/十一月/2017:06:21:27:019 +0000] "GET /b_128k_50.m4s HTTP/1.1" 200 130465  19
0:0:0:0:0:0:0:1 - - [1/十一月/2017:06:21:34:297 +0000] "GET /b_1080p_64.m4s HTTP/1.1" 200 1866231  167
0:0:0:0:0:0:0:1 - - [1/十一月/2017:06:21:34:559 +0000] "GET /b_128k_51.m4s HTTP/1.1" 200 130043  19
0:0:0:0:0:0:0:1 - - [1/十一月/2017:06:21:42:490 +0000] "GET /b_1080p_65.m4s HTTP/1.1" 200 537037  55
0:0:0:0:0:0:0:1 - - [1/十一月/2017:06:21:44:055 +0000] "GET /b_1080p_66.m4s HTTP/1.1" 200 1619130  145
0:0:0:0:0:0:0:1 - - [1/十一月/2017:06:21:44:599 +0000] "GET /b_128k_52.m4s HTTP/1.1" 200 130030  18
0:0:0:0:0:0:0:1 - - [1/十一月/2017:06:21:50:220 +0000] "GET /b_1080p_67.m4s HTTP/1.1" 200 2463220  216
0:0:0:0:0:0:0:1 - - [1/十一月/2017:06:21:50:635 +0000] "GET /b_128k_53.m4s HTTP/1.1" 200 130540  20
0:0:0:0:0:0:0:1 - - [1/十一月/2017:06:21:57:459 +0000] "GET /b_1080p_68.m4s HTTP/1.1" 200 2588806  226
0:0:0:0:0:0:0:1 - - [1/十一月/2017:06:21:58:176 +0000] "GET /b_128k_54.m4s HTTP/1.1" 200 129898  18
0:0:0:0:0:0:0:1 - - [1/十一月/2017:06:22:05:714 +0000] "GET /b_1080p_69.m4s HTTP/1.1" 200 7007562  600
0:0:0:0:0:0:0:1 - - [1/十一月/2017:06:22:12:850 +0000] "GET /b_1080p_70.m4s HTTP/1.1" 200 4450629  385
0:0:0:0:0:0:0:1 - - [1/十一月/2017:06:22:13:724 +0000] "GET /b_128k_55.m4s HTTP/1.1" 200 130087  20
0:0:0:0:0:0:0:1 - - [1/十一月/2017:06:22:18:761 +0000] "GET /b_1080p_71.m4s HTTP/1.1" 200 2073243  189
0:0:0:0:0:0:0:1 - - [1/十一月/2017:06:22:19:262 +0000] "GET /b_128k_56.m4s HTTP/1.1" 200 130152  19
0:0:0:0:0:0:0:1 - - [1/十一月/2017:06:22:25:975 +0000] "GET /b_1080p_72.m4s HTTP/1.1" 200 3027085  265
0:0:0:0:0:0:0:1 - - [1/十一月/2017:06:22:26:299 +0000] "GET /b_128k_57.m4s HTTP/1.1" 200 131224  20
0:0:0:0:0:0:0:1 - - [1/十一月/2017:06:22:30:261 +0000] "GET /b_1080p_73.m4s HTTP/1.1" 200 1064059  99
0:0:0:0:0:0:0:1 - - [1/十一月/2017:06:22:30:835 +0000] "GET /b_128k_58.m4s HTTP/1.1" 200 130645  22
0:0:0:0:0:0:0:1 - - [1/十一月/2017:06:22:37:383 +0000] "GET /b_1080p_74.m4s HTTP/1.1" 200 1285723  119
0:0:0:0:0:0:0:1 - - [1/十一月/2017:06:22:43:523 +0000] "GET /b_1080p_75.m4s HTTP/1.1" 200 4088599  429
0:0:0:0:0:0:0:1 - - [1/十一月/2017:06:22:44:385 +0000] "GET /b_128k_59.m4s HTTP/1.1" 200 130073  85
0:0:0:0:0:0:0:1 - - [1/十一月/2017:06:22:51:982 +0000] "GET /b_1080p_76.m4s HTTP/1.1" 200 2696858  330
0:0:0:0:0:0:0:1 - - [1/十一月/2017:06:22:52:491 +0000] "GET /b_128k_60.m4s HTTP/1.1" 200 130028  57
0:0:0:0:0:0:0:1 - - [1/十一月/2017:06:22:58:334 +0000] "GET /b_1080p_77.m4s HTTP/1.1" 200 1551652  231
0:0:0:0:0:0:0:1 - - [1/十一月/2017:06:22:59:068 +0000] "GET /b_128k_61.m4s HTTP/1.1" 200 129970  91
0:0:0:0:0:0:0:1 - - [1/十一月/2017:06:23:05:588 +0000] "GET /b_1080p_78.m4s HTTP/1.1" 200 1041292  155
0:0:0:0:0:0:0:1 - - [1/十一月/2017:06:23:06:177 +0000] "GET /b_128k_62.m4s HTTP/1.1" 200 130052  89
0:0:0:0:0:0:0:1 - - [1/十一月/2017:06:23:11:761 +0000] "GET /b_1080p_79.m4s HTTP/1.1" 200 777928  165
0:0:0:0:0:0:0:1 - - [1/十一月/2017:06:23:15:941 +0000] "GET /b_1080p_80.m4s HTTP/1.1" 200 1514255  219
0:0:0:0:0:0:0:1 - - [1/十一月/2017:06:23:16:290 +0000] "GET /b_128k_63.m4s HTTP/1.1" 200 130013  51
0:0:0:0:0:0:0:1 - - [1/十一月/2017:06:24:16:945 +0000] "GET /b_128k_64.m4s HTTP/1.1" 200 130046  83
0:0:0:0:0:0:0:1 - - [1/十一月/2017:06:24:25:048 +0000] "GET /b_128k_65.m4s HTTP/1.1" 200 130062  67
0:0:0:0:0:0:0:1 - - [1/十一月/2017:06:24:33:413 +0000] "GET /b_128k_66.m4s HTTP/1.1" 200 129991  85
0:0:0:0:0:0:0:1 - - [1/十一月/2017:06:24:34:267 +0000] "GET /b_128k_68.m4s HTTP/1.1" 200 130042  77
0:0:0:0:0:0:0:1 - - [1/十一月/2017:06:24:34:417 +0000] "GET /b_128k_69.m4s HTTP/1.1" 200 130004  33
0:0:0:0:0:0:0:1 - - [1/十一月/2017:06:24:34:752 +0000] "GET /b_128k_70.m4s HTTP/1.1" 200 130044  85
0:0:0:0:0:0:0:1 - - [1/十一月/2017:06:24:34:845 +0000] "GET /b_128k_71.m4s HTTP/1.1" 200 129980  24
0:0:0:0:0:0:0:1 - - [1/十一月/2017:06:24:34:874 +0000] "GET /b_128k_72.m4s HTTP/1.1" 200 130239  46
0:0:0:0:0:0:0:1 - - [1/十一月/2017:06:24:35:152 +0000] "GET /b_128k_73.m4s HTTP/1.1" 200 130119  39
0:0:0:0:0:0:0:1 - - [1/十一月/2017:06:24:35:199 +0000] "GET /b_128k_74.m4s HTTP/1.1" 200 130027  40
0:0:0:0:0:0:0:1 - - [1/十一月/2017:06:24:35:608 +0000] "GET /b_128k_75.m4s HTTP/1.1" 200 130024  87
0:0:0:0:0:0:0:1 - - [1/十一月/2017:06:24:35:706 +0000] "GET /b_128k_76.m4s HTTP/1.1" 200 130085  43
0:0:0:0:0:0:0:1 - - [1/十一月/2017:06:24:36:052 +0000] "GET /b_128k_77.m4s HTTP/1.1" 200 129938  68
0:0:0:0:0:0:0:1 - - [1/十一月/2017:06:24:36:128 +0000] "GET /b_128k_78.m4s HTTP/1.1" 200 129992  51
0:0:0:0:0:0:0:1 - - [1/十一月/2017:06:24:36:824 +0000] "GET /b_128k_79.m4s HTTP/1.1" 200 129950  55
0:0:0:0:0:0:0:1 - - [1/十一月/2017:06:24:36:893 +0000] "GET /b_128k_80.m4s HTTP/1.1" 200 35769  26
10.108.147.170 - - [1/十一月/2017:06:27:07:118 +0000] "GET /favicon.ico HTTP/1.1" 404 1020  69
10.108.147.170 - - [1/十一月/2017:06:27:34:423 +0000] "GET /index.html HTTP/1.1" 200 404  861
10.108.147.170 - - [1/十一月/2017:06:27:47:018 +0000] "GET /favicon.ico HTTP/1.1" 404 1091  35
10.108.147.170 - - [1/十一月/2017:06:27:46:992 +0000] "GET /dash/manifest_orig.mpd HTTP/1.1" 404 1101  61
10.108.147.170 - - [1/十一月/2017:06:27:47:469 +0000] "GET /index.html HTTP/1.1" 304 0  171
10.108.147.170 - - [1/十一月/2017:06:29:06:972 +0000] "GET /dash/manifest_orig.mpd HTTP/1.1" 404 1101  33
10.108.147.170 - - [1/十一月/2017:06:29:11:839 +0000] "GET /index.html HTTP/1.1" 200 351  59
10.108.147.170 - - [1/十一月/2017:06:29:11:907 +0000] "GET /dash.js HTTP/1.1" 200 531827  258
10.108.147.170 - - [1/十一月/2017:06:29:12:271 +0000] "GET /b_manifest_orig.mpd HTTP/1.1" 206 1905  16
10.108.147.170 - - [1/十一月/2017:06:29:12:329 +0000] "GET /b_manifest_orig.mpd HTTP/1.1" 200 1905  17
10.108.147.170 - - [1/十一月/2017:06:29:12:341 +0000] "GET /favicon.ico HTTP/1.1" 404 1020  14
10.108.147.170 - - [1/十一月/2017:06:29:12:430 +0000] "GET /b_360p_i.mp4 HTTP/1.1" 200 1218  9
10.108.147.170 - - [1/十一月/2017:06:29:12:430 +0000] "GET /b_128k_i.mp4 HTTP/1.1" 200 1132  9
10.108.147.170 - - [1/十一月/2017:06:29:12:456 +0000] "GET /b_360p_1.m4s HTTP/1.1" 200 223709  31
10.108.147.170 - - [1/十一月/2017:06:29:12:456 +0000] "GET /b_128k_1.m4s HTTP/1.1" 200 129824  31
10.108.147.170 - - [1/十一月/2017:06:29:12:505 +0000] "GET /b_1080p_i.mp4 HTTP/1.1" 200 1219  10
10.108.147.170 - - [1/十一月/2017:06:29:12:520 +0000] "GET /b_128k_2.m4s HTTP/1.1" 200 129877  35
10.108.147.170 - - [1/十一月/2017:06:29:12:533 +0000] "GET /b_1080p_2.m4s HTTP/1.1" 200 6630217  3008
10.108.147.170 - - [1/十一月/2017:06:29:15:567 +0000] "GET /b_1080p_3.m4s HTTP/1.1" 200 2514560  420
10.108.147.170 - - [1/十一月/2017:06:29:16:125 +0000] "GET /b_128k_3.m4s HTTP/1.1" 200 129880  6
10.108.147.170 - - [1/十一月/2017:06:29:16:031 +0000] "GET /b_1080p_4.m4s HTTP/1.1" 200 946907  325
10.108.147.170 - - [1/十一月/2017:06:29:16:767 +0000] "GET /b_128k_4.m4s HTTP/1.1" 200 129902  6
10.108.147.170 - - [1/十一月/2017:06:29:16:455 +0000] "GET /b_1080p_5.m4s HTTP/1.1" 200 3970575  963
10.108.147.170 - - [1/十一月/2017:06:29:17:984 +0000] "GET /b_128k_5.m4s HTTP/1.1" 200 129803  5
10.108.147.170 - - [1/十一月/2017:06:29:17:439 +0000] "GET /b_1080p_6.m4s HTTP/1.1" 200 1772823  818
10.108.147.170 - - [1/十一月/2017:06:29:18:371 +0000] "GET /b_1080p_7.m4s HTTP/1.1" 200 1792958  834
10.108.147.170 - - [1/十一月/2017:06:29:19:677 +0000] "GET /b_128k_6.m4s HTTP/1.1" 200 129824  7
10.108.147.170 - - [1/十一月/2017:06:29:19:379 +0000] "GET /b_1080p_8.m4s HTTP/1.1" 200 1168404  607
10.108.147.170 - - [1/十一月/2017:06:29:20:289 +0000] "GET /b_128k_7.m4s HTTP/1.1" 200 129883  31
10.108.147.170 - - [1/十一月/2017:06:29:20:148 +0000] "GET /b_1080p_9.m4s HTTP/1.1" 200 3201797  392
10.108.147.170 - - [1/十一月/2017:06:29:20:571 +0000] "GET /b_1080p_10.m4s HTTP/1.1" 200 707169  51
10.108.147.170 - - [1/十一月/2017:06:29:20:652 +0000] "GET /b_1080p_11.m4s HTTP/1.1" 200 860658  53
10.108.147.170 - - [1/十一月/2017:06:29:20:840 +0000] "GET /b_128k_8.m4s HTTP/1.1" 200 130159  10
10.108.147.170 - - [1/十一月/2017:06:29:20:866 +0000] "GET /b_128k_9.m4s HTTP/1.1" 200 130142  15
10.108.147.170 - - [1/十一月/2017:06:29:21:239 +0000] "GET /b_1080p_12.m4s HTTP/1.1" 200 2849756  482
10.108.147.170 - - [1/十一月/2017:06:29:21:989 +0000] "GET /b_128k_10.m4s HTTP/1.1" 200 129994  7
10.108.147.170 - - [1/十一月/2017:06:29:28:771 +0000] "GET /b_1080p_13.m4s HTTP/1.1" 200 1758897  169
10.108.147.170 - - [1/十一月/2017:06:29:32:971 +0000] "GET /b_1080p_14.m4s HTTP/1.1" 200 3416536  382
10.108.147.170 - - [1/十一月/2017:06:29:33:548 +0000] "GET /b_128k_11.m4s HTTP/1.1" 200 130254  5
10.108.147.170 - - [1/十一月/2017:06:29:37:380 +0000] "GET /b_1080p_15.m4s HTTP/1.1" 200 1700957  241
10.108.147.170 - - [1/十一月/2017:06:29:38:115 +0000] "GET /b_128k_12.m4s HTTP/1.1" 200 129908  39
10.108.147.170 - - [1/十一月/2017:06:29:45:157 +0000] "GET /b_1080p_16.m4s HTTP/1.1" 200 1148114  84
10.108.147.170 - - [1/十一月/2017:06:29:48:777 +0000] "GET /b_1080p_17.m4s HTTP/1.1" 200 1190981  79
10.108.147.170 - - [1/十一月/2017:06:29:49:185 +0000] "GET /b_128k_13.m4s HTTP/1.1" 200 130190  5
10.108.147.170 - - [1/十一月/2017:06:29:53:334 +0000] "GET /dash.all.min.js.map HTTP/1.1" 404 1036  6
10.108.147.170 - - [1/十一月/2017:06:29:56:915 +0000] "GET /b_1080p_18.m4s HTTP/1.1" 200 1774028  126
10.108.147.170 - - [1/十一月/2017:06:29:57:256 +0000] "GET /b_128k_14.m4s HTTP/1.1" 200 130017  16
10.108.147.170 - - [1/十一月/2017:06:30:01:110 +0000] "GET /b_1080p_19.m4s HTTP/1.1" 200 2614302  207
10.108.147.170 - - [1/十一月/2017:06:30:01:813 +0000] "GET /b_128k_15.m4s HTTP/1.1" 200 130054  28
10.108.147.170 - - [1/十一月/2017:06:31:27:073 +0000] "GET /b_1080p_20.m4s HTTP/1.1" 200 2919683  484
10.108.147.170 - - [1/十一月/2017:06:31:28:058 +0000] "GET /b_128k_16.m4s HTTP/1.1" 200 130009  31
10.108.147.170 - - [1/十一月/2017:06:31:33:091 +0000] "GET /b_1080p_21.m4s HTTP/1.1" 200 3212057  267
10.108.147.170 - - [1/十一月/2017:06:31:38:408 +0000] "GET /b_1080p_22.m4s HTTP/1.1" 200 1125281  81
10.108.147.170 - - [1/十一月/2017:06:31:38:638 +0000] "GET /b_128k_17.m4s HTTP/1.1" 200 130115  16
10.108.147.170 - - [1/十一月/2017:06:31:42:043 +0000] "GET /b_1080p_23.m4s HTTP/1.1" 200 3123141  274
10.108.147.170 - - [1/十一月/2017:06:31:42:681 +0000] "GET /b_128k_18.m4s HTTP/1.1" 200 130319  40
10.108.147.170 - - [1/十一月/2017:06:31:49:875 +0000] "GET /b_1080p_24.m4s HTTP/1.1" 200 131401  7
10.108.147.170 - - [1/十一月/2017:06:31:49:922 +0000] "GET /b_1080p_25.m4s HTTP/1.1" 200 3470856  279
10.108.147.170 - - [1/十一月/2017:06:31:50:257 +0000] "GET /b_128k_19.m4s HTTP/1.1" 200 130146  7
10.108.147.170 - - [1/十一月/2017:06:31:58:260 +0000] "GET /b_1080p_26.m4s HTTP/1.1" 200 2177117  172
10.108.147.170 - - [1/十一月/2017:06:31:58:812 +0000] "GET /b_128k_20.m4s HTTP/1.1" 200 130013  26
10.108.147.170 - - [1/十一月/2017:06:32:03:990 +0000] "GET /b_1080p_27.m4s HTTP/1.1" 200 2512634  216
10.108.147.170 - - [1/十一月/2017:06:32:04:374 +0000] "GET /b_128k_21.m4s HTTP/1.1" 200 130156  0
10.108.147.170 - - [1/十一月/2017:06:32:10:759 +0000] "GET /b_1080p_28.m4s HTTP/1.1" 200 2151929  168
10.108.147.170 - - [1/十一月/2017:06:32:18:474 +0000] "GET /b_1080p_29.m4s HTTP/1.1" 200 2505459  203
10.108.147.170 - - [1/十一月/2017:06:32:18:932 +0000] "GET /b_128k_22.m4s HTTP/1.1" 200 130054  42
10.108.147.170 - - [1/十一月/2017:06:32:24:725 +0000] "GET /b_1080p_30.m4s HTTP/1.1" 200 1492744  117
10.108.147.170 - - [1/十一月/2017:06:32:25:011 +0000] "GET /b_128k_23.m4s HTTP/1.1" 200 130225  10
10.108.147.170 - - [1/十一月/2017:06:32:25:650 +0000] "GET /b_1080p_31.m4s HTTP/1.1" 200 2134149  166
10.108.147.170 - - [1/十一月/2017:06:32:25:859 +0000] "GET /b_1080p_32.m4s HTTP/1.1" 200 2817705  515
10.108.147.170 - - [1/十一月/2017:06:32:26:152 +0000] "GET /b_128k_24.m4s HTTP/1.1" 200 130255  323
10.108.147.170 - - [1/十一月/2017:06:32:26:418 +0000] "GET /b_1080p_33.m4s HTTP/1.1" 200 2418576  325
10.108.147.170 - - [1/十一月/2017:06:32:27:043 +0000] "GET /b_128k_25.m4s HTTP/1.1" 200 130037  82
10.108.147.170 - - [1/十一月/2017:06:32:26:790 +0000] "GET /b_1080p_34.m4s HTTP/1.1" 200 3706743  701
10.108.147.170 - - [1/十一月/2017:06:32:27:693 +0000] "GET /b_128k_26.m4s HTTP/1.1" 200 130394  66
10.108.147.170 - - [1/十一月/2017:06:32:27:530 +0000] "GET /b_1080p_35.m4s HTTP/1.1" 200 2307872  276
10.108.147.170 - - [1/十一月/2017:06:32:28:330 +0000] "GET /b_128k_27.m4s HTTP/1.1" 200 130080  45
10.108.147.170 - - [1/十一月/2017:06:32:27:844 +0000] "GET /b_1080p_36.m4s HTTP/1.1" 200 4028855  699
10.108.147.170 - - [1/十一月/2017:06:32:28:890 +0000] "GET /b_128k_28.m4s HTTP/1.1" 200 130061  31
10.108.147.170 - - [1/十一月/2017:06:32:32:575 +0000] "GET /b_1080p_37.m4s HTTP/1.1" 200 1789354  184
10.108.147.170 - - [1/十一月/2017:06:32:32:943 +0000] "GET /b_128k_29.m4s HTTP/1.1" 200 130070  16
10.108.147.170 - - [1/十一月/2017:06:32:39:312 +0000] "GET /b_1080p_38.m4s HTTP/1.1" 200 2387587  248
10.108.147.170 - - [1/十一月/2017:06:32:45:091 +0000] "GET /b_1080p_39.m4s HTTP/1.1" 200 2097005  340
10.108.147.170 - - [1/十一月/2017:06:32:45:522 +0000] "GET /b_128k_30.m4s HTTP/1.1" 200 130165  22
10.108.147.170 - - [1/十一月/2017:06:32:51:976 +0000] "GET /b_1080p_40.m4s HTTP/1.1" 200 1748824  218
10.108.147.170 - - [1/十一月/2017:06:32:52:591 +0000] "GET /b_128k_31.m4s HTTP/1.1" 200 130097  52
10.108.147.170 - - [1/十一月/2017:06:32:59:244 +0000] "GET /b_1080p_41.m4s HTTP/1.1" 200 1945573  200
10.108.147.170 - - [1/十一月/2017:06:33:02:475 +0000] "GET /b_1080p_42.m4s HTTP/1.1" 200 3785245  458
10.108.147.170 - - [1/十一月/2017:06:33:03:177 +0000] "GET /b_128k_32.m4s HTTP/1.1" 200 130053  17
10.108.147.170 - - [1/十一月/2017:06:33:09:476 +0000] "GET /b_1080p_43.m4s HTTP/1.1" 200 3011070  315
10.108.147.170 - - [1/十一月/2017:06:33:10:226 +0000] "GET /b_128k_33.m4s HTTP/1.1" 200 130044  34
10.108.147.170 - - [1/十一月/2017:06:33:17:845 +0000] "GET /b_1080p_44.m4s HTTP/1.1" 200 2902758  315
10.108.147.170 - - [1/十一月/2017:06:33:18:319 +0000] "GET /b_128k_34.m4s HTTP/1.1" 200 130023  25
10.108.147.170 - - [1/十一月/2017:06:33:25:695 +0000] "GET /b_1080p_45.m4s HTTP/1.1" 200 1278006  142
10.108.147.170 - - [1/十一月/2017:06:33:25:876 +0000] "GET /b_128k_35.m4s HTTP/1.1" 200 130139  42
10.108.147.170 - - [1/十一月/2017:06:33:29:361 +0000] "GET /b_1080p_46.m4s HTTP/1.1" 200 3941245  483
10.108.147.170 - - [1/十一月/2017:06:33:29:960 +0000] "GET /b_128k_36.m4s HTTP/1.1" 200 130027  31
10.108.147.170 - - [1/十一月/2017:06:33:36:904 +0000] "GET /b_1080p_47.m4s HTTP/1.1" 200 3222826  425
10.108.147.170 - - [1/十一月/2017:06:33:37:540 +0000] "GET /b_128k_37.m4s HTTP/1.1" 200 130069  5
10.108.147.170 - - [1/十一月/2017:06:33:43:860 +0000] "GET /b_1080p_48.m4s HTTP/1.1" 200 1155956  91
10.108.147.170 - - [1/十一月/2017:06:33:44:092 +0000] "GET /b_128k_38.m4s HTTP/1.1" 200 130281  20
0:0:0:0:0:0:0:1 - - [1/十一月/2017:06:44:09:122 +0000] "GET /index.html HTTP/1.1" 200 351  47
0:0:0:0:0:0:0:1 - - [1/十一月/2017:06:44:09:180 +0000] "GET /dash.js HTTP/1.1" 200 531827  57
0:0:0:0:0:0:0:1 - - [1/十一月/2017:06:44:09:302 +0000] "GET /b_manifest_orig.mpd HTTP/1.1" 206 1905  8
0:0:0:0:0:0:0:1 - - [1/十一月/2017:06:44:09:338 +0000] "GET /b_manifest_orig.mpd HTTP/1.1" 200 1905  7
0:0:0:0:0:0:0:1 - - [1/十一月/2017:06:44:09:344 +0000] "GET /favicon.ico HTTP/1.1" 404 1020  6
0:0:0:0:0:0:0:1 - - [1/十一月/2017:06:44:09:387 +0000] "GET /b_360p_i.mp4 HTTP/1.1" 200 1218  14
0:0:0:0:0:0:0:1 - - [1/十一月/2017:06:44:09:387 +0000] "GET /b_128k_i.mp4 HTTP/1.1" 200 1132  20
0:0:0:0:0:0:0:1 - - [1/十一月/2017:06:44:09:500 +0000] "GET /b_360p_1.m4s HTTP/1.1" 200 223709  13
0:0:0:0:0:0:0:1 - - [1/十一月/2017:06:44:09:521 +0000] "GET /b_1080p_i.mp4 HTTP/1.1" 200 1219  16
0:0:0:0:0:0:0:1 - - [1/十一月/2017:06:44:09:501 +0000] "GET /b_128k_1.m4s HTTP/1.1" 200 129824  48
0:0:0:0:0:0:0:1 - - [1/十一月/2017:06:44:09:558 +0000] "GET /b_128k_2.m4s HTTP/1.1" 200 129877  7
0:0:0:0:0:0:0:1 - - [1/十一月/2017:06:44:09:545 +0000] "GET /b_1080p_2.m4s HTTP/1.1" 200 6630217  2079
0:0:0:0:0:0:0:1 - - [1/十一月/2017:06:44:11:658 +0000] "GET /b_1080p_3.m4s HTTP/1.1" 200 2514560  43
0:0:0:0:0:0:0:1 - - [1/十一月/2017:06:44:12:075 +0000] "GET /b_128k_3.m4s HTTP/1.1" 200 129880  6
0:0:0:0:0:0:0:1 - - [1/十一月/2017:06:44:11:712 +0000] "GET /b_1080p_4.m4s HTTP/1.1" 200 946907  377
0:0:0:0:0:0:0:1 - - [1/十一月/2017:06:44:12:587 +0000] "GET /b_128k_4.m4s HTTP/1.1" 200 129902  225
0:0:0:0:0:0:0:1 - - [1/十一月/2017:06:44:12:097 +0000] "GET /b_1080p_5.m4s HTTP/1.1" 200 3970575  1344
0:0:0:0:0:0:0:1 - - [1/十一月/2017:06:44:13:458 +0000] "GET /b_1080p_6.m4s HTTP/1.1" 200 1772823  491
0:0:0:0:0:0:0:1 - - [1/十一月/2017:06:44:13:820 +0000] "GET /b_128k_5.m4s HTTP/1.1" 200 129803  133
0:0:0:0:0:0:0:1 - - [1/十一月/2017:06:44:13:961 +0000] "GET /b_1080p_7.m4s HTTP/1.1" 200 1792958  703
0:0:0:0:0:0:0:1 - - [1/十一月/2017:06:44:14:674 +0000] "GET /b_1080p_8.m4s HTTP/1.1" 200 1168404  16
0:0:0:0:0:0:0:1 - - [1/十一月/2017:06:44:14:698 +0000] "GET /b_1080p_9.m4s HTTP/1.1" 200 3201797  37
0:0:0:0:0:0:0:1 - - [1/十一月/2017:06:44:14:750 +0000] "GET /b_1080p_10.m4s HTTP/1.1" 200 707169  11
0:0:0:0:0:0:0:1 - - [1/十一月/2017:06:44:14:960 +0000] "GET /b_128k_6.m4s HTTP/1.1" 200 129824  232
0:0:0:0:0:0:0:1 - - [1/十一月/2017:06:44:15:269 +0000] "GET /b_1080p_11.m4s HTTP/1.1" 200 860658  10
0:0:0:0:0:0:0:1 - - [1/十一月/2017:06:44:15:196 +0000] "GET /b_128k_7.m4s HTTP/1.1" 200 129883  265
0:0:0:0:0:0:0:1 - - [1/十一月/2017:06:44:15:470 +0000] "GET /b_128k_8.m4s HTTP/1.1" 200 130159  251
0:0:0:0:0:0:0:1 - - [1/十一月/2017:06:44:15:727 +0000] "GET /b_128k_9.m4s HTTP/1.1" 200 130142  225
0:0:0:0:0:0:0:1 - - [1/十一月/2017:06:44:18:793 +0000] "GET /b_1080p_12.m4s HTTP/1.1" 200 2849756  492
0:0:0:0:0:0:0:1 - - [1/十一月/2017:06:44:19:466 +0000] "GET /b_128k_10.m4s HTTP/1.1" 200 129994  103
0:0:0:0:0:0:0:1 - - [1/十一月/2017:06:44:26:311 +0000] "GET /b_1080p_13.m4s HTTP/1.1" 200 1758897  200
0:0:0:0:0:0:0:1 - - [1/十一月/2017:06:44:30:531 +0000] "GET /b_1080p_14.m4s HTTP/1.1" 200 3416536  371
0:0:0:0:0:0:0:1 - - [1/十一月/2017:06:44:31:092 +0000] "GET /b_128k_11.m4s HTTP/1.1" 200 130254  21
0:0:0:0:0:0:0:1 - - [1/十一月/2017:06:44:34:422 +0000] "GET /b_1080p_15.m4s HTTP/1.1" 200 1700957  195
0:0:0:0:0:0:0:1 - - [1/十一月/2017:06:44:34:624 +0000] "GET /b_128k_12.m4s HTTP/1.1" 200 129908  34
0:0:0:0:0:0:0:1 - - [1/十一月/2017:06:44:42:638 +0000] "GET /b_1080p_16.m4s HTTP/1.1" 200 1148114  31
0:0:0:0:0:0:0:1 - - [1/十一月/2017:06:44:46:187 +0000] "GET /b_1080p_17.m4s HTTP/1.1" 200 1190981  25
0:0:0:0:0:0:0:1 - - [1/十一月/2017:06:44:46:689 +0000] "GET /b_128k_13.m4s HTTP/1.1" 200 130190  17
0:0:0:0:0:0:0:1 - - [1/十一月/2017:06:44:46:715 +0000] "GET /b_128k_14.m4s HTTP/1.1" 200 130017  17
0:0:0:0:0:0:0:1 - - [1/十一月/2017:06:44:54:234 +0000] "GET /b_1080p_18.m4s HTTP/1.1" 200 1774028  38
0:0:0:0:0:0:0:1 - - [1/十一月/2017:06:44:58:795 +0000] "GET /b_1080p_19.m4s HTTP/1.1" 200 2614302  50
0:0:0:0:0:0:0:1 - - [1/十一月/2017:06:44:59:261 +0000] "GET /b_128k_15.m4s HTTP/1.1" 200 130054  7
0:0:0:0:0:0:0:1 - - [1/十一月/2017:06:45:06:872 +0000] "GET /b_1080p_20.m4s HTTP/1.1" 200 2919683  47
0:0:0:0:0:0:0:1 - - [1/十一月/2017:06:45:07:288 +0000] "GET /b_128k_16.m4s HTTP/1.1" 200 130009  7
0:0:0:0:0:0:0:1 - - [1/十一月/2017:06:45:12:441 +0000] "GET /b_1080p_21.m4s HTTP/1.1" 200 3212057  49
0:0:0:0:0:0:0:1 - - [1/十一月/2017:06:45:18:012 +0000] "GET /b_1080p_22.m4s HTTP/1.1" 200 1125281  22
0:0:0:0:0:0:0:1 - - [1/十一月/2017:06:45:18:318 +0000] "GET /b_128k_17.m4s HTTP/1.1" 200 130115  9
0:0:0:0:0:0:0:1 - - [1/十一月/2017:06:45:21:551 +0000] "GET /b_1080p_23.m4s HTTP/1.1" 200 3123141  48
0:0:0:0:0:0:0:1 - - [1/十一月/2017:06:45:21:841 +0000] "GET /b_128k_18.m4s HTTP/1.1" 200 130319  6
0:0:0:0:0:0:0:1 - - [1/十一月/2017:06:45:29:628 +0000] "GET /b_1080p_24.m4s HTTP/1.1" 200 131401  10
0:0:0:0:0:0:0:1 - - [1/十一月/2017:06:45:29:649 +0000] "GET /b_1080p_25.m4s HTTP/1.1" 200 3470856  42
0:0:0:0:0:0:0:1 - - [1/十一月/2017:06:45:29:870 +0000] "GET /b_128k_19.m4s HTTP/1.1" 200 130146  7
0:0:0:0:0:0:0:1 - - [1/十一月/2017:06:45:38:220 +0000] "GET /b_1080p_26.m4s HTTP/1.1" 200 2177117  28
0:0:0:0:0:0:0:1 - - [1/十一月/2017:06:45:38:399 +0000] "GET /b_128k_20.m4s HTTP/1.1" 200 130013  7
0:0:0:0:0:0:0:1 - - [1/十一月/2017:06:45:43:771 +0000] "GET /b_1080p_27.m4s HTTP/1.1" 200 2512634  48
0:0:0:0:0:0:0:1 - - [1/十一月/2017:06:45:43:922 +0000] "GET /b_128k_21.m4s HTTP/1.1" 200 130156  5
0:0:0:0:0:0:0:1 - - [1/十一月/2017:06:45:50:846 +0000] "GET /b_1080p_28.m4s HTTP/1.1" 200 2151929  38
0:0:0:0:0:0:0:1 - - [1/十一月/2017:06:45:57:908 +0000] "GET /b_1080p_29.m4s HTTP/1.1" 200 2505459  23
0:0:0:0:0:0:0:1 - - [1/十一月/2017:06:45:57:955 +0000] "GET /b_128k_22.m4s HTTP/1.1" 200 130054  4
0:0:0:0:0:0:0:1 - - [1/十一月/2017:06:46:04:454 +0000] "GET /b_1080p_30.m4s HTTP/1.1" 200 1492744  29
0:0:0:0:0:0:0:1 - - [1/十一月/2017:06:46:04:977 +0000] "GET /b_128k_23.m4s HTTP/1.1" 200 130225  7
0:0:0:0:0:0:0:1 - - [1/十一月/2017:06:46:11:006 +0000] "GET /b_1080p_31.m4s HTTP/1.1" 200 2134149  36
0:0:0:0:0:0:0:1 - - [1/十一月/2017:06:46:11:527 +0000] "GET /b_128k_24.m4s HTTP/1.1" 200 130255  6
0:0:0:0:0:0:0:1 - - [1/十一月/2017:06:46:15:564 +0000] "GET /b_1080p_32.m4s HTTP/1.1" 200 2817705  253
0:0:0:0:0:0:0:1 - - [1/十一月/2017:06:46:20:340 +0000] "GET /b_1080p_33.m4s HTTP/1.1" 200 2418576  33
0:0:0:0:0:0:0:1 - - [1/十一月/2017:06:46:20:559 +0000] "GET /b_128k_25.m4s HTTP/1.1" 200 130037  7
0:0:0:0:0:0:0:1 - - [1/十一月/2017:06:46:26:896 +0000] "GET /b_1080p_34.m4s HTTP/1.1" 200 3706743  610
0:0:0:0:0:0:0:1 - - [1/十一月/2017:06:46:27:587 +0000] "GET /b_128k_26.m4s HTTP/1.1" 200 130394  4
0:0:0:0:0:0:0:1 - - [1/十一月/2017:06:46:34:537 +0000] "GET /b_1080p_35.m4s HTTP/1.1" 200 2307872  38
0:0:0:0:0:0:0:1 - - [1/十一月/2017:06:46:34:606 +0000] "GET /b_128k_27.m4s HTTP/1.1" 200 130080  4
0:0:0:0:0:0:0:1 - - [1/十一月/2017:06:46:42:100 +0000] "GET /b_1080p_36.m4s HTTP/1.1" 200 4028855  662
0:0:0:0:0:0:0:1 - - [1/十一月/2017:06:46:43:130 +0000] "GET /b_128k_28.m4s HTTP/1.1" 200 130061  7
0:0:0:0:0:0:0:1 - - [1/十一月/2017:06:46:48:791 +0000] "GET /b_1080p_37.m4s HTTP/1.1" 200 1789354  26
0:0:0:0:0:0:0:1 - - [1/十一月/2017:06:46:49:157 +0000] "GET /b_128k_29.m4s HTTP/1.1" 200 130070  7
0:0:0:0:0:0:0:1 - - [1/十一月/2017:06:46:55:342 +0000] "GET /b_1080p_38.m4s HTTP/1.1" 200 2387587  406
0:0:0:0:0:0:0:1 - - [1/十一月/2017:06:47:01:270 +0000] "GET /b_1080p_39.m4s HTTP/1.1" 200 2097005  36
0:0:0:0:0:0:0:1 - - [1/十一月/2017:06:47:01:693 +0000] "GET /b_128k_30.m4s HTTP/1.1" 200 130165  7
0:0:0:0:0:0:0:1 - - [1/十一月/2017:06:47:07:326 +0000] "GET /b_1080p_40.m4s HTTP/1.1" 200 1748824  302
0:0:0:0:0:0:0:1 - - [1/十一月/2017:06:47:07:720 +0000] "GET /b_128k_31.m4s HTTP/1.1" 200 130097  4
0:0:0:0:0:0:0:1 - - [1/十一月/2017:06:47:15:153 +0000] "GET /b_1080p_41.m4s HTTP/1.1" 200 1945573  37
0:0:0:0:0:0:0:1 - - [1/十一月/2017:06:47:18:211 +0000] "GET /b_1080p_42.m4s HTTP/1.1" 200 3785245  579
0:0:0:0:0:0:0:1 - - [1/十一月/2017:06:47:19:250 +0000] "GET /b_128k_32.m4s HTTP/1.1" 200 130053  7
0:0:0:0:0:0:0:1 - - [1/十一月/2017:06:47:25:819 +0000] "GET /b_1080p_43.m4s HTTP/1.1" 200 3011070  39
0:0:0:0:0:0:0:1 - - [1/十一月/2017:06:47:26:277 +0000] "GET /b_128k_33.m4s HTTP/1.1" 200 130044  6
0:0:0:0:0:0:0:1 - - [1/十一月/2017:06:47:33:383 +0000] "GET /b_1080p_44.m4s HTTP/1.1" 200 2902758  405
0:0:0:0:0:0:0:1 - - [1/十一月/2017:06:47:33:803 +0000] "GET /b_128k_34.m4s HTTP/1.1" 200 130023  5
0:0:0:0:0:0:0:1 - - [1/十一月/2017:06:47:40:813 +0000] "GET /b_1080p_45.m4s HTTP/1.1" 200 1278006  17
0:0:0:0:0:0:0:1 - - [1/十一月/2017:06:47:41:330 +0000] "GET /b_128k_35.m4s HTTP/1.1" 200 130139  7
0:0:0:0:0:0:0:1 - - [1/十一月/2017:06:47:45:351 +0000] "GET /b_1080p_46.m4s HTTP/1.1" 200 3941245  467
0:0:0:0:0:0:0:1 - - [1/十一月/2017:06:47:45:852 +0000] "GET /b_128k_36.m4s HTTP/1.1" 200 130027  4
0:0:0:0:0:0:0:1 - - [1/十一月/2017:06:47:52:345 +0000] "GET /b_1080p_47.m4s HTTP/1.1" 200 3222826  48
0:0:0:0:0:0:0:1 - - [1/十一月/2017:06:47:52:875 +0000] "GET /b_128k_37.m4s HTTP/1.1" 200 130069  6
0:0:0:0:0:0:0:1 - - [1/十一月/2017:06:47:59:417 +0000] "GET /b_1080p_48.m4s HTTP/1.1" 200 1155956  20
0:0:0:0:0:0:0:1 - - [1/十一月/2017:06:47:59:903 +0000] "GET /b_128k_38.m4s HTTP/1.1" 200 130281  7
0:0:0:0:0:0:0:1 - - [1/十一月/2017:06:48:06:961 +0000] "GET /b_1080p_49.m4s HTTP/1.1" 200 2773697  43
0:0:0:0:0:0:0:1 - - [1/十一月/2017:06:48:07:435 +0000] "GET /b_128k_39.m4s HTTP/1.1" 200 129887  7
0:0:0:0:0:0:0:1 - - [1/十一月/2017:06:48:15:031 +0000] "GET /b_1080p_50.m4s HTTP/1.1" 200 3500575  49
0:0:0:0:0:0:0:1 - - [1/十一月/2017:06:48:19:601 +0000] "GET /b_1080p_51.m4s HTTP/1.1" 200 2857175  38
0:0:0:0:0:0:0:1 - - [1/十一月/2017:06:48:19:974 +0000] "GET /b_128k_40.m4s HTTP/1.1" 200 130033  7
0:0:0:0:0:0:0:1 - - [1/十一月/2017:06:48:27:663 +0000] "GET /b_1080p_52.m4s HTTP/1.1" 200 3629720  50
0:0:0:0:0:0:0:1 - - [1/十一月/2017:06:48:28:006 +0000] "GET /b_128k_41.m4s HTTP/1.1" 200 130003  7
0:0:0:0:0:0:0:1 - - [1/十一月/2017:06:48:34:239 +0000] "GET /b_1080p_53.m4s HTTP/1.1" 200 1843689  31
0:0:0:0:0:0:0:1 - - [1/十一月/2017:06:48:34:536 +0000] "GET /b_128k_42.m4s HTTP/1.1" 200 130580  5
0:0:0:0:0:0:0:1 - - [1/十一月/2017:06:48:38:786 +0000] "GET /b_1080p_54.m4s HTTP/1.1" 200 3497010  34
0:0:0:0:0:0:0:1 - - [1/十一月/2017:06:48:39:057 +0000] "GET /b_128k_43.m4s HTTP/1.1" 200 130228  4
0:0:0:0:0:0:0:1 - - [1/十一月/2017:06:48:46:353 +0000] "GET /b_1080p_55.m4s HTTP/1.1" 200 1462636  27
0:0:0:0:0:0:0:1 - - [1/十一月/2017:06:48:51:905 +0000] "GET /b_1080p_56.m4s HTTP/1.1" 200 464945  11
0:0:0:0:0:0:0:1 - - [1/十一月/2017:06:48:52:090 +0000] "GET /b_128k_44.m4s HTTP/1.1" 200 130547  8
0:0:0:0:0:0:0:1 - - [1/十一月/2017:06:48:54:932 +0000] "GET /b_1080p_57.m4s HTTP/1.1" 200 3891250  53
0:0:0:0:0:0:0:1 - - [1/十一月/2017:06:48:55:614 +0000] "GET /b_128k_45.m4s HTTP/1.1" 200 130217  6
0:0:0:0:0:0:0:1 - - [1/十一月/2017:06:49:02:514 +0000] "GET /b_1080p_58.m4s HTTP/1.1" 200 4076720  56
0:0:0:0:0:0:0:1 - - [1/十一月/2017:06:49:10:097 +0000] "GET /b_1080p_59.m4s HTTP/1.1" 200 4087912  50
0:0:0:0:0:0:0:1 - - [1/十一月/2017:06:49:10:650 +0000] "GET /b_128k_46.m4s HTTP/1.1" 200 130488  7
0:0:0:0:0:0:0:1 - - [1/十一月/2017:06:49:10:666 +0000] "GET /b_128k_47.m4s HTTP/1.1" 200 129983  6
0:0:0:0:0:0:0:1 - - [1/十一月/2017:06:49:18:180 +0000] "GET /b_1080p_60.m4s HTTP/1.1" 200 3021185  46
0:0:0:0:0:0:0:1 - - [1/十一月/2017:06:49:26:253 +0000] "GET /b_1080p_61.m4s HTTP/1.1" 200 1642094  28
0:0:0:0:0:0:0:1 - - [1/十一月/2017:06:49:26:707 +0000] "GET /b_128k_48.m4s HTTP/1.1" 200 130187  9
0:0:0:0:0:0:0:1 - - [1/十一月/2017:06:49:33:307 +0000] "GET /b_1080p_62.m4s HTTP/1.1" 200 627562  13
0:0:0:0:0:0:0:1 - - [1/十一月/2017:06:49:33:738 +0000] "GET /b_128k_49.m4s HTTP/1.1" 200 130287  7
0:0:0:0:0:0:0:1 - - [1/十一月/2017:06:49:35:835 +0000] "GET /b_1080p_63.m4s HTTP/1.1" 200 919005  14
0:0:0:0:0:0:0:1 - - [1/十一月/2017:06:49:36:261 +0000] "GET /b_128k_50.m4s HTTP/1.1" 200 130465  7
0:0:0:0:0:0:0:1 - - [1/十一月/2017:06:49:43:877 +0000] "GET /b_1080p_64.m4s HTTP/1.1" 200 1866231  3170
0:0:0:0:0:0:0:1 - - [1/十一月/2017:06:49:47:296 +0000] "GET /b_128k_51.m4s HTTP/1.1" 200 130043  7
0:0:0:0:0:0:0:1 - - [1/十一月/2017:06:49:51:997 +0000] "GET /b_1080p_65.m4s HTTP/1.1" 200 537037  67
0:0:0:0:0:0:0:1 - - [1/十一月/2017:06:49:54:076 +0000] "GET /b_1080p_66.m4s HTTP/1.1" 200 1619130  275
0:0:0:0:0:0:0:1 - - [1/十一月/2017:06:49:54:825 +0000] "GET /b_128k_52.m4s HTTP/1.1" 200 130030  20
0:0:0:0:0:0:0:1 - - [1/十一月/2017:06:49:59:372 +0000] "GET /b_1080p_67.m4s HTTP/1.1" 200 2463220  323
0:0:0:0:0:0:0:1 - - [1/十一月/2017:06:49:59:863 +0000] "GET /b_128k_53.m4s HTTP/1.1" 200 130540  22
0:0:0:0:0:0:0:1 - - [1/十一月/2017:06:50:06:721 +0000] "GET /b_1080p_68.m4s HTTP/1.1" 200 2588806  346
0:0:0:0:0:0:0:1 - - [1/十一月/2017:06:50:07:403 +0000] "GET /b_128k_54.m4s HTTP/1.1" 200 129898  20
0:0:0:0:0:0:0:1 - - [1/十一月/2017:06:50:15:092 +0000] "GET /b_1080p_69.m4s HTTP/1.1" 502 333  1049
0:0:0:0:0:0:0:1 - - [1/十一月/2017:06:50:17:149 +0000] "GET /b_1080p_69.m4s HTTP/1.1" 502 333  1006
0:0:0:0:0:0:0:1 - - [1/十一月/2017:06:50:19:161 +0000] "GET /b_1080p_69.m4s HTTP/1.1" 502 333  1004
0:0:0:0:0:0:0:1 - - [1/十一月/2017:06:50:21:171 +0000] "GET /b_1080p_69.m4s HTTP/1.1" 502 333  1006
