0:0:0:0:0:0:0:1 - - [3/十一月/2017:02:58:39:193 +0000] "GET /index.html HTTP/1.1" 404 1018  340
0:0:0:0:0:0:0:1 - - [3/十一月/2017:02:58:39:738 +0000] "GET /favicon.ico HTTP/1.1" 404 1020  12
0:0:0:0:0:0:0:1 - - [3/十一月/2017:02:59:58:781 +0000] "GET /index.html HTTP/1.1" 404 1018  14
0:0:0:0:0:0:0:1 - - [3/十一月/2017:03:00:03:576 +0000] "GET /index.html HTTP/1.1" 404 1018  11
0:0:0:0:0:0:0:1 - - [3/十一月/2017:03:00:05:428 +0000] "GET /index.html HTTP/1.1" 404 1018  10
0:0:0:0:0:0:0:1 - - [3/十一月/2017:03:00:13:013 +0000] "GET /index.html HTTP/1.1" 200 352  86
0:0:0:0:0:0:0:1 - - [3/十一月/2017:03:00:13:104 +0000] "GET /dash.js HTTP/1.1" 200 531827  125
0:0:0:0:0:0:0:1 - - [3/十一月/2017:03:00:13:681 +0000] "GET /bbb_manifest_orig.mpd HTTP/1.1" 206 2991  7
0:0:0:0:0:0:0:1 - - [3/十一月/2017:03:00:13:725 +0000] "GET /bbb_manifest_orig.mpd HTTP/1.1" 200 2991  6
0:0:0:0:0:0:0:1 - - [3/十一月/2017:03:00:13:728 +0000] "GET /favicon.ico HTTP/1.1" 404 1022  7
0:0:0:0:0:0:0:1 - - [3/十一月/2017:03:00:13:776 +0000] "GET /bbb_1.0Mbps720p_i.mp4 HTTP/1.1" 200 912  7
0:0:0:0:0:0:0:1 - - [3/十一月/2017:03:00:13:794 +0000] "GET /bbb_1.0Mbps720p_1.m4s HTTP/1.1" 200 496870  109
0:0:0:0:0:0:0:1 - - [3/十一月/2017:03:00:13:911 +0000] "GET /bbb_3.9Mbps1080p_i.mp4 HTTP/1.1" 200 913  9
0:0:0:0:0:0:0:1 - - [3/十一月/2017:03:00:13:926 +0000] "GET /bbb_3.9Mbps1080p_2.m4s HTTP/1.1" 200 3077995  335
0:0:0:0:0:0:0:1 - - [3/十一月/2017:03:00:14:274 +0000] "GET /bbb_3.9Mbps1080p_3.m4s HTTP/1.1" 200 3903117  540
0:0:0:0:0:0:0:1 - - [3/十一月/2017:03:00:14:827 +0000] "GET /bbb_3.9Mbps1080p_4.m4s HTTP/1.1" 200 3199663  322
0:0:0:0:0:0:0:1 - - [3/十一月/2017:03:00:15:161 +0000] "GET /bbb_3.9Mbps1080p_5.m4s HTTP/1.1" 200 1055652  158
0:0:0:0:0:0:0:1 - - [3/十一月/2017:03:00:15:328 +0000] "GET /bbb_3.9Mbps1080p_6.m4s HTTP/1.1" 200 1337699  170
0:0:0:0:0:0:0:1 - - [3/十一月/2017:03:00:15:507 +0000] "GET /bbb_3.9Mbps1080p_7.m4s HTTP/1.1" 200 3980958  406
0:0:0:0:0:0:0:1 - - [3/十一月/2017:03:00:15:926 +0000] "GET /bbb_3.9Mbps1080p_8.m4s HTTP/1.1" 200 4050701  396
0:0:0:0:0:0:0:1 - - [3/十一月/2017:03:00:16:345 +0000] "GET /bbb_3.9Mbps1080p_9.m4s HTTP/1.1" 200 3227775  338
0:0:0:0:0:0:0:1 - - [3/十一月/2017:03:00:20:705 +0000] "GET /bbb_3.9Mbps1080p_10.m4s HTTP/1.1" 200 2232254  268
0:0:0:0:0:0:0:1 - - [3/十一月/2017:03:00:24:494 +0000] "GET /bbb_3.9Mbps1080p_11.m4s HTTP/1.1" 200 1785933  234
0:0:0:0:0:0:0:1 - - [3/十一月/2017:03:00:28:245 +0000] "GET /bbb_3.9Mbps1080p_12.m4s HTTP/1.1" 200 2206920  268
0:0:0:0:0:0:0:1 - - [3/十一月/2017:03:00:32:540 +0000] "GET /bbb_3.9Mbps1080p_13.m4s HTTP/1.1" 200 3145297  411
0:0:0:0:0:0:0:1 - - [3/十一月/2017:03:00:36:472 +0000] "GET /bbb_3.9Mbps1080p_14.m4s HTTP/1.1" 200 2872707  317
0:0:0:0:0:0:0:1 - - [3/十一月/2017:03:00:40:309 +0000] "GET /bbb_3.9Mbps1080p_15.m4s HTTP/1.1" 200 716095  121
0:0:0:0:0:0:0:1 - - [3/十一月/2017:03:00:44:445 +0000] "GET /bbb_3.9Mbps1080p_16.m4s HTTP/1.1" 200 1231787  156
0:0:0:0:0:0:0:1 - - [3/十一月/2017:03:00:48:618 +0000] "GET /bbb_3.9Mbps1080p_17.m4s HTTP/1.1" 200 1713935  216
0:0:0:0:0:0:0:1 - - [3/十一月/2017:03:00:52:352 +0000] "GET /bbb_3.9Mbps1080p_18.m4s HTTP/1.1" 200 1370001  196
0:0:0:0:0:0:0:1 - - [3/十一月/2017:03:00:56:062 +0000] "GET /bbb_3.9Mbps1080p_19.m4s HTTP/1.1" 200 1926828  254
0:0:0:0:0:0:0:1 - - [3/十一月/2017:03:01:00:331 +0000] "GET /bbb_3.9Mbps1080p_20.m4s HTTP/1.1" 200 4139130  428
0:0:0:0:0:0:0:1 - - [3/十一月/2017:03:01:04:281 +0000] "GET /bbb_3.9Mbps1080p_21.m4s HTTP/1.1" 200 1619646  217
0:0:0:0:0:0:0:1 - - [3/十一月/2017:03:01:08:513 +0000] "GET /bbb_3.9Mbps1080p_22.m4s HTTP/1.1" 200 650832  137
0:0:0:0:0:0:0:1 - - [3/十一月/2017:03:01:12:166 +0000] "GET /bbb_3.9Mbps1080p_23.m4s HTTP/1.1" 200 1160620  181
0:0:0:0:0:0:0:1 - - [3/十一月/2017:03:01:16:365 +0000] "GET /bbb_3.9Mbps1080p_24.m4s HTTP/1.1" 200 572476  149
0:0:0:0:0:0:0:1 - - [3/十一月/2017:03:01:20:527 +0000] "GET /bbb_3.9Mbps1080p_25.m4s HTTP/1.1" 200 870275  128
0:0:0:0:0:0:0:1 - - [3/十一月/2017:03:01:24:169 +0000] "GET /bbb_3.9Mbps1080p_26.m4s HTTP/1.1" 200 1262399  206
0:0:0:0:0:0:0:1 - - [3/十一月/2017:03:01:28:392 +0000] "GET /bbb_3.9Mbps1080p_27.m4s HTTP/1.1" 200 963246  150
0:0:0:0:0:0:0:1 - - [3/十一月/2017:03:01:32:557 +0000] "GET /bbb_3.9Mbps1080p_28.m4s HTTP/1.1" 200 872883  143
0:0:0:0:0:0:0:1 - - [3/十一月/2017:03:01:36:215 +0000] "GET /bbb_3.9Mbps1080p_29.m4s HTTP/1.1" 200 1630437  216
0:0:0:0:0:0:0:1 - - [3/十一月/2017:03:01:40:446 +0000] "GET /bbb_3.9Mbps1080p_30.m4s HTTP/1.1" 200 2850945  323
0:0:0:0:0:0:0:1 - - [3/十一月/2017:03:01:44:288 +0000] "GET /bbb_3.9Mbps1080p_31.m4s HTTP/1.1" 200 1965049  224
0:0:0:0:0:0:0:1 - - [3/十一月/2017:03:01:48:530 +0000] "GET /bbb_3.9Mbps1080p_32.m4s HTTP/1.1" 200 1476928  189
0:0:0:0:0:0:0:1 - - [3/十一月/2017:03:01:52:734 +0000] "GET /bbb_3.9Mbps1080p_33.m4s HTTP/1.1" 200 1407471  190
0:0:0:0:0:0:0:1 - - [3/十一月/2017:03:01:56:438 +0000] "GET /bbb_3.9Mbps1080p_34.m4s HTTP/1.1" 200 1679928  211
0:0:0:0:0:0:0:1 - - [3/十一月/2017:03:01:59:387 +0000] "GET /dash.all.min.js.map HTTP/1.1" 404 1038  4
0:0:0:0:0:0:0:1 - - [3/十一月/2017:03:02:00:170 +0000] "GET /bbb_3.9Mbps1080p_35.m4s HTTP/1.1" 200 1727159  230
0:0:0:0:0:0:0:1 - - [3/十一月/2017:03:02:04:429 +0000] "GET /bbb_3.9Mbps1080p_36.m4s HTTP/1.1" 200 1876980  407
0:0:0:0:0:0:0:1 - - [3/十一月/2017:03:02:08:366 +0000] "GET /bbb_3.9Mbps1080p_37.m4s HTTP/1.1" 200 1584869  229
0:0:0:0:0:0:0:1 - - [3/十一月/2017:03:02:12:123 +0000] "GET /bbb_3.9Mbps1080p_38.m4s HTTP/1.1" 200 1477635  222
0:0:0:0:0:0:0:1 - - [3/十一月/2017:03:02:16:369 +0000] "GET /bbb_3.9Mbps1080p_39.m4s HTTP/1.1" 200 1662140  184
0:0:0:0:0:0:0:1 - - [3/十一月/2017:03:02:20:081 +0000] "GET /bbb_3.9Mbps1080p_40.m4s HTTP/1.1" 200 771230  217
0:0:0:0:0:0:0:1 - - [3/十一月/2017:03:02:24:322 +0000] "GET /bbb_3.9Mbps1080p_41.m4s HTTP/1.1" 200 1779737  238
0:0:0:0:0:0:0:1 - - [3/十一月/2017:03:02:28:088 +0000] "GET /bbb_3.9Mbps1080p_42.m4s HTTP/1.1" 200 1228493  357
0:0:0:0:0:0:0:1 - - [3/十一月/2017:03:02:32:473 +0000] "GET /bbb_3.9Mbps1080p_43.m4s HTTP/1.1" 200 1126127  183
0:0:0:0:0:0:0:1 - - [3/十一月/2017:03:02:36:681 +0000] "GET /bbb_3.9Mbps1080p_44.m4s HTTP/1.1" 200 889833  153
0:0:0:0:0:0:0:1 - - [3/十一月/2017:03:02:40:358 +0000] "GET /bbb_3.9Mbps1080p_45.m4s HTTP/1.1" 200 1765602  226
0:0:0:0:0:0:0:1 - - [3/十一月/2017:03:02:44:615 +0000] "GET /bbb_3.9Mbps1080p_46.m4s HTTP/1.1" 200 2135398  267
0:0:0:0:0:0:0:1 - - [3/十一月/2017:03:02:48:415 +0000] "GET /bbb_3.9Mbps1080p_47.m4s HTTP/1.1" 200 2205599  275
0:0:0:0:0:0:0:1 - - [3/十一月/2017:03:02:52:222 +0000] "GET /bbb_3.9Mbps1080p_48.m4s HTTP/1.1" 200 1028458  161
0:0:0:0:0:0:0:1 - - [3/十一月/2017:03:02:56:409 +0000] "GET /bbb_3.9Mbps1080p_49.m4s HTTP/1.1" 200 2478771  297
0:0:0:0:0:0:0:1 - - [3/十一月/2017:03:03:00:241 +0000] "GET /bbb_3.9Mbps1080p_50.m4s HTTP/1.1" 200 1392531  196
0:0:0:0:0:0:0:1 - - [3/十一月/2017:03:03:04:461 +0000] "GET /bbb_3.9Mbps1080p_51.m4s HTTP/1.1" 200 1181196  170
0:0:0:0:0:0:0:1 - - [3/十一月/2017:03:03:08:154 +0000] "GET /bbb_3.9Mbps1080p_52.m4s HTTP/1.1" 200 1191572  207
0:0:0:0:0:0:0:1 - - [3/十一月/2017:03:03:12:384 +0000] "GET /bbb_3.9Mbps1080p_53.m4s HTTP/1.1" 200 2182595  300
0:0:0:0:0:0:0:1 - - [3/十一月/2017:03:03:16:717 +0000] "GET /bbb_3.9Mbps1080p_54.m4s HTTP/1.1" 200 2146785  256
0:0:0:0:0:0:0:1 - - [3/十一月/2017:03:03:20:504 +0000] "GET /bbb_3.9Mbps1080p_55.m4s HTTP/1.1" 200 1358819  189
0:0:0:0:0:0:0:1 - - [3/十一月/2017:03:03:24:222 +0000] "GET /bbb_3.9Mbps1080p_56.m4s HTTP/1.1" 200 904817  155
0:0:0:0:0:0:0:1 - - [3/十一月/2017:03:03:28:403 +0000] "GET /bbb_3.9Mbps1080p_57.m4s HTTP/1.1" 200 2531749  303
0:0:0:0:0:0:0:1 - - [3/十一月/2017:03:03:32:241 +0000] "GET /bbb_3.9Mbps1080p_58.m4s HTTP/1.1" 200 1333271  206
0:0:0:0:0:0:0:1 - - [3/十一月/2017:03:03:36:474 +0000] "GET /bbb_3.9Mbps1080p_59.m4s HTTP/1.1" 200 1317264  189
0:0:0:0:0:0:0:1 - - [3/十一月/2017:03:03:40:689 +0000] "GET /bbb_3.9Mbps1080p_60.m4s HTTP/1.1" 200 969777  165
0:0:0:0:0:0:0:1 - - [3/十一月/2017:03:03:44:376 +0000] "GET /bbb_3.9Mbps1080p_61.m4s HTTP/1.1" 200 2444515  280
0:0:0:0:0:0:0:1 - - [3/十一月/2017:03:03:48:691 +0000] "GET /bbb_3.9Mbps1080p_62.m4s HTTP/1.1" 200 2487766  290
0:0:0:0:0:0:0:1 - - [3/十一月/2017:03:03:52:515 +0000] "GET /bbb_3.9Mbps1080p_63.m4s HTTP/1.1" 200 1618659  196
0:0:0:0:0:0:0:1 - - [3/十一月/2017:03:03:56:242 +0000] "GET /bbb_3.9Mbps1080p_64.m4s HTTP/1.1" 200 1641934  214
0:0:0:0:0:0:0:1 - - [3/十一月/2017:03:04:00:484 +0000] "GET /bbb_3.9Mbps1080p_65.m4s HTTP/1.1" 200 1866343  247
0:0:0:0:0:0:0:1 - - [3/十一月/2017:03:04:04:264 +0000] "GET /bbb_3.9Mbps1080p_66.m4s HTTP/1.1" 200 1648675  178
0:0:0:0:0:0:0:1 - - [3/十一月/2017:03:04:08:470 +0000] "GET /bbb_3.9Mbps1080p_67.m4s HTTP/1.1" 200 1464538  176
0:0:0:0:0:0:0:1 - - [3/十一月/2017:03:04:12:174 +0000] "GET /bbb_3.9Mbps1080p_68.m4s HTTP/1.1" 200 2571833  298
0:0:0:0:0:0:0:1 - - [3/十一月/2017:03:04:16:506 +0000] "GET /bbb_3.9Mbps1080p_69.m4s HTTP/1.1" 200 2779926  328
0:0:0:0:0:0:0:1 - - [3/十一月/2017:03:04:20:369 +0000] "GET /bbb_3.9Mbps1080p_70.m4s HTTP/1.1" 200 2069186  253
0:0:0:0:0:0:0:1 - - [3/十一月/2017:03:04:24:654 +0000] "GET /bbb_3.9Mbps1080p_71.m4s HTTP/1.1" 200 2313865  285
0:0:0:0:0:0:0:1 - - [3/十一月/2017:03:04:28:472 +0000] "GET /bbb_3.9Mbps1080p_72.m4s HTTP/1.1" 200 1423067  194
0:0:0:0:0:0:0:1 - - [3/十一月/2017:03:04:32:193 +0000] "GET /bbb_3.9Mbps1080p_73.m4s HTTP/1.1" 200 998201  171
0:0:0:0:0:0:0:1 - - [3/十一月/2017:03:04:36:389 +0000] "GET /bbb_3.9Mbps1080p_74.m4s HTTP/1.1" 200 2015123  233
0:0:0:0:0:0:0:1 - - [3/十一月/2017:03:04:40:152 +0000] "GET /bbb_3.9Mbps1080p_75.m4s HTTP/1.1" 200 1530429  179
0:0:0:0:0:0:0:1 - - [3/十一月/2017:03:04:44:361 +0000] "GET /bbb_3.9Mbps1080p_76.m4s HTTP/1.1" 200 3010364  523
0:0:0:0:0:0:0:1 - - [3/十一月/2017:03:04:48:421 +0000] "GET /bbb_3.9Mbps1080p_77.m4s HTTP/1.1" 200 2423992  268
0:0:0:0:0:0:0:1 - - [3/十一月/2017:03:04:52:723 +0000] "GET /bbb_3.9Mbps1080p_78.m4s HTTP/1.1" 200 1855506  226
0:0:0:0:0:0:0:1 - - [3/十一月/2017:03:04:56:479 +0000] "GET /bbb_3.9Mbps1080p_79.m4s HTTP/1.1" 200 2719666  328
0:0:0:0:0:0:0:1 - - [3/十一月/2017:03:05:00:341 +0000] "GET /bbb_3.9Mbps1080p_80.m4s HTTP/1.1" 200 2158482  263
0:0:0:0:0:0:0:1 - - [3/十一月/2017:03:05:04:136 +0000] "GET /bbb_3.9Mbps1080p_81.m4s HTTP/1.1" 200 2113047  261
0:0:0:0:0:0:0:1 - - [3/十一月/2017:03:05:08:432 +0000] "GET /bbb_3.9Mbps1080p_82.m4s HTTP/1.1" 200 2402826  293
0:0:0:0:0:0:0:1 - - [3/十一月/2017:03:05:12:760 +0000] "GET /bbb_3.9Mbps1080p_83.m4s HTTP/1.1" 200 1958380  248
0:0:0:0:0:0:0:1 - - [3/十一月/2017:03:05:16:539 +0000] "GET /bbb_3.9Mbps1080p_84.m4s HTTP/1.1" 200 1568311  209
0:0:0:0:0:0:0:1 - - [3/十一月/2017:03:05:20:287 +0000] "GET /bbb_3.9Mbps1080p_85.m4s HTTP/1.1" 200 1094019  158
0:0:0:0:0:0:0:1 - - [3/十一月/2017:03:05:24:473 +0000] "GET /bbb_3.9Mbps1080p_86.m4s HTTP/1.1" 200 2310095  279
0:0:0:0:0:0:0:1 - - [3/十一月/2017:03:05:28:284 +0000] "GET /bbb_3.9Mbps1080p_87.m4s HTTP/1.1" 200 3765045  376
0:0:0:0:0:0:0:1 - - [3/十一月/2017:03:05:32:702 +0000] "GET /bbb_3.9Mbps1080p_88.m4s HTTP/1.1" 200 3860253  380
0:0:0:0:0:0:0:1 - - [3/十一月/2017:03:05:36:621 +0000] "GET /bbb_3.9Mbps1080p_89.m4s HTTP/1.1" 200 3135662  339
0:0:0:0:0:0:0:1 - - [3/十一月/2017:03:05:40:496 +0000] "GET /bbb_3.9Mbps1080p_90.m4s HTTP/1.1" 200 3519670  392
0:0:0:0:0:0:0:1 - - [3/十一月/2017:03:05:44:427 +0000] "GET /bbb_3.9Mbps1080p_91.m4s HTTP/1.1" 200 2917924  318
0:0:0:0:0:0:0:1 - - [3/十一月/2017:03:05:48:279 +0000] "GET /bbb_3.9Mbps1080p_92.m4s HTTP/1.1" 200 4031045  425
0:0:0:0:0:0:0:1 - - [3/十一月/2017:03:05:52:245 +0000] "GET /bbb_3.9Mbps1080p_93.m4s HTTP/1.1" 200 2913214  345
0:0:0:0:0:0:0:1 - - [3/十一月/2017:03:05:56:627 +0000] "GET /bbb_3.9Mbps1080p_94.m4s HTTP/1.1" 200 1721650  195
0:0:0:0:0:0:0:1 - - [3/十一月/2017:03:06:00:351 +0000] "GET /bbb_3.9Mbps1080p_95.m4s HTTP/1.1" 200 1652576  201
0:0:0:0:0:0:0:1 - - [3/十一月/2017:03:06:04:583 +0000] "GET /bbb_3.9Mbps1080p_96.m4s HTTP/1.1" 200 1215573  180
0:0:0:0:0:0:0:1 - - [3/十一月/2017:03:06:08:288 +0000] "GET /bbb_3.9Mbps1080p_97.m4s HTTP/1.1" 200 656413  116
0:0:0:0:0:0:0:1 - - [3/十一月/2017:03:06:12:427 +0000] "GET /bbb_3.9Mbps1080p_98.m4s HTTP/1.1" 200 1027942  145
0:0:0:0:0:0:0:1 - - [3/十一月/2017:03:06:16:095 +0000] "GET /bbb_3.9Mbps1080p_99.m4s HTTP/1.1" 200 1187134  164
0:0:0:0:0:0:0:1 - - [3/十一月/2017:03:06:20:284 +0000] "GET /bbb_3.9Mbps1080p_100.m4s HTTP/1.1" 200 1344670  181
0:0:0:0:0:0:0:1 - - [3/十一月/2017:03:06:24:491 +0000] "GET /bbb_3.9Mbps1080p_101.m4s HTTP/1.1" 200 869996  146
0:0:0:0:0:0:0:1 - - [3/十一月/2017:03:06:28:162 +0000] "GET /bbb_3.9Mbps1080p_102.m4s HTTP/1.1" 200 1276286  191
0:0:0:0:0:0:0:1 - - [3/十一月/2017:03:06:32:382 +0000] "GET /bbb_3.9Mbps1080p_103.m4s HTTP/1.1" 200 1711787  235
0:0:0:0:0:0:0:1 - - [3/十一月/2017:03:06:36:145 +0000] "GET /bbb_3.9Mbps1080p_104.m4s HTTP/1.1" 200 1623916  227
0:0:0:0:0:0:0:1 - - [3/十一月/2017:03:06:40:402 +0000] "GET /bbb_3.9Mbps1080p_105.m4s HTTP/1.1" 200 1166873  204
0:0:0:0:0:0:0:1 - - [3/十一月/2017:03:06:44:633 +0000] "GET /bbb_3.9Mbps1080p_106.m4s HTTP/1.1" 200 3905726  416
0:0:0:0:0:0:0:1 - - [3/十一月/2017:03:06:48:091 +0000] "GET /bbb_3.9Mbps1080p_107.m4s HTTP/1.1" 200 2703081  343
0:0:0:0:0:0:0:1 - - [3/十一月/2017:03:06:52:467 +0000] "GET /bbb_3.9Mbps1080p_108.m4s HTTP/1.1" 200 2261357  268
0:0:0:0:0:0:0:1 - - [3/十一月/2017:03:06:56:763 +0000] "GET /bbb_3.9Mbps1080p_109.m4s HTTP/1.1" 200 3187675  348
0:0:0:0:0:0:0:1 - - [3/十一月/2017:03:07:00:648 +0000] "GET /bbb_3.9Mbps1080p_110.m4s HTTP/1.1" 200 1596285  272
0:0:0:0:0:0:0:1 - - [3/十一月/2017:03:07:04:442 +0000] "GET /bbb_3.9Mbps1080p_111.m4s HTTP/1.1" 200 1831772  260
0:0:0:0:0:0:0:1 - - [3/十一月/2017:03:07:08:248 +0000] "GET /bbb_3.9Mbps1080p_112.m4s HTTP/1.1" 200 1718174  218
0:0:0:0:0:0:0:1 - - [3/十一月/2017:04:17:48:688 +0000] "GET /index.html HTTP/1.1" 200 352  98
0:0:0:0:0:0:0:1 - - [3/十一月/2017:04:17:48:812 +0000] "GET /dash.js HTTP/1.1" 200 531827  66
0:0:0:0:0:0:0:1 - - [3/十一月/2017:04:17:48:988 +0000] "GET /dash.all.min.js.map HTTP/1.1" 404 1038  115
0:0:0:0:0:0:0:1 - - [3/十一月/2017:04:17:48:992 +0000] "GET /bbb_manifest_orig.mpd HTTP/1.1" 404 1042  113
0:0:0:0:0:0:0:1 - - [3/十一月/2017:04:17:49:131 +0000] "GET /bbb_manifest_orig.mpd HTTP/1.1" 404 1042  6
0:0:0:0:0:0:0:1 - - [3/十一月/2017:04:17:49:147 +0000] "GET /favicon.ico HTTP/1.1" 404 1022  6
0:0:0:0:0:0:0:1 - - [3/十一月/2017:04:17:49:645 +0000] "GET /bbb_manifest_orig.mpd HTTP/1.1" 404 1042  7
0:0:0:0:0:0:0:1 - - [3/十一月/2017:04:17:50:171 +0000] "GET /bbb_manifest_orig.mpd HTTP/1.1" 404 1042  12
0:0:0:0:0:0:0:1 - - [3/十一月/2017:04:17:50:688 +0000] "GET /bbb_manifest_orig.mpd HTTP/1.1" 404 1042  11
0:0:0:0:0:0:0:1 - - [3/十一月/2017:04:21:25:964 +0000] "GET /index.html HTTP/1.1" 200 354  9
0:0:0:0:0:0:0:1 - - [3/十一月/2017:04:21:26:070 +0000] "GET /bunny_manifest_orig.mpd HTTP/1.1" 206 2370  8
0:0:0:0:0:0:0:1 - - [3/十一月/2017:04:21:26:073 +0000] "GET /dash.all.min.js.map HTTP/1.1" 404 1038  11
0:0:0:0:0:0:0:1 - - [3/十一月/2017:04:21:26:111 +0000] "GET /bunny_manifest_orig.mpd HTTP/1.1" 200 2370  5
0:0:0:0:0:0:0:1 - - [3/十一月/2017:04:21:26:178 +0000] "GET /bunny_500kbps480p_i.mp4 HTTP/1.1" 200 914  5
0:0:0:0:0:0:0:1 - - [3/十一月/2017:04:21:26:209 +0000] "GET /bunny_500kbps480p_1.m4s HTTP/1.1" 200 523706  55
0:0:0:0:0:0:0:1 - - [3/十一月/2017:04:21:26:300 +0000] "GET /bunny_4Mbps1080p_i.mp4 HTTP/1.1" 200 913  7
0:0:0:0:0:0:0:1 - - [3/十一月/2017:04:21:26:315 +0000] "GET /bunny_4Mbps1080p_2.m4s HTTP/1.1" 200 7103376  3249
0:0:0:0:0:0:0:1 - - [3/十一月/2017:04:21:29:647 +0000] "GET /bunny_4Mbps1080p_3.m4s HTTP/1.1" 200 2393947  795
0:0:0:0:0:0:0:1 - - [3/十一月/2017:04:21:30:469 +0000] "GET /bunny_4Mbps1080p_4.m4s HTTP/1.1" 200 8032255  1810
0:0:0:0:0:0:0:1 - - [3/十一月/2017:04:21:32:336 +0000] "GET /bunny_4Mbps1080p_5.m4s HTTP/1.1" 200 5460625  1436
0:0:0:0:0:0:0:1 - - [3/十一月/2017:04:21:37:327 +0000] "GET /bunny_4Mbps1080p_6.m4s HTTP/1.1" 200 3993449  1517
0:0:0:0:0:0:0:1 - - [3/十一月/2017:04:21:45:394 +0000] "GET /bunny_4Mbps1080p_7.m4s HTTP/1.1" 200 6018600  1641
0:0:0:0:0:0:0:1 - - [3/十一月/2017:04:21:53:600 +0000] "GET /bunny_4Mbps1080p_8.m4s HTTP/1.1" 200 1948478  45
0:0:0:0:0:0:0:1 - - [3/十一月/2017:04:22:01:691 +0000] "GET /bunny_4Mbps1080p_9.m4s HTTP/1.1" 200 3084532  71
0:0:0:0:0:0:0:1 - - [3/十一月/2017:04:22:09:308 +0000] "GET /bunny_4Mbps1080p_10.m4s HTTP/1.1" 200 6066554  106
0:0:0:0:0:0:0:1 - - [3/十一月/2017:04:22:17:493 +0000] "GET /bunny_4Mbps1080p_11.m4s HTTP/1.1" 200 2271074  45
0:0:0:0:0:0:0:1 - - [3/十一月/2017:04:22:25:082 +0000] "GET /bunny_4Mbps1080p_12.m4s HTTP/1.1" 200 1733692  400
0:0:0:0:0:0:0:1 - - [3/十一月/2017:04:22:33:525 +0000] "GET /bunny_4Mbps1080p_13.m4s HTTP/1.1" 200 2133270  33
0:0:0:0:0:0:0:1 - - [3/十一月/2017:04:22:41:101 +0000] "GET /bunny_4Mbps1080p_14.m4s HTTP/1.1" 200 1836725  409
0:0:0:0:0:0:0:1 - - [3/十一月/2017:04:22:49:060 +0000] "GET /bunny_4Mbps1080p_15.m4s HTTP/1.1" 200 4481978  79
0:0:0:0:0:0:0:1 - - [3/十一月/2017:04:22:57:689 +0000] "GET /bunny_4Mbps1080p_16.m4s HTTP/1.1" 200 3442573  46
0:0:0:0:0:0:0:1 - - [3/十一月/2017:04:23:05:285 +0000] "GET /bunny_4Mbps1080p_17.m4s HTTP/1.1" 200 3087995  50
0:0:0:0:0:0:0:1 - - [3/十一月/2017:04:23:13:384 +0000] "GET /bunny_4Mbps1080p_18.m4s HTTP/1.1" 200 3604735  54
0:0:0:0:0:0:0:1 - - [3/十一月/2017:04:23:21:490 +0000] "GET /bunny_4Mbps1080p_19.m4s HTTP/1.1" 200 3063100  54
10.108.147.170 - - [3/十一月/2017:04:23:51:529 +0000] "GET /favicon.ico HTTP/1.1" 404 1022  77
10.108.147.170 - - [3/十一月/2017:04:24:06:497 +0000] "GET /index.html HTTP/1.1" 200 354  44
10.108.147.170 - - [3/十一月/2017:04:24:06:604 +0000] "GET /dash.js HTTP/1.1" 200 531827  187
10.108.147.170 - - [3/十一月/2017:04:24:07:276 +0000] "GET /bunny_manifest_orig.mpd HTTP/1.1" 206 2370  31
10.108.147.170 - - [3/十一月/2017:04:24:07:635 +0000] "GET /bunny_manifest_orig.mpd HTTP/1.1" 200 2370  18
10.108.147.170 - - [3/十一月/2017:04:24:07:638 +0000] "GET /favicon.ico HTTP/1.1" 404 1022  46
10.108.147.170 - - [3/十一月/2017:04:24:07:966 +0000] "GET /bunny_500kbps480p_i.mp4 HTTP/1.1" 200 914  15
10.108.147.170 - - [3/十一月/2017:04:24:08:138 +0000] "GET /bunny_500kbps480p_1.m4s HTTP/1.1" 200 523706  187
10.108.147.170 - - [3/十一月/2017:04:24:08:419 +0000] "GET /bunny_4Mbps1080p_i.mp4 HTTP/1.1" 200 913  31
10.108.147.170 - - [3/十一月/2017:04:24:11:156 +0000] "GET /dash.all.min.js.map HTTP/1.1" 404 1038  125
10.108.147.170 - - [3/十一月/2017:04:24:08:622 +0000] "GET /bunny_4Mbps1080p_2.m4s HTTP/1.1" 200 7103376  3571
10.108.147.170 - - [3/十一月/2017:04:24:12:255 +0000] "GET /bunny_4Mbps1080p_3.m4s HTTP/1.1" 200 2393947  266
10.108.147.170 - - [3/十一月/2017:04:24:12:615 +0000] "GET /bunny_4Mbps1080p_4.m4s HTTP/1.1" 200 8032255  2453
10.108.147.170 - - [3/十一月/2017:04:24:15:115 +0000] "GET /bunny_4Mbps1080p_5.m4s HTTP/1.1" 200 5460625  1910
10.108.147.170 - - [3/十一月/2017:04:24:19:088 +0000] "GET /bunny_4Mbps1080p_6.m4s HTTP/1.1" 200 3993449  1831
10.108.147.170 - - [3/十一月/2017:04:24:25:795 +0000] "GET /bunny_4Mbps1080p_7.m4s HTTP/1.1" 200 6018600  10328
10.108.147.170 - - [3/十一月/2017:04:24:37:404 +0000] "GET /bunny_4Mbps1080p_8.m4s HTTP/1.1" 200 1948478  2261
10.108.147.170 - - [3/十一月/2017:04:24:41:227 +0000] "GET /bunny_4Mbps1080p_9.m4s HTTP/1.1" 200 3084532  4716
10.108.147.170 - - [3/十一月/2017:04:24:47:178 +0000] "GET /bunny_4Mbps1080p_10.m4s HTTP/1.1" 200 6066554  10025
10.108.147.170 - - [3/十一月/2017:04:24:58:812 +0000] "GET /bunny_2Mbps1080p_i.mp4 HTTP/1.1" 200 913  5
10.108.147.170 - - [3/十一月/2017:04:25:00:880 +0000] "GET /bunny_2Mbps1080p_11.m4s HTTP/1.1" 200 1759103  2243
10.108.147.170 - - [3/十一月/2017:04:25:27:265 +0000] "GET /bunny_3Mbps1080p_i.mp4 HTTP/1.1" 200 913  62
10.108.147.170 - - [3/十一月/2017:04:25:27:359 +0000] "GET /bunny_3Mbps1080p_17.m4s HTTP/1.1" 200 3046984  4702
10.108.147.170 - - [3/十一月/2017:04:25:33:404 +0000] "GET /bunny_3Mbps1080p_18.m4s HTTP/1.1" 200 3521215  5318
10.108.147.170 - - [3/十一月/2017:04:25:40:175 +0000] "GET /bunny_3Mbps1080p_19.m4s HTTP/1.1" 200 2708848  4018
10.108.147.170 - - [3/十一月/2017:04:25:45:458 +0000] "GET /bunny_3Mbps1080p_20.m4s HTTP/1.1" 200 2230341  3187
10.108.147.170 - - [3/十一月/2017:04:25:49:770 +0000] "GET /bunny_3Mbps1080p_21.m4s HTTP/1.1" 200 2574944  3996
10.108.147.170 - - [3/十一月/2017:04:25:54:766 +0000] "GET /bunny_3Mbps1080p_22.m4s HTTP/1.1" 200 1924156  2630
10.108.147.170 - - [3/十一月/2017:04:25:58:537 +0000] "GET /bunny_500kbps480p_23.m4s HTTP/1.1" 200 560439  231
10.108.147.170 - - [3/十一月/2017:04:25:59:721 +0000] "GET /bunny_1Mbps720p_i.mp4 HTTP/1.1" 200 912  20
10.108.147.170 - - [3/十一月/2017:04:25:59:866 +0000] "GET /bunny_1Mbps720p_24.m4s HTTP/1.1" 200 944414  469
10.108.147.170 - - [3/十一月/2017:04:26:05:811 +0000] "GET /bunny_2Mbps1080p_25.m4s HTTP/1.1" 200 1902069  2559
10.108.147.170 - - [3/十一月/2017:04:26:13:526 +0000] "GET /bunny_2Mbps1080p_26.m4s HTTP/1.1" 200 1899864  1905
10.108.147.170 - - [3/十一月/2017:04:26:21:729 +0000] "GET /bunny_2Mbps1080p_27.m4s HTTP/1.1" 200 2347368  3024
10.108.147.170 - - [3/十一月/2017:04:26:29:801 +0000] "GET /bunny_2Mbps1080p_28.m4s HTTP/1.1" 200 1823688  2228
10.108.147.170 - - [3/十一月/2017:04:26:37:842 +0000] "GET /bunny_2Mbps1080p_29.m4s HTTP/1.1" 200 1906902  2202
10.108.147.170 - - [3/十一月/2017:04:26:45:591 +0000] "GET /bunny_2Mbps1080p_30.m4s HTTP/1.1" 200 1932460  2286
10.108.147.170 - - [3/十一月/2017:04:26:53:346 +0000] "GET /bunny_2Mbps1080p_31.m4s HTTP/1.1" 200 2194108  2753
10.108.147.170 - - [3/十一月/2017:04:27:01:583 +0000] "GET /bunny_2Mbps1080p_32.m4s HTTP/1.1" 200 2200429  2477
10.108.147.170 - - [3/十一月/2017:04:27:09:342 +0000] "GET /bunny_2Mbps1080p_33.m4s HTTP/1.1" 200 1878468  2016
0:0:0:0:0:0:0:1 - - [3/十一月/2017:09:24:54:004 +0000] "GET /index.html HTTP/1.1" 200 354  675
0:0:0:0:0:0:0:1 - - [3/十一月/2017:09:24:54:693 +0000] "GET /dash.js HTTP/1.1" 200 531827  107
0:0:0:0:0:0:0:1 - - [3/十一月/2017:09:24:55:127 +0000] "GET /bunny_manifest_orig.mpd HTTP/1.1" 206 2370  25
0:0:0:0:0:0:0:1 - - [3/十一月/2017:09:24:55:190 +0000] "GET /bunny_manifest_orig.mpd HTTP/1.1" 200 2370  11
0:0:0:0:0:0:0:1 - - [3/十一月/2017:09:24:55:232 +0000] "GET /favicon.ico HTTP/1.1" 404 1085  72
0:0:0:0:0:0:0:1 - - [3/十一月/2017:09:24:55:253 +0000] "GET /bunny_500kbps480p_i.mp4 HTTP/1.1" 200 914  57
0:0:0:0:0:0:0:1 - - [3/十一月/2017:09:24:55:322 +0000] "GET /bunny_500kbps480p_1.m4s HTTP/1.1" 200 523706  105
0:0:0:0:0:0:0:1 - - [3/十一月/2017:09:24:55:435 +0000] "GET /bunny_4Mbps1080p_i.mp4 HTTP/1.1" 200 913  40
0:0:0:0:0:0:0:1 - - [3/十一月/2017:09:24:55:481 +0000] "GET /bunny_4Mbps1080p_2.m4s HTTP/1.1" 200 7103376  2571
0:0:0:0:0:0:0:1 - - [3/十一月/2017:09:24:58:089 +0000] "GET /bunny_4Mbps1080p_3.m4s HTTP/1.1" 200 2393947  61
0:0:0:0:0:0:0:1 - - [3/十一月/2017:09:24:58:567 +0000] "GET /dash.all.min.js.map HTTP/1.1" 404 1093  74
0:0:0:0:0:0:0:1 - - [3/十一月/2017:09:24:58:164 +0000] "GET /bunny_4Mbps1080p_4.m4s HTTP/1.1" 200 8032255  2130
0:0:0:0:0:0:0:1 - - [3/十一月/2017:09:25:00:333 +0000] "GET /bunny_4Mbps1080p_5.m4s HTTP/1.1" 200 5460625  1222
0:0:0:0:0:0:0:1 - - [3/十一月/2017:09:25:06:113 +0000] "GET /bunny_4Mbps1080p_6.m4s HTTP/1.1" 200 3993449  1029
0:0:0:0:0:0:0:1 - - [3/十一月/2017:09:25:08:631 +0000] "GET /index.html HTTP/1.1" 304 0  68
0:0:0:0:0:0:0:1 - - [3/十一月/2017:09:25:08:821 +0000] "GET /dash.all.min.js.map HTTP/1.1" 404 1093  7
0:0:0:0:0:0:0:1 - - [3/十一月/2017:09:25:08:924 +0000] "GET /bunny_4Mbps1080p_1.m4s HTTP/1.1" 200 5094948  79
0:0:0:0:0:0:0:1 - - [3/十一月/2017:09:25:09:121 +0000] "GET /bunny_4Mbps1080p_3.m4s HTTP/1.1" 304 0  38
0:0:0:0:0:0:0:1 - - [3/十一月/2017:09:25:27:432 +0000] "GET /bunny_4Mbps1080p_7.m4s HTTP/1.1" 200 6018600  1030
0:0:0:0:0:0:0:1 - - [3/十一月/2017:09:25:35:529 +0000] "GET /bunny_4Mbps1080p_8.m4s HTTP/1.1" 200 1948478  40
0:0:0:0:0:0:0:1 - - [3/十一月/2017:09:25:43:615 +0000] "GET /bunny_4Mbps1080p_9.m4s HTTP/1.1" 200 3084532  71
0:0:0:0:0:0:0:1 - - [3/十一月/2017:09:25:51:243 +0000] "GET /bunny_4Mbps1080p_10.m4s HTTP/1.1" 200 6066554  130
0:0:0:0:0:0:0:1 - - [3/十一月/2017:09:25:59:440 +0000] "GET /bunny_4Mbps1080p_11.m4s HTTP/1.1" 200 2271074  39
0:0:0:0:0:0:0:1 - - [3/十一月/2017:09:26:07:534 +0000] "GET /bunny_4Mbps1080p_12.m4s HTTP/1.1" 200 1733692  553
0:0:0:0:0:0:0:1 - - [3/十一月/2017:09:26:15:626 +0000] "GET /bunny_4Mbps1080p_13.m4s HTTP/1.1" 200 2133270  52
0:0:0:0:0:0:0:1 - - [3/十一月/2017:09:26:23:721 +0000] "GET /bunny_4Mbps1080p_14.m4s HTTP/1.1" 200 1836725  554
0:0:0:0:0:0:0:1 - - [3/十一月/2017:09:26:31:817 +0000] "GET /bunny_4Mbps1080p_15.m4s HTTP/1.1" 200 4481978  71
0:0:0:0:0:0:0:1 - - [3/十一月/2017:09:26:39:439 +0000] "GET /bunny_4Mbps1080p_16.m4s HTTP/1.1" 200 3442573  57
0:0:0:0:0:0:0:1 - - [3/十一月/2017:09:26:47:571 +0000] "GET /bunny_4Mbps1080p_17.m4s HTTP/1.1" 200 3087995  46
0:0:0:0:0:0:0:1 - - [3/十一月/2017:09:26:55:666 +0000] "GET /bunny_4Mbps1080p_18.m4s HTTP/1.1" 200 3604735  56
0:0:0:0:0:0:0:1 - - [3/十一月/2017:09:27:03:276 +0000] "GET /bunny_4Mbps1080p_19.m4s HTTP/1.1" 200 3063100  48
0:0:0:0:0:0:0:1 - - [3/十一月/2017:09:27:11:877 +0000] "GET /bunny_4Mbps1080p_20.m4s HTTP/1.1" 200 2433966  49
0:0:0:0:0:0:0:1 - - [3/十一月/2017:09:27:19:472 +0000] "GET /bunny_4Mbps1080p_21.m4s HTTP/1.1" 200 3008826  59
0:0:0:0:0:0:0:1 - - [3/十一月/2017:09:27:27:579 +0000] "GET /bunny_4Mbps1080p_22.m4s HTTP/1.1" 200 2016556  34
0:0:0:0:0:0:0:1 - - [3/十一月/2017:09:27:35:651 +0000] "GET /bunny_4Mbps1080p_23.m4s HTTP/1.1" 200 3901596  48
0:0:0:0:0:0:0:1 - - [3/十一月/2017:09:27:43:250 +0000] "GET /bunny_4Mbps1080p_24.m4s HTTP/1.1" 200 3234653  69
0:0:0:0:0:0:0:1 - - [3/十一月/2017:09:27:51:381 +0000] "GET /bunny_4Mbps1080p_25.m4s HTTP/1.1" 200 3871898  86
0:0:0:0:0:0:0:1 - - [3/十一月/2017:09:27:59:518 +0000] "GET /bunny_4Mbps1080p_26.m4s HTTP/1.1" 200 2373364  40
0:0:0:0:0:0:0:1 - - [3/十一月/2017:09:28:07:604 +0000] "GET /bunny_4Mbps1080p_27.m4s HTTP/1.1" 200 4329976  73
0:0:0:0:0:0:0:1 - - [3/十一月/2017:09:28:15:733 +0000] "GET /bunny_4Mbps1080p_28.m4s HTTP/1.1" 200 2264232  35
0:0:0:0:0:0:0:1 - - [3/十一月/2017:09:28:23:312 +0000] "GET /bunny_4Mbps1080p_29.m4s HTTP/1.1" 200 3865616  68
0:0:0:0:0:0:0:1 - - [3/十一月/2017:09:28:31:430 +0000] "GET /bunny_4Mbps1080p_30.m4s HTTP/1.1" 200 2287637  35
0:0:0:0:0:0:0:1 - - [3/十一月/2017:09:28:39:512 +0000] "GET /bunny_4Mbps1080p_31.m4s HTTP/1.1" 200 4932877  77
0:0:0:0:0:0:0:1 - - [3/十一月/2017:09:28:47:654 +0000] "GET /bunny_4Mbps1080p_32.m4s HTTP/1.1" 200 3261189  1130
0:0:0:0:0:0:0:1 - - [3/十一月/2017:09:28:55:327 +0000] "GET /bunny_4Mbps1080p_33.m4s HTTP/1.1" 200 3515614  50
0:0:0:0:0:0:0:1 - - [3/十一月/2017:09:29:03:430 +0000] "GET /bunny_4Mbps1080p_34.m4s HTTP/1.1" 200 4036967  1133
0:0:0:0:0:0:0:1 - - [3/十一月/2017:09:29:11:617 +0000] "GET /bunny_4Mbps1080p_35.m4s HTTP/1.1" 200 4849708  72
0:0:0:0:0:0:0:1 - - [3/十一月/2017:09:29:19:243 +0000] "GET /bunny_4Mbps1080p_36.m4s HTTP/1.1" 200 3737528  7565
0:0:0:0:0:0:0:1 - - [3/十一月/2017:09:29:27:320 +0000] "GET /bunny_4Mbps1080p_37.m4s HTTP/1.1" 200 3013920  6155
0:0:0:0:0:0:0:1 - - [3/十一月/2017:09:29:35:857 +0000] "GET /bunny_4Mbps1080p_38.m4s HTTP/1.1" 200 4541389  11035
0:0:0:0:0:0:0:1 - - [3/十一月/2017:09:29:47:826 +0000] "GET /bunny_3Mbps1080p_i.mp4 HTTP/1.1" 200 913  45
0:0:0:0:0:0:0:1 - - [3/十一月/2017:09:30:01:441 +0000] "GET /bunny_3Mbps1080p_39.m4s HTTP/1.1" 200 3366622  8144
0:0:0:0:0:0:0:1 - - [3/十一月/2017:09:30:10:357 +0000] "GET /bunny_1Mbps720p_i.mp4 HTTP/1.1" 200 912  42
0:0:0:0:0:0:0:1 - - [3/十一月/2017:09:30:11:184 +0000] "GET /bunny_1Mbps720p_40.m4s HTTP/1.1" 200 1139572  2308
0:0:0:0:0:0:0:1 - - [3/十一月/2017:09:30:17:274 +0000] "GET /bunny_1Mbps720p_41.m4s HTTP/1.1" 200 1063935  1994
0:0:0:0:0:0:0:1 - - [3/十一月/2017:09:30:25:620 +0000] "GET /bunny_1Mbps720p_42.m4s HTTP/1.1" 200 1149822  2179
0:0:0:0:0:0:0:1 - - [3/十一月/2017:09:30:33:704 +0000] "GET /bunny_1Mbps720p_43.m4s HTTP/1.1" 200 837897  1407
0:0:0:0:0:0:0:1 - - [3/十一月/2017:09:30:41:470 +0000] "GET /bunny_1Mbps720p_44.m4s HTTP/1.1" 200 1181837  2399
0:0:0:0:0:0:0:1 - - [3/十一月/2017:09:30:49:611 +0000] "GET /bunny_1Mbps720p_45.m4s HTTP/1.1" 200 1155945  2363
0:0:0:0:0:0:0:1 - - [3/十一月/2017:09:30:57:726 +0000] "GET /bunny_1Mbps720p_46.m4s HTTP/1.1" 200 1104231  2056
0:0:0:0:0:0:0:1 - - [3/十一月/2017:09:31:05:652 +0000] "GET /bunny_1Mbps720p_47.m4s HTTP/1.1" 200 1013551  2749
0:0:0:0:0:0:0:1 - - [3/十一月/2017:09:31:13:209 +0000] "GET /bunny_1Mbps720p_48.m4s HTTP/1.1" 200 986167  2825
0:0:0:0:0:0:0:1 - - [3/十一月/2017:09:31:21:615 +0000] "GET /bunny_1Mbps720p_49.m4s HTTP/1.1" 200 701175  1960
0:0:0:0:0:0:0:1 - - [3/十一月/2017:09:31:29:170 +0000] "GET /bunny_1Mbps720p_50.m4s HTTP/1.1" 200 873116  2315
0:0:0:0:0:0:0:1 - - [3/十一月/2017:09:31:37:632 +0000] "GET /bunny_1Mbps720p_51.m4s HTTP/1.1" 200 806827  1991
0:0:0:0:0:0:0:1 - - [3/十一月/2017:09:31:45:866 +0000] "GET /bunny_1Mbps720p_52.m4s HTTP/1.1" 200 1105874  3079
0:0:0:0:0:0:0:1 - - [3/十一月/2017:09:31:53:733 +0000] "GET /bunny_1Mbps720p_53.m4s HTTP/1.1" 200 1064477  2969
0:0:0:0:0:0:0:1 - - [3/十一月/2017:09:32:01:440 +0000] "GET /bunny_1Mbps720p_54.m4s HTTP/1.1" 200 1121664  3336
0:0:0:0:0:0:0:1 - - [3/十一月/2017:09:32:09:349 +0000] "GET /bunny_1Mbps720p_55.m4s HTTP/1.1" 200 1073253  3026
0:0:0:0:0:0:0:1 - - [3/十一月/2017:09:32:17:648 +0000] "GET /bunny_1Mbps720p_56.m4s HTTP/1.1" 200 956693  2572
0:0:0:0:0:0:0:1 - - [3/十一月/2017:09:32:25:418 +0000] "GET /bunny_1Mbps720p_57.m4s HTTP/1.1" 200 797626  1991
0:0:0:0:0:0:0:1 - - [3/十一月/2017:09:32:33:613 +0000] "GET /bunny_1Mbps720p_58.m4s HTTP/1.1" 200 967532  2573
0:0:0:0:0:0:0:1 - - [3/十一月/2017:09:32:41:429 +0000] "GET /bunny_1Mbps720p_59.m4s HTTP/1.1" 200 1154971  3586
0:0:0:0:0:0:0:1 - - [3/十一月/2017:09:32:49:600 +0000] "GET /bunny_1Mbps720p_60.m4s HTTP/1.1" 200 942159  2569
